<?xml version="1.0" encoding="UTF-8"?>
<coverage generated="1774385149147" clover="3.2.0">
  <project timestamp="1774385149147" name="All files">
    <metrics statements="1399" coveredstatements="722" conditionals="823" coveredconditionals="320" methods="315" coveredmethods="158" elements="2537" coveredelements="1200" complexity="0" loc="1399" ncloc="1399" packages="1" files="8" classes="8"/>
    <file name="AIDecisionEngine.ts" path="/home/csiesheep/.openclaw/boardgame-betrayal/packages/game-engine/src/ai/AIDecisionEngine.ts">
      <metrics statements="176" coveredstatements="147" conditionals="117" coveredconditionals="74" methods="40" coveredmethods="33"/>
      <line num="23" count="3" type="stmt"/>
      <line num="24" count="3" type="stmt"/>
      <line num="25" count="3" type="stmt"/>
      <line num="109" count="3" type="stmt"/>
      <line num="119" count="3" type="stmt"/>
      <line num="138" count="3" type="stmt"/>
      <line num="149" count="3" type="stmt"/>
      <line num="158" count="137" type="stmt"/>
      <line num="159" count="137" type="stmt"/>
      <line num="160" count="137" type="cond" truecount="2" falsecount="0"/>
      <line num="167" count="137" type="stmt"/>
      <line num="168" count="137" type="stmt"/>
      <line num="169" count="1467" type="stmt"/>
      <line num="170" count="1467" type="stmt"/>
      <line num="172" count="137" type="stmt"/>
      <line num="173" count="15" type="stmt"/>
      <line num="174" count="15" type="stmt"/>
      <line num="182" count="142" type="stmt"/>
      <line num="183" count="142" type="stmt"/>
      <line num="194" count="254" type="stmt"/>
      <line num="195" count="207" type="cond" truecount="1" falsecount="1"/>
      <line num="196" count="0" type="stmt"/>
      <line num="206" count="207" type="stmt"/>
      <line num="209" count="207" type="stmt"/>
      <line num="210" count="207" type="cond" truecount="2" falsecount="0"/>
      <line num="211" count="205" type="stmt"/>
      <line num="213" count="0" type="stmt"/>
      <line num="214" count="0" type="stmt"/>
      <line num="216" count="0" type="stmt"/>
      <line num="220" count="205" type="stmt"/>
      <line num="224" count="207" type="stmt"/>
      <line num="227" count="207" type="stmt"/>
      <line num="233" count="207" type="cond" truecount="2" falsecount="0"/>
      <line num="235" count="207" type="stmt"/>
      <line num="248" count="254" type="stmt"/>
      <line num="249" count="207" type="cond" truecount="1" falsecount="1"/>
      <line num="252" count="207" type="stmt"/>
      <line num="254" count="207" type="stmt"/>
      <line num="255" count="6" type="stmt"/>
      <line num="256" count="0" type="stmt"/>
      <line num="264" count="300" type="stmt"/>
      <line num="265" count="231" type="cond" truecount="1" falsecount="1"/>
      <line num="266" count="0" type="stmt"/>
      <line num="278" count="231" type="stmt"/>
      <line num="279" count="231" type="stmt"/>
      <line num="280" count="231" type="cond" truecount="2" falsecount="0"/>
      <line num="281" count="15" type="stmt"/>
      <line num="282" count="216" type="cond" truecount="2" falsecount="0"/>
      <line num="283" count="211" type="stmt"/>
      <line num="287" count="231" type="stmt"/>
      <line num="288" count="523" type="cond" truecount="2" falsecount="0"/>
      <line num="289" count="292" type="cond" truecount="1" falsecount="1"/>
      <line num="291" count="292" type="cond" truecount="1" falsecount="1"/>
      <line num="292" count="292" type="stmt"/>
      <line num="294" count="0" type="stmt"/>
      <line num="297" count="231" type="stmt"/>
      <line num="313" count="300" type="stmt"/>
      <line num="314" count="231" type="cond" truecount="1" falsecount="1"/>
      <line num="318" count="231" type="stmt"/>
      <line num="319" count="231" type="cond" truecount="1" falsecount="1"/>
      <line num="320" count="231" type="stmt"/>
      <line num="323" count="0" type="stmt"/>
      <line num="330" count="231" type="stmt"/>
      <line num="331" count="231" type="stmt"/>
      <line num="332" count="231" type="stmt"/>
      <line num="333" count="1848" type="stmt"/>
      <line num="334" count="26103" type="stmt"/>
      <line num="335" count="26103" type="cond" truecount="2" falsecount="0"/>
      <line num="336" count="231" type="stmt"/>
      <line num="341" count="0" type="stmt"/>
      <line num="348" count="233" type="cond" truecount="1" falsecount="1"/>
      <line num="350" count="0" type="stmt"/>
      <line num="352" count="233" type="stmt"/>
      <line num="359" count="231" type="stmt"/>
      <line num="360" count="300" type="stmt"/>
      <line num="361" count="231" type="cond" truecount="1" falsecount="1"/>
      <line num="364" count="231" type="cond" truecount="1" falsecount="1"/>
      <line num="365" count="231" type="cond" truecount="2" falsecount="0"/>
      <line num="367" count="171" type="stmt"/>
      <line num="368" count="346" type="cond" truecount="2" falsecount="0"/>
      <line num="370" count="171" type="cond" truecount="1" falsecount="1"/>
      <line num="371" count="0" type="stmt"/>
      <line num="375" count="60" type="stmt"/>
      <line num="376" count="177" type="cond" truecount="2" falsecount="0"/>
      <line num="378" count="60" type="cond" truecount="1" falsecount="1"/>
      <line num="379" count="0" type="stmt"/>
      <line num="384" count="231" type="stmt"/>
      <line num="396" count="1" type="stmt"/>
      <line num="397" count="1" type="cond" truecount="1" falsecount="1"/>
      <line num="399" count="1" type="stmt"/>
      <line num="402" count="1" type="stmt"/>
      <line num="405" count="1" type="cond" truecount="1" falsecount="1"/>
      <line num="406" count="1" type="cond" truecount="1" falsecount="1"/>
      <line num="408" count="1" type="cond" truecount="1" falsecount="1"/>
      <line num="411" count="1" type="cond" truecount="1" falsecount="1"/>
      <line num="412" count="1" type="stmt"/>
      <line num="413" count="1" type="stmt"/>
      <line num="414" count="1" type="cond" truecount="1" falsecount="1"/>
      <line num="415" count="0" type="stmt"/>
      <line num="420" count="0" type="stmt"/>
      <line num="421" count="0" type="cond" truecount="0" falsecount="4"/>
      <line num="423" count="0" type="stmt"/>
      <line num="424" count="0" type="stmt"/>
      <line num="425" count="0" type="cond" truecount="0" falsecount="2"/>
      <line num="426" count="0" type="stmt"/>
      <line num="433" count="1" type="cond" truecount="1" falsecount="1"/>
      <line num="435" count="0" type="stmt"/>
      <line num="438" count="1" type="stmt"/>
      <line num="450" count="166" type="stmt"/>
      <line num="451" count="338" type="stmt"/>
      <line num="452" count="166" type="cond" truecount="3" falsecount="1"/>
      <line num="454" count="166" type="stmt"/>
      <line num="457" count="166" type="stmt"/>
      <line num="460" count="166" type="stmt"/>
      <line num="461" count="166" type="stmt"/>
      <line num="464" count="166" type="cond" truecount="2" falsecount="0"/>
      <line num="465" count="1" type="stmt"/>
      <line num="469" count="166" type="cond" truecount="2" falsecount="0"/>
      <line num="470" count="2" type="stmt"/>
      <line num="474" count="166" type="stmt"/>
      <line num="477" count="166" type="cond" truecount="2" falsecount="0"/>
      <line num="478" count="3" type="stmt"/>
      <line num="481" count="166" type="stmt"/>
      <line num="493" count="1" type="stmt"/>
      <line num="496" count="1" type="stmt"/>
      <line num="499" count="1" type="cond" truecount="1" falsecount="1"/>
      <line num="501" count="1" type="cond" truecount="1" falsecount="1"/>
      <line num="502" count="1" type="cond" truecount="3" falsecount="1"/>
      <line num="503" count="1" type="stmt"/>
      <line num="509" count="1" type="cond" truecount="1" falsecount="1"/>
      <line num="510" count="0" type="stmt"/>
      <line num="514" count="1" type="stmt"/>
      <line num="516" count="1" type="stmt"/>
      <line num="528" count="636" type="stmt"/>
      <line num="531" count="636" type="stmt"/>
      <line num="534" count="636" type="cond" truecount="1" falsecount="1"/>
      <line num="535" count="0" type="stmt"/>
      <line num="539" count="636" type="cond" truecount="1" falsecount="1"/>
      <line num="540" count="636" type="stmt"/>
      <line num="544" count="636" type="stmt"/>
      <line num="547" count="636" type="cond" truecount="2" falsecount="0"/>
      <line num="548" count="12" type="stmt"/>
      <line num="551" count="636" type="stmt"/>
      <line num="562" count="161" type="stmt"/>
      <line num="565" count="161" type="cond" truecount="1" falsecount="1"/>
      <line num="566" count="161" type="stmt"/>
      <line num="570" count="161" type="cond" truecount="3" falsecount="1"/>
      <line num="571" count="161" type="stmt"/>
      <line num="575" count="161" type="cond" truecount="1" falsecount="1"/>
      <line num="576" count="0" type="stmt"/>
      <line num="579" count="161" type="stmt"/>
      <line num="586" count="5" type="stmt"/>
      <line num="587" count="5" type="stmt"/>
      <line num="594" count="3" type="stmt"/>
      <line num="601" count="2" type="stmt"/>
      <line num="610" count="3" type="stmt"/>
      <line num="614" count="0" type="stmt"/>
      <line num="620" count="3" type="stmt"/>
      <line num="621" count="1553" type="stmt"/>
      <line num="627" count="3" type="stmt"/>
      <line num="628" count="0" type="cond" truecount="0" falsecount="2"/>
      <line num="629" count="0" type="stmt"/>
      <line num="638" count="3" type="stmt"/>
      <line num="643" count="213" type="cond" truecount="1" falsecount="1"/>
      <line num="646" count="213" type="stmt"/>
      <line num="648" count="213" type="cond" truecount="3" falsecount="1"/>
      <line num="651" count="7" type="cond" truecount="1" falsecount="1"/>
      <line num="652" count="7" type="stmt"/>
      <line num="654" count="0" type="stmt"/>
      <line num="655" count="0" type="stmt"/>
      <line num="659" count="197" type="cond" truecount="4" falsecount="0"/>
      <line num="660" count="190" type="stmt"/>
      <line num="662" count="7" type="stmt"/>
      <line num="666" count="9" type="stmt"/>
      <line num="668" count="0" type="stmt"/>
      <line num="674" count="3" type="stmt"/>
    </file>
    <file name="AIExplorationEngine.ts" path="/home/csiesheep/.openclaw/boardgame-betrayal/packages/game-engine/src/ai/AIExplorationEngine.ts">
      <metrics statements="236" coveredstatements="104" conditionals="143" coveredconditionals="45" methods="38" coveredmethods="21"/>
      <line num="27" count="1" type="stmt"/>
      <line num="29" count="1" type="stmt"/>
      <line num="118" count="1" type="stmt"/>
      <line num="130" count="13" type="stmt"/>
      <line num="131" count="13" type="stmt"/>
      <line num="132" count="13" type="cond" truecount="2" falsecount="0"/>
      <line num="133" count="13" type="stmt"/>
      <line num="134" count="13" type="stmt"/>
      <line num="141" count="13" type="stmt"/>
      <line num="142" count="13" type="stmt"/>
      <line num="143" count="169" type="stmt"/>
      <line num="144" count="169" type="stmt"/>
      <line num="146" count="13" type="stmt"/>
      <line num="147" count="0" type="stmt"/>
      <line num="148" count="0" type="stmt"/>
      <line num="160" count="3" type="stmt"/>
      <line num="161" count="3" type="cond" truecount="1" falsecount="1"/>
      <line num="163" count="3" type="stmt"/>
      <line num="164" count="3" type="stmt"/>
      <line num="167" count="3" type="stmt"/>
      <line num="169" count="3" type="stmt"/>
      <line num="170" count="2022" type="stmt"/>
      <line num="177" count="2022" type="cond" truecount="2" falsecount="0"/>
      <line num="178" count="120" type="stmt"/>
      <line num="179" count="120" type="stmt"/>
      <line num="190" count="480" type="stmt"/>
      <line num="202" count="2022" type="stmt"/>
      <line num="203" count="2022" type="stmt"/>
      <line num="206" count="2022" type="stmt"/>
      <line num="207" count="2022" type="stmt"/>
      <line num="208" count="2022" type="stmt"/>
      <line num="211" count="2022" type="stmt"/>
      <line num="214" count="2022" type="stmt"/>
      <line num="217" count="2022" type="stmt"/>
      <line num="218" count="2022" type="stmt"/>
      <line num="221" count="2022" type="stmt"/>
      <line num="224" count="2022" type="cond" truecount="1" falsecount="1"/>
      <line num="225" count="0" type="stmt"/>
      <line num="226" count="0" type="stmt"/>
      <line num="230" count="2022" type="cond" truecount="1" falsecount="1"/>
      <line num="231" count="0" type="stmt"/>
      <line num="235" count="2022" type="cond" truecount="2" falsecount="0"/>
      <line num="236" count="674" type="stmt"/>
      <line num="240" count="2022" type="stmt"/>
      <line num="241" count="2022" type="cond" truecount="1" falsecount="1"/>
      <line num="242" count="0" type="stmt"/>
      <line num="246" count="2022" type="cond" truecount="1" falsecount="1"/>
      <line num="247" count="0" type="stmt"/>
      <line num="250" count="2022" type="stmt"/>
      <line num="268" count="0" type="stmt"/>
      <line num="269" count="0" type="cond" truecount="0" falsecount="2"/>
      <line num="272" count="0" type="stmt"/>
      <line num="279" count="0" type="cond" truecount="0" falsecount="4"/>
      <line num="280" count="0" type="stmt"/>
      <line num="283" count="0" type="stmt"/>
      <line num="284" count="0" type="stmt"/>
      <line num="286" count="0" type="stmt"/>
      <line num="302" count="0" type="cond" truecount="0" falsecount="2"/>
      <line num="304" count="0" type="stmt"/>
      <line num="305" count="0" type="cond" truecount="0" falsecount="2"/>
      <line num="307" count="0" type="stmt"/>
      <line num="308" count="0" type="stmt"/>
      <line num="310" count="0" type="stmt"/>
      <line num="311" count="0" type="stmt"/>
      <line num="313" count="0" type="stmt"/>
      <line num="314" count="0" type="stmt"/>
      <line num="321" count="0" type="cond" truecount="0" falsecount="2"/>
      <line num="322" count="0" type="stmt"/>
      <line num="323" count="0" type="stmt"/>
      <line num="328" count="0" type="cond" truecount="0" falsecount="5"/>
      <line num="329" count="0" type="stmt"/>
      <line num="330" count="0" type="stmt"/>
      <line num="333" count="0" type="stmt"/>
      <line num="345" count="0" type="stmt"/>
      <line num="352" count="0" type="stmt"/>
      <line num="358" count="0" type="stmt"/>
      <line num="361" count="0" type="stmt"/>
      <line num="366" count="0" type="stmt"/>
      <line num="369" count="0" type="stmt"/>
      <line num="370" count="0" type="stmt"/>
      <line num="371" count="0" type="stmt"/>
      <line num="372" count="0" type="stmt"/>
      <line num="374" count="0" type="cond" truecount="0" falsecount="2"/>
      <line num="375" count="0" type="stmt"/>
      <line num="378" count="0" type="stmt"/>
      <line num="389" count="9" type="stmt"/>
      <line num="390" count="9" type="cond" truecount="1" falsecount="1"/>
      <line num="391" count="0" type="stmt"/>
      <line num="399" count="9" type="stmt"/>
      <line num="402" count="9" type="cond" truecount="3" falsecount="1"/>
      <line num="404" count="3" type="stmt"/>
      <line num="413" count="3" type="stmt"/>
      <line num="414" count="3" type="stmt"/>
      <line num="422" count="3" type="cond" truecount="1" falsecount="1"/>
      <line num="424" count="3" type="stmt"/>
      <line num="425" count="3" type="stmt"/>
      <line num="426" count="3" type="stmt"/>
      <line num="427" count="3" type="stmt"/>
      <line num="429" count="3" type="cond" truecount="2" falsecount="0"/>
      <line num="431" count="3" type="stmt"/>
      <line num="439" count="0" type="stmt"/>
      <line num="447" count="0" type="stmt"/>
      <line num="465" count="1" type="stmt"/>
      <line num="466" count="1" type="cond" truecount="1" falsecount="1"/>
      <line num="467" count="0" type="stmt"/>
      <line num="470" count="1" type="stmt"/>
      <line num="471" count="1" type="stmt"/>
      <line num="475" count="1" type="cond" truecount="1" falsecount="1"/>
      <line num="476" count="0" type="stmt"/>
      <line num="480" count="1" type="stmt"/>
      <line num="481" count="1" type="stmt"/>
      <line num="483" count="1" type="cond" truecount="2" falsecount="2"/>
      <line num="484" count="0" type="stmt"/>
      <line num="487" count="1" type="cond" truecount="1" falsecount="1"/>
      <line num="488" count="0" type="stmt"/>
      <line num="491" count="1" type="stmt"/>
      <line num="506" count="0" type="stmt"/>
      <line num="507" count="0" type="cond" truecount="0" falsecount="4"/>
      <line num="509" count="0" type="stmt"/>
      <line num="512" count="0" type="stmt"/>
      <line num="513" count="0" type="cond" truecount="0" falsecount="2"/>
      <line num="514" count="0" type="stmt"/>
      <line num="518" count="0" type="stmt"/>
      <line num="519" count="0" type="cond" truecount="0" falsecount="2"/>
      <line num="520" count="0" type="stmt"/>
      <line num="524" count="0" type="cond" truecount="0" falsecount="2"/>
      <line num="525" count="0" type="stmt"/>
      <line num="528" count="0" type="cond" truecount="0" falsecount="2"/>
      <line num="530" count="0" type="cond" truecount="0" falsecount="2"/>
      <line num="533" count="0" type="stmt"/>
      <line num="544" count="0" type="cond" truecount="0" falsecount="2"/>
      <line num="546" count="0" type="stmt"/>
      <line num="547" count="0" type="cond" truecount="0" falsecount="2"/>
      <line num="549" count="0" type="stmt"/>
      <line num="550" count="0" type="stmt"/>
      <line num="551" count="0" type="stmt"/>
      <line num="553" count="0" type="stmt"/>
      <line num="554" count="0" type="stmt"/>
      <line num="557" count="0" type="cond" truecount="0" falsecount="2"/>
      <line num="558" count="0" type="stmt"/>
      <line num="562" count="0" type="stmt"/>
      <line num="563" count="0" type="stmt"/>
      <line num="566" count="0" type="cond" truecount="0" falsecount="2"/>
      <line num="567" count="0" type="stmt"/>
      <line num="568" count="0" type="cond" truecount="0" falsecount="2"/>
      <line num="569" count="0" type="stmt"/>
      <line num="573" count="0" type="cond" truecount="0" falsecount="2"/>
      <line num="574" count="0" type="stmt"/>
      <line num="575" count="0" type="stmt"/>
      <line num="579" count="0" type="stmt"/>
      <line num="588" count="14" type="cond" truecount="1" falsecount="1"/>
      <line num="595" count="2142" type="stmt"/>
      <line num="596" count="2142" type="cond" truecount="5" falsecount="1"/>
      <line num="598" count="2142" type="stmt"/>
      <line num="600" count="0" type="stmt"/>
      <line num="607" count="3" type="stmt"/>
      <line num="608" count="3" type="stmt"/>
      <line num="610" count="3" type="stmt"/>
      <line num="611" count="9" type="stmt"/>
      <line num="612" count="9" type="stmt"/>
      <line num="613" count="135" type="stmt"/>
      <line num="614" count="2025" type="cond" truecount="2" falsecount="0"/>
      <line num="615" count="2022" type="stmt"/>
      <line num="621" count="3" type="stmt"/>
      <line num="629" count="120" type="stmt"/>
      <line num="633" count="120" type="stmt"/>
      <line num="634" count="120" type="cond" truecount="1" falsecount="1"/>
      <line num="635" count="0" type="cond" truecount="0" falsecount="2"/>
      <line num="636" count="0" type="cond" truecount="0" falsecount="2"/>
      <line num="637" count="0" type="cond" truecount="0" falsecount="2"/>
      <line num="640" count="120" type="stmt"/>
      <line num="647" count="120" type="stmt"/>
      <line num="656" count="120" type="stmt"/>
      <line num="665" count="2022" type="stmt"/>
      <line num="672" count="2022" type="stmt"/>
      <line num="679" count="2022" type="stmt"/>
      <line num="686" count="2022" type="cond" truecount="2" falsecount="0"/>
      <line num="687" count="1350" type="stmt"/>
      <line num="689" count="672" type="stmt"/>
      <line num="700" count="0" type="stmt"/>
      <line num="707" count="0" type="stmt"/>
      <line num="708" count="0" type="stmt"/>
      <line num="711" count="0" type="stmt"/>
      <line num="712" count="0" type="stmt"/>
      <line num="718" count="0" type="stmt"/>
      <line num="719" count="0" type="cond" truecount="0" falsecount="4"/>
      <line num="720" count="0" type="stmt"/>
      <line num="721" count="0" type="cond" truecount="0" falsecount="2"/>
      <line num="722" count="0" type="stmt"/>
      <line num="726" count="0" type="stmt"/>
      <line num="733" count="0" type="stmt"/>
      <line num="734" count="0" type="cond" truecount="0" falsecount="2"/>
      <line num="735" count="0" type="cond" truecount="0" falsecount="2"/>
      <line num="736" count="0" type="stmt"/>
      <line num="743" count="0" type="stmt"/>
      <line num="744" count="0" type="stmt"/>
      <line num="751" count="0" type="stmt"/>
      <line num="752" count="0" type="stmt"/>
      <line num="757" count="0" type="stmt"/>
      <line num="758" count="0" type="cond" truecount="0" falsecount="4"/>
      <line num="759" count="0" type="stmt"/>
      <line num="762" count="0" type="stmt"/>
      <line num="769" count="0" type="stmt"/>
      <line num="777" count="4" type="stmt"/>
      <line num="778" count="4" type="stmt"/>
      <line num="781" count="4" type="stmt"/>
      <line num="783" count="4" type="stmt"/>
      <line num="785" count="4" type="stmt"/>
      <line num="792" count="1" type="stmt"/>
      <line num="799" count="1" type="stmt"/>
      <line num="806" count="1" type="stmt"/>
      <line num="807" count="0" type="stmt"/>
      <line num="808" count="0" type="cond" truecount="0" falsecount="2"/>
      <line num="809" count="0" type="cond" truecount="0" falsecount="2"/>
      <line num="812" count="0" type="stmt"/>
      <line num="816" count="1" type="stmt"/>
      <line num="825" count="0" type="stmt"/>
      <line num="832" count="0" type="stmt"/>
      <line num="839" count="0" type="stmt"/>
      <line num="846" count="0" type="stmt"/>
      <line num="855" count="1" type="stmt"/>
      <line num="860" count="13" type="stmt"/>
      <line num="866" count="1" type="stmt"/>
      <line num="872" count="0" type="stmt"/>
      <line num="873" count="0" type="stmt"/>
      <line num="874" count="0" type="stmt"/>
      <line num="876" count="0" type="stmt"/>
      <line num="877" count="0" type="stmt"/>
      <line num="878" count="0" type="stmt"/>
      <line num="879" count="0" type="stmt"/>
      <line num="880" count="0" type="cond" truecount="0" falsecount="2"/>
      <line num="881" count="0" type="stmt"/>
      <line num="882" count="0" type="cond" truecount="0" falsecount="2"/>
      <line num="883" count="0" type="stmt"/>
      <line num="890" count="0" type="stmt"/>
      <line num="900" count="1" type="stmt"/>
    </file>
    <file name="AIPlayer.ts" path="/home/csiesheep/.openclaw/boardgame-betrayal/packages/game-engine/src/ai/AIPlayer.ts">
      <metrics statements="235" coveredstatements="103" conditionals="138" coveredconditionals="32" methods="44" coveredmethods="20"/>
      <line num="29" count="1" type="stmt"/>
      <line num="37" count="1" type="stmt"/>
      <line num="38" count="1" type="stmt"/>
      <line num="167" count="1" type="stmt"/>
      <line num="197" count="1" type="stmt"/>
      <line num="200" count="23" type="stmt"/>
      <line num="201" count="23" type="stmt"/>
      <line num="208" count="23" type="stmt"/>
      <line num="212" count="23" type="cond" truecount="2" falsecount="0"/>
      <line num="214" count="23" type="stmt"/>
      <line num="237" count="23" type="stmt"/>
      <line num="244" count="23" type="stmt"/>
      <line num="245" count="23" type="stmt"/>
      <line num="246" count="277" type="stmt"/>
      <line num="247" count="277" type="stmt"/>
      <line num="249" count="23" type="stmt"/>
      <line num="250" count="1" type="stmt"/>
      <line num="251" count="1" type="stmt"/>
      <line num="259" count="82" type="cond" truecount="1" falsecount="1"/>
      <line num="260" count="82" type="cond" truecount="2" falsecount="0"/>
      <line num="268" count="23" type="stmt"/>
      <line num="269" count="23" type="stmt"/>
      <line num="270" count="23" type="stmt"/>
      <line num="277" count="1" type="stmt"/>
      <line num="284" count="0" type="stmt"/>
      <line num="285" count="0" type="stmt"/>
      <line num="292" count="0" type="cond" truecount="0" falsecount="2"/>
      <line num="293" count="0" type="stmt"/>
      <line num="298" count="0" type="stmt"/>
      <line num="300" count="0" type="stmt"/>
      <line num="305" count="0" type="stmt"/>
      <line num="314" count="18" type="stmt"/>
      <line num="315" count="18" type="cond" truecount="1" falsecount="1"/>
      <line num="317" count="18" type="stmt"/>
      <line num="319" count="18" type="stmt"/>
      <line num="326" count="18" type="cond" truecount="1" falsecount="1"/>
      <line num="328" count="18" type="stmt"/>
      <line num="329" count="18" type="stmt"/>
      <line num="330" count="18" type="stmt"/>
      <line num="331" count="18" type="stmt"/>
      <line num="332" count="18" type="stmt"/>
      <line num="333" count="18" type="stmt"/>
      <line num="336" count="0" type="stmt"/>
      <line num="337" count="0" type="stmt"/>
      <line num="338" count="0" type="stmt"/>
      <line num="339" count="0" type="stmt"/>
      <line num="342" count="18" type="stmt"/>
      <line num="343" count="18" type="stmt"/>
      <line num="345" count="18" type="stmt"/>
      <line num="352" count="18" type="stmt"/>
      <line num="359" count="18" type="stmt"/>
      <line num="360" count="18" type="cond" truecount="2" falsecount="0"/>
      <line num="361" count="17" type="stmt"/>
      <line num="362" count="17" type="stmt"/>
      <line num="366" count="1" type="stmt"/>
      <line num="369" count="1" type="stmt"/>
      <line num="375" count="1" type="stmt"/>
      <line num="376" count="1" type="stmt"/>
      <line num="378" count="1" type="cond" truecount="2" falsecount="0"/>
      <line num="379" count="1" type="stmt"/>
      <line num="385" count="1" type="stmt"/>
      <line num="386" count="1" type="stmt"/>
      <line num="389" count="1" type="stmt"/>
      <line num="400" count="1" type="cond" truecount="1" falsecount="1"/>
      <line num="401" count="0" type="stmt"/>
      <line num="402" count="1" type="cond" truecount="1" falsecount="1"/>
      <line num="403" count="1" type="stmt"/>
      <line num="404" count="1" type="stmt"/>
      <line num="405" count="1" type="stmt"/>
      <line num="406" count="1" type="stmt"/>
      <line num="407" count="0" type="cond" truecount="0" falsecount="4"/>
      <line num="408" count="0" type="stmt"/>
      <line num="409" count="0" type="stmt"/>
      <line num="410" count="0" type="stmt"/>
      <line num="411" count="0" type="cond" truecount="0" falsecount="2"/>
      <line num="416" count="0" type="cond" truecount="0" falsecount="2"/>
      <line num="417" count="0" type="stmt"/>
      <line num="418" count="0" type="stmt"/>
      <line num="423" count="1" type="cond" truecount="2" falsecount="2"/>
      <line num="424" count="0" type="stmt"/>
      <line num="429" count="0" type="stmt"/>
      <line num="432" count="1" type="stmt"/>
      <line num="443" count="1" type="stmt"/>
      <line num="444" count="1" type="cond" truecount="1" falsecount="1"/>
      <line num="445" count="0" type="stmt"/>
      <line num="448" count="1" type="stmt"/>
      <line num="449" count="1" type="stmt"/>
      <line num="452" count="1" type="stmt"/>
      <line num="453" count="4" type="stmt"/>
      <line num="458" count="4" type="stmt"/>
      <line num="467" count="1" type="stmt"/>
      <line num="468" count="0" type="stmt"/>
      <line num="474" count="0" type="stmt"/>
      <line num="483" count="1" type="stmt"/>
      <line num="484" count="0" type="stmt"/>
      <line num="489" count="0" type="cond" truecount="0" falsecount="2"/>
      <line num="490" count="0" type="stmt"/>
      <line num="500" count="1" type="stmt"/>
      <line num="505" count="1" type="stmt"/>
      <line num="512" count="1" type="stmt"/>
      <line num="518" count="1" type="cond" truecount="1" falsecount="1"/>
      <line num="529" count="4" type="stmt"/>
      <line num="532" count="4" type="stmt"/>
      <line num="535" count="4" type="cond" truecount="1" falsecount="1"/>
      <line num="536" count="4" type="stmt"/>
      <line num="540" count="4" type="cond" truecount="1" falsecount="1"/>
      <line num="541" count="4" type="stmt"/>
      <line num="545" count="4" type="cond" truecount="1" falsecount="1"/>
      <line num="547" count="0" type="stmt"/>
      <line num="551" count="4" type="cond" truecount="1" falsecount="1"/>
      <line num="552" count="0" type="stmt"/>
      <line num="555" count="4" type="stmt"/>
      <line num="567" count="0" type="stmt"/>
      <line num="570" count="0" type="stmt"/>
      <line num="571" count="0" type="cond" truecount="0" falsecount="2"/>
      <line num="572" count="0" type="stmt"/>
      <line num="576" count="0" type="cond" truecount="0" falsecount="2"/>
      <line num="577" count="0" type="stmt"/>
      <line num="578" count="0" type="cond" truecount="0" falsecount="2"/>
      <line num="579" count="0" type="stmt"/>
      <line num="584" count="0" type="cond" truecount="0" falsecount="2"/>
      <line num="585" count="0" type="stmt"/>
      <line num="589" count="0" type="stmt"/>
      <line num="590" count="0" type="cond" truecount="0" falsecount="2"/>
      <line num="591" count="0" type="stmt"/>
      <line num="592" count="0" type="stmt"/>
      <line num="595" count="0" type="stmt"/>
      <line num="606" count="0" type="stmt"/>
      <line num="608" count="0" type="stmt"/>
      <line num="609" count="0" type="cond" truecount="0" falsecount="2"/>
      <line num="612" count="0" type="cond" truecount="0" falsecount="2"/>
      <line num="613" count="0" type="stmt"/>
      <line num="614" count="0" type="cond" truecount="0" falsecount="2"/>
      <line num="615" count="0" type="stmt"/>
      <line num="616" count="0" type="cond" truecount="0" falsecount="2"/>
      <line num="617" count="0" type="stmt"/>
      <line num="622" count="0" type="cond" truecount="0" falsecount="2"/>
      <line num="623" count="0" type="stmt"/>
      <line num="627" count="0" type="cond" truecount="0" falsecount="2"/>
      <line num="628" count="0" type="stmt"/>
      <line num="631" count="0" type="stmt"/>
      <line num="642" count="1" type="stmt"/>
      <line num="645" count="1" type="cond" truecount="1" falsecount="1"/>
      <line num="646" count="1" type="cond" truecount="1" falsecount="1"/>
      <line num="647" count="1" type="stmt"/>
      <line num="648" count="0" type="cond" truecount="0" falsecount="2"/>
      <line num="649" count="0" type="stmt"/>
      <line num="654" count="1" type="cond" truecount="2" falsecount="2"/>
      <line num="656" count="0" type="stmt"/>
      <line num="659" count="1" type="stmt"/>
      <line num="666" count="0" type="stmt"/>
      <line num="674" count="0" type="cond" truecount="0" falsecount="4"/>
      <line num="675" count="0" type="stmt"/>
      <line num="676" count="0" type="stmt"/>
      <line num="677" count="0" type="cond" truecount="0" falsecount="4"/>
      <line num="678" count="0" type="stmt"/>
      <line num="679" count="0" type="stmt"/>
      <line num="682" count="0" type="stmt"/>
      <line num="683" count="0" type="stmt"/>
      <line num="690" count="0" type="stmt"/>
      <line num="697" count="0" type="stmt"/>
      <line num="700" count="0" type="cond" truecount="0" falsecount="4"/>
      <line num="701" count="0" type="stmt"/>
      <line num="705" count="0" type="cond" truecount="0" falsecount="4"/>
      <line num="707" count="0" type="stmt"/>
      <line num="715" count="0" type="stmt"/>
      <line num="730" count="0" type="stmt"/>
      <line num="731" count="0" type="cond" truecount="0" falsecount="2"/>
      <line num="733" count="0" type="stmt"/>
      <line num="734" count="0" type="stmt"/>
      <line num="737" count="0" type="cond" truecount="0" falsecount="2"/>
      <line num="739" count="0" type="stmt"/>
      <line num="740" count="0" type="cond" truecount="0" falsecount="2"/>
      <line num="741" count="0" type="stmt"/>
      <line num="746" count="0" type="stmt"/>
      <line num="758" count="1" type="stmt"/>
      <line num="771" count="1" type="cond" truecount="1" falsecount="5"/>
      <line num="773" count="0" type="stmt"/>
      <line num="775" count="1" type="stmt"/>
      <line num="777" count="0" type="stmt"/>
      <line num="779" count="0" type="stmt"/>
      <line num="781" count="0" type="stmt"/>
      <line num="783" count="0" type="stmt"/>
      <line num="793" count="19" type="cond" truecount="2" falsecount="0"/>
      <line num="800" count="0" type="stmt"/>
      <line num="801" count="0" type="cond" truecount="0" falsecount="6"/>
      <line num="803" count="0" type="stmt"/>
      <line num="805" count="0" type="stmt"/>
      <line num="812" count="0" type="stmt"/>
      <line num="813" count="0" type="stmt"/>
      <line num="815" count="0" type="stmt"/>
      <line num="816" count="0" type="stmt"/>
      <line num="821" count="0" type="stmt"/>
      <line num="822" count="0" type="cond" truecount="0" falsecount="4"/>
      <line num="823" count="0" type="stmt"/>
      <line num="826" count="0" type="stmt"/>
      <line num="833" count="0" type="cond" truecount="0" falsecount="2"/>
      <line num="834" count="0" type="stmt"/>
      <line num="836" count="0" type="stmt"/>
      <line num="843" count="1" type="stmt"/>
      <line num="844" count="1" type="cond" truecount="1" falsecount="1"/>
      <line num="845" count="1" type="cond" truecount="1" falsecount="1"/>
      <line num="846" count="0" type="stmt"/>
      <line num="853" count="0" type="stmt"/>
      <line num="854" count="0" type="stmt"/>
      <line num="855" count="0" type="cond" truecount="0" falsecount="2"/>
      <line num="864" count="0" type="stmt"/>
      <line num="865" count="0" type="stmt"/>
      <line num="866" count="0" type="cond" truecount="0" falsecount="2"/>
      <line num="876" count="0" type="stmt"/>
      <line num="882" count="0" type="stmt"/>
      <line num="883" count="0" type="stmt"/>
      <line num="893" count="0" type="stmt"/>
      <line num="900" count="0" type="stmt"/>
      <line num="907" count="1" type="stmt"/>
      <line num="914" count="1" type="stmt"/>
      <line num="921" count="0" type="stmt"/>
      <line num="928" count="0" type="stmt"/>
      <line num="935" count="3" type="stmt"/>
      <line num="942" count="0" type="stmt"/>
      <line num="943" count="0" type="stmt"/>
      <line num="944" count="0" type="cond" truecount="0" falsecount="2"/>
      <line num="945" count="0" type="cond" truecount="0" falsecount="2"/>
      <line num="946" count="0" type="stmt"/>
      <line num="953" count="0" type="stmt"/>
      <line num="954" count="0" type="stmt"/>
      <line num="963" count="1" type="stmt"/>
      <line num="970" count="23" type="stmt"/>
      <line num="982" count="1" type="cond" truecount="0" falsecount="1"/>
      <line num="983" count="0" type="stmt"/>
      <line num="984" count="0" type="stmt"/>
      <line num="990" count="1" type="stmt"/>
      <line num="991" count="0" type="stmt"/>
      <line num="996" count="0" type="stmt"/>
      <line num="1001" count="1" type="stmt"/>
    </file>
    <file name="AIPlayerManager.ts" path="/home/csiesheep/.openclaw/boardgame-betrayal/packages/game-engine/src/ai/AIPlayerManager.ts">
      <metrics statements="156" coveredstatements="0" conditionals="43" coveredconditionals="0" methods="46" coveredmethods="0"/>
      <line num="23" count="0" type="stmt"/>
      <line num="24" count="0" type="stmt"/>
      <line num="119" count="0" type="stmt"/>
      <line num="132" count="0" type="stmt"/>
      <line num="133" count="0" type="stmt"/>
      <line num="134" count="0" type="stmt"/>
      <line num="135" count="0" type="stmt"/>
      <line num="136" count="0" type="stmt"/>
      <line num="137" count="0" type="cond" truecount="0" falsecount="2"/>
      <line num="139" count="0" type="stmt"/>
      <line num="146" count="0" type="stmt"/>
      <line num="153" count="0" type="stmt"/>
      <line num="154" count="0" type="stmt"/>
      <line num="155" count="0" type="stmt"/>
      <line num="156" count="0" type="stmt"/>
      <line num="158" count="0" type="stmt"/>
      <line num="159" count="0" type="stmt"/>
      <line num="160" count="0" type="stmt"/>
      <line num="168" count="0" type="cond" truecount="0" falsecount="2"/>
      <line num="180" count="0" type="stmt"/>
      <line num="181" count="0" type="stmt"/>
      <line num="184" count="0" type="stmt"/>
      <line num="186" count="0" type="stmt"/>
      <line num="187" count="0" type="stmt"/>
      <line num="188" count="0" type="stmt"/>
      <line num="191" count="0" type="cond" truecount="0" falsecount="2"/>
      <line num="197" count="0" type="stmt"/>
      <line num="205" count="0" type="stmt"/>
      <line num="206" count="0" type="stmt"/>
      <line num="208" count="0" type="stmt"/>
      <line num="211" count="0" type="stmt"/>
      <line num="229" count="0" type="stmt"/>
      <line num="231" count="0" type="stmt"/>
      <line num="239" count="0" type="stmt"/>
      <line num="241" count="0" type="stmt"/>
      <line num="248" count="0" type="stmt"/>
      <line num="255" count="0" type="stmt"/>
      <line num="256" count="0" type="stmt"/>
      <line num="263" count="0" type="stmt"/>
      <line num="264" count="0" type="stmt"/>
      <line num="265" count="0" type="stmt"/>
      <line num="272" count="0" type="cond" truecount="0" falsecount="2"/>
      <line num="273" count="0" type="stmt"/>
      <line num="274" count="0" type="stmt"/>
      <line num="277" count="0" type="stmt"/>
      <line num="278" count="0" type="stmt"/>
      <line num="280" count="0" type="cond" truecount="0" falsecount="2"/>
      <line num="281" count="0" type="stmt"/>
      <line num="282" count="0" type="stmt"/>
      <line num="285" count="0" type="stmt"/>
      <line num="286" count="0" type="stmt"/>
      <line num="288" count="0" type="stmt"/>
      <line num="290" count="0" type="stmt"/>
      <line num="291" count="0" type="cond" truecount="0" falsecount="2"/>
      <line num="292" count="0" type="stmt"/>
      <line num="296" count="0" type="stmt"/>
      <line num="299" count="0" type="stmt"/>
      <line num="300" count="0" type="stmt"/>
      <line num="304" count="0" type="stmt"/>
      <line num="306" count="0" type="stmt"/>
      <line num="308" count="0" type="stmt"/>
      <line num="309" count="0" type="stmt"/>
      <line num="311" count="0" type="stmt"/>
      <line num="323" count="0" type="stmt"/>
      <line num="326" count="0" type="stmt"/>
      <line num="327" count="0" type="cond" truecount="0" falsecount="2"/>
      <line num="328" count="0" type="stmt"/>
      <line num="330" count="0" type="stmt"/>
      <line num="331" count="0" type="cond" truecount="0" falsecount="2"/>
      <line num="332" count="0" type="stmt"/>
      <line num="333" count="0" type="stmt"/>
      <line num="337" count="0" type="stmt"/>
      <line num="342" count="0" type="stmt"/>
      <line num="343" count="0" type="stmt"/>
      <line num="344" count="0" type="stmt"/>
      <line num="346" count="0" type="stmt"/>
      <line num="356" count="0" type="stmt"/>
      <line num="357" count="0" type="cond" truecount="0" falsecount="2"/>
      <line num="360" count="0" type="stmt"/>
      <line num="361" count="0" type="cond" truecount="0" falsecount="2"/>
      <line num="362" count="0" type="stmt"/>
      <line num="366" count="0" type="stmt"/>
      <line num="369" count="0" type="stmt"/>
      <line num="370" count="0" type="stmt"/>
      <line num="373" count="0" type="stmt"/>
      <line num="380" count="0" type="stmt"/>
      <line num="381" count="0" type="cond" truecount="0" falsecount="2"/>
      <line num="388" count="0" type="stmt"/>
      <line num="390" count="0" type="cond" truecount="0" falsecount="2"/>
      <line num="392" count="0" type="stmt"/>
      <line num="393" count="0" type="stmt"/>
      <line num="396" count="0" type="stmt"/>
      <line num="408" count="0" type="stmt"/>
      <line num="422" count="0" type="stmt"/>
      <line num="424" count="0" type="stmt"/>
      <line num="425" count="0" type="stmt"/>
      <line num="426" count="0" type="stmt"/>
      <line num="427" count="0" type="stmt"/>
      <line num="435" count="0" type="stmt"/>
      <line num="436" count="0" type="stmt"/>
      <line num="437" count="0" type="cond" truecount="0" falsecount="2"/>
      <line num="438" count="0" type="stmt"/>
      <line num="449" count="0" type="stmt"/>
      <line num="456" count="0" type="stmt"/>
      <line num="463" count="0" type="stmt"/>
      <line num="470" count="0" type="stmt"/>
      <line num="472" count="0" type="stmt"/>
      <line num="473" count="0" type="stmt"/>
      <line num="474" count="0" type="stmt"/>
      <line num="486" count="0" type="stmt"/>
      <line num="493" count="0" type="stmt"/>
      <line num="500" count="0" type="stmt"/>
      <line num="507" count="0" type="stmt"/>
      <line num="508" count="0" type="cond" truecount="0" falsecount="2"/>
      <line num="509" count="0" type="stmt"/>
      <line num="511" count="0" type="stmt"/>
      <line num="518" count="0" type="stmt"/>
      <line num="519" count="0" type="cond" truecount="0" falsecount="2"/>
      <line num="520" count="0" type="stmt"/>
      <line num="522" count="0" type="stmt"/>
      <line num="529" count="0" type="stmt"/>
      <line num="536" count="0" type="stmt"/>
      <line num="537" count="0" type="stmt"/>
      <line num="538" count="0" type="stmt"/>
      <line num="540" count="0" type="stmt"/>
      <line num="547" count="0" type="cond" truecount="0" falsecount="2"/>
      <line num="548" count="0" type="stmt"/>
      <line num="549" count="0" type="stmt"/>
      <line num="557" count="0" type="stmt"/>
      <line num="558" count="0" type="stmt"/>
      <line num="559" count="0" type="stmt"/>
      <line num="565" count="0" type="stmt"/>
      <line num="566" count="0" type="stmt"/>
      <line num="575" count="0" type="stmt"/>
      <line num="581" count="0" type="stmt"/>
      <line num="592" count="0" type="stmt"/>
      <line num="598" count="0" type="stmt"/>
      <line num="599" count="0" type="stmt"/>
      <line num="601" count="0" type="cond" truecount="0" falsecount="2"/>
      <line num="603" count="0" type="stmt"/>
      <line num="604" count="0" type="stmt"/>
      <line num="607" count="0" type="stmt"/>
      <line num="620" count="0" type="stmt"/>
      <line num="621" count="0" type="stmt"/>
      <line num="622" count="0" type="stmt"/>
      <line num="623" count="0" type="stmt"/>
      <line num="625" count="0" type="stmt"/>
      <line num="626" count="0" type="stmt"/>
      <line num="627" count="0" type="stmt"/>
      <line num="634" count="0" type="stmt"/>
      <line num="635" count="0" type="stmt"/>
      <line num="640" count="0" type="stmt"/>
      <line num="646" count="0" type="stmt"/>
      <line num="647" count="0" type="stmt"/>
      <line num="652" count="0" type="stmt"/>
      <line num="657" count="0" type="stmt"/>
    </file>
    <file name="HeroAI.ts" path="/home/csiesheep/.openclaw/boardgame-betrayal/packages/game-engine/src/ai/HeroAI.ts">
      <metrics statements="232" coveredstatements="161" conditionals="170" coveredconditionals="81" methods="46" coveredmethods="35"/>
      <line num="26" count="2" type="stmt"/>
      <line num="35" count="2" type="stmt"/>
      <line num="38" count="2" type="stmt"/>
      <line num="117" count="2" type="stmt"/>
      <line num="127" count="51" type="stmt"/>
      <line num="131" count="51" type="cond" truecount="2" falsecount="0"/>
      <line num="132" count="51" type="stmt"/>
      <line num="134" count="0" type="stmt"/>
      <line num="135" count="0" type="stmt"/>
      <line num="137" count="0" type="stmt"/>
      <line num="142" count="51" type="stmt"/>
      <line num="166" count="51" type="stmt"/>
      <line num="173" count="51" type="stmt"/>
      <line num="174" count="51" type="stmt"/>
      <line num="175" count="551" type="stmt"/>
      <line num="176" count="551" type="stmt"/>
      <line num="178" count="51" type="stmt"/>
      <line num="179" count="53" type="stmt"/>
      <line num="180" count="53" type="stmt"/>
      <line num="188" count="176" type="cond" truecount="1" falsecount="1"/>
      <line num="189" count="176" type="cond" truecount="2" falsecount="0"/>
      <line num="198" count="34" type="stmt"/>
      <line num="202" count="34" type="stmt"/>
      <line num="207" count="34" type="stmt"/>
      <line num="210" count="34" type="stmt"/>
      <line num="213" count="34" type="stmt"/>
      <line num="215" count="34" type="stmt"/>
      <line num="218" count="34" type="stmt"/>
      <line num="219" count="0" type="stmt"/>
      <line num="224" count="0" type="stmt"/>
      <line num="233" count="34" type="stmt"/>
      <line num="234" count="96" type="stmt"/>
      <line num="239" count="96" type="stmt"/>
      <line num="248" count="34" type="stmt"/>
      <line num="249" count="0" type="stmt"/>
      <line num="254" count="0" type="stmt"/>
      <line num="263" count="34" type="stmt"/>
      <line num="264" count="0" type="stmt"/>
      <line num="269" count="0" type="stmt"/>
      <line num="278" count="34" type="stmt"/>
      <line num="282" count="34" type="stmt"/>
      <line num="289" count="34" type="stmt"/>
      <line num="295" count="34" type="cond" truecount="1" falsecount="1"/>
      <line num="296" count="34" type="stmt"/>
      <line num="299" count="34" type="stmt"/>
      <line num="300" count="34" type="cond" truecount="1" falsecount="1"/>
      <line num="311" count="0" type="stmt"/>
      <line num="312" count="0" type="cond" truecount="0" falsecount="2"/>
      <line num="314" count="0" type="stmt"/>
      <line num="317" count="0" type="stmt"/>
      <line num="320" count="0" type="stmt"/>
      <line num="322" count="0" type="cond" truecount="0" falsecount="2"/>
      <line num="323" count="0" type="stmt"/>
      <line num="324" count="0" type="stmt"/>
      <line num="327" count="0" type="cond" truecount="0" falsecount="2"/>
      <line num="329" count="0" type="cond" truecount="0" falsecount="2"/>
      <line num="330" count="0" type="stmt"/>
      <line num="332" count="0" type="cond" truecount="0" falsecount="2"/>
      <line num="334" count="0" type="cond" truecount="0" falsecount="2"/>
      <line num="335" count="0" type="stmt"/>
      <line num="339" count="0" type="stmt"/>
      <line num="340" count="0" type="cond" truecount="0" falsecount="3"/>
      <line num="343" count="0" type="cond" truecount="0" falsecount="4"/>
      <line num="344" count="0" type="stmt"/>
      <line num="345" count="0" type="cond" truecount="0" falsecount="4"/>
      <line num="347" count="0" type="stmt"/>
      <line num="353" count="0" type="stmt"/>
      <line num="354" count="0" type="cond" truecount="0" falsecount="2"/>
      <line num="355" count="0" type="stmt"/>
      <line num="356" count="0" type="stmt"/>
      <line num="360" count="0" type="cond" truecount="0" falsecount="2"/>
      <line num="361" count="0" type="stmt"/>
      <line num="364" count="0" type="stmt"/>
      <line num="375" count="96" type="stmt"/>
      <line num="378" count="96" type="stmt"/>
      <line num="381" count="96" type="cond" truecount="1" falsecount="1"/>
      <line num="382" count="0" type="stmt"/>
      <line num="385" count="96" type="cond" truecount="2" falsecount="0"/>
      <line num="386" count="12" type="stmt"/>
      <line num="391" count="96" type="cond" truecount="1" falsecount="1"/>
      <line num="392" count="96" type="stmt"/>
      <line num="396" count="96" type="cond" truecount="2" falsecount="0"/>
      <line num="397" count="12" type="stmt"/>
      <line num="400" count="96" type="stmt"/>
      <line num="411" count="10" type="stmt"/>
      <line num="412" count="5" type="stmt"/>
      <line num="413" count="5" type="cond" truecount="3" falsecount="1"/>
      <line num="415" count="5" type="stmt"/>
      <line num="418" count="5" type="stmt"/>
      <line num="421" count="5" type="stmt"/>
      <line num="422" count="5" type="stmt"/>
      <line num="425" count="5" type="cond" truecount="1" falsecount="1"/>
      <line num="426" count="0" type="stmt"/>
      <line num="430" count="5" type="cond" truecount="2" falsecount="0"/>
      <line num="431" count="2" type="stmt"/>
      <line num="432" count="3" type="cond" truecount="2" falsecount="0"/>
      <line num="433" count="1" type="stmt"/>
      <line num="437" count="5" type="stmt"/>
      <line num="438" count="1" type="cond" truecount="1" falsecount="2"/>
      <line num="440" count="5" type="cond" truecount="2" falsecount="0"/>
      <line num="441" count="1" type="stmt"/>
      <line num="445" count="5" type="cond" truecount="1" falsecount="1"/>
      <line num="446" count="0" type="stmt"/>
      <line num="449" count="5" type="stmt"/>
      <line num="460" count="5" type="stmt"/>
      <line num="463" count="5" type="stmt"/>
      <line num="466" count="5" type="cond" truecount="1" falsecount="1"/>
      <line num="468" count="5" type="cond" truecount="5" falsecount="0"/>
      <line num="469" count="2" type="stmt"/>
      <line num="470" count="2" type="cond" truecount="3" falsecount="1"/>
      <line num="471" count="2" type="stmt"/>
      <line num="476" count="5" type="cond" truecount="5" falsecount="0"/>
      <line num="477" count="2" type="cond" truecount="1" falsecount="1"/>
      <line num="478" count="2" type="stmt"/>
      <line num="479" count="0" type="cond" truecount="0" falsecount="2"/>
      <line num="480" count="0" type="stmt"/>
      <line num="486" count="5" type="cond" truecount="2" falsecount="0"/>
      <line num="487" count="2" type="stmt"/>
      <line num="490" count="5" type="stmt"/>
      <line num="500" count="34" type="stmt"/>
      <line num="503" count="34" type="cond" truecount="1" falsecount="1"/>
      <line num="504" count="34" type="stmt"/>
      <line num="508" count="34" type="stmt"/>
      <line num="509" count="34" type="cond" truecount="3" falsecount="1"/>
      <line num="511" count="34" type="cond" truecount="2" falsecount="0"/>
      <line num="512" count="1" type="stmt"/>
      <line num="517" count="34" type="cond" truecount="1" falsecount="1"/>
      <line num="518" count="0" type="stmt"/>
      <line num="521" count="34" type="stmt"/>
      <line num="529" count="5" type="stmt"/>
      <line num="534" count="5" type="stmt"/>
      <line num="537" count="5" type="stmt"/>
      <line num="544" count="5" type="stmt"/>
      <line num="545" count="5" type="cond" truecount="2" falsecount="0"/>
      <line num="546" count="2" type="stmt"/>
      <line num="547" count="3" type="cond" truecount="2" falsecount="0"/>
      <line num="548" count="1" type="stmt"/>
      <line num="551" count="5" type="stmt"/>
      <line num="561" count="5" type="cond" truecount="2" falsecount="0"/>
      <line num="562" count="3" type="stmt"/>
      <line num="569" count="5" type="stmt"/>
      <line num="575" count="5" type="stmt"/>
      <line num="576" count="5" type="cond" truecount="1" falsecount="1"/>
      <line num="584" count="6" type="stmt"/>
      <line num="588" count="6" type="stmt"/>
      <line num="593" count="6" type="stmt"/>
      <line num="595" count="6" type="stmt"/>
      <line num="597" count="6" type="stmt"/>
      <line num="598" count="5" type="stmt"/>
      <line num="603" count="5" type="stmt"/>
      <line num="612" count="6" type="stmt"/>
      <line num="618" count="6" type="stmt"/>
      <line num="624" count="6" type="stmt"/>
      <line num="625" count="6" type="cond" truecount="1" falsecount="1"/>
      <line num="633" count="11" type="stmt"/>
      <line num="634" count="11" type="stmt"/>
      <line num="636" count="11" type="stmt"/>
      <line num="639" count="11" type="stmt"/>
      <line num="640" count="11" type="stmt"/>
      <line num="641" count="11" type="stmt"/>
      <line num="643" count="11" type="stmt"/>
      <line num="646" count="11" type="cond" truecount="1" falsecount="1"/>
      <line num="647" count="0" type="stmt"/>
      <line num="651" count="11" type="cond" truecount="1" falsecount="1"/>
      <line num="652" count="11" type="stmt"/>
      <line num="659" count="0" type="cond" truecount="0" falsecount="2"/>
      <line num="660" count="0" type="stmt"/>
      <line num="661" count="0" type="stmt"/>
      <line num="665" count="11" type="stmt"/>
      <line num="666" count="11" type="stmt"/>
      <line num="673" count="34" type="stmt"/>
      <line num="674" count="107" type="cond" truecount="4" falsecount="0"/>
      <line num="675" count="34" type="stmt"/>
      <line num="676" count="34" type="stmt"/>
      <line num="685" count="34" type="cond" truecount="2" falsecount="0"/>
      <line num="697" count="34" type="stmt"/>
      <line num="710" count="0" type="cond" truecount="0" falsecount="2"/>
      <line num="712" count="0" type="cond" truecount="0" falsecount="2"/>
      <line num="716" count="0" type="cond" truecount="0" falsecount="2"/>
      <line num="717" count="0" type="stmt"/>
      <line num="726" count="0" type="stmt"/>
      <line num="733" count="0" type="stmt"/>
      <line num="734" count="0" type="cond" truecount="0" falsecount="6"/>
      <line num="735" count="0" type="stmt"/>
      <line num="737" count="0" type="cond" truecount="0" falsecount="4"/>
      <line num="738" count="0" type="stmt"/>
      <line num="740" count="0" type="cond" truecount="0" falsecount="4"/>
      <line num="741" count="0" type="stmt"/>
      <line num="743" count="0" type="cond" truecount="0" falsecount="4"/>
      <line num="744" count="0" type="stmt"/>
      <line num="746" count="0" type="cond" truecount="0" falsecount="4"/>
      <line num="747" count="0" type="stmt"/>
      <line num="749" count="0" type="stmt"/>
      <line num="756" count="41" type="cond" truecount="4" falsecount="0"/>
      <line num="764" count="0" type="cond" truecount="0" falsecount="2"/>
      <line num="765" count="0" type="stmt"/>
      <line num="769" count="0" type="stmt"/>
      <line num="776" count="0" type="cond" truecount="0" falsecount="2"/>
      <line num="777" count="0" type="stmt"/>
      <line num="779" count="0" type="stmt"/>
      <line num="786" count="2" type="stmt"/>
      <line num="787" count="2" type="cond" truecount="2" falsecount="0"/>
      <line num="794" count="2" type="stmt"/>
      <line num="801" count="1" type="stmt"/>
      <line num="808" count="2" type="stmt"/>
      <line num="809" count="2" type="stmt"/>
      <line num="810" count="2" type="stmt"/>
      <line num="817" count="5" type="stmt"/>
      <line num="824" count="1" type="stmt"/>
      <line num="833" count="1" type="stmt"/>
      <line num="840" count="3" type="stmt"/>
      <line num="849" count="2" type="stmt"/>
      <line num="854" count="51" type="stmt"/>
      <line num="864" count="2" type="stmt"/>
      <line num="868" count="6" type="stmt"/>
      <line num="869" count="4" type="cond" truecount="1" falsecount="1"/>
      <line num="872" count="4" type="cond" truecount="3" falsecount="0"/>
      <line num="878" count="2" type="stmt"/>
      <line num="879" count="1" type="stmt"/>
      <line num="880" count="4" type="cond" truecount="2" falsecount="0"/>
      <line num="881" count="3" type="stmt"/>
      <line num="888" count="2" type="stmt"/>
      <line num="893" count="2" type="stmt"/>
      <line num="895" count="2" type="stmt"/>
      <line num="896" count="7" type="cond" truecount="4" falsecount="0"/>
      <line num="897" count="5" type="stmt"/>
      <line num="898" count="5" type="stmt"/>
      <line num="902" count="2" type="stmt"/>
      <line num="909" count="2" type="stmt"/>
      <line num="914" count="0" type="stmt"/>
      <line num="916" count="0" type="cond" truecount="0" falsecount="2"/>
      <line num="924" count="2" type="stmt"/>
    </file>
    <file name="HeroAIDecisionEngine.ts" path="/home/csiesheep/.openclaw/boardgame-betrayal/packages/game-engine/src/ai/HeroAIDecisionEngine.ts">
      <metrics statements="175" coveredstatements="86" conditionals="136" coveredconditionals="48" methods="33" coveredmethods="23"/>
      <line num="19" count="2" type="stmt"/>
      <line num="72" count="2" type="stmt"/>
      <line num="82" count="2" type="stmt"/>
      <line num="101" count="2" type="stmt"/>
      <line num="135" count="2" type="stmt"/>
      <line num="144" count="20" type="stmt"/>
      <line num="145" count="20" type="stmt"/>
      <line num="146" count="20" type="stmt"/>
      <line num="147" count="20" type="cond" truecount="2" falsecount="0"/>
      <line num="154" count="20" type="stmt"/>
      <line num="155" count="20" type="stmt"/>
      <line num="156" count="212" type="stmt"/>
      <line num="157" count="212" type="stmt"/>
      <line num="159" count="20" type="stmt"/>
      <line num="160" count="0" type="stmt"/>
      <line num="161" count="0" type="stmt"/>
      <line num="169" count="20" type="stmt"/>
      <line num="170" count="20" type="stmt"/>
      <line num="183" count="15" type="stmt"/>
      <line num="184" count="32" type="stmt"/>
      <line num="186" count="15" type="cond" truecount="1" falsecount="1"/>
      <line num="187" count="0" type="stmt"/>
      <line num="200" count="15" type="cond" truecount="2" falsecount="0"/>
      <line num="201" count="15" type="cond" truecount="1" falsecount="1"/>
      <line num="204" count="15" type="stmt"/>
      <line num="205" count="15" type="cond" truecount="1" falsecount="1"/>
      <line num="206" count="15" type="cond" truecount="2" falsecount="0"/>
      <line num="207" count="2" type="stmt"/>
      <line num="208" count="13" type="cond" truecount="1" falsecount="1"/>
      <line num="209" count="13" type="stmt"/>
      <line num="211" count="0" type="stmt"/>
      <line num="216" count="15" type="stmt"/>
      <line num="217" count="42" type="cond" truecount="3" falsecount="0"/>
      <line num="218" count="12" type="stmt"/>
      <line num="221" count="15" type="cond" truecount="1" falsecount="1"/>
      <line num="226" count="15" type="stmt"/>
      <line num="227" count="5" type="cond" truecount="3" falsecount="0"/>
      <line num="229" count="15" type="stmt"/>
      <line num="230" count="5" type="cond" truecount="3" falsecount="0"/>
      <line num="234" count="15" type="stmt"/>
      <line num="240" count="15" type="stmt"/>
      <line num="257" count="5" type="cond" truecount="2" falsecount="0"/>
      <line num="258" count="2" type="stmt"/>
      <line num="262" count="3" type="cond" truecount="4" falsecount="0"/>
      <line num="263" count="1" type="stmt"/>
      <line num="267" count="2" type="cond" truecount="1" falsecount="1"/>
      <line num="268" count="2" type="cond" truecount="1" falsecount="1"/>
      <line num="272" count="0" type="cond" truecount="0" falsecount="4"/>
      <line num="273" count="0" type="stmt"/>
      <line num="277" count="0" type="stmt"/>
      <line num="287" count="2" type="stmt"/>
      <line num="288" count="2" type="stmt"/>
      <line num="291" count="2" type="stmt"/>
      <line num="292" count="2" type="cond" truecount="1" falsecount="3"/>
      <line num="294" count="0" type="stmt"/>
      <line num="295" count="0" type="stmt"/>
      <line num="297" count="2" type="stmt"/>
      <line num="298" count="2" type="stmt"/>
      <line num="300" count="0" type="stmt"/>
      <line num="301" count="0" type="stmt"/>
      <line num="303" count="0" type="stmt"/>
      <line num="307" count="2" type="stmt"/>
      <line num="308" count="2" type="cond" truecount="2" falsecount="0"/>
      <line num="309" count="1" type="cond" truecount="1" falsecount="1"/>
      <line num="310" count="1" type="cond" truecount="1" falsecount="1"/>
      <line num="311" count="1" type="stmt"/>
      <line num="315" count="2" type="stmt"/>
      <line num="317" count="2" type="stmt"/>
      <line num="332" count="2" type="stmt"/>
      <line num="334" count="2" type="cond" truecount="1" falsecount="4"/>
      <line num="336" count="0" type="stmt"/>
      <line num="337" count="0" type="cond" truecount="0" falsecount="2"/>
      <line num="338" count="0" type="stmt"/>
      <line num="340" count="0" type="stmt"/>
      <line num="342" count="0" type="stmt"/>
      <line num="343" count="0" type="cond" truecount="0" falsecount="2"/>
      <line num="344" count="0" type="stmt"/>
      <line num="346" count="0" type="stmt"/>
      <line num="348" count="2" type="stmt"/>
      <line num="349" count="2" type="stmt"/>
      <line num="350" count="2" type="stmt"/>
      <line num="352" count="0" type="stmt"/>
      <line num="353" count="0" type="stmt"/>
      <line num="354" count="0" type="stmt"/>
      <line num="356" count="0" type="stmt"/>
      <line num="357" count="0" type="stmt"/>
      <line num="360" count="2" type="stmt"/>
      <line num="372" count="0" type="stmt"/>
      <line num="373" count="0" type="cond" truecount="0" falsecount="2"/>
      <line num="375" count="0" type="stmt"/>
      <line num="378" count="0" type="stmt"/>
      <line num="381" count="0" type="cond" truecount="0" falsecount="4"/>
      <line num="384" count="0" type="cond" truecount="0" falsecount="2"/>
      <line num="385" count="0" type="stmt"/>
      <line num="386" count="0" type="stmt"/>
      <line num="387" count="0" type="cond" truecount="0" falsecount="2"/>
      <line num="388" count="0" type="stmt"/>
      <line num="391" count="0" type="stmt"/>
      <line num="396" count="0" type="cond" truecount="0" falsecount="2"/>
      <line num="397" count="0" type="stmt"/>
      <line num="398" count="0" type="stmt"/>
      <line num="399" count="0" type="cond" truecount="0" falsecount="2"/>
      <line num="400" count="0" type="stmt"/>
      <line num="403" count="0" type="stmt"/>
      <line num="407" count="0" type="stmt"/>
      <line num="408" count="0" type="cond" truecount="0" falsecount="2"/>
      <line num="409" count="0" type="stmt"/>
      <line num="410" count="0" type="stmt"/>
      <line num="412" count="0" type="stmt"/>
      <line num="416" count="0" type="cond" truecount="0" falsecount="2"/>
      <line num="417" count="0" type="stmt"/>
      <line num="418" count="0" type="stmt"/>
      <line num="422" count="0" type="cond" truecount="0" falsecount="4"/>
      <line num="423" count="0" type="stmt"/>
      <line num="427" count="0" type="stmt"/>
      <line num="439" count="0" type="stmt"/>
      <line num="440" count="0" type="stmt"/>
      <line num="441" count="0" type="cond" truecount="0" falsecount="4"/>
      <line num="443" count="0" type="stmt"/>
      <line num="446" count="0" type="stmt"/>
      <line num="449" count="0" type="cond" truecount="0" falsecount="2"/>
      <line num="450" count="0" type="stmt"/>
      <line num="454" count="0" type="stmt"/>
      <line num="455" count="0" type="stmt"/>
      <line num="458" count="0" type="cond" truecount="0" falsecount="2"/>
      <line num="459" count="0" type="stmt"/>
      <line num="463" count="0" type="cond" truecount="0" falsecount="2"/>
      <line num="464" count="0" type="stmt"/>
      <line num="465" count="0" type="cond" truecount="0" falsecount="2"/>
      <line num="466" count="0" type="stmt"/>
      <line num="470" count="0" type="cond" truecount="0" falsecount="2"/>
      <line num="471" count="0" type="stmt"/>
      <line num="475" count="0" type="stmt"/>
      <line num="477" count="0" type="stmt"/>
      <line num="489" count="0" type="stmt"/>
      <line num="492" count="0" type="stmt"/>
      <line num="495" count="0" type="cond" truecount="0" falsecount="5"/>
      <line num="496" count="0" type="cond" truecount="0" falsecount="2"/>
      <line num="497" count="0" type="stmt"/>
      <line num="498" count="0" type="cond" truecount="0" falsecount="2"/>
      <line num="499" count="0" type="stmt"/>
      <line num="504" count="0" type="cond" truecount="0" falsecount="5"/>
      <line num="505" count="0" type="cond" truecount="0" falsecount="2"/>
      <line num="506" count="0" type="stmt"/>
      <line num="511" count="0" type="stmt"/>
      <line num="513" count="0" type="stmt"/>
      <line num="524" count="15" type="cond" truecount="1" falsecount="1"/>
      <line num="528" count="15" type="stmt"/>
      <line num="529" count="15" type="stmt"/>
      <line num="531" count="15" type="stmt"/>
      <line num="546" count="0" type="cond" truecount="0" falsecount="2"/>
      <line num="547" count="0" type="cond" truecount="0" falsecount="2"/>
      <line num="554" count="15" type="cond" truecount="1" falsecount="1"/>
      <line num="555" count="0" type="stmt"/>
      <line num="557" count="15" type="stmt"/>
      <line num="564" count="3" type="stmt"/>
      <line num="567" count="3" type="stmt"/>
      <line num="568" count="3" type="stmt"/>
      <line num="578" count="3" type="stmt"/>
      <line num="585" count="3" type="stmt"/>
      <line num="594" count="2" type="stmt"/>
      <line num="598" count="6" type="stmt"/>
      <line num="604" count="2" type="stmt"/>
      <line num="608" count="2" type="stmt"/>
      <line num="609" count="4" type="cond" truecount="3" falsecount="1"/>
      <line num="610" count="4" type="stmt"/>
      <line num="614" count="2" type="stmt"/>
      <line num="616" count="2" type="cond" truecount="2" falsecount="0"/>
      <line num="617" count="1" type="stmt"/>
      <line num="620" count="1" type="cond" truecount="3" falsecount="1"/>
      <line num="621" count="0" type="stmt"/>
      <line num="624" count="2" type="cond" truecount="1" falsecount="1"/>
      <line num="625" count="0" type="stmt"/>
      <line num="628" count="1" type="stmt"/>
      <line num="633" count="2" type="stmt"/>
    </file>
    <file name="TraitorAI.ts" path="/home/csiesheep/.openclaw/boardgame-betrayal/packages/game-engine/src/ai/TraitorAI.ts">
      <metrics statements="146" coveredstatements="121" conditionals="76" coveredconditionals="40" methods="32" coveredmethods="26"/>
      <line num="26" count="2" type="stmt"/>
      <line num="35" count="2" type="stmt"/>
      <line num="38" count="2" type="stmt"/>
      <line num="110" count="2" type="stmt"/>
      <line num="120" count="29" type="stmt"/>
      <line num="124" count="29" type="cond" truecount="2" falsecount="0"/>
      <line num="125" count="29" type="stmt"/>
      <line num="127" count="0" type="stmt"/>
      <line num="128" count="0" type="stmt"/>
      <line num="130" count="0" type="stmt"/>
      <line num="135" count="29" type="stmt"/>
      <line num="156" count="29" type="stmt"/>
      <line num="163" count="29" type="stmt"/>
      <line num="164" count="29" type="stmt"/>
      <line num="165" count="293" type="stmt"/>
      <line num="166" count="293" type="stmt"/>
      <line num="168" count="29" type="stmt"/>
      <line num="169" count="161" type="stmt"/>
      <line num="170" count="161" type="stmt"/>
      <line num="178" count="541" type="cond" truecount="1" falsecount="1"/>
      <line num="179" count="541" type="cond" truecount="2" falsecount="0"/>
      <line num="188" count="161" type="stmt"/>
      <line num="192" count="161" type="stmt"/>
      <line num="197" count="161" type="stmt"/>
      <line num="200" count="161" type="stmt"/>
      <line num="202" count="161" type="stmt"/>
      <line num="205" count="161" type="stmt"/>
      <line num="206" count="0" type="stmt"/>
      <line num="212" count="0" type="stmt"/>
      <line num="221" count="161" type="stmt"/>
      <line num="222" count="636" type="stmt"/>
      <line num="228" count="636" type="stmt"/>
      <line num="237" count="161" type="stmt"/>
      <line num="238" count="162" type="stmt"/>
      <line num="244" count="162" type="stmt"/>
      <line num="253" count="161" type="stmt"/>
      <line num="254" count="0" type="stmt"/>
      <line num="260" count="0" type="stmt"/>
      <line num="269" count="161" type="stmt"/>
      <line num="274" count="161" type="stmt"/>
      <line num="281" count="161" type="stmt"/>
      <line num="287" count="161" type="cond" truecount="1" falsecount="1"/>
      <line num="288" count="161" type="stmt"/>
      <line num="291" count="161" type="stmt"/>
      <line num="292" count="161" type="cond" truecount="1" falsecount="1"/>
      <line num="300" count="2" type="stmt"/>
      <line num="305" count="2" type="stmt"/>
      <line num="308" count="2" type="stmt"/>
      <line num="316" count="2" type="stmt"/>
      <line num="317" count="2" type="cond" truecount="2" falsecount="0"/>
      <line num="318" count="1" type="stmt"/>
      <line num="321" count="2" type="stmt"/>
      <line num="331" count="2" type="cond" truecount="2" falsecount="0"/>
      <line num="332" count="1" type="stmt"/>
      <line num="339" count="2" type="stmt"/>
      <line num="345" count="2" type="stmt"/>
      <line num="346" count="2" type="cond" truecount="1" falsecount="1"/>
      <line num="354" count="2" type="stmt"/>
      <line num="358" count="2" type="stmt"/>
      <line num="363" count="2" type="stmt"/>
      <line num="365" count="2" type="stmt"/>
      <line num="367" count="2" type="stmt"/>
      <line num="368" count="1" type="stmt"/>
      <line num="374" count="1" type="stmt"/>
      <line num="383" count="2" type="stmt"/>
      <line num="389" count="2" type="stmt"/>
      <line num="395" count="2" type="stmt"/>
      <line num="396" count="2" type="cond" truecount="1" falsecount="1"/>
      <line num="404" count="11" type="stmt"/>
      <line num="405" count="11" type="stmt"/>
      <line num="407" count="11" type="stmt"/>
      <line num="410" count="11" type="stmt"/>
      <line num="411" count="151" type="stmt"/>
      <line num="412" count="151" type="stmt"/>
      <line num="414" count="151" type="stmt"/>
      <line num="417" count="151" type="cond" truecount="1" falsecount="1"/>
      <line num="418" count="0" type="stmt"/>
      <line num="422" count="151" type="cond" truecount="2" falsecount="0"/>
      <line num="423" count="4" type="stmt"/>
      <line num="430" count="147" type="cond" truecount="2" falsecount="0"/>
      <line num="431" count="7" type="stmt"/>
      <line num="432" count="7" type="stmt"/>
      <line num="436" count="11" type="stmt"/>
      <line num="437" count="11" type="stmt"/>
      <line num="444" count="161" type="stmt"/>
      <line num="445" count="326" type="cond" truecount="4" falsecount="0"/>
      <line num="446" count="165" type="stmt"/>
      <line num="459" count="161" type="stmt"/>
      <line num="472" count="0" type="cond" truecount="0" falsecount="2"/>
      <line num="474" count="0" type="cond" truecount="0" falsecount="2"/>
      <line num="478" count="0" type="cond" truecount="0" falsecount="2"/>
      <line num="479" count="0" type="stmt"/>
      <line num="488" count="0" type="stmt"/>
      <line num="495" count="0" type="stmt"/>
      <line num="496" count="0" type="cond" truecount="0" falsecount="5"/>
      <line num="497" count="0" type="stmt"/>
      <line num="499" count="0" type="cond" truecount="0" falsecount="4"/>
      <line num="500" count="0" type="stmt"/>
      <line num="502" count="0" type="cond" truecount="0" falsecount="4"/>
      <line num="503" count="0" type="stmt"/>
      <line num="505" count="0" type="cond" truecount="0" falsecount="4"/>
      <line num="506" count="0" type="stmt"/>
      <line num="508" count="0" type="stmt"/>
      <line num="515" count="1" type="stmt"/>
      <line num="516" count="1" type="stmt"/>
      <line num="518" count="1" type="cond" truecount="1" falsecount="1"/>
      <line num="520" count="1" type="stmt"/>
      <line num="521" count="1" type="stmt"/>
      <line num="523" count="1" type="stmt"/>
      <line num="524" count="2" type="cond" truecount="4" falsecount="0"/>
      <line num="526" count="1" type="stmt"/>
      <line num="527" count="1" type="cond" truecount="1" falsecount="1"/>
      <line num="528" count="1" type="stmt"/>
      <line num="529" count="1" type="stmt"/>
      <line num="533" count="1" type="stmt"/>
      <line num="540" count="1" type="cond" truecount="1" falsecount="1"/>
      <line num="541" count="0" type="stmt"/>
      <line num="543" count="1" type="stmt"/>
      <line num="550" count="2" type="stmt"/>
      <line num="551" count="4" type="cond" truecount="2" falsecount="0"/>
      <line num="553" count="2" type="stmt"/>
      <line num="560" count="2" type="stmt"/>
      <line num="567" count="1" type="stmt"/>
      <line num="574" count="2" type="stmt"/>
      <line num="575" count="2" type="stmt"/>
      <line num="576" count="2" type="stmt"/>
      <line num="583" count="5" type="stmt"/>
      <line num="590" count="0" type="stmt"/>
      <line num="602" count="2" type="stmt"/>
      <line num="607" count="29" type="stmt"/>
      <line num="617" count="2" type="stmt"/>
      <line num="621" count="4" type="stmt"/>
      <line num="622" count="3" type="cond" truecount="1" falsecount="1"/>
      <line num="625" count="3" type="cond" truecount="2" falsecount="0"/>
      <line num="631" count="2" type="stmt"/>
      <line num="632" count="1" type="stmt"/>
      <line num="633" count="2" type="cond" truecount="2" falsecount="0"/>
      <line num="634" count="1" type="stmt"/>
      <line num="641" count="2" type="stmt"/>
      <line num="646" count="1" type="stmt"/>
      <line num="648" count="1" type="stmt"/>
      <line num="649" count="2" type="cond" truecount="4" falsecount="0"/>
      <line num="650" count="1" type="stmt"/>
      <line num="651" count="1" type="stmt"/>
      <line num="655" count="1" type="stmt"/>
      <line num="660" count="2" type="stmt"/>
    </file>
    <file name="index.ts" path="/home/csiesheep/.openclaw/boardgame-betrayal/packages/game-engine/src/ai/index.ts">
      <metrics statements="43" coveredstatements="0" conditionals="0" coveredconditionals="0" methods="36" coveredmethods="0"/>
      <line num="8" count="0" type="stmt"/>
      <line num="9" count="0" type="stmt"/>
      <line num="10" count="0" type="stmt"/>
      <line num="11" count="0" type="stmt"/>
      <line num="12" count="0" type="stmt"/>
      <line num="13" count="0" type="stmt"/>
      <line num="14" count="0" type="stmt"/>
      <line num="15" count="0" type="stmt"/>
      <line num="28" count="0" type="stmt"/>
      <line num="29" count="0" type="stmt"/>
      <line num="30" count="0" type="stmt"/>
      <line num="31" count="0" type="stmt"/>
      <line num="32" count="0" type="stmt"/>
      <line num="33" count="0" type="stmt"/>
      <line num="45" count="0" type="stmt"/>
      <line num="46" count="0" type="stmt"/>
      <line num="47" count="0" type="stmt"/>
      <line num="48" count="0" type="stmt"/>
      <line num="49" count="0" type="stmt"/>
      <line num="50" count="0" type="stmt"/>
      <line num="51" count="0" type="stmt"/>
      <line num="62" count="0" type="stmt"/>
      <line num="63" count="0" type="stmt"/>
      <line num="64" count="0" type="stmt"/>
      <line num="65" count="0" type="stmt"/>
      <line num="66" count="0" type="stmt"/>
      <line num="67" count="0" type="stmt"/>
      <line num="68" count="0" type="stmt"/>
      <line num="78" count="0" type="stmt"/>
      <line num="79" count="0" type="stmt"/>
      <line num="80" count="0" type="stmt"/>
      <line num="81" count="0" type="stmt"/>
      <line num="82" count="0" type="stmt"/>
      <line num="96" count="0" type="stmt"/>
      <line num="97" count="0" type="stmt"/>
      <line num="98" count="0" type="stmt"/>
      <line num="99" count="0" type="stmt"/>
      <line num="112" count="0" type="stmt"/>
      <line num="113" count="0" type="stmt"/>
      <line num="114" count="0" type="stmt"/>
      <line num="115" count="0" type="stmt"/>
      <line num="116" count="0" type="stmt"/>
      <line num="117" count="0" type="stmt"/>
    </file>
  </project>
</coverage>
