{"/home/csiesheep/.openclaw/boardgame-betrayal/packages/game-engine/src/ai/AIDecisionEngine.ts": {"path":"/home/csiesheep/.openclaw/boardgame-betrayal/packages/game-engine/src/ai/AIDecisionEngine.ts","statementMap":{"0":{"start":{"line":610,"column":0},"end":{"line":610,"column":16}},"1":{"start":{"line":620,"column":0},"end":{"line":620,"column":16}},"2":{"start":{"line":627,"column":0},"end":{"line":627,"column":16}},"3":{"start":{"line":638,"column":0},"end":{"line":638,"column":16}},"4":{"start":{"line":23,"column":0},"end":{"line":23,"column":47}},"5":{"start":{"line":24,"column":0},"end":{"line":24,"column":48}},"6":{"start":{"line":25,"column":0},"end":{"line":25,"column":62}},"7":{"start":{"line":109,"column":13},"end":{"line":116,"column":2}},"8":{"start":{"line":119,"column":13},"end":{"line":135,"column":2}},"9":{"start":{"line":138,"column":26},"end":{"line":141,"column":2}},"10":{"start":{"line":158,"column":4},"end":{"line":158,"column":33}},"11":{"start":{"line":159,"column":4},"end":{"line":159,"column":53}},"12":{"start":{"line":160,"column":4},"end":{"line":160,"column":67}},"13":{"start":{"line":167,"column":16},"end":{"line":167,"column":17}},"14":{"start":{"line":168,"column":4},"end":{"line":171,"column":5}},"15":{"start":{"line":168,"column":17},"end":{"line":168,"column":18}},"16":{"start":{"line":169,"column":6},"end":{"line":169,"column":58}},"17":{"start":{"line":170,"column":6},"end":{"line":170,"column":28}},"18":{"start":{"line":172,"column":4},"end":{"line":175,"column":6}},"19":{"start":{"line":173,"column":6},"end":{"line":173,"column":46}},"20":{"start":{"line":174,"column":6},"end":{"line":174,"column":28}},"21":{"start":{"line":182,"column":27},"end":{"line":182,"column":57}},"22":{"start":{"line":183,"column":4},"end":{"line":186,"column":6}},"23":{"start":{"line":194,"column":19},"end":{"line":194,"column":61}},"24":{"start":{"line":194,"column":43},"end":{"line":194,"column":60}},"25":{"start":{"line":195,"column":4},"end":{"line":203,"column":5}},"26":{"start":{"line":196,"column":6},"end":{"line":202,"column":8}},"27":{"start":{"line":206,"column":29},"end":{"line":206,"column":78}},"28":{"start":{"line":209,"column":38},"end":{"line":209,"column":40}},"29":{"start":{"line":210,"column":4},"end":{"line":221,"column":5}},"30":{"start":{"line":211,"column":28},"end":{"line":219,"column":15}},"31":{"start":{"line":213,"column":10},"end":{"line":213,"column":52}},"32":{"start":{"line":214,"column":38},"end":{"line":218,"column":10}},"33":{"start":{"line":216,"column":50},"end":{"line":216,"column":76}},"34":{"start":{"line":220,"column":6},"end":{"line":220,"column":73}},"35":{"start":{"line":224,"column":24},"end":{"line":224,"column":60}},"36":{"start":{"line":227,"column":33},"end":{"line":229,"column":null}},"37":{"start":{"line":233,"column":23},"end":{"line":233,"column":86}},"38":{"start":{"line":235,"column":4},"end":{"line":241,"column":6}},"39":{"start":{"line":248,"column":19},"end":{"line":248,"column":61}},"40":{"start":{"line":248,"column":43},"end":{"line":248,"column":60}},"41":{"start":{"line":249,"column":4},"end":{"line":249,"column":27}},"42":{"start":{"line":249,"column":17},"end":{"line":249,"column":27}},"43":{"start":{"line":252,"column":22},"end":{"line":252,"column":42}},"44":{"start":{"line":254,"column":4},"end":{"line":257,"column":6}},"45":{"start":{"line":255,"column":37},"end":{"line":255,"column":65}},"46":{"start":{"line":256,"column":37},"end":{"line":256,"column":65}},"47":{"start":{"line":264,"column":19},"end":{"line":264,"column":61}},"48":{"start":{"line":264,"column":43},"end":{"line":264,"column":60}},"49":{"start":{"line":265,"column":4},"end":{"line":275,"column":5}},"50":{"start":{"line":266,"column":6},"end":{"line":274,"column":8}},"51":{"start":{"line":278,"column":18},"end":{"line":278,"column":43}},"52":{"start":{"line":279,"column":59},"end":{"line":279,"column":68}},"53":{"start":{"line":280,"column":4},"end":{"line":284,"column":5}},"54":{"start":{"line":281,"column":6},"end":{"line":281,"column":32}},"55":{"start":{"line":282,"column":11},"end":{"line":284,"column":5}},"56":{"start":{"line":283,"column":6},"end":{"line":283,"column":31}},"57":{"start":{"line":287,"column":26},"end":{"line":295,"column":6}},"58":{"start":{"line":288,"column":6},"end":{"line":288,"column":42}},"59":{"start":{"line":288,"column":29},"end":{"line":288,"column":42}},"60":{"start":{"line":289,"column":6},"end":{"line":289,"column":33}},"61":{"start":{"line":289,"column":20},"end":{"line":289,"column":33}},"62":{"start":{"line":291,"column":6},"end":{"line":293,"column":7}},"63":{"start":{"line":292,"column":8},"end":{"line":292,"column":48}},"64":{"start":{"line":294,"column":6},"end":{"line":294,"column":19}},"65":{"start":{"line":297,"column":4},"end":{"line":305,"column":6}},"66":{"start":{"line":313,"column":19},"end":{"line":313,"column":61}},"67":{"start":{"line":313,"column":43},"end":{"line":313,"column":60}},"68":{"start":{"line":314,"column":4},"end":{"line":314,"column":33}},"69":{"start":{"line":314,"column":17},"end":{"line":314,"column":33}},"70":{"start":{"line":318,"column":25},"end":{"line":318,"column":70}},"71":{"start":{"line":319,"column":4},"end":{"line":321,"column":5}},"72":{"start":{"line":320,"column":6},"end":{"line":320,"column":76}},"73":{"start":{"line":323,"column":4},"end":{"line":323,"column":20}},"74":{"start":{"line":330,"column":4},"end":{"line":340,"column":5}},"75":{"start":{"line":331,"column":23},"end":{"line":331,"column":39}},"76":{"start":{"line":332,"column":6},"end":{"line":339,"column":7}},"77":{"start":{"line":332,"column":19},"end":{"line":332,"column":20}},"78":{"start":{"line":333,"column":8},"end":{"line":338,"column":9}},"79":{"start":{"line":333,"column":21},"end":{"line":333,"column":22}},"80":{"start":{"line":334,"column":23},"end":{"line":334,"column":37}},"81":{"start":{"line":335,"column":10},"end":{"line":337,"column":11}},"82":{"start":{"line":336,"column":12},"end":{"line":336,"column":35}},"83":{"start":{"line":341,"column":4},"end":{"line":341,"column":16}},"84":{"start":{"line":348,"column":4},"end":{"line":351,"column":5}},"85":{"start":{"line":350,"column":6},"end":{"line":350,"column":68}},"86":{"start":{"line":352,"column":4},"end":{"line":352,"column":61}},"87":{"start":{"line":359,"column":33},"end":{"line":359,"column":35}},"88":{"start":{"line":360,"column":19},"end":{"line":360,"column":61}},"89":{"start":{"line":360,"column":43},"end":{"line":360,"column":60}},"90":{"start":{"line":361,"column":4},"end":{"line":361,"column":35}},"91":{"start":{"line":361,"column":17},"end":{"line":361,"column":35}},"92":{"start":{"line":364,"column":4},"end":{"line":382,"column":5}},"93":{"start":{"line":365,"column":6},"end":{"line":381,"column":7}},"94":{"start":{"line":367,"column":28},"end":{"line":368,"column":null}},"95":{"start":{"line":368,"column":15},"end":{"line":368,"column":40}},"96":{"start":{"line":370,"column":8},"end":{"line":372,"column":9}},"97":{"start":{"line":371,"column":10},"end":{"line":371,"column":45}},"98":{"start":{"line":375,"column":30},"end":{"line":376,"column":null}},"99":{"start":{"line":376,"column":15},"end":{"line":376,"column":39}},"100":{"start":{"line":378,"column":8},"end":{"line":380,"column":9}},"101":{"start":{"line":379,"column":10},"end":{"line":379,"column":47}},"102":{"start":{"line":384,"column":4},"end":{"line":384,"column":22}},"103":{"start":{"line":396,"column":19},"end":{"line":396,"column":61}},"104":{"start":{"line":396,"column":43},"end":{"line":396,"column":60}},"105":{"start":{"line":397,"column":4},"end":{"line":397,"column":34}},"106":{"start":{"line":397,"column":17},"end":{"line":397,"column":34}},"107":{"start":{"line":399,"column":16},"end":{"line":399,"column":17}},"108":{"start":{"line":402,"column":4},"end":{"line":402,"column":16}},"109":{"start":{"line":405,"column":4},"end":{"line":430,"column":5}},"110":{"start":{"line":406,"column":6},"end":{"line":429,"column":7}},"111":{"start":{"line":408,"column":29},"end":{"line":410,"column":16}},"112":{"start":{"line":411,"column":8},"end":{"line":417,"column":9}},"113":{"start":{"line":412,"column":30},"end":{"line":412,"column":101}},"114":{"start":{"line":413,"column":26},"end":{"line":413,"column":90}},"115":{"start":{"line":414,"column":10},"end":{"line":416,"column":11}},"116":{"start":{"line":415,"column":12},"end":{"line":415,"column":52}},"117":{"start":{"line":420,"column":24},"end":{"line":420,"column":70}},"118":{"start":{"line":420,"column":58},"end":{"line":420,"column":69}},"119":{"start":{"line":421,"column":8},"end":{"line":428,"column":9}},"120":{"start":{"line":423,"column":30},"end":{"line":423,"column":96}},"121":{"start":{"line":424,"column":26},"end":{"line":424,"column":85}},"122":{"start":{"line":425,"column":10},"end":{"line":427,"column":11}},"123":{"start":{"line":426,"column":12},"end":{"line":426,"column":54}},"124":{"start":{"line":433,"column":4},"end":{"line":436,"column":5}},"125":{"start":{"line":435,"column":6},"end":{"line":435,"column":39}},"126":{"start":{"line":438,"column":4},"end":{"line":438,"column":17}},"127":{"start":{"line":450,"column":19},"end":{"line":450,"column":61}},"128":{"start":{"line":450,"column":43},"end":{"line":450,"column":60}},"129":{"start":{"line":451,"column":19},"end":{"line":451,"column":61}},"130":{"start":{"line":451,"column":43},"end":{"line":451,"column":60}},"131":{"start":{"line":452,"column":4},"end":{"line":452,"column":45}},"132":{"start":{"line":452,"column":28},"end":{"line":452,"column":45}},"133":{"start":{"line":454,"column":16},"end":{"line":454,"column":17}},"134":{"start":{"line":457,"column":4},"end":{"line":457,"column":16}},"135":{"start":{"line":460,"column":27},"end":{"line":460,"column":80}},"136":{"start":{"line":461,"column":4},"end":{"line":461,"column":32}},"137":{"start":{"line":464,"column":4},"end":{"line":466,"column":5}},"138":{"start":{"line":465,"column":6},"end":{"line":465,"column":18}},"139":{"start":{"line":469,"column":4},"end":{"line":471,"column":5}},"140":{"start":{"line":470,"column":6},"end":{"line":470,"column":18}},"141":{"start":{"line":474,"column":4},"end":{"line":474,"column":39}},"142":{"start":{"line":477,"column":4},"end":{"line":479,"column":5}},"143":{"start":{"line":478,"column":6},"end":{"line":478,"column":39}},"144":{"start":{"line":481,"column":4},"end":{"line":481,"column":17}},"145":{"start":{"line":493,"column":16},"end":{"line":493,"column":17}},"146":{"start":{"line":496,"column":4},"end":{"line":496,"column":16}},"147":{"start":{"line":499,"column":4},"end":{"line":506,"column":5}},"148":{"start":{"line":501,"column":6},"end":{"line":505,"column":7}},"149":{"start":{"line":502,"column":8},"end":{"line":504,"column":9}},"150":{"start":{"line":503,"column":10},"end":{"line":503,"column":22}},"151":{"start":{"line":509,"column":4},"end":{"line":511,"column":5}},"152":{"start":{"line":510,"column":6},"end":{"line":510,"column":18}},"153":{"start":{"line":514,"column":4},"end":{"line":514,"column":40}},"154":{"start":{"line":516,"column":4},"end":{"line":516,"column":17}},"155":{"start":{"line":528,"column":16},"end":{"line":528,"column":17}},"156":{"start":{"line":531,"column":4},"end":{"line":531,"column":15}},"157":{"start":{"line":534,"column":4},"end":{"line":536,"column":5}},"158":{"start":{"line":535,"column":6},"end":{"line":535,"column":18}},"159":{"start":{"line":539,"column":4},"end":{"line":541,"column":5}},"160":{"start":{"line":540,"column":6},"end":{"line":540,"column":18}},"161":{"start":{"line":544,"column":4},"end":{"line":544,"column":40}},"162":{"start":{"line":547,"column":4},"end":{"line":549,"column":5}},"163":{"start":{"line":548,"column":6},"end":{"line":548,"column":39}},"164":{"start":{"line":551,"column":4},"end":{"line":551,"column":17}},"165":{"start":{"line":562,"column":16},"end":{"line":562,"column":17}},"166":{"start":{"line":565,"column":4},"end":{"line":567,"column":5}},"167":{"start":{"line":566,"column":6},"end":{"line":566,"column":18}},"168":{"start":{"line":570,"column":4},"end":{"line":572,"column":5}},"169":{"start":{"line":571,"column":6},"end":{"line":571,"column":18}},"170":{"start":{"line":575,"column":4},"end":{"line":577,"column":5}},"171":{"start":{"line":576,"column":6},"end":{"line":576,"column":18}},"172":{"start":{"line":579,"column":4},"end":{"line":579,"column":17}},"173":{"start":{"line":586,"column":4},"end":{"line":586,"column":33}},"174":{"start":{"line":587,"column":4},"end":{"line":587,"column":53}},"175":{"start":{"line":594,"column":4},"end":{"line":594,"column":27}},"176":{"start":{"line":601,"column":4},"end":{"line":601,"column":31}},"177":{"start":{"line":149,"column":0},"end":{"line":149,"column":13}},"178":{"start":{"line":614,"column":2},"end":{"line":614,"column":48}},"179":{"start":{"line":621,"column":2},"end":{"line":621,"column":27}},"180":{"start":{"line":628,"column":2},"end":{"line":628,"column":42}},"181":{"start":{"line":628,"column":30},"end":{"line":628,"column":42}},"182":{"start":{"line":629,"column":2},"end":{"line":629,"column":45}},"183":{"start":{"line":643,"column":2},"end":{"line":643,"column":42}},"184":{"start":{"line":643,"column":30},"end":{"line":643,"column":42}},"185":{"start":{"line":646,"column":17},"end":{"line":646,"column":54}},"186":{"start":{"line":648,"column":2},"end":{"line":669,"column":3}},"187":{"start":{"line":651,"column":6},"end":{"line":656,"column":7}},"188":{"start":{"line":652,"column":8},"end":{"line":652,"column":25}},"189":{"start":{"line":654,"column":28},"end":{"line":654,"column":61}},"190":{"start":{"line":655,"column":8},"end":{"line":655,"column":35}},"191":{"start":{"line":659,"column":6},"end":{"line":663,"column":7}},"192":{"start":{"line":660,"column":8},"end":{"line":660,"column":25}},"193":{"start":{"line":662,"column":8},"end":{"line":662,"column":25}},"194":{"start":{"line":666,"column":6},"end":{"line":666,"column":23}},"195":{"start":{"line":668,"column":6},"end":{"line":668,"column":23}},"196":{"start":{"line":674,"column":0},"end":{"line":674,"column":32}}},"fnMap":{"0":{"name":"(anonymous_0)","decl":{"start":{"line":154,"column":2},"end":{"line":154,"column":null}},"loc":{"start":{"line":156,"column":17},"end":{"line":161,"column":3}}},"1":{"name":"(anonymous_1)","decl":{"start":{"line":166,"column":10},"end":{"line":166,"column":25}},"loc":{"start":{"line":166,"column":38},"end":{"line":176,"column":3}}},"2":{"name":"(anonymous_2)","decl":{"start":{"line":172,"column":11},"end":{"line":172,"column":14}},"loc":{"start":{"line":172,"column":16},"end":{"line":175,"column":5}}},"3":{"name":"(anonymous_3)","decl":{"start":{"line":181,"column":10},"end":{"line":181,"column":26}},"loc":{"start":{"line":181,"column":51},"end":{"line":187,"column":3}}},"4":{"name":"(anonymous_4)","decl":{"start":{"line":193,"column":2},"end":{"line":193,"column":17}},"loc":{"start":{"line":193,"column":52},"end":{"line":242,"column":3}}},"5":{"name":"(anonymous_5)","decl":{"start":{"line":194,"column":38},"end":{"line":194,"column":39}},"loc":{"start":{"line":194,"column":43},"end":{"line":194,"column":60}}},"6":{"name":"(anonymous_6)","decl":{"start":{"line":212,"column":17},"end":{"line":212,"column":18}},"loc":{"start":{"line":213,"column":10},"end":{"line":213,"column":52}}},"7":{"name":"(anonymous_7)","decl":{"start":{"line":214,"column":18},"end":{"line":214,"column":19}},"loc":{"start":{"line":214,"column":38},"end":{"line":218,"column":10}}},"8":{"name":"(anonymous_8)","decl":{"start":{"line":216,"column":44},"end":{"line":216,"column":47}},"loc":{"start":{"line":216,"column":50},"end":{"line":216,"column":76}}},"9":{"name":"(anonymous_9)","decl":{"start":{"line":247,"column":10},"end":{"line":247,"column":24}},"loc":{"start":{"line":247,"column":59},"end":{"line":258,"column":3}}},"10":{"name":"(anonymous_10)","decl":{"start":{"line":248,"column":38},"end":{"line":248,"column":39}},"loc":{"start":{"line":248,"column":43},"end":{"line":248,"column":60}}},"11":{"name":"(anonymous_11)","decl":{"start":{"line":255,"column":29},"end":{"line":255,"column":33}},"loc":{"start":{"line":255,"column":37},"end":{"line":255,"column":65}}},"12":{"name":"(anonymous_12)","decl":{"start":{"line":256,"column":29},"end":{"line":256,"column":33}},"loc":{"start":{"line":256,"column":37},"end":{"line":256,"column":65}}},"13":{"name":"(anonymous_13)","decl":{"start":{"line":263,"column":2},"end":{"line":263,"column":19}},"loc":{"start":{"line":263,"column":54},"end":{"line":306,"column":3}}},"14":{"name":"(anonymous_14)","decl":{"start":{"line":264,"column":38},"end":{"line":264,"column":39}},"loc":{"start":{"line":264,"column":43},"end":{"line":264,"column":60}}},"15":{"name":"(anonymous_15)","decl":{"start":{"line":287,"column":47},"end":{"line":287,"column":48}},"loc":{"start":{"line":287,"column":51},"end":{"line":295,"column":5}}},"16":{"name":"(anonymous_16)","decl":{"start":{"line":312,"column":10},"end":{"line":312,"column":37}},"loc":{"start":{"line":312,"column":72},"end":{"line":324,"column":3}}},"17":{"name":"(anonymous_17)","decl":{"start":{"line":313,"column":38},"end":{"line":313,"column":39}},"loc":{"start":{"line":313,"column":43},"end":{"line":313,"column":60}}},"18":{"name":"(anonymous_18)","decl":{"start":{"line":329,"column":10},"end":{"line":329,"column":26}},"loc":{"start":{"line":329,"column":59},"end":{"line":342,"column":3}}},"19":{"name":"(anonymous_19)","decl":{"start":{"line":347,"column":10},"end":{"line":347,"column":36}},"loc":{"start":{"line":347,"column":69},"end":{"line":353,"column":3}}},"20":{"name":"(anonymous_20)","decl":{"start":{"line":358,"column":10},"end":{"line":358,"column":36}},"loc":{"start":{"line":358,"column":71},"end":{"line":385,"column":3}}},"21":{"name":"(anonymous_21)","decl":{"start":{"line":360,"column":38},"end":{"line":360,"column":39}},"loc":{"start":{"line":360,"column":43},"end":{"line":360,"column":60}}},"22":{"name":"(anonymous_22)","decl":{"start":{"line":368,"column":10},"end":{"line":368,"column":11}},"loc":{"start":{"line":368,"column":15},"end":{"line":368,"column":40}}},"23":{"name":"(anonymous_23)","decl":{"start":{"line":376,"column":10},"end":{"line":376,"column":11}},"loc":{"start":{"line":376,"column":15},"end":{"line":376,"column":39}}},"24":{"name":"(anonymous_24)","decl":{"start":{"line":390,"column":2},"end":{"line":390,"column":14}},"loc":{"start":{"line":394,"column":28},"end":{"line":439,"column":3}}},"25":{"name":"(anonymous_25)","decl":{"start":{"line":396,"column":38},"end":{"line":396,"column":39}},"loc":{"start":{"line":396,"column":43},"end":{"line":396,"column":60}}},"26":{"name":"(anonymous_26)","decl":{"start":{"line":420,"column":53},"end":{"line":420,"column":54}},"loc":{"start":{"line":420,"column":58},"end":{"line":420,"column":69}}},"27":{"name":"(anonymous_27)","decl":{"start":{"line":444,"column":2},"end":{"line":444,"column":16}},"loc":{"start":{"line":448,"column":28},"end":{"line":482,"column":3}}},"28":{"name":"(anonymous_28)","decl":{"start":{"line":450,"column":38},"end":{"line":450,"column":39}},"loc":{"start":{"line":450,"column":43},"end":{"line":450,"column":60}}},"29":{"name":"(anonymous_29)","decl":{"start":{"line":451,"column":38},"end":{"line":451,"column":39}},"loc":{"start":{"line":451,"column":43},"end":{"line":451,"column":60}}},"30":{"name":"(anonymous_30)","decl":{"start":{"line":487,"column":2},"end":{"line":487,"column":17}},"loc":{"start":{"line":491,"column":28},"end":{"line":517,"column":3}}},"31":{"name":"(anonymous_31)","decl":{"start":{"line":522,"column":2},"end":{"line":522,"column":17}},"loc":{"start":{"line":526,"column":28},"end":{"line":552,"column":3}}},"32":{"name":"(anonymous_32)","decl":{"start":{"line":557,"column":2},"end":{"line":557,"column":17}},"loc":{"start":{"line":560,"column":28},"end":{"line":580,"column":3}}},"33":{"name":"(anonymous_33)","decl":{"start":{"line":585,"column":2},"end":{"line":585,"column":15}},"loc":{"start":{"line":585,"column":40},"end":{"line":588,"column":3}}},"34":{"name":"(anonymous_34)","decl":{"start":{"line":593,"column":2},"end":{"line":593,"column":15}},"loc":{"start":{"line":593,"column":15},"end":{"line":595,"column":3}}},"35":{"name":"(anonymous_35)","decl":{"start":{"line":600,"column":2},"end":{"line":600,"column":12}},"loc":{"start":{"line":600,"column":12},"end":{"line":602,"column":3}}},"36":{"name":"createDecisionEngine","decl":{"start":{"line":610,"column":16},"end":{"line":610,"column":36}},"loc":{"start":{"line":612,"column":15},"end":{"line":615,"column":1}}},"37":{"name":"compareDecisions","decl":{"start":{"line":620,"column":16},"end":{"line":620,"column":32}},"loc":{"start":{"line":620,"column":61},"end":{"line":622,"column":1}}},"38":{"name":"selectBestDecision","decl":{"start":{"line":627,"column":16},"end":{"line":627,"column":34}},"loc":{"start":{"line":627,"column":58},"end":{"line":630,"column":1}}},"39":{"name":"selectDecisionByDifficulty","decl":{"start":{"line":638,"column":16},"end":{"line":638,"column":42}},"loc":{"start":{"line":641,"column":33},"end":{"line":670,"column":1}}}},"branchMap":{"0":{"loc":{"start":{"line":155,"column":4},"end":{"line":155,"column":39}},"type":"default-arg","locations":[{"start":{"line":155,"column":31},"end":{"line":155,"column":39}}]},"1":{"loc":{"start":{"line":160,"column":36},"end":{"line":160,"column":65}},"type":"binary-expr","locations":[{"start":{"line":160,"column":36},"end":{"line":160,"column":40}},{"start":{"line":160,"column":44},"end":{"line":160,"column":65}}]},"2":{"loc":{"start":{"line":195,"column":4},"end":{"line":203,"column":5}},"type":"if","locations":[{"start":{"line":195,"column":4},"end":{"line":203,"column":5}},{"start":{},"end":{}}]},"3":{"loc":{"start":{"line":210,"column":4},"end":{"line":221,"column":5}},"type":"if","locations":[{"start":{"line":210,"column":4},"end":{"line":221,"column":5}},{"start":{},"end":{}}]},"4":{"loc":{"start":{"line":233,"column":23},"end":{"line":233,"column":86}},"type":"binary-expr","locations":[{"start":{"line":233,"column":23},"end":{"line":233,"column":62}},{"start":{"line":233,"column":66},"end":{"line":233,"column":86}}]},"5":{"loc":{"start":{"line":249,"column":4},"end":{"line":249,"column":27}},"type":"if","locations":[{"start":{"line":249,"column":4},"end":{"line":249,"column":27}},{"start":{},"end":{}}]},"6":{"loc":{"start":{"line":265,"column":4},"end":{"line":275,"column":5}},"type":"if","locations":[{"start":{"line":265,"column":4},"end":{"line":275,"column":5}},{"start":{},"end":{}}]},"7":{"loc":{"start":{"line":280,"column":4},"end":{"line":284,"column":5}},"type":"if","locations":[{"start":{"line":280,"column":4},"end":{"line":284,"column":5}},{"start":{"line":282,"column":11},"end":{"line":284,"column":5}}]},"8":{"loc":{"start":{"line":282,"column":11},"end":{"line":284,"column":5}},"type":"if","locations":[{"start":{"line":282,"column":11},"end":{"line":284,"column":5}},{"start":{},"end":{}}]},"9":{"loc":{"start":{"line":288,"column":6},"end":{"line":288,"column":42}},"type":"if","locations":[{"start":{"line":288,"column":6},"end":{"line":288,"column":42}},{"start":{},"end":{}}]},"10":{"loc":{"start":{"line":289,"column":6},"end":{"line":289,"column":33}},"type":"if","locations":[{"start":{"line":289,"column":6},"end":{"line":289,"column":33}},{"start":{},"end":{}}]},"11":{"loc":{"start":{"line":291,"column":6},"end":{"line":293,"column":7}},"type":"if","locations":[{"start":{"line":291,"column":6},"end":{"line":293,"column":7}},{"start":{},"end":{}}]},"12":{"loc":{"start":{"line":299,"column":13},"end":{"line":299,"column":59}},"type":"cond-expr","locations":[{"start":{"line":299,"column":36},"end":{"line":299,"column":43}},{"start":{"line":299,"column":46},"end":{"line":299,"column":59}}]},"13":{"loc":{"start":{"line":314,"column":4},"end":{"line":314,"column":33}},"type":"if","locations":[{"start":{"line":314,"column":4},"end":{"line":314,"column":33}},{"start":{},"end":{}}]},"14":{"loc":{"start":{"line":319,"column":4},"end":{"line":321,"column":5}},"type":"if","locations":[{"start":{"line":319,"column":4},"end":{"line":321,"column":5}},{"start":{},"end":{}}]},"15":{"loc":{"start":{"line":335,"column":10},"end":{"line":337,"column":11}},"type":"if","locations":[{"start":{"line":335,"column":10},"end":{"line":337,"column":11}},{"start":{},"end":{}}]},"16":{"loc":{"start":{"line":348,"column":4},"end":{"line":351,"column":5}},"type":"if","locations":[{"start":{"line":348,"column":4},"end":{"line":351,"column":5}},{"start":{},"end":{}}]},"17":{"loc":{"start":{"line":361,"column":4},"end":{"line":361,"column":35}},"type":"if","locations":[{"start":{"line":361,"column":4},"end":{"line":361,"column":35}},{"start":{},"end":{}}]},"18":{"loc":{"start":{"line":364,"column":4},"end":{"line":382,"column":5}},"type":"if","locations":[{"start":{"line":364,"column":4},"end":{"line":382,"column":5}},{"start":{},"end":{}}]},"19":{"loc":{"start":{"line":365,"column":6},"end":{"line":381,"column":7}},"type":"if","locations":[{"start":{"line":365,"column":6},"end":{"line":381,"column":7}},{"start":{"line":373,"column":13},"end":{"line":381,"column":7}}]},"20":{"loc":{"start":{"line":368,"column":15},"end":{"line":368,"column":40}},"type":"binary-expr","locations":[{"start":{"line":368,"column":15},"end":{"line":368,"column":27}},{"start":{"line":368,"column":31},"end":{"line":368,"column":40}}]},"21":{"loc":{"start":{"line":370,"column":8},"end":{"line":372,"column":9}},"type":"if","locations":[{"start":{"line":370,"column":8},"end":{"line":372,"column":9}},{"start":{},"end":{}}]},"22":{"loc":{"start":{"line":376,"column":15},"end":{"line":376,"column":39}},"type":"binary-expr","locations":[{"start":{"line":376,"column":15},"end":{"line":376,"column":26}},{"start":{"line":376,"column":30},"end":{"line":376,"column":39}}]},"23":{"loc":{"start":{"line":378,"column":8},"end":{"line":380,"column":9}},"type":"if","locations":[{"start":{"line":378,"column":8},"end":{"line":380,"column":9}},{"start":{},"end":{}}]},"24":{"loc":{"start":{"line":397,"column":4},"end":{"line":397,"column":34}},"type":"if","locations":[{"start":{"line":397,"column":4},"end":{"line":397,"column":34}},{"start":{},"end":{}}]},"25":{"loc":{"start":{"line":405,"column":4},"end":{"line":430,"column":5}},"type":"if","locations":[{"start":{"line":405,"column":4},"end":{"line":430,"column":5}},{"start":{},"end":{}}]},"26":{"loc":{"start":{"line":406,"column":6},"end":{"line":429,"column":7}},"type":"if","locations":[{"start":{"line":406,"column":6},"end":{"line":429,"column":7}},{"start":{"line":418,"column":13},"end":{"line":429,"column":7}}]},"27":{"loc":{"start":{"line":408,"column":29},"end":{"line":410,"column":16}},"type":"cond-expr","locations":[{"start":{"line":409,"column":12},"end":{"line":409,"column":38}},{"start":{"line":410,"column":12},"end":{"line":410,"column":16}}]},"28":{"loc":{"start":{"line":411,"column":8},"end":{"line":417,"column":9}},"type":"if","locations":[{"start":{"line":411,"column":8},"end":{"line":417,"column":9}},{"start":{},"end":{}}]},"29":{"loc":{"start":{"line":414,"column":10},"end":{"line":416,"column":11}},"type":"if","locations":[{"start":{"line":414,"column":10},"end":{"line":416,"column":11}},{"start":{},"end":{}}]},"30":{"loc":{"start":{"line":421,"column":8},"end":{"line":428,"column":9}},"type":"if","locations":[{"start":{"line":421,"column":8},"end":{"line":428,"column":9}},{"start":{},"end":{}}]},"31":{"loc":{"start":{"line":421,"column":12},"end":{"line":421,"column":60}},"type":"binary-expr","locations":[{"start":{"line":421,"column":12},"end":{"line":421,"column":19}},{"start":{"line":421,"column":23},"end":{"line":421,"column":60}}]},"32":{"loc":{"start":{"line":425,"column":10},"end":{"line":427,"column":11}},"type":"if","locations":[{"start":{"line":425,"column":10},"end":{"line":427,"column":11}},{"start":{},"end":{}}]},"33":{"loc":{"start":{"line":433,"column":4},"end":{"line":436,"column":5}},"type":"if","locations":[{"start":{"line":433,"column":4},"end":{"line":436,"column":5}},{"start":{},"end":{}}]},"34":{"loc":{"start":{"line":452,"column":4},"end":{"line":452,"column":45}},"type":"if","locations":[{"start":{"line":452,"column":4},"end":{"line":452,"column":45}},{"start":{},"end":{}}]},"35":{"loc":{"start":{"line":452,"column":8},"end":{"line":452,"column":26}},"type":"binary-expr","locations":[{"start":{"line":452,"column":8},"end":{"line":452,"column":15}},{"start":{"line":452,"column":19},"end":{"line":452,"column":26}}]},"36":{"loc":{"start":{"line":464,"column":4},"end":{"line":466,"column":5}},"type":"if","locations":[{"start":{"line":464,"column":4},"end":{"line":466,"column":5}},{"start":{},"end":{}}]},"37":{"loc":{"start":{"line":469,"column":4},"end":{"line":471,"column":5}},"type":"if","locations":[{"start":{"line":469,"column":4},"end":{"line":471,"column":5}},{"start":{},"end":{}}]},"38":{"loc":{"start":{"line":477,"column":4},"end":{"line":479,"column":5}},"type":"if","locations":[{"start":{"line":477,"column":4},"end":{"line":479,"column":5}},{"start":{},"end":{}}]},"39":{"loc":{"start":{"line":499,"column":4},"end":{"line":506,"column":5}},"type":"if","locations":[{"start":{"line":499,"column":4},"end":{"line":506,"column":5}},{"start":{},"end":{}}]},"40":{"loc":{"start":{"line":501,"column":6},"end":{"line":505,"column":7}},"type":"if","locations":[{"start":{"line":501,"column":6},"end":{"line":505,"column":7}},{"start":{},"end":{}}]},"41":{"loc":{"start":{"line":502,"column":8},"end":{"line":504,"column":9}},"type":"if","locations":[{"start":{"line":502,"column":8},"end":{"line":504,"column":9}},{"start":{},"end":{}}]},"42":{"loc":{"start":{"line":502,"column":12},"end":{"line":502,"column":77}},"type":"binary-expr","locations":[{"start":{"line":502,"column":12},"end":{"line":502,"column":39}},{"start":{"line":502,"column":43},"end":{"line":502,"column":77}}]},"43":{"loc":{"start":{"line":509,"column":4},"end":{"line":511,"column":5}},"type":"if","locations":[{"start":{"line":509,"column":4},"end":{"line":511,"column":5}},{"start":{},"end":{}}]},"44":{"loc":{"start":{"line":534,"column":4},"end":{"line":536,"column":5}},"type":"if","locations":[{"start":{"line":534,"column":4},"end":{"line":536,"column":5}},{"start":{},"end":{}}]},"45":{"loc":{"start":{"line":539,"column":4},"end":{"line":541,"column":5}},"type":"if","locations":[{"start":{"line":539,"column":4},"end":{"line":541,"column":5}},{"start":{},"end":{}}]},"46":{"loc":{"start":{"line":547,"column":4},"end":{"line":549,"column":5}},"type":"if","locations":[{"start":{"line":547,"column":4},"end":{"line":549,"column":5}},{"start":{},"end":{}}]},"47":{"loc":{"start":{"line":565,"column":4},"end":{"line":567,"column":5}},"type":"if","locations":[{"start":{"line":565,"column":4},"end":{"line":567,"column":5}},{"start":{},"end":{}}]},"48":{"loc":{"start":{"line":570,"column":4},"end":{"line":572,"column":5}},"type":"if","locations":[{"start":{"line":570,"column":4},"end":{"line":572,"column":5}},{"start":{},"end":{}}]},"49":{"loc":{"start":{"line":570,"column":8},"end":{"line":570,"column":73}},"type":"binary-expr","locations":[{"start":{"line":570,"column":8},"end":{"line":570,"column":42}},{"start":{"line":570,"column":46},"end":{"line":570,"column":73}}]},"50":{"loc":{"start":{"line":575,"column":4},"end":{"line":577,"column":5}},"type":"if","locations":[{"start":{"line":575,"column":4},"end":{"line":577,"column":5}},{"start":{},"end":{}}]},"51":{"loc":{"start":{"line":611,"column":2},"end":{"line":611,"column":37}},"type":"default-arg","locations":[{"start":{"line":611,"column":29},"end":{"line":611,"column":37}}]},"52":{"loc":{"start":{"line":628,"column":2},"end":{"line":628,"column":42}},"type":"if","locations":[{"start":{"line":628,"column":2},"end":{"line":628,"column":42}},{"start":{},"end":{}}]},"53":{"loc":{"start":{"line":641,"column":2},"end":{"line":641,"column":33}},"type":"default-arg","locations":[{"start":{"line":641,"column":22},"end":{"line":641,"column":33}}]},"54":{"loc":{"start":{"line":643,"column":2},"end":{"line":643,"column":42}},"type":"if","locations":[{"start":{"line":643,"column":2},"end":{"line":643,"column":42}},{"start":{},"end":{}}]},"55":{"loc":{"start":{"line":648,"column":2},"end":{"line":669,"column":3}},"type":"switch","locations":[{"start":{"line":649,"column":4},"end":{"line":656,"column":7}},{"start":{"line":657,"column":4},"end":{"line":663,"column":7}},{"start":{"line":664,"column":4},"end":{"line":666,"column":23}},{"start":{"line":667,"column":4},"end":{"line":668,"column":23}}]},"56":{"loc":{"start":{"line":651,"column":6},"end":{"line":656,"column":7}},"type":"if","locations":[{"start":{"line":651,"column":6},"end":{"line":656,"column":7}},{"start":{"line":653,"column":13},"end":{"line":656,"column":7}}]},"57":{"loc":{"start":{"line":659,"column":6},"end":{"line":663,"column":7}},"type":"if","locations":[{"start":{"line":659,"column":6},"end":{"line":663,"column":7}},{"start":{"line":661,"column":13},"end":{"line":663,"column":7}}]},"58":{"loc":{"start":{"line":659,"column":10},"end":{"line":659,"column":42}},"type":"binary-expr","locations":[{"start":{"line":659,"column":10},"end":{"line":659,"column":21}},{"start":{"line":659,"column":25},"end":{"line":659,"column":42}}]}},"s":{"0":3,"1":3,"2":3,"3":3,"4":3,"5":3,"6":3,"7":3,"8":3,"9":3,"10":137,"11":137,"12":137,"13":137,"14":137,"15":137,"16":1467,"17":1467,"18":137,"19":15,"20":15,"21":142,"22":142,"23":207,"24":254,"25":207,"26":0,"27":207,"28":207,"29":207,"30":205,"31":0,"32":0,"33":0,"34":205,"35":207,"36":207,"37":207,"38":207,"39":207,"40":254,"41":207,"42":0,"43":207,"44":207,"45":6,"46":0,"47":231,"48":300,"49":231,"50":0,"51":231,"52":231,"53":231,"54":15,"55":216,"56":211,"57":231,"58":523,"59":231,"60":292,"61":0,"62":292,"63":292,"64":0,"65":231,"66":231,"67":300,"68":231,"69":0,"70":231,"71":231,"72":231,"73":0,"74":231,"75":231,"76":231,"77":231,"78":1848,"79":1848,"80":26103,"81":26103,"82":231,"83":0,"84":233,"85":0,"86":233,"87":231,"88":231,"89":300,"90":231,"91":0,"92":231,"93":231,"94":171,"95":346,"96":171,"97":0,"98":60,"99":177,"100":60,"101":0,"102":231,"103":1,"104":1,"105":1,"106":0,"107":1,"108":1,"109":1,"110":1,"111":1,"112":1,"113":1,"114":1,"115":1,"116":0,"117":0,"118":0,"119":0,"120":0,"121":0,"122":0,"123":0,"124":1,"125":0,"126":1,"127":166,"128":166,"129":166,"130":338,"131":166,"132":0,"133":166,"134":166,"135":166,"136":166,"137":166,"138":1,"139":166,"140":2,"141":166,"142":166,"143":3,"144":166,"145":1,"146":1,"147":1,"148":1,"149":1,"150":1,"151":1,"152":0,"153":1,"154":1,"155":636,"156":636,"157":636,"158":0,"159":636,"160":636,"161":636,"162":636,"163":12,"164":636,"165":161,"166":161,"167":161,"168":161,"169":161,"170":161,"171":0,"172":161,"173":5,"174":5,"175":3,"176":2,"177":3,"178":0,"179":1553,"180":0,"181":0,"182":0,"183":213,"184":0,"185":213,"186":213,"187":7,"188":7,"189":0,"190":0,"191":197,"192":190,"193":7,"194":9,"195":0,"196":3},"f":{"0":137,"1":137,"2":15,"3":142,"4":207,"5":254,"6":0,"7":0,"8":0,"9":207,"10":254,"11":6,"12":0,"13":231,"14":300,"15":523,"16":231,"17":300,"18":231,"19":233,"20":231,"21":300,"22":346,"23":177,"24":1,"25":1,"26":0,"27":166,"28":166,"29":338,"30":1,"31":636,"32":161,"33":5,"34":3,"35":2,"36":0,"37":1553,"38":0,"39":213},"b":{"0":[0],"1":[137,62],"2":[0,207],"3":[205,2],"4":[207,194],"5":[0,207],"6":[0,231],"7":[15,216],"8":[211,5],"9":[231,292],"10":[0,292],"11":[292,0],"12":[231,0],"13":[0,231],"14":[231,0],"15":[231,25872],"16":[0,233],"17":[0,231],"18":[231,0],"19":[171,60],"20":[346,175],"21":[0,171],"22":[177,60],"23":[0,60],"24":[0,1],"25":[1,0],"26":[1,0],"27":[1,0],"28":[1,0],"29":[0,1],"30":[0,0],"31":[0,0],"32":[0,0],"33":[0,1],"34":[0,166],"35":[166,166],"36":[1,165],"37":[2,164],"38":[3,163],"39":[1,0],"40":[1,0],"41":[1,0],"42":[1,1],"43":[0,1],"44":[0,636],"45":[636,0],"46":[12,624],"47":[161,0],"48":[161,0],"49":[161,161],"50":[0,161],"51":[0],"52":[0,0],"53":[1],"54":[0,213],"55":[7,197,9,0],"56":[7,0],"57":[190,7],"58":[197,9]}}
,"/home/csiesheep/.openclaw/boardgame-betrayal/packages/game-engine/src/ai/AIExplorationEngine.ts": {"path":"/home/csiesheep/.openclaw/boardgame-betrayal/packages/game-engine/src/ai/AIExplorationEngine.ts","statementMap":{"0":{"start":{"line":855,"column":0},"end":{"line":855,"column":16}},"1":{"start":{"line":866,"column":0},"end":{"line":866,"column":16}},"2":{"start":{"line":27,"column":0},"end":{"line":27,"column":84}},"3":{"start":{"line":29,"column":0},"end":{"line":29,"column":47}},"4":{"start":{"line":130,"column":4},"end":{"line":130,"column":35}},"5":{"start":{"line":131,"column":4},"end":{"line":131,"column":33}},"6":{"start":{"line":132,"column":4},"end":{"line":132,"column":67}},"7":{"start":{"line":133,"column":4},"end":{"line":133,"column":35}},"8":{"start":{"line":134,"column":4},"end":{"line":134,"column":37}},"9":{"start":{"line":141,"column":16},"end":{"line":141,"column":17}},"10":{"start":{"line":142,"column":4},"end":{"line":145,"column":5}},"11":{"start":{"line":142,"column":17},"end":{"line":142,"column":18}},"12":{"start":{"line":143,"column":6},"end":{"line":143,"column":58}},"13":{"start":{"line":144,"column":6},"end":{"line":144,"column":28}},"14":{"start":{"line":146,"column":4},"end":{"line":149,"column":6}},"15":{"start":{"line":147,"column":6},"end":{"line":147,"column":46}},"16":{"start":{"line":148,"column":6},"end":{"line":148,"column":28}},"17":{"start":{"line":160,"column":19},"end":{"line":160,"column":54}},"18":{"start":{"line":161,"column":4},"end":{"line":161,"column":27}},"19":{"start":{"line":161,"column":17},"end":{"line":161,"column":27}},"20":{"start":{"line":163,"column":41},"end":{"line":163,"column":43}},"21":{"start":{"line":164,"column":23},"end":{"line":164,"column":38}},"22":{"start":{"line":167,"column":34},"end":{"line":167,"column":75}},"23":{"start":{"line":169,"column":4},"end":{"line":187,"column":5}},"24":{"start":{"line":170,"column":25},"end":{"line":174,"column":null}},"25":{"start":{"line":177,"column":6},"end":{"line":186,"column":7}},"26":{"start":{"line":178,"column":27},"end":{"line":178,"column":63}},"27":{"start":{"line":179,"column":8},"end":{"line":185,"column":11}},"28":{"start":{"line":190,"column":4},"end":{"line":190,"column":59}},"29":{"start":{"line":190,"column":34},"end":{"line":190,"column":57}},"30":{"start":{"line":202,"column":17},"end":{"line":202,"column":53}},"31":{"start":{"line":203,"column":24},"end":{"line":203,"column":61}},"32":{"start":{"line":206,"column":21},"end":{"line":206,"column":66}},"33":{"start":{"line":207,"column":18},"end":{"line":207,"column":43}},"34":{"start":{"line":208,"column":22},"end":{"line":208,"column":39}},"35":{"start":{"line":211,"column":23},"end":{"line":211,"column":25}},"36":{"start":{"line":214,"column":4},"end":{"line":214,"column":48}},"37":{"start":{"line":217,"column":22},"end":{"line":217,"column":30}},"38":{"start":{"line":218,"column":4},"end":{"line":218,"column":33}},"39":{"start":{"line":221,"column":20},"end":{"line":221,"column":21}},"40":{"start":{"line":224,"column":4},"end":{"line":227,"column":5}},"41":{"start":{"line":225,"column":6},"end":{"line":225,"column":56}},"42":{"start":{"line":226,"column":6},"end":{"line":226,"column":53}},"43":{"start":{"line":230,"column":4},"end":{"line":232,"column":5}},"44":{"start":{"line":231,"column":6},"end":{"line":231,"column":56}},"45":{"start":{"line":235,"column":4},"end":{"line":237,"column":5}},"46":{"start":{"line":236,"column":6},"end":{"line":236,"column":23}},"47":{"start":{"line":240,"column":25},"end":{"line":240,"column":27}},"48":{"start":{"line":241,"column":4},"end":{"line":243,"column":5}},"49":{"start":{"line":242,"column":6},"end":{"line":242,"column":27}},"50":{"start":{"line":246,"column":4},"end":{"line":248,"column":5}},"51":{"start":{"line":247,"column":6},"end":{"line":247,"column":46}},"52":{"start":{"line":250,"column":4},"end":{"line":257,"column":6}},"53":{"start":{"line":268,"column":19},"end":{"line":268,"column":54}},"54":{"start":{"line":269,"column":4},"end":{"line":269,"column":29}},"55":{"start":{"line":269,"column":17},"end":{"line":269,"column":29}},"56":{"start":{"line":272,"column":23},"end":{"line":276,"column":null}},"57":{"start":{"line":279,"column":4},"end":{"line":281,"column":5}},"58":{"start":{"line":280,"column":6},"end":{"line":280,"column":18}},"59":{"start":{"line":283,"column":18},"end":{"line":283,"column":43}},"60":{"start":{"line":284,"column":27},"end":{"line":284,"column":66}},"61":{"start":{"line":286,"column":4},"end":{"line":291,"column":6}},"62":{"start":{"line":302,"column":4},"end":{"line":302,"column":54}},"63":{"start":{"line":302,"column":42},"end":{"line":302,"column":54}},"64":{"start":{"line":304,"column":19},"end":{"line":304,"column":54}},"65":{"start":{"line":305,"column":4},"end":{"line":305,"column":29}},"66":{"start":{"line":305,"column":17},"end":{"line":305,"column":29}},"67":{"start":{"line":307,"column":23},"end":{"line":307,"column":38}},"68":{"start":{"line":308,"column":24},"end":{"line":308,"column":61}},"69":{"start":{"line":310,"column":42},"end":{"line":310,"column":46}},"70":{"start":{"line":311,"column":20},"end":{"line":311,"column":29}},"71":{"start":{"line":313,"column":4},"end":{"line":325,"column":5}},"72":{"start":{"line":314,"column":20},"end":{"line":318,"column":null}},"73":{"start":{"line":321,"column":6},"end":{"line":324,"column":7}},"74":{"start":{"line":322,"column":8},"end":{"line":322,"column":26}},"75":{"start":{"line":323,"column":8},"end":{"line":323,"column":34}},"76":{"start":{"line":328,"column":4},"end":{"line":331,"column":5}},"77":{"start":{"line":329,"column":30},"end":{"line":329,"column":82}},"78":{"start":{"line":329,"column":62},"end":{"line":329,"column":81}},"79":{"start":{"line":330,"column":6},"end":{"line":330,"column":78}},"80":{"start":{"line":333,"column":4},"end":{"line":333,"column":25}},"81":{"start":{"line":345,"column":19},"end":{"line":350,"column":6}},"82":{"start":{"line":352,"column":19},"end":{"line":356,"column":6}},"83":{"start":{"line":358,"column":16},"end":{"line":358,"column":18}},"84":{"start":{"line":361,"column":28},"end":{"line":364,"column":null}},"85":{"start":{"line":366,"column":4},"end":{"line":366,"column":64}},"86":{"start":{"line":369,"column":20},"end":{"line":369,"column":21}},"87":{"start":{"line":370,"column":20},"end":{"line":370,"column":21}},"88":{"start":{"line":371,"column":31},"end":{"line":371,"column":98}},"89":{"start":{"line":372,"column":30},"end":{"line":372,"column":89}},"90":{"start":{"line":374,"column":4},"end":{"line":376,"column":5}},"91":{"start":{"line":375,"column":6},"end":{"line":375,"column":17}},"92":{"start":{"line":378,"column":4},"end":{"line":378,"column":17}},"93":{"start":{"line":389,"column":19},"end":{"line":389,"column":54}},"94":{"start":{"line":390,"column":4},"end":{"line":397,"column":5}},"95":{"start":{"line":391,"column":6},"end":{"line":396,"column":8}},"96":{"start":{"line":399,"column":24},"end":{"line":399,"column":61}},"97":{"start":{"line":402,"column":4},"end":{"line":453,"column":5}},"98":{"start":{"line":404,"column":8},"end":{"line":409,"column":10}},"99":{"start":{"line":413,"column":25},"end":{"line":413,"column":61}},"100":{"start":{"line":414,"column":8},"end":{"line":419,"column":10}},"101":{"start":{"line":422,"column":8},"end":{"line":438,"column":9}},"102":{"start":{"line":424,"column":23},"end":{"line":424,"column":45}},"103":{"start":{"line":425,"column":31},"end":{"line":425,"column":56}},"104":{"start":{"line":426,"column":25},"end":{"line":426,"column":49}},"105":{"start":{"line":427,"column":32},"end":{"line":427,"column":80}},"106":{"start":{"line":429,"column":32},"end":{"line":429,"column":86}},"107":{"start":{"line":431,"column":10},"end":{"line":437,"column":12}},"108":{"start":{"line":439,"column":8},"end":{"line":444,"column":10}},"109":{"start":{"line":447,"column":8},"end":{"line":452,"column":10}},"110":{"start":{"line":465,"column":19},"end":{"line":465,"column":54}},"111":{"start":{"line":466,"column":4},"end":{"line":468,"column":5}},"112":{"start":{"line":467,"column":6},"end":{"line":467,"column":55}},"113":{"start":{"line":470,"column":25},"end":{"line":470,"column":50}},"114":{"start":{"line":471,"column":26},"end":{"line":471,"column":74}},"115":{"start":{"line":475,"column":4},"end":{"line":477,"column":5}},"116":{"start":{"line":476,"column":6},"end":{"line":476,"column":51}},"117":{"start":{"line":480,"column":24},"end":{"line":480,"column":61}},"118":{"start":{"line":481,"column":21},"end":{"line":481,"column":25}},"119":{"start":{"line":483,"column":4},"end":{"line":485,"column":5}},"120":{"start":{"line":484,"column":6},"end":{"line":484,"column":25}},"121":{"start":{"line":487,"column":4},"end":{"line":489,"column":5}},"122":{"start":{"line":488,"column":6},"end":{"line":488,"column":24}},"123":{"start":{"line":491,"column":4},"end":{"line":495,"column":6}},"124":{"start":{"line":506,"column":19},"end":{"line":506,"column":54}},"125":{"start":{"line":507,"column":4},"end":{"line":507,"column":53}},"126":{"start":{"line":507,"column":40},"end":{"line":507,"column":53}},"127":{"start":{"line":509,"column":24},"end":{"line":509,"column":61}},"128":{"start":{"line":512,"column":25},"end":{"line":512,"column":58}},"129":{"start":{"line":513,"column":4},"end":{"line":515,"column":5}},"130":{"start":{"line":514,"column":6},"end":{"line":514,"column":19}},"131":{"start":{"line":518,"column":31},"end":{"line":518,"column":88}},"132":{"start":{"line":519,"column":4},"end":{"line":521,"column":5}},"133":{"start":{"line":520,"column":6},"end":{"line":520,"column":19}},"134":{"start":{"line":524,"column":4},"end":{"line":526,"column":5}},"135":{"start":{"line":525,"column":6},"end":{"line":525,"column":32}},"136":{"start":{"line":528,"column":4},"end":{"line":531,"column":5}},"137":{"start":{"line":530,"column":6},"end":{"line":530,"column":62}},"138":{"start":{"line":533,"column":4},"end":{"line":533,"column":30}},"139":{"start":{"line":544,"column":4},"end":{"line":544,"column":53}},"140":{"start":{"line":544,"column":41},"end":{"line":544,"column":53}},"141":{"start":{"line":546,"column":19},"end":{"line":546,"column":54}},"142":{"start":{"line":547,"column":4},"end":{"line":547,"column":46}},"143":{"start":{"line":547,"column":17},"end":{"line":547,"column":46}},"144":{"start":{"line":549,"column":24},"end":{"line":549,"column":61}},"145":{"start":{"line":550,"column":23},"end":{"line":550,"column":44}},"146":{"start":{"line":551,"column":20},"end":{"line":551,"column":29}},"147":{"start":{"line":553,"column":4},"end":{"line":577,"column":5}},"148":{"start":{"line":554,"column":18},"end":{"line":554,"column":19}},"149":{"start":{"line":557,"column":6},"end":{"line":559,"column":7}},"150":{"start":{"line":558,"column":8},"end":{"line":558,"column":50}},"151":{"start":{"line":562,"column":23},"end":{"line":562,"column":67}},"152":{"start":{"line":563,"column":6},"end":{"line":563,"column":28}},"153":{"start":{"line":566,"column":6},"end":{"line":571,"column":7}},"154":{"start":{"line":567,"column":21},"end":{"line":567,"column":51}},"155":{"start":{"line":568,"column":8},"end":{"line":570,"column":9}},"156":{"start":{"line":569,"column":10},"end":{"line":569,"column":22}},"157":{"start":{"line":573,"column":6},"end":{"line":576,"column":7}},"158":{"start":{"line":574,"column":8},"end":{"line":574,"column":26}},"159":{"start":{"line":575,"column":8},"end":{"line":575,"column":27}},"160":{"start":{"line":579,"column":4},"end":{"line":579,"column":24}},"161":{"start":{"line":588,"column":4},"end":{"line":588,"column":66}},"162":{"start":{"line":588,"column":39},"end":{"line":588,"column":56}},"163":{"start":{"line":595,"column":21},"end":{"line":595,"column":50}},"164":{"start":{"line":596,"column":4},"end":{"line":599,"column":5}},"165":{"start":{"line":598,"column":6},"end":{"line":598,"column":46}},"166":{"start":{"line":600,"column":4},"end":{"line":600,"column":16}},"167":{"start":{"line":607,"column":36},"end":{"line":607,"column":38}},"168":{"start":{"line":608,"column":28},"end":{"line":608,"column":59}},"169":{"start":{"line":610,"column":4},"end":{"line":619,"column":5}},"170":{"start":{"line":611,"column":23},"end":{"line":611,"column":43}},"171":{"start":{"line":612,"column":6},"end":{"line":618,"column":7}},"172":{"start":{"line":612,"column":19},"end":{"line":612,"column":20}},"173":{"start":{"line":613,"column":8},"end":{"line":617,"column":9}},"174":{"start":{"line":613,"column":21},"end":{"line":613,"column":22}},"175":{"start":{"line":614,"column":10},"end":{"line":616,"column":11}},"176":{"start":{"line":615,"column":12},"end":{"line":615,"column":44}},"177":{"start":{"line":621,"column":4},"end":{"line":621,"column":21}},"178":{"start":{"line":629,"column":23},"end":{"line":629,"column":109}},"179":{"start":{"line":633,"column":17},"end":{"line":633,"column":52}},"180":{"start":{"line":634,"column":4},"end":{"line":638,"column":5}},"181":{"start":{"line":635,"column":6},"end":{"line":635,"column":55}},"182":{"start":{"line":635,"column":36},"end":{"line":635,"column":55}},"183":{"start":{"line":636,"column":6},"end":{"line":636,"column":55}},"184":{"start":{"line":636,"column":36},"end":{"line":636,"column":55}},"185":{"start":{"line":637,"column":6},"end":{"line":637,"column":55}},"186":{"start":{"line":637,"column":36},"end":{"line":637,"column":55}},"187":{"start":{"line":640,"column":4},"end":{"line":640,"column":31}},"188":{"start":{"line":647,"column":59},"end":{"line":654,"column":6}},"189":{"start":{"line":656,"column":4},"end":{"line":656,"column":116}},"190":{"start":{"line":665,"column":4},"end":{"line":665,"column":17}},"191":{"start":{"line":672,"column":4},"end":{"line":672,"column":17}},"192":{"start":{"line":679,"column":4},"end":{"line":679,"column":17}},"193":{"start":{"line":686,"column":4},"end":{"line":688,"column":5}},"194":{"start":{"line":687,"column":6},"end":{"line":687,"column":68}},"195":{"start":{"line":689,"column":4},"end":{"line":689,"column":61}},"196":{"start":{"line":700,"column":19},"end":{"line":705,"column":6}},"197":{"start":{"line":707,"column":16},"end":{"line":707,"column":17}},"198":{"start":{"line":708,"column":21},"end":{"line":708,"column":36}},"199":{"start":{"line":711,"column":4},"end":{"line":724,"column":5}},"200":{"start":{"line":711,"column":17},"end":{"line":711,"column":18}},"201":{"start":{"line":712,"column":6},"end":{"line":716,"column":8}},"202":{"start":{"line":718,"column":19},"end":{"line":718,"column":56}},"203":{"start":{"line":719,"column":6},"end":{"line":723,"column":7}},"204":{"start":{"line":720,"column":8},"end":{"line":720,"column":16}},"205":{"start":{"line":721,"column":13},"end":{"line":723,"column":7}},"206":{"start":{"line":722,"column":8},"end":{"line":722,"column":14}},"207":{"start":{"line":726,"column":4},"end":{"line":726,"column":17}},"208":{"start":{"line":733,"column":18},"end":{"line":733,"column":43}},"209":{"start":{"line":734,"column":4},"end":{"line":734,"column":38}},"210":{"start":{"line":734,"column":20},"end":{"line":734,"column":38}},"211":{"start":{"line":735,"column":4},"end":{"line":735,"column":37}},"212":{"start":{"line":735,"column":20},"end":{"line":735,"column":37}},"213":{"start":{"line":736,"column":4},"end":{"line":736,"column":21}},"214":{"start":{"line":743,"column":36},"end":{"line":743,"column":70}},"215":{"start":{"line":744,"column":19},"end":{"line":749,"column":6}},"216":{"start":{"line":751,"column":4},"end":{"line":761,"column":5}},"217":{"start":{"line":752,"column":21},"end":{"line":756,"column":8}},"218":{"start":{"line":757,"column":19},"end":{"line":757,"column":52}},"219":{"start":{"line":758,"column":6},"end":{"line":760,"column":7}},"220":{"start":{"line":759,"column":8},"end":{"line":759,"column":20}},"221":{"start":{"line":762,"column":4},"end":{"line":762,"column":17}},"222":{"start":{"line":769,"column":4},"end":{"line":769,"column":62}},"223":{"start":{"line":777,"column":25},"end":{"line":777,"column":43}},"224":{"start":{"line":778,"column":21},"end":{"line":778,"column":39}},"225":{"start":{"line":781,"column":14},"end":{"line":781,"column":48}},"226":{"start":{"line":783,"column":19},"end":{"line":783,"column":64}},"227":{"start":{"line":785,"column":4},"end":{"line":785,"column":18}},"228":{"start":{"line":792,"column":4},"end":{"line":792,"column":58}},"229":{"start":{"line":799,"column":53},"end":{"line":804,"column":6}},"230":{"start":{"line":806,"column":4},"end":{"line":814,"column":5}},"231":{"start":{"line":807,"column":23},"end":{"line":807,"column":41}},"232":{"start":{"line":808,"column":6},"end":{"line":813,"column":7}},"233":{"start":{"line":809,"column":8},"end":{"line":810,"column":58}},"234":{"start":{"line":812,"column":8},"end":{"line":812,"column":23}},"235":{"start":{"line":816,"column":4},"end":{"line":816,"column":21}},"236":{"start":{"line":825,"column":4},"end":{"line":825,"column":35}},"237":{"start":{"line":832,"column":4},"end":{"line":832,"column":33}},"238":{"start":{"line":839,"column":4},"end":{"line":839,"column":35}},"239":{"start":{"line":846,"column":4},"end":{"line":846,"column":35}},"240":{"start":{"line":118,"column":0},"end":{"line":118,"column":13}},"241":{"start":{"line":860,"column":2},"end":{"line":860,"column":64}},"242":{"start":{"line":872,"column":19},"end":{"line":872,"column":20}},"243":{"start":{"line":873,"column":24},"end":{"line":873,"column":25}},"244":{"start":{"line":874,"column":26},"end":{"line":874,"column":57}},"245":{"start":{"line":876,"column":2},"end":{"line":888,"column":3}},"246":{"start":{"line":877,"column":21},"end":{"line":877,"column":41}},"247":{"start":{"line":878,"column":4},"end":{"line":887,"column":5}},"248":{"start":{"line":879,"column":6},"end":{"line":886,"column":7}},"249":{"start":{"line":880,"column":8},"end":{"line":885,"column":9}},"250":{"start":{"line":881,"column":10},"end":{"line":881,"column":23}},"251":{"start":{"line":882,"column":10},"end":{"line":884,"column":11}},"252":{"start":{"line":883,"column":12},"end":{"line":883,"column":30}},"253":{"start":{"line":890,"column":2},"end":{"line":895,"column":4}},"254":{"start":{"line":900,"column":0},"end":{"line":900,"column":35}}},"fnMap":{"0":{"name":"(anonymous_0)","decl":{"start":{"line":125,"column":2},"end":{"line":125,"column":null}},"loc":{"start":{"line":128,"column":17},"end":{"line":135,"column":3}}},"1":{"name":"(anonymous_1)","decl":{"start":{"line":140,"column":10},"end":{"line":140,"column":25}},"loc":{"start":{"line":140,"column":38},"end":{"line":150,"column":3}}},"2":{"name":"(anonymous_2)","decl":{"start":{"line":146,"column":11},"end":{"line":146,"column":14}},"loc":{"start":{"line":146,"column":16},"end":{"line":149,"column":5}}},"3":{"name":"(anonymous_3)","decl":{"start":{"line":156,"column":2},"end":{"line":156,"column":27}},"loc":{"start":{"line":158,"column":20},"end":{"line":191,"column":3}}},"4":{"name":"(anonymous_4)","decl":{"start":{"line":190,"column":24},"end":{"line":190,"column":25}},"loc":{"start":{"line":190,"column":34},"end":{"line":190,"column":57}}},"5":{"name":"(anonymous_5)","decl":{"start":{"line":196,"column":10},"end":{"line":196,"column":36}},"loc":{"start":{"line":200,"column":18},"end":{"line":258,"column":3}}},"6":{"name":"(anonymous_6)","decl":{"start":{"line":263,"column":2},"end":{"line":263,"column":14}},"loc":{"start":{"line":266,"column":29},"end":{"line":292,"column":3}}},"7":{"name":"(anonymous_7)","decl":{"start":{"line":297,"column":2},"end":{"line":297,"column":24}},"loc":{"start":{"line":300,"column":36},"end":{"line":334,"column":3}}},"8":{"name":"(anonymous_8)","decl":{"start":{"line":329,"column":57},"end":{"line":329,"column":58}},"loc":{"start":{"line":329,"column":62},"end":{"line":329,"column":81}}},"9":{"name":"(anonymous_9)","decl":{"start":{"line":339,"column":10},"end":{"line":339,"column":27}},"loc":{"start":{"line":343,"column":35},"end":{"line":379,"column":3}}},"10":{"name":"(anonymous_10)","decl":{"start":{"line":384,"column":2},"end":{"line":384,"column":20}},"loc":{"start":{"line":387,"column":20},"end":{"line":454,"column":3}}},"11":{"name":"(anonymous_11)","decl":{"start":{"line":459,"column":2},"end":{"line":459,"column":25}},"loc":{"start":{"line":463,"column":20},"end":{"line":496,"column":3}}},"12":{"name":"(anonymous_12)","decl":{"start":{"line":501,"column":2},"end":{"line":501,"column":25}},"loc":{"start":{"line":504,"column":26},"end":{"line":534,"column":3}}},"13":{"name":"(anonymous_13)","decl":{"start":{"line":539,"column":2},"end":{"line":539,"column":22}},"loc":{"start":{"line":542,"column":36},"end":{"line":580,"column":3}}},"14":{"name":"(anonymous_14)","decl":{"start":{"line":587,"column":10},"end":{"line":587,"column":19}},"loc":{"start":{"line":587,"column":58},"end":{"line":589,"column":3}}},"15":{"name":"(anonymous_15)","decl":{"start":{"line":588,"column":34},"end":{"line":588,"column":35}},"loc":{"start":{"line":588,"column":39},"end":{"line":588,"column":56}}},"16":{"name":"(anonymous_16)","decl":{"start":{"line":594,"column":10},"end":{"line":594,"column":19}},"loc":{"start":{"line":594,"column":62},"end":{"line":601,"column":3}}},"17":{"name":"(anonymous_17)","decl":{"start":{"line":606,"column":10},"end":{"line":606,"column":35}},"loc":{"start":{"line":606,"column":56},"end":{"line":622,"column":3}}},"18":{"name":"(anonymous_18)","decl":{"start":{"line":627,"column":10},"end":{"line":627,"column":25}},"loc":{"start":{"line":627,"column":68},"end":{"line":641,"column":3}}},"19":{"name":"(anonymous_19)","decl":{"start":{"line":646,"column":10},"end":{"line":646,"column":30}},"loc":{"start":{"line":646,"column":86},"end":{"line":657,"column":3}}},"20":{"name":"(anonymous_20)","decl":{"start":{"line":662,"column":10},"end":{"line":662,"column":26}},"loc":{"start":{"line":662,"column":69},"end":{"line":666,"column":3}}},"21":{"name":"(anonymous_21)","decl":{"start":{"line":671,"column":10},"end":{"line":671,"column":27}},"loc":{"start":{"line":671,"column":70},"end":{"line":673,"column":3}}},"22":{"name":"(anonymous_22)","decl":{"start":{"line":678,"column":10},"end":{"line":678,"column":26}},"loc":{"start":{"line":678,"column":69},"end":{"line":680,"column":3}}},"23":{"name":"(anonymous_23)","decl":{"start":{"line":685,"column":10},"end":{"line":685,"column":27}},"loc":{"start":{"line":685,"column":60},"end":{"line":690,"column":3}}},"24":{"name":"(anonymous_24)","decl":{"start":{"line":695,"column":10},"end":{"line":695,"column":36}},"loc":{"start":{"line":698,"column":24},"end":{"line":727,"column":3}}},"25":{"name":"(anonymous_25)","decl":{"start":{"line":732,"column":10},"end":{"line":732,"column":30}},"loc":{"start":{"line":732,"column":45},"end":{"line":737,"column":3}}},"26":{"name":"(anonymous_26)","decl":{"start":{"line":742,"column":10},"end":{"line":742,"column":34}},"loc":{"start":{"line":742,"column":77},"end":{"line":763,"column":3}}},"27":{"name":"(anonymous_27)","decl":{"start":{"line":768,"column":10},"end":{"line":768,"column":32}},"loc":{"start":{"line":768,"column":75},"end":{"line":770,"column":3}}},"28":{"name":"(anonymous_28)","decl":{"start":{"line":775,"column":10},"end":{"line":775,"column":31}},"loc":{"start":{"line":775,"column":68},"end":{"line":786,"column":3}}},"29":{"name":"(anonymous_29)","decl":{"start":{"line":791,"column":10},"end":{"line":791,"column":22}},"loc":{"start":{"line":791,"column":53},"end":{"line":793,"column":3}}},"30":{"name":"(anonymous_30)","decl":{"start":{"line":798,"column":10},"end":{"line":798,"column":23}},"loc":{"start":{"line":798,"column":54},"end":{"line":817,"column":3}}},"31":{"name":"(anonymous_31)","decl":{"start":{"line":808,"column":24},"end":{"line":808,"column":26}},"loc":{"start":{"line":809,"column":8},"end":{"line":810,"column":58}}},"32":{"name":"(anonymous_32)","decl":{"start":{"line":824,"column":2},"end":{"line":824,"column":16}},"loc":{"start":{"line":824,"column":43},"end":{"line":826,"column":3}}},"33":{"name":"(anonymous_33)","decl":{"start":{"line":831,"column":2},"end":{"line":831,"column":15}},"loc":{"start":{"line":831,"column":40},"end":{"line":833,"column":3}}},"34":{"name":"(anonymous_34)","decl":{"start":{"line":838,"column":2},"end":{"line":838,"column":20}},"loc":{"start":{"line":838,"column":35},"end":{"line":840,"column":3}}},"35":{"name":"(anonymous_35)","decl":{"start":{"line":845,"column":2},"end":{"line":845,"column":22}},"loc":{"start":{"line":845,"column":22},"end":{"line":847,"column":3}}},"36":{"name":"createExplorationEngine","decl":{"start":{"line":855,"column":16},"end":{"line":855,"column":39}},"loc":{"start":{"line":858,"column":15},"end":{"line":861,"column":1}}},"37":{"name":"analyzeExplorationProgress","decl":{"start":{"line":866,"column":16},"end":{"line":866,"column":42}},"loc":{"start":{"line":866,"column":63},"end":{"line":896,"column":1}}}},"branchMap":{"0":{"loc":{"start":{"line":126,"column":4},"end":{"line":126,"column":43}},"type":"default-arg","locations":[{"start":{"line":126,"column":33},"end":{"line":126,"column":43}}]},"1":{"loc":{"start":{"line":127,"column":4},"end":{"line":127,"column":39}},"type":"default-arg","locations":[{"start":{"line":127,"column":31},"end":{"line":127,"column":39}}]},"2":{"loc":{"start":{"line":132,"column":36},"end":{"line":132,"column":65}},"type":"binary-expr","locations":[{"start":{"line":132,"column":36},"end":{"line":132,"column":40}},{"start":{"line":132,"column":44},"end":{"line":132,"column":65}}]},"3":{"loc":{"start":{"line":161,"column":4},"end":{"line":161,"column":27}},"type":"if","locations":[{"start":{"line":161,"column":4},"end":{"line":161,"column":27}},{"start":{},"end":{}}]},"4":{"loc":{"start":{"line":177,"column":6},"end":{"line":186,"column":7}},"type":"if","locations":[{"start":{"line":177,"column":6},"end":{"line":186,"column":7}},{"start":{},"end":{}}]},"5":{"loc":{"start":{"line":224,"column":4},"end":{"line":227,"column":5}},"type":"if","locations":[{"start":{"line":224,"column":4},"end":{"line":227,"column":5}},{"start":{},"end":{}}]},"6":{"loc":{"start":{"line":230,"column":4},"end":{"line":232,"column":5}},"type":"if","locations":[{"start":{"line":230,"column":4},"end":{"line":232,"column":5}},{"start":{},"end":{}}]},"7":{"loc":{"start":{"line":235,"column":4},"end":{"line":237,"column":5}},"type":"if","locations":[{"start":{"line":235,"column":4},"end":{"line":237,"column":5}},{"start":{},"end":{}}]},"8":{"loc":{"start":{"line":241,"column":4},"end":{"line":243,"column":5}},"type":"if","locations":[{"start":{"line":241,"column":4},"end":{"line":243,"column":5}},{"start":{},"end":{}}]},"9":{"loc":{"start":{"line":246,"column":4},"end":{"line":248,"column":5}},"type":"if","locations":[{"start":{"line":246,"column":4},"end":{"line":248,"column":5}},{"start":{},"end":{}}]},"10":{"loc":{"start":{"line":269,"column":4},"end":{"line":269,"column":29}},"type":"if","locations":[{"start":{"line":269,"column":4},"end":{"line":269,"column":29}},{"start":{},"end":{}}]},"11":{"loc":{"start":{"line":279,"column":4},"end":{"line":281,"column":5}},"type":"if","locations":[{"start":{"line":279,"column":4},"end":{"line":281,"column":5}},{"start":{},"end":{}}]},"12":{"loc":{"start":{"line":279,"column":8},"end":{"line":279,"column":57}},"type":"binary-expr","locations":[{"start":{"line":279,"column":8},"end":{"line":279,"column":25}},{"start":{"line":279,"column":29},"end":{"line":279,"column":57}}]},"13":{"loc":{"start":{"line":302,"column":4},"end":{"line":302,"column":54}},"type":"if","locations":[{"start":{"line":302,"column":4},"end":{"line":302,"column":54}},{"start":{},"end":{}}]},"14":{"loc":{"start":{"line":305,"column":4},"end":{"line":305,"column":29}},"type":"if","locations":[{"start":{"line":305,"column":4},"end":{"line":305,"column":29}},{"start":{},"end":{}}]},"15":{"loc":{"start":{"line":321,"column":6},"end":{"line":324,"column":7}},"type":"if","locations":[{"start":{"line":321,"column":6},"end":{"line":324,"column":7}},{"start":{},"end":{}}]},"16":{"loc":{"start":{"line":328,"column":4},"end":{"line":331,"column":5}},"type":"if","locations":[{"start":{"line":328,"column":4},"end":{"line":331,"column":5}},{"start":{},"end":{}}]},"17":{"loc":{"start":{"line":328,"column":8},"end":{"line":328,"column":88}},"type":"binary-expr","locations":[{"start":{"line":328,"column":8},"end":{"line":328,"column":34}},{"start":{"line":328,"column":38},"end":{"line":328,"column":68}},{"start":{"line":328,"column":72},"end":{"line":328,"column":88}}]},"18":{"loc":{"start":{"line":374,"column":4},"end":{"line":376,"column":5}},"type":"if","locations":[{"start":{"line":374,"column":4},"end":{"line":376,"column":5}},{"start":{},"end":{}}]},"19":{"loc":{"start":{"line":390,"column":4},"end":{"line":397,"column":5}},"type":"if","locations":[{"start":{"line":390,"column":4},"end":{"line":397,"column":5}},{"start":{},"end":{}}]},"20":{"loc":{"start":{"line":402,"column":4},"end":{"line":453,"column":5}},"type":"switch","locations":[{"start":{"line":403,"column":6},"end":{"line":409,"column":10}},{"start":{"line":411,"column":6},"end":{"line":419,"column":10}},{"start":{"line":421,"column":6},"end":{"line":444,"column":10}},{"start":{"line":446,"column":6},"end":{"line":452,"column":10}}]},"21":{"loc":{"start":{"line":416,"column":27},"end":{"line":416,"column":64}},"type":"cond-expr","locations":[{"start":{"line":416,"column":43},"end":{"line":416,"column":52}},{"start":{"line":416,"column":55},"end":{"line":416,"column":64}}]},"22":{"loc":{"start":{"line":417,"column":29},"end":{"line":417,"column":81}},"type":"cond-expr","locations":[{"start":{"line":417,"column":63},"end":{"line":417,"column":72}},{"start":{"line":417,"column":75},"end":{"line":417,"column":81}}]},"23":{"loc":{"start":{"line":422,"column":8},"end":{"line":438,"column":9}},"type":"if","locations":[{"start":{"line":422,"column":8},"end":{"line":438,"column":9}},{"start":{},"end":{}}]},"24":{"loc":{"start":{"line":429,"column":32},"end":{"line":429,"column":86}},"type":"binary-expr","locations":[{"start":{"line":429,"column":32},"end":{"line":429,"column":51}},{"start":{"line":429,"column":55},"end":{"line":429,"column":86}}]},"25":{"loc":{"start":{"line":433,"column":20},"end":{"line":433,"column":80}},"type":"cond-expr","locations":[{"start":{"line":433,"column":36},"end":{"line":433,"column":68}},{"start":{"line":433,"column":71},"end":{"line":433,"column":80}}]},"26":{"loc":{"start":{"line":434,"column":29},"end":{"line":434,"column":106}},"type":"cond-expr","locations":[{"start":{"line":434,"column":51},"end":{"line":434,"column":60}},{"start":{"line":434,"column":63},"end":{"line":434,"column":106}}]},"27":{"loc":{"start":{"line":434,"column":63},"end":{"line":434,"column":106}},"type":"cond-expr","locations":[{"start":{"line":434,"column":85},"end":{"line":434,"column":94}},{"start":{"line":434,"column":97},"end":{"line":434,"column":106}}]},"28":{"loc":{"start":{"line":435,"column":31},"end":{"line":435,"column":97}},"type":"cond-expr","locations":[{"start":{"line":435,"column":47},"end":{"line":435,"column":56}},{"start":{"line":435,"column":59},"end":{"line":435,"column":97}}]},"29":{"loc":{"start":{"line":435,"column":59},"end":{"line":435,"column":97}},"type":"cond-expr","locations":[{"start":{"line":435,"column":81},"end":{"line":435,"column":87}},{"start":{"line":435,"column":90},"end":{"line":435,"column":97}}]},"30":{"loc":{"start":{"line":466,"column":4},"end":{"line":468,"column":5}},"type":"if","locations":[{"start":{"line":466,"column":4},"end":{"line":468,"column":5}},{"start":{},"end":{}}]},"31":{"loc":{"start":{"line":475,"column":4},"end":{"line":477,"column":5}},"type":"if","locations":[{"start":{"line":475,"column":4},"end":{"line":477,"column":5}},{"start":{},"end":{}}]},"32":{"loc":{"start":{"line":483,"column":4},"end":{"line":485,"column":5}},"type":"if","locations":[{"start":{"line":483,"column":4},"end":{"line":485,"column":5}},{"start":{},"end":{}}]},"33":{"loc":{"start":{"line":483,"column":8},"end":{"line":483,"column":62}},"type":"binary-expr","locations":[{"start":{"line":483,"column":8},"end":{"line":483,"column":39}},{"start":{"line":483,"column":43},"end":{"line":483,"column":62}}]},"34":{"loc":{"start":{"line":487,"column":4},"end":{"line":489,"column":5}},"type":"if","locations":[{"start":{"line":487,"column":4},"end":{"line":489,"column":5}},{"start":{},"end":{}}]},"35":{"loc":{"start":{"line":507,"column":4},"end":{"line":507,"column":53}},"type":"if","locations":[{"start":{"line":507,"column":4},"end":{"line":507,"column":53}},{"start":{},"end":{}}]},"36":{"loc":{"start":{"line":507,"column":8},"end":{"line":507,"column":38}},"type":"binary-expr","locations":[{"start":{"line":507,"column":8},"end":{"line":507,"column":15}},{"start":{"line":507,"column":19},"end":{"line":507,"column":38}}]},"37":{"loc":{"start":{"line":513,"column":4},"end":{"line":515,"column":5}},"type":"if","locations":[{"start":{"line":513,"column":4},"end":{"line":515,"column":5}},{"start":{},"end":{}}]},"38":{"loc":{"start":{"line":519,"column":4},"end":{"line":521,"column":5}},"type":"if","locations":[{"start":{"line":519,"column":4},"end":{"line":521,"column":5}},{"start":{},"end":{}}]},"39":{"loc":{"start":{"line":524,"column":4},"end":{"line":526,"column":5}},"type":"if","locations":[{"start":{"line":524,"column":4},"end":{"line":526,"column":5}},{"start":{},"end":{}}]},"40":{"loc":{"start":{"line":528,"column":4},"end":{"line":531,"column":5}},"type":"if","locations":[{"start":{"line":528,"column":4},"end":{"line":531,"column":5}},{"start":{},"end":{}}]},"41":{"loc":{"start":{"line":530,"column":13},"end":{"line":530,"column":61}},"type":"binary-expr","locations":[{"start":{"line":530,"column":13},"end":{"line":530,"column":31}},{"start":{"line":530,"column":35},"end":{"line":530,"column":61}}]},"42":{"loc":{"start":{"line":544,"column":4},"end":{"line":544,"column":53}},"type":"if","locations":[{"start":{"line":544,"column":4},"end":{"line":544,"column":53}},{"start":{},"end":{}}]},"43":{"loc":{"start":{"line":547,"column":4},"end":{"line":547,"column":46}},"type":"if","locations":[{"start":{"line":547,"column":4},"end":{"line":547,"column":46}},{"start":{},"end":{}}]},"44":{"loc":{"start":{"line":557,"column":6},"end":{"line":559,"column":7}},"type":"if","locations":[{"start":{"line":557,"column":6},"end":{"line":559,"column":7}},{"start":{},"end":{}}]},"45":{"loc":{"start":{"line":566,"column":6},"end":{"line":571,"column":7}},"type":"if","locations":[{"start":{"line":566,"column":6},"end":{"line":571,"column":7}},{"start":{},"end":{}}]},"46":{"loc":{"start":{"line":568,"column":8},"end":{"line":570,"column":9}},"type":"if","locations":[{"start":{"line":568,"column":8},"end":{"line":570,"column":9}},{"start":{},"end":{}}]},"47":{"loc":{"start":{"line":573,"column":6},"end":{"line":576,"column":7}},"type":"if","locations":[{"start":{"line":573,"column":6},"end":{"line":576,"column":7}},{"start":{},"end":{}}]},"48":{"loc":{"start":{"line":588,"column":11},"end":{"line":588,"column":65}},"type":"binary-expr","locations":[{"start":{"line":588,"column":11},"end":{"line":588,"column":57}},{"start":{"line":588,"column":61},"end":{"line":588,"column":65}}]},"49":{"loc":{"start":{"line":596,"column":4},"end":{"line":599,"column":5}},"type":"if","locations":[{"start":{"line":596,"column":4},"end":{"line":599,"column":5}},{"start":{},"end":{}}]},"50":{"loc":{"start":{"line":596,"column":8},"end":{"line":597,"column":67}},"type":"binary-expr","locations":[{"start":{"line":596,"column":8},"end":{"line":596,"column":23}},{"start":{"line":596,"column":27},"end":{"line":596,"column":55}},{"start":{"line":597,"column":8},"end":{"line":597,"column":23}},{"start":{"line":597,"column":27},"end":{"line":597,"column":67}}]},"51":{"loc":{"start":{"line":614,"column":10},"end":{"line":616,"column":11}},"type":"if","locations":[{"start":{"line":614,"column":10},"end":{"line":616,"column":11}},{"start":{},"end":{}}]},"52":{"loc":{"start":{"line":634,"column":4},"end":{"line":638,"column":5}},"type":"if","locations":[{"start":{"line":634,"column":4},"end":{"line":638,"column":5}},{"start":{},"end":{}}]},"53":{"loc":{"start":{"line":635,"column":6},"end":{"line":635,"column":55}},"type":"if","locations":[{"start":{"line":635,"column":6},"end":{"line":635,"column":55}},{"start":{},"end":{}}]},"54":{"loc":{"start":{"line":636,"column":6},"end":{"line":636,"column":55}},"type":"if","locations":[{"start":{"line":636,"column":6},"end":{"line":636,"column":55}},{"start":{},"end":{}}]},"55":{"loc":{"start":{"line":637,"column":6},"end":{"line":637,"column":55}},"type":"if","locations":[{"start":{"line":637,"column":6},"end":{"line":637,"column":55}},{"start":{},"end":{}}]},"56":{"loc":{"start":{"line":686,"column":4},"end":{"line":688,"column":5}},"type":"if","locations":[{"start":{"line":686,"column":4},"end":{"line":688,"column":5}},{"start":{},"end":{}}]},"57":{"loc":{"start":{"line":719,"column":6},"end":{"line":723,"column":7}},"type":"if","locations":[{"start":{"line":719,"column":6},"end":{"line":723,"column":7}},{"start":{"line":721,"column":13},"end":{"line":723,"column":7}}]},"58":{"loc":{"start":{"line":719,"column":10},"end":{"line":719,"column":34}},"type":"binary-expr","locations":[{"start":{"line":719,"column":10},"end":{"line":719,"column":14}},{"start":{"line":719,"column":18},"end":{"line":719,"column":34}}]},"59":{"loc":{"start":{"line":721,"column":13},"end":{"line":723,"column":7}},"type":"if","locations":[{"start":{"line":721,"column":13},"end":{"line":723,"column":7}},{"start":{},"end":{}}]},"60":{"loc":{"start":{"line":734,"column":4},"end":{"line":734,"column":38}},"type":"if","locations":[{"start":{"line":734,"column":4},"end":{"line":734,"column":38}},{"start":{},"end":{}}]},"61":{"loc":{"start":{"line":735,"column":4},"end":{"line":735,"column":37}},"type":"if","locations":[{"start":{"line":735,"column":4},"end":{"line":735,"column":37}},{"start":{},"end":{}}]},"62":{"loc":{"start":{"line":758,"column":6},"end":{"line":760,"column":7}},"type":"if","locations":[{"start":{"line":758,"column":6},"end":{"line":760,"column":7}},{"start":{},"end":{}}]},"63":{"loc":{"start":{"line":758,"column":10},"end":{"line":758,"column":34}},"type":"binary-expr","locations":[{"start":{"line":758,"column":10},"end":{"line":758,"column":14}},{"start":{"line":758,"column":18},"end":{"line":758,"column":34}}]},"64":{"loc":{"start":{"line":808,"column":6},"end":{"line":813,"column":7}},"type":"if","locations":[{"start":{"line":808,"column":6},"end":{"line":813,"column":7}},{"start":{},"end":{}}]},"65":{"loc":{"start":{"line":809,"column":8},"end":{"line":810,"column":58}},"type":"binary-expr","locations":[{"start":{"line":809,"column":8},"end":{"line":809,"column":65}},{"start":{"line":810,"column":8},"end":{"line":810,"column":58}}]},"66":{"loc":{"start":{"line":856,"column":2},"end":{"line":856,"column":41}},"type":"default-arg","locations":[{"start":{"line":856,"column":31},"end":{"line":856,"column":41}}]},"67":{"loc":{"start":{"line":857,"column":2},"end":{"line":857,"column":37}},"type":"default-arg","locations":[{"start":{"line":857,"column":29},"end":{"line":857,"column":37}}]},"68":{"loc":{"start":{"line":880,"column":8},"end":{"line":885,"column":9}},"type":"if","locations":[{"start":{"line":880,"column":8},"end":{"line":885,"column":9}},{"start":{},"end":{}}]},"69":{"loc":{"start":{"line":882,"column":10},"end":{"line":884,"column":11}},"type":"if","locations":[{"start":{"line":882,"column":10},"end":{"line":884,"column":11}},{"start":{},"end":{}}]},"70":{"loc":{"start":{"line":893,"column":21},"end":{"line":893,"column":70}},"type":"cond-expr","locations":[{"start":{"line":893,"column":38},"end":{"line":893,"column":66}},{"start":{"line":893,"column":69},"end":{"line":893,"column":70}}]}},"s":{"0":1,"1":1,"2":1,"3":1,"4":13,"5":13,"6":13,"7":13,"8":13,"9":13,"10":13,"11":13,"12":169,"13":169,"14":13,"15":0,"16":0,"17":3,"18":3,"19":0,"20":3,"21":3,"22":3,"23":3,"24":2022,"25":2022,"26":120,"27":120,"28":3,"29":480,"30":2022,"31":2022,"32":2022,"33":2022,"34":2022,"35":2022,"36":2022,"37":2022,"38":2022,"39":2022,"40":2022,"41":0,"42":0,"43":2022,"44":0,"45":2022,"46":674,"47":2022,"48":2022,"49":0,"50":2022,"51":0,"52":2022,"53":0,"54":0,"55":0,"56":0,"57":0,"58":0,"59":0,"60":0,"61":0,"62":0,"63":0,"64":0,"65":0,"66":0,"67":0,"68":0,"69":0,"70":0,"71":0,"72":0,"73":0,"74":0,"75":0,"76":0,"77":0,"78":0,"79":0,"80":0,"81":0,"82":0,"83":0,"84":0,"85":0,"86":0,"87":0,"88":0,"89":0,"90":0,"91":0,"92":0,"93":9,"94":9,"95":0,"96":9,"97":9,"98":3,"99":3,"100":3,"101":3,"102":3,"103":3,"104":3,"105":3,"106":3,"107":3,"108":0,"109":0,"110":1,"111":1,"112":0,"113":1,"114":1,"115":1,"116":0,"117":1,"118":1,"119":1,"120":0,"121":1,"122":0,"123":1,"124":0,"125":0,"126":0,"127":0,"128":0,"129":0,"130":0,"131":0,"132":0,"133":0,"134":0,"135":0,"136":0,"137":0,"138":0,"139":0,"140":0,"141":0,"142":0,"143":0,"144":0,"145":0,"146":0,"147":0,"148":0,"149":0,"150":0,"151":0,"152":0,"153":0,"154":0,"155":0,"156":0,"157":0,"158":0,"159":0,"160":0,"161":13,"162":14,"163":2142,"164":2142,"165":2142,"166":0,"167":3,"168":3,"169":3,"170":9,"171":9,"172":9,"173":135,"174":135,"175":2025,"176":2022,"177":3,"178":120,"179":120,"180":120,"181":0,"182":0,"183":0,"184":0,"185":0,"186":0,"187":120,"188":120,"189":120,"190":2022,"191":2022,"192":2022,"193":2022,"194":1350,"195":672,"196":0,"197":0,"198":0,"199":0,"200":0,"201":0,"202":0,"203":0,"204":0,"205":0,"206":0,"207":0,"208":0,"209":0,"210":0,"211":0,"212":0,"213":0,"214":0,"215":0,"216":0,"217":0,"218":0,"219":0,"220":0,"221":0,"222":0,"223":4,"224":4,"225":4,"226":4,"227":4,"228":1,"229":1,"230":1,"231":0,"232":0,"233":0,"234":0,"235":1,"236":0,"237":0,"238":0,"239":0,"240":1,"241":13,"242":0,"243":0,"244":0,"245":0,"246":0,"247":0,"248":0,"249":0,"250":0,"251":0,"252":0,"253":0,"254":1},"f":{"0":13,"1":13,"2":0,"3":3,"4":480,"5":2022,"6":0,"7":0,"8":0,"9":0,"10":9,"11":1,"12":0,"13":0,"14":13,"15":14,"16":2142,"17":3,"18":120,"19":120,"20":2022,"21":2022,"22":2022,"23":2022,"24":0,"25":0,"26":0,"27":0,"28":4,"29":1,"30":1,"31":0,"32":0,"33":0,"34":0,"35":0,"36":13,"37":0},"b":{"0":[0],"1":[0],"2":[13,13],"3":[0,3],"4":[120,1902],"5":[0,2022],"6":[0,2022],"7":[674,1348],"8":[0,2022],"9":[0,2022],"10":[0,0],"11":[0,0],"12":[0,0],"13":[0,0],"14":[0,0],"15":[0,0],"16":[0,0],"17":[0,0,0],"18":[0,0],"19":[0,9],"20":[3,3,3,0],"21":[1,2],"22":[1,2],"23":[3,0],"24":[3,1],"25":[0,3],"26":[2,1],"27":[0,1],"28":[0,3],"29":[2,1],"30":[0,1],"31":[0,1],"32":[0,1],"33":[1,0],"34":[0,1],"35":[0,0],"36":[0,0],"37":[0,0],"38":[0,0],"39":[0,0],"40":[0,0],"41":[0,0],"42":[0,0],"43":[0,0],"44":[0,0],"45":[0,0],"46":[0,0],"47":[0,0],"48":[13,0],"49":[2142,0],"50":[2142,2142,2142,2142],"51":[2022,3],"52":[0,120],"53":[0,0],"54":[0,0],"55":[0,0],"56":[1350,672],"57":[0,0],"58":[0,0],"59":[0,0],"60":[0,0],"61":[0,0],"62":[0,0],"63":[0,0],"64":[0,0],"65":[0,0],"66":[0],"67":[0],"68":[0,0],"69":[0,0],"70":[0,0]}}
[...]
ne":118,"column":54}}]},"1":{"loc":{"start":{"line":124,"column":36},"end":{"line":124,"column":72}},"type":"binary-expr","locations":[{"start":{"line":124,"column":36},"end":{"line":124,"column":47}},{"start":{"line":124,"column":51},"end":{"line":124,"column":72}}]},"2":{"loc":{"start":{"line":178,"column":4},"end":{"line":180,"column":5}},"type":"if","locations":[{"start":{"line":178,"column":4},"end":{"line":180,"column":5}},{"start":{},"end":{}}]},"3":{"loc":{"start":{"line":179,"column":68},"end":{"line":179,"column":78}},"type":"binary-expr","locations":[{"start":{"line":179,"column":68},"end":{"line":179,"column":72}},{"start":{"line":179,"column":76},"end":{"line":179,"column":78}}]},"4":{"loc":{"start":{"line":287,"column":4},"end":{"line":289,"column":5}},"type":"if","locations":[{"start":{"line":287,"column":4},"end":{"line":289,"column":5}},{"start":{},"end":{}}]},"5":{"loc":{"start":{"line":292,"column":11},"end":{"line":292,"column":80}},"type":"binary-expr","locations":[{"start":{"line":292,"column":11},"end":{"line":292,"column":27}},{"start":{"line":292,"column":31},"end":{"line":292,"column":80}}]},"6":{"loc":{"start":{"line":317,"column":4},"end":{"line":319,"column":5}},"type":"if","locations":[{"start":{"line":317,"column":4},"end":{"line":319,"column":5}},{"start":{},"end":{}}]},"7":{"loc":{"start":{"line":331,"column":4},"end":{"line":337,"column":5}},"type":"if","locations":[{"start":{"line":331,"column":4},"end":{"line":337,"column":5}},{"start":{},"end":{}}]},"8":{"loc":{"start":{"line":346,"column":11},"end":{"line":346,"column":104}},"type":"binary-expr","locations":[{"start":{"line":346,"column":11},"end":{"line":346,"column":27}},{"start":{"line":346,"column":31},"end":{"line":346,"column":104}}]},"9":{"loc":{"start":{"line":396,"column":11},"end":{"line":396,"column":79}},"type":"binary-expr","locations":[{"start":{"line":396,"column":11},"end":{"line":396,"column":27}},{"start":{"line":396,"column":31},"end":{"line":396,"column":79}}]},"10":{"loc":{"start":{"line":417,"column":6},"end":{"line":419,"column":7}},"type":"if","locations":[{"start":{"line":417,"column":6},"end":{"line":419,"column":7}},{"start":{},"end":{}}]},"11":{"loc":{"start":{"line":422,"column":6},"end":{"line":424,"column":7}},"type":"if","locations":[{"start":{"line":422,"column":6},"end":{"line":424,"column":7}},{"start":{},"end":{}}]},"12":{"loc":{"start":{"line":430,"column":6},"end":{"line":433,"column":7}},"type":"if","locations":[{"start":{"line":430,"column":6},"end":{"line":433,"column":7}},{"start":{},"end":{}}]},"13":{"loc":{"start":{"line":445,"column":6},"end":{"line":447,"column":7}},"type":"if","locations":[{"start":{"line":445,"column":6},"end":{"line":447,"column":7}},{"start":{},"end":{}}]},"14":{"loc":{"start":{"line":445,"column":10},"end":{"line":445,"column":45}},"type":"binary-expr","locations":[{"start":{"line":445,"column":10},"end":{"line":445,"column":27}},{"start":{"line":445,"column":31},"end":{"line":445,"column":45}}]},"15":{"loc":{"start":{"line":472,"column":4},"end":{"line":472,"column":42}},"type":"if","locations":[{"start":{"line":472,"column":4},"end":{"line":472,"column":42}},{"start":{},"end":{}}]},"16":{"loc":{"start":{"line":474,"column":21},"end":{"line":476,"column":12}},"type":"cond-expr","locations":[{"start":{"line":475,"column":8},"end":{"line":475,"column":52}},{"start":{"line":476,"column":8},"end":{"line":476,"column":12}}]},"17":{"loc":{"start":{"line":478,"column":4},"end":{"line":486,"column":5}},"type":"if","locations":[{"start":{"line":478,"column":4},"end":{"line":486,"column":5}},{"start":{},"end":{}}]},"18":{"loc":{"start":{"line":496,"column":4},"end":{"line":498,"column":5}},"type":"if","locations":[{"start":{"line":496,"column":4},"end":{"line":498,"column":5}},{"start":{},"end":{}}]},"19":{"loc":{"start":{"line":496,"column":8},"end":{"line":496,"column":73}},"type":"binary-expr","locations":[{"start":{"line":496,"column":8},"end":{"line":496,"column":27}},{"start":{"line":496,"column":31},"end":{"line":496,"column":50}},{"start":{"line":496,"column":54},"end":{"line":496,"column":73}}]},"20":{"loc":{"start":{"line":499,"column":4},"end":{"line":501,"column":5}},"type":"if","locations":[{"start":{"line":499,"column":4},"end":{"line":501,"column":5}},{"start":{},"end":{}}]},"21":{"loc":{"start":{"line":499,"column":8},"end":{"line":499,"column":50}},"type":"binary-expr","locations":[{"start":{"line":499,"column":8},"end":{"line":499,"column":27}},{"start":{"line":499,"column":31},"end":{"line":499,"column":50}}]},"22":{"loc":{"start":{"line":502,"column":4},"end":{"line":504,"column":5}},"type":"if","locations":[{"start":{"line":502,"column":4},"end":{"line":504,"column":5}},{"start":{},"end":{}}]},"23":{"loc":{"start":{"line":502,"column":8},"end":{"line":502,"column":50}},"type":"binary-expr","locations":[{"start":{"line":502,"column":8},"end":{"line":502,"column":27}},{"start":{"line":502,"column":31},"end":{"line":502,"column":50}}]},"24":{"loc":{"start":{"line":505,"column":4},"end":{"line":507,"column":5}},"type":"if","locations":[{"start":{"line":505,"column":4},"end":{"line":507,"column":5}},{"start":{},"end":{}}]},"25":{"loc":{"start":{"line":505,"column":8},"end":{"line":505,"column":50}},"type":"binary-expr","locations":[{"start":{"line":505,"column":8},"end":{"line":505,"column":27}},{"start":{"line":505,"column":31},"end":{"line":505,"column":50}}]},"26":{"loc":{"start":{"line":518,"column":4},"end":{"line":518,"column":30}},"type":"if","locations":[{"start":{"line":518,"column":4},"end":{"line":518,"column":30}},{"start":{},"end":{}}]},"27":{"loc":{"start":{"line":524,"column":6},"end":{"line":524,"column":54}},"type":"if","locations":[{"start":{"line":524,"column":6},"end":{"line":524,"column":54}},{"start":{},"end":{}}]},"28":{"loc":{"start":{"line":524,"column":10},"end":{"line":524,"column":43}},"type":"binary-expr","locations":[{"start":{"line":524,"column":10},"end":{"line":524,"column":26}},{"start":{"line":524,"column":30},"end":{"line":524,"column":43}}]},"29":{"loc":{"start":{"line":527,"column":6},"end":{"line":530,"column":7}},"type":"if","locations":[{"start":{"line":527,"column":6},"end":{"line":530,"column":7}},{"start":{},"end":{}}]},"30":{"loc":{"start":{"line":540,"column":4},"end":{"line":542,"column":5}},"type":"if","locations":[{"start":{"line":540,"column":4},"end":{"line":542,"column":5}},{"start":{},"end":{}}]},"31":{"loc":{"start":{"line":551,"column":11},"end":{"line":551,"column":36}},"type":"binary-expr","locations":[{"start":{"line":551,"column":11},"end":{"line":551,"column":23}},{"start":{"line":551,"column":27},"end":{"line":551,"column":36}}]},"32":{"loc":{"start":{"line":604,"column":2},"end":{"line":604,"column":37}},"type":"default-arg","locations":[{"start":{"line":604,"column":29},"end":{"line":604,"column":37}}]},"33":{"loc":{"start":{"line":622,"column":2},"end":{"line":622,"column":28}},"type":"if","locations":[{"start":{"line":622,"column":2},"end":{"line":622,"column":28}},{"start":{},"end":{}}]},"34":{"loc":{"start":{"line":625,"column":9},"end":{"line":625,"column":54}},"type":"binary-expr","locations":[{"start":{"line":625,"column":9},"end":{"line":625,"column":25}},{"start":{"line":625,"column":29},"end":{"line":625,"column":54}}]},"35":{"loc":{"start":{"line":633,"column":17},"end":{"line":633,"column":41}},"type":"binary-expr","locations":[{"start":{"line":633,"column":17},"end":{"line":633,"column":28}},{"start":{"line":633,"column":32},"end":{"line":633,"column":41}}]},"36":{"loc":{"start":{"line":643,"column":2},"end":{"line":643,"column":37}},"type":"default-arg","locations":[{"start":{"line":643,"column":29},"end":{"line":643,"column":37}}]},"37":{"loc":{"start":{"line":649,"column":4},"end":{"line":652,"column":5}},"type":"if","locations":[{"start":{"line":649,"column":4},"end":{"line":652,"column":5}},{"start":{},"end":{}}]},"38":{"loc":{"start":{"line":649,"column":8},"end":{"line":649,"column":42}},"type":"binary-expr","locations":[{"start":{"line":649,"column":8},"end":{"line":649,"column":24}},{"start":{"line":649,"column":28},"end":{"line":649,"column":42}}]}},"s":{"0":2,"1":2,"2":2,"3":2,"4":2,"5":2,"6":2,"7":29,"8":29,"9":29,"10":0,"11":0,"12":0,"13":29,"14":29,"15":29,"16":29,"17":29,"18":293,"19":293,"20":29,"21":161,"22":161,"23":541,"24":541,"25":161,"26":161,"27":161,"28":161,"29":161,"30":161,"31":0,"32":0,"33":161,"34":636,"35":636,"36":161,"37":162,"38":162,"39":161,"40":0,"41":0,"42":161,"43":161,"44":161,"45":161,"46":161,"47":161,"48":161,"49":2,"50":2,"51":2,"52":2,"53":2,"54":1,"55":2,"56":2,"57":1,"58":2,"59":2,"60":2,"61":2,"62":2,"63":2,"64":2,"65":2,"66":1,"67":1,"68":2,"69":2,"70":2,"71":2,"72":11,"73":11,"74":11,"75":11,"76":151,"77":151,"78":151,"79":151,"80":0,"81":151,"82":4,"83":147,"84":7,"85":7,"86":11,"87":11,"88":161,"89":326,"90":165,"91":161,"92":0,"93":0,"94":0,"95":0,"96":0,"97":0,"98":0,"99":0,"100":0,"101":0,"102":0,"103":0,"104":0,"105":0,"106":0,"107":0,"108":1,"109":1,"110":1,"111":0,"112":1,"113":1,"114":1,"115":2,"116":1,"117":1,"118":1,"119":1,"120":1,"121":1,"122":1,"123":0,"124":1,"125":2,"126":4,"127":2,"128":2,"129":1,"130":2,"131":2,"132":2,"133":5,"134":0,"135":2,"136":29,"137":3,"138":4,"139":3,"140":0,"141":3,"142":1,"143":2,"144":1,"145":1,"146":1,"147":2,"148":1,"149":1,"150":1,"151":2},"f":{"0":29,"1":0,"2":0,"3":0,"4":29,"5":161,"6":541,"7":161,"8":2,"9":2,"10":11,"11":161,"12":161,"13":0,"14":0,"15":1,"16":1,"17":1,"18":2,"19":4,"20":2,"21":1,"22":2,"23":5,"24":0,"25":29,"26":3,"27":4,"28":1,"29":2,"30":1,"31":1},"b":{"0":[0],"1":[29,9],"2":[541,0],"3":[541,18],"4":[161,0],"5":[161,0],"6":[1,1],"7":[1,1],"8":[2,0],"9":[2,0],"10":[0,151],"11":[4,147],"12":[7,140],"13":[165,161],"14":[326,165],"15":[0,0],"16":[0,0],"17":[0,0],"18":[0,0],"19":[0,0,0],"20":[0,0],"21":[0,0],"22":[0,0],"23":[0,0],"24":[0,0],"25":[0,0],"26":[0,1],"27":[1,1],"28":[2,1],"29":[1,0],"30":[0,1],"31":[4,2],"32":[0],"33":[0,3],"34":[3,2],"35":[2,1],"36":[0],"37":[1,1],"38":[2,1]}}
,"/home/csiesheep/.openclaw/boardgame-betrayal/packages/game-engine/src/ai/index.ts": {"path":"/home/csiesheep/.openclaw/boardgame-betrayal/packages/game-engine/src/ai/index.ts","statementMap":{"0":{"start":{"line":8,"column":0},"end":{"line":8,"column":null}},"1":{"start":{"line":9,"column":2},"end":{"line":9,"column":null}},"2":{"start":{"line":10,"column":2},"end":{"line":10,"column":null}},"3":{"start":{"line":11,"column":2},"end":{"line":11,"column":null}},"4":{"start":{"line":12,"column":2},"end":{"line":12,"column":null}},"5":{"start":{"line":13,"column":2},"end":{"line":13,"column":null}},"6":{"start":{"line":14,"column":2},"end":{"line":14,"column":null}},"7":{"start":{"line":15,"column":2},"end":{"line":15,"column":null}},"8":{"start":{"line":28,"column":0},"end":{"line":28,"column":null}},"9":{"start":{"line":29,"column":2},"end":{"line":29,"column":null}},"10":{"start":{"line":30,"column":2},"end":{"line":30,"column":null}},"11":{"start":{"line":31,"column":2},"end":{"line":31,"column":null}},"12":{"start":{"line":32,"column":2},"end":{"line":32,"column":null}},"13":{"start":{"line":33,"column":2},"end":{"line":33,"column":null}},"14":{"start":{"line":45,"column":0},"end":{"line":45,"column":null}},"15":{"start":{"line":46,"column":2},"end":{"line":46,"column":null}},"16":{"start":{"line":47,"column":2},"end":{"line":47,"column":null}},"17":{"start":{"line":48,"column":2},"end":{"line":48,"column":null}},"18":{"start":{"line":49,"column":2},"end":{"line":49,"column":null}},"19":{"start":{"line":50,"column":2},"end":{"line":50,"column":null}},"20":{"start":{"line":51,"column":2},"end":{"line":51,"column":null}},"21":{"start":{"line":62,"column":0},"end":{"line":62,"column":null}},"22":{"start":{"line":63,"column":2},"end":{"line":63,"column":null}},"23":{"start":{"line":64,"column":2},"end":{"line":64,"column":null}},"24":{"start":{"line":65,"column":2},"end":{"line":65,"column":null}},"25":{"start":{"line":66,"column":2},"end":{"line":66,"column":null}},"26":{"start":{"line":67,"column":2},"end":{"line":67,"column":null}},"27":{"start":{"line":68,"column":2},"end":{"line":68,"column":null}},"28":{"start":{"line":78,"column":0},"end":{"line":78,"column":null}},"29":{"start":{"line":79,"column":2},"end":{"line":79,"column":null}},"30":{"start":{"line":80,"column":2},"end":{"line":80,"column":null}},"31":{"start":{"line":81,"column":2},"end":{"line":81,"column":null}},"32":{"start":{"line":82,"column":2},"end":{"line":82,"column":null}},"33":{"start":{"line":96,"column":0},"end":{"line":96,"column":null}},"34":{"start":{"line":97,"column":2},"end":{"line":97,"column":null}},"35":{"start":{"line":98,"column":2},"end":{"line":98,"column":null}},"36":{"start":{"line":99,"column":2},"end":{"line":99,"column":null}},"37":{"start":{"line":112,"column":0},"end":{"line":112,"column":null}},"38":{"start":{"line":113,"column":2},"end":{"line":113,"column":null}},"39":{"start":{"line":114,"column":2},"end":{"line":114,"column":null}},"40":{"start":{"line":115,"column":2},"end":{"line":115,"column":null}},"41":{"start":{"line":116,"column":2},"end":{"line":116,"column":null}},"42":{"start":{"line":117,"column":2},"end":{"line":117,"column":null}}},"fnMap":{"0":{"name":"(anonymous_0)","decl":{"start":{"line":9,"column":2},"end":{"line":9,"column":18}},"loc":{"start":{"line":9,"column":2},"end":{"line":9,"column":null}}},"1":{"name":"(anonymous_1)","decl":{"start":{"line":10,"column":2},"end":{"line":10,"column":22}},"loc":{"start":{"line":10,"column":2},"end":{"line":10,"column":null}}},"2":{"name":"(anonymous_2)","decl":{"start":{"line":11,"column":2},"end":{"line":11,"column":20}},"loc":{"start":{"line":11,"column":2},"end":{"line":11,"column":null}}},"3":{"name":"(anonymous_3)","decl":{"start":{"line":12,"column":2},"end":{"line":12,"column":28}},"loc":{"start":{"line":12,"column":2},"end":{"line":12,"column":null}}},"4":{"name":"(anonymous_4)","decl":{"start":{"line":13,"column":2},"end":{"line":13,"column":18}},"loc":{"start":{"line":13,"column":2},"end":{"line":13,"column":null}}},"5":{"name":"(anonymous_5)","decl":{"start":{"line":14,"column":2},"end":{"line":14,"column":17}},"loc":{"start":{"line":14,"column":2},"end":{"line":14,"column":null}}},"6":{"name":"(anonymous_6)","decl":{"start":{"line":15,"column":2},"end":{"line":15,"column":20}},"loc":{"start":{"line":15,"column":2},"end":{"line":15,"column":null}}},"7":{"name":"(anonymous_7)","decl":{"start":{"line":29,"column":2},"end":{"line":29,"column":11}},"loc":{"start":{"line":29,"column":2},"end":{"line":29,"column":null}}},"8":{"name":"(anonymous_8)","decl":{"start":{"line":30,"column":2},"end":{"line":30,"column":17}},"loc":{"start":{"line":30,"column":2},"end":{"line":30,"column":null}}},"9":{"name":"(anonymous_9)","decl":{"start":{"line":31,"column":2},"end":{"line":31,"column":18}},"loc":{"start":{"line":31,"column":2},"end":{"line":31,"column":null}}},"10":{"name":"(anonymous_10)","decl":{"start":{"line":32,"column":2},"end":{"line":32,"column":16}},"loc":{"start":{"line":32,"column":2},"end":{"line":32,"column":null}}},"11":{"name":"(anonymous_11)","decl":{"start":{"line":33,"column":2},"end":{"line":33,"column":24}},"loc":{"start":{"line":33,"column":2},"end":{"line":33,"column":null}}},"12":{"name":"(anonymous_12)","decl":{"start":{"line":46,"column":2},"end":{"line":46,"column":8}},"loc":{"start":{"line":46,"column":2},"end":{"line":46,"column":null}}},"13":{"name":"(anonymous_13)","decl":{"start":{"line":47,"column":2},"end":{"line":47,"column":14}},"loc":{"start":{"line":47,"column":2},"end":{"line":47,"column":null}}},"14":{"name":"(anonymous_14)","decl":{"start":{"line":48,"column":2},"end":{"line":48,"column":15}},"loc":{"start":{"line":48,"column":2},"end":{"line":48,"column":null}}},"15":{"name":"(anonymous_15)","decl":{"start":{"line":49,"column":2},"end":{"line":49,"column":20}},"loc":{"start":{"line":49,"column":2},"end":{"line":49,"column":null}}},"16":{"name":"(anonymous_16)","decl":{"start":{"line":50,"column":2},"end":{"line":50,"column":23}},"loc":{"start":{"line":50,"column":2},"end":{"line":50,"column":null}}},"17":{"name":"(anonymous_17)","decl":{"start":{"line":51,"column":2},"end":{"line":51,"column":19}},"loc":{"start":{"line":51,"column":2},"end":{"line":51,"column":null}}},"18":{"name":"(anonymous_18)","decl":{"start":{"line":63,"column":2},"end":{"line":63,"column":22}},"loc":{"start":{"line":63,"column":2},"end":{"line":63,"column":null}}},"19":{"name":"(anonymous_19)","decl":{"start":{"line":64,"column":2},"end":{"line":64,"column":26}},"loc":{"start":{"line":64,"column":2},"end":{"line":64,"column":null}}},"20":{"name":"(anonymous_20)","decl":{"start":{"line":65,"column":2},"end":{"line":65,"column":22}},"loc":{"start":{"line":65,"column":2},"end":{"line":65,"column":null}}},"21":{"name":"(anonymous_21)","decl":{"start":{"line":66,"column":2},"end":{"line":66,"column":22}},"loc":{"start":{"line":66,"column":2},"end":{"line":66,"column":null}}},"22":{"name":"(anonymous_22)","decl":{"start":{"line":67,"column":2},"end":{"line":67,"column":25}},"loc":{"start":{"line":67,"column":2},"end":{"line":67,"column":null}}},"23":{"name":"(anonymous_23)","decl":{"start":{"line":68,"column":2},"end":{"line":68,"column":27}},"loc":{"start":{"line":68,"column":2},"end":{"line":68,"column":null}}},"24":{"name":"(anonymous_24)","decl":{"start":{"line":79,"column":2},"end":{"line":79,"column":10}},"loc":{"start":{"line":79,"column":2},"end":{"line":79,"column":null}}},"25":{"name":"(anonymous_25)","decl":{"start":{"line":80,"column":2},"end":{"line":80,"column":16}},"loc":{"start":{"line":80,"column":2},"end":{"line":80,"column":null}}},"26":{"name":"(anonymous_26)","decl":{"start":{"line":81,"column":2},"end":{"line":81,"column":22}},"loc":{"start":{"line":81,"column":2},"end":{"line":81,"column":null}}},"27":{"name":"(anonymous_27)","decl":{"start":{"line":82,"column":2},"end":{"line":82,"column":27}},"loc":{"start":{"line":82,"column":2},"end":{"line":82,"column":null}}},"28":{"name":"(anonymous_28)","decl":{"start":{"line":97,"column":2},"end":{"line":97,"column":21}},"loc":{"start":{"line":97,"column":2},"end":{"line":97,"column":null}}},"29":{"name":"(anonymous_29)","decl":{"start":{"line":98,"column":2},"end":{"line":98,"column":25}},"loc":{"start":{"line":98,"column":2},"end":{"line":98,"column":null}}},"30":{"name":"(anonymous_30)","decl":{"start":{"line":99,"column":2},"end":{"line":99,"column":28}},"loc":{"start":{"line":99,"column":2},"end":{"line":99,"column":null}}},"31":{"name":"(anonymous_31)","decl":{"start":{"line":113,"column":2},"end":{"line":113,"column":17}},"loc":{"start":{"line":113,"column":2},"end":{"line":113,"column":null}}},"32":{"name":"(anonymous_32)","decl":{"start":{"line":114,"column":2},"end":{"line":114,"column":23}},"loc":{"start":{"line":114,"column":2},"end":{"line":114,"column":null}}},"33":{"name":"(anonymous_33)","decl":{"start":{"line":115,"column":2},"end":{"line":115,"column":26}},"loc":{"start":{"line":115,"column":2},"end":{"line":115,"column":null}}},"34":{"name":"(anonymous_34)","decl":{"start":{"line":116,"column":2},"end":{"line":116,"column":20}},"loc":{"start":{"line":116,"column":2},"end":{"line":116,"column":null}}},"35":{"name":"(anonymous_35)","decl":{"start":{"line":117,"column":2},"end":{"line":117,"column":21}},"loc":{"start":{"line":117,"column":2},"end":{"line":117,"column":null}}}},"branchMap":{},"s":{"0":0,"1":0,"2":0,"3":0,"4":0,"5":0,"6":0,"7":0,"8":0,"9":0,"10":0,"11":0,"12":0,"13":0,"14":0,"15":0,"16":0,"17":0,"18":0,"19":0,"20":0,"21":0,"22":0,"23":0,"24":0,"25":0,"26":0,"27":0,"28":0,"29":0,"30":0,"31":0,"32":0,"33":0,"34":0,"35":0,"36":0,"37":0,"38":0,"39":0,"40":0,"41":0,"42":0},"f":{"0":0,"1":0,"2":0,"3":0,"4":0,"5":0,"6":0,"7":0,"8":0,"9":0,"10":0,"11":0,"12":0,"13":0,"14":0,"15":0,"16":0,"17":0,"18":0,"19":0,"20":0,"21":0,"22":0,"23":0,"24":0,"25":0,"26":0,"27":0,"28":0,"29":0,"30":0,"31":0,"32":0,"33":0,"34":0,"35":0},"b":{}}
}
