{"/home/csiesheep/.openclaw/boardgame-betrayal/packages/game-engine/src/core/GameState.ts": {"path":"/home/csiesheep/.openclaw/boardgame-betrayal/packages/game-engine/src/core/GameState.ts","statementMap":{"0":{"start":{"line":1099,"column":2},"end":{"line":1099,"column":19}},"1":{"start":{"line":1100,"column":2},"end":{"line":1100,"column":20}},"2":{"start":{"line":1101,"column":2},"end":{"line":1101,"column":20}},"3":{"start":{"line":1102,"column":2},"end":{"line":1102,"column":21}},"4":{"start":{"line":1103,"column":2},"end":{"line":1103,"column":14}},"5":{"start":{"line":1104,"column":2},"end":{"line":1104,"column":21}},"6":{"start":{"line":1105,"column":2},"end":{"line":1105,"column":22}},"7":{"start":{"line":1106,"column":2},"end":{"line":1106,"column":23}},"8":{"start":{"line":1107,"column":2},"end":{"line":1107,"column":11}},"9":{"start":{"line":1108,"column":2},"end":{"line":1108,"column":12}},"10":{"start":{"line":1109,"column":2},"end":{"line":1109,"column":18}},"11":{"start":{"line":1110,"column":2},"end":{"line":1110,"column":5}},"12":{"start":{"line":11,"column":0},"end":{"line":11,"column":null}},"13":{"start":{"line":51,"column":0},"end":{"line":51,"column":null}},"14":{"start":{"line":60,"column":0},"end":{"line":60,"column":71}},"15":{"start":{"line":70,"column":10},"end":{"line":70,"column":28}},"16":{"start":{"line":74,"column":4},"end":{"line":74,"column":28}},"17":{"start":{"line":76,"column":12},"end":{"line":76,"column":36}},"18":{"start":{"line":77,"column":4},"end":{"line":80,"column":5}},"19":{"start":{"line":77,"column":17},"end":{"line":77,"column":18}},"20":{"start":{"line":78,"column":6},"end":{"line":78,"column":56}},"21":{"start":{"line":79,"column":6},"end":{"line":79,"column":33}},"22":{"start":{"line":81,"column":4},"end":{"line":81,"column":40}},"23":{"start":{"line":86,"column":4},"end":{"line":86,"column":17}},"24":{"start":{"line":87,"column":12},"end":{"line":87,"column":35}},"25":{"start":{"line":88,"column":4},"end":{"line":88,"column":19}},"26":{"start":{"line":89,"column":4},"end":{"line":89,"column":41}},"27":{"start":{"line":90,"column":4},"end":{"line":90,"column":46}},"28":{"start":{"line":91,"column":4},"end":{"line":91,"column":49}},"29":{"start":{"line":96,"column":4},"end":{"line":96,"column":55}},"30":{"start":{"line":101,"column":30},"end":{"line":101,"column":32}},"31":{"start":{"line":102,"column":4},"end":{"line":105,"column":5}},"32":{"start":{"line":102,"column":17},"end":{"line":102,"column":18}},"33":{"start":{"line":103,"column":24},"end":{"line":103,"column":42}},"34":{"start":{"line":104,"column":6},"end":{"line":104,"column":42}},"35":{"start":{"line":106,"column":4},"end":{"line":110,"column":6}},"36":{"start":{"line":109,"column":38},"end":{"line":109,"column":43}},"37":{"start":{"line":115,"column":19},"end":{"line":115,"column":29}},"38":{"start":{"line":116,"column":4},"end":{"line":119,"column":5}},"39":{"start":{"line":116,"column":17},"end":{"line":116,"column":34}},"40":{"start":{"line":117,"column":16},"end":{"line":117,"column":38}},"41":{"start":{"line":118,"column":6},"end":{"line":118,"column":54}},"42":{"start":{"line":120,"column":4},"end":{"line":120,"column":18}},"43":{"start":{"line":125,"column":4},"end":{"line":125,"column":48}},"44":{"start":{"line":130,"column":4},"end":{"line":134,"column":6}},"45":{"start":{"line":139,"column":16},"end":{"line":139,"column":41}},"46":{"start":{"line":141,"column":4},"end":{"line":143,"column":5}},"47":{"start":{"line":142,"column":6},"end":{"line":142,"column":41}},"48":{"start":{"line":144,"column":4},"end":{"line":144,"column":28}},"49":{"start":{"line":145,"column":4},"end":{"line":145,"column":15}},"50":{"start":{"line":68,"column":0},"end":{"line":68,"column":13}},"51":{"start":{"line":155,"column":24},"end":{"line":155,"column":26}},"52":{"start":{"line":156,"column":2},"end":{"line":170,"column":3}},"53":{"start":{"line":156,"column":15},"end":{"line":156,"column":16}},"54":{"start":{"line":157,"column":24},"end":{"line":157,"column":26}},"55":{"start":{"line":158,"column":4},"end":{"line":168,"column":5}},"56":{"start":{"line":158,"column":17},"end":{"line":158,"column":18}},"57":{"start":{"line":159,"column":6},"end":{"line":167,"column":9}},"58":{"start":{"line":169,"column":4},"end":{"line":169,"column":18}},"59":{"start":{"line":171,"column":2},"end":{"line":171,"column":13}},"60":{"start":{"line":178,"column":2},"end":{"line":183,"column":4}},"61":{"start":{"line":190,"column":17},"end":{"line":190,"column":31}},"62":{"start":{"line":191,"column":18},"end":{"line":191,"column":52}},"63":{"start":{"line":191,"column":41},"end":{"line":191,"column":50}},"64":{"start":{"line":194,"column":23},"end":{"line":194,"column":51}},"65":{"start":{"line":195,"column":2},"end":{"line":203,"column":3}},"66":{"start":{"line":196,"column":4},"end":{"line":202,"column":6}},"67":{"start":{"line":206,"column":22},"end":{"line":206,"column":54}},"68":{"start":{"line":207,"column":2},"end":{"line":215,"column":3}},"69":{"start":{"line":208,"column":4},"end":{"line":214,"column":6}},"70":{"start":{"line":218,"column":25},"end":{"line":218,"column":60}},"71":{"start":{"line":219,"column":2},"end":{"line":227,"column":3}},"72":{"start":{"line":220,"column":4},"end":{"line":226,"column":6}},"73":{"start":{"line":229,"column":2},"end":{"line":229,"column":29}},"74":{"start":{"line":230,"column":2},"end":{"line":230,"column":16}},"75":{"start":{"line":240,"column":21},"end":{"line":240,"column":92}},"76":{"start":{"line":242,"column":17},"end":{"line":242,"column":77}},"77":{"start":{"line":242,"column":54},"end":{"line":242,"column":75}},"78":{"start":{"line":243,"column":16},"end":{"line":243,"column":75}},"79":{"start":{"line":243,"column":52},"end":{"line":243,"column":73}},"80":{"start":{"line":244,"column":19},"end":{"line":244,"column":81}},"81":{"start":{"line":244,"column":58},"end":{"line":244,"column":79}},"82":{"start":{"line":247,"column":21},"end":{"line":247,"column":73}},"83":{"start":{"line":247,"column":51},"end":{"line":247,"column":72}},"84":{"start":{"line":249,"column":2},"end":{"line":254,"column":4}},"85":{"start":{"line":250,"column":50},"end":{"line":250,"column":70}},"86":{"start":{"line":251,"column":48},"end":{"line":251,"column":67}},"87":{"start":{"line":252,"column":54},"end":{"line":252,"column":76}},"88":{"start":{"line":261,"column":21},"end":{"line":265,"column":4}},"89":{"start":{"line":261,"column":56},"end":{"line":265,"column":4}},"90":{"start":{"line":267,"column":2},"end":{"line":271,"column":4}},"91":{"start":{"line":285,"column":2},"end":{"line":301,"column":4}},"92":{"start":{"line":310,"column":2},"end":{"line":319,"column":4}},"93":{"start":{"line":328,"column":2},"end":{"line":336,"column":4}},"94":{"start":{"line":343,"column":2},"end":{"line":351,"column":4}},"95":{"start":{"line":360,"column":2},"end":{"line":362,"column":3}},"96":{"start":{"line":361,"column":4},"end":{"line":361,"column":15}},"97":{"start":{"line":364,"column":2},"end":{"line":366,"column":3}},"98":{"start":{"line":365,"column":4},"end":{"line":365,"column":40}},"99":{"start":{"line":368,"column":2},"end":{"line":370,"column":3}},"100":{"start":{"line":369,"column":4},"end":{"line":369,"column":51}},"101":{"start":{"line":372,"column":2},"end":{"line":374,"column":3}},"102":{"start":{"line":373,"column":4},"end":{"line":373,"column":60}},"103":{"start":{"line":373,"column":27},"end":{"line":373,"column":42}},"104":{"start":{"line":376,"column":17},"end":{"line":376,"column":24}},"105":{"start":{"line":377,"column":2},"end":{"line":381,"column":3}},"106":{"start":{"line":378,"column":4},"end":{"line":380,"column":5}},"107":{"start":{"line":379,"column":6},"end":{"line":379,"column":40}},"108":{"start":{"line":382,"column":2},"end":{"line":382,"column":16}},"109":{"start":{"line":389,"column":2},"end":{"line":389,"column":68}},"110":{"start":{"line":396,"column":2},"end":{"line":396,"column":75}},"111":{"start":{"line":403,"column":2},"end":{"line":403,"column":20}},"112":{"start":{"line":416,"column":30},"end":{"line":423,"column":4}},"113":{"start":{"line":424,"column":2},"end":{"line":428,"column":4}},"114":{"start":{"line":438,"column":4},"end":{"line":443,"column":5}},"115":{"start":{"line":439,"column":6},"end":{"line":439,"column":36}},"116":{"start":{"line":440,"column":6},"end":{"line":440,"column":53}},"117":{"start":{"line":442,"column":6},"end":{"line":442,"column":79}},"118":{"start":{"line":450,"column":16},"end":{"line":450,"column":42}},"119":{"start":{"line":451,"column":19},"end":{"line":451,"column":77}},"120":{"start":{"line":454,"column":14},"end":{"line":454,"column":33}},"121":{"start":{"line":455,"column":4},"end":{"line":455,"column":50}},"122":{"start":{"line":458,"column":41},"end":{"line":458,"column":90}},"123":{"start":{"line":459,"column":20},"end":{"line":465,"column":null}},"124":{"start":{"line":460,"column":6},"end":{"line":464,"column":null}},"125":{"start":{"line":468,"column":24},"end":{"line":468,"column":46}},"126":{"start":{"line":468,"column":41},"end":{"line":468,"column":45}},"127":{"start":{"line":471,"column":17},"end":{"line":471,"column":52}},"128":{"start":{"line":472,"column":4},"end":{"line":472,"column":56}},"129":{"start":{"line":475,"column":26},"end":{"line":479,"column":6}},"130":{"start":{"line":481,"column":29},"end":{"line":500,"column":6}},"131":{"start":{"line":502,"column":20},"end":{"line":502,"column":47}},"132":{"start":{"line":503,"column":4},"end":{"line":503,"column":22}},"133":{"start":{"line":504,"column":4},"end":{"line":504,"column":19}},"134":{"start":{"line":511,"column":4},"end":{"line":511,"column":33}},"135":{"start":{"line":519,"column":18},"end":{"line":519,"column":33}},"136":{"start":{"line":520,"column":23},"end":{"line":527,"column":6}},"137":{"start":{"line":528,"column":4},"end":{"line":528,"column":38}},"138":{"start":{"line":535,"column":19},"end":{"line":535,"column":35}},"139":{"start":{"line":537,"column":29},"end":{"line":544,"column":6}},"140":{"start":{"line":545,"column":4},"end":{"line":545,"column":39}},"141":{"start":{"line":553,"column":23},"end":{"line":557,"column":6}},"142":{"start":{"line":559,"column":19},"end":{"line":559,"column":29}},"143":{"start":{"line":561,"column":4},"end":{"line":588,"column":5}},"144":{"start":{"line":563,"column":8},"end":{"line":563,"column":61}},"145":{"start":{"line":564,"column":8},"end":{"line":564,"column":14}},"146":{"start":{"line":566,"column":8},"end":{"line":566,"column":69}},"147":{"start":{"line":567,"column":8},"end":{"line":567,"column":14}},"148":{"start":{"line":569,"column":8},"end":{"line":569,"column":69}},"149":{"start":{"line":570,"column":8},"end":{"line":570,"column":14}},"150":{"start":{"line":572,"column":8},"end":{"line":572,"column":67}},"151":{"start":{"line":573,"column":8},"end":{"line":573,"column":14}},"152":{"start":{"line":575,"column":8},"end":{"line":575,"column":67}},"153":{"start":{"line":576,"column":8},"end":{"line":576,"column":14}},"154":{"start":{"line":578,"column":8},"end":{"line":578,"column":71}},"155":{"start":{"line":579,"column":8},"end":{"line":579,"column":14}},"156":{"start":{"line":581,"column":8},"end":{"line":581,"column":73}},"157":{"start":{"line":582,"column":8},"end":{"line":582,"column":14}},"158":{"start":{"line":584,"column":8},"end":{"line":584,"column":65}},"159":{"start":{"line":585,"column":8},"end":{"line":585,"column":14}},"160":{"start":{"line":587,"column":8},"end":{"line":587,"column":83}},"161":{"start":{"line":591,"column":4},"end":{"line":595,"column":6}},"162":{"start":{"line":597,"column":4},"end":{"line":597,"column":26}},"163":{"start":{"line":598,"column":4},"end":{"line":598,"column":27}},"164":{"start":{"line":604,"column":19},"end":{"line":604,"column":73}},"165":{"start":{"line":604,"column":48},"end":{"line":604,"column":72}},"166":{"start":{"line":605,"column":4},"end":{"line":605,"column":73}},"167":{"start":{"line":605,"column":17},"end":{"line":605,"column":73}},"168":{"start":{"line":608,"column":19},"end":{"line":608,"column":28}},"169":{"start":{"line":609,"column":21},"end":{"line":609,"column":51}},"170":{"start":{"line":610,"column":17},"end":{"line":610,"column":47}},"171":{"start":{"line":612,"column":4},"end":{"line":614,"column":5}},"172":{"start":{"line":613,"column":6},"end":{"line":613,"column":58}},"173":{"start":{"line":617,"column":27},"end":{"line":618,"column":null}},"174":{"start":{"line":618,"column":6},"end":{"line":618,"column":63}},"175":{"start":{"line":622,"column":22},"end":{"line":622,"column":40}},"176":{"start":{"line":623,"column":30},"end":{"line":623,"column":72}},"177":{"start":{"line":625,"column":30},"end":{"line":632,"column":6}},"178":{"start":{"line":635,"column":4},"end":{"line":641,"column":6}},"179":{"start":{"line":643,"column":4},"end":{"line":643,"column":20}},"180":{"start":{"line":647,"column":19},"end":{"line":647,"column":73}},"181":{"start":{"line":647,"column":48},"end":{"line":647,"column":72}},"182":{"start":{"line":648,"column":4},"end":{"line":648,"column":73}},"183":{"start":{"line":648,"column":17},"end":{"line":648,"column":73}},"184":{"start":{"line":651,"column":21},"end":{"line":651,"column":60}},"185":{"start":{"line":652,"column":26},"end":{"line":660,"column":6}},"186":{"start":{"line":663,"column":24},"end":{"line":666,"column":null}},"187":{"start":{"line":664,"column":6},"end":{"line":665,"column":null}},"188":{"start":{"line":665,"column":8},"end":{"line":665,"column":75}},"189":{"start":{"line":669,"column":19},"end":{"line":673,"column":6}},"190":{"start":{"line":676,"column":27},"end":{"line":677,"column":null}},"191":{"start":{"line":677,"column":6},"end":{"line":677,"column":72}},"192":{"start":{"line":682,"column":29},"end":{"line":682,"column":62}},"193":{"start":{"line":683,"column":4},"end":{"line":683,"column":41}},"194":{"start":{"line":686,"column":29},"end":{"line":686,"column":63}},"195":{"start":{"line":687,"column":4},"end":{"line":687,"column":41}},"196":{"start":{"line":689,"column":30},"end":{"line":704,"column":6}},"197":{"start":{"line":707,"column":4},"end":{"line":713,"column":6}},"198":{"start":{"line":715,"column":4},"end":{"line":715,"column":20}},"199":{"start":{"line":719,"column":19},"end":{"line":719,"column":73}},"200":{"start":{"line":719,"column":48},"end":{"line":719,"column":72}},"201":{"start":{"line":720,"column":4},"end":{"line":720,"column":73}},"202":{"start":{"line":720,"column":17},"end":{"line":720,"column":73}},"203":{"start":{"line":723,"column":21},"end":{"line":723,"column":36}},"204":{"start":{"line":724,"column":17},"end":{"line":724,"column":47}},"205":{"start":{"line":726,"column":25},"end":{"line":726,"column":52}},"206":{"start":{"line":727,"column":21},"end":{"line":727,"column":49}},"207":{"start":{"line":729,"column":25},"end":{"line":736,"column":6}},"208":{"start":{"line":739,"column":27},"end":{"line":748,"column":6}},"209":{"start":{"line":740,"column":6},"end":{"line":740,"column":45}},"210":{"start":{"line":740,"column":36},"end":{"line":740,"column":45}},"211":{"start":{"line":742,"column":6},"end":{"line":746,"column":7}},"212":{"start":{"line":743,"column":8},"end":{"line":743,"column":58}},"213":{"start":{"line":744,"column":13},"end":{"line":746,"column":7}},"214":{"start":{"line":745,"column":8},"end":{"line":745,"column":58}},"215":{"start":{"line":747,"column":6},"end":{"line":747,"column":15}},"216":{"start":{"line":751,"column":19},"end":{"line":751,"column":35}},"217":{"start":{"line":752,"column":4},"end":{"line":757,"column":5}},"218":{"start":{"line":753,"column":6},"end":{"line":756,"column":8}},"219":{"start":{"line":759,"column":30},"end":{"line":768,"column":6}},"220":{"start":{"line":771,"column":4},"end":{"line":777,"column":6}},"221":{"start":{"line":779,"column":4},"end":{"line":779,"column":20}},"222":{"start":{"line":783,"column":19},"end":{"line":783,"column":73}},"223":{"start":{"line":783,"column":48},"end":{"line":783,"column":72}},"224":{"start":{"line":784,"column":4},"end":{"line":784,"column":73}},"225":{"start":{"line":784,"column":17},"end":{"line":784,"column":73}},"226":{"start":{"line":787,"column":17},"end":{"line":788,"column":63}},"227":{"start":{"line":787,"column":40},"end":{"line":787,"column":62}},"228":{"start":{"line":788,"column":40},"end":{"line":788,"column":62}},"229":{"start":{"line":790,"column":4},"end":{"line":790,"column":67}},"230":{"start":{"line":790,"column":15},"end":{"line":790,"column":67}},"231":{"start":{"line":791,"column":4},"end":{"line":793,"column":5}},"232":{"start":{"line":792,"column":6},"end":{"line":792,"column":71}},"233":{"start":{"line":796,"column":27},"end":{"line":799,"column":null}},"234":{"start":{"line":797,"column":6},"end":{"line":799,"column":11}},"235":{"start":{"line":802,"column":30},"end":{"line":809,"column":6}},"236":{"start":{"line":812,"column":4},"end":{"line":818,"column":6}},"237":{"start":{"line":820,"column":4},"end":{"line":820,"column":20}},"238":{"start":{"line":824,"column":19},"end":{"line":824,"column":73}},"239":{"start":{"line":824,"column":48},"end":{"line":824,"column":72}},"240":{"start":{"line":825,"column":4},"end":{"line":825,"column":73}},"241":{"start":{"line":825,"column":17},"end":{"line":825,"column":73}},"242":{"start":{"line":828,"column":25},"end":{"line":828,"column":72}},"243":{"start":{"line":829,"column":22},"end":{"line":829,"column":72}},"244":{"start":{"line":830,"column":25},"end":{"line":830,"column":58}},"245":{"start":{"line":831,"column":23},"end":{"line":831,"column":75}},"246":{"start":{"line":831,"column":52},"end":{"line":831,"column":73}},"247":{"start":{"line":834,"column":23},"end":{"line":834,"column":38}},"248":{"start":{"line":835,"column":26},"end":{"line":837,"column":34}},"249":{"start":{"line":839,"column":30},"end":{"line":856,"column":6}},"250":{"start":{"line":852,"column":8},"end":{"line":854,"column":13}},"251":{"start":{"line":859,"column":4},"end":{"line":865,"column":6}},"252":{"start":{"line":867,"column":4},"end":{"line":867,"column":20}},"253":{"start":{"line":871,"column":19},"end":{"line":871,"column":73}},"254":{"start":{"line":871,"column":48},"end":{"line":871,"column":72}},"255":{"start":{"line":872,"column":4},"end":{"line":872,"column":73}},"256":{"start":{"line":872,"column":17},"end":{"line":872,"column":73}},"257":{"start":{"line":874,"column":19},"end":{"line":879,"column":null}},"258":{"start":{"line":882,"column":4},"end":{"line":882,"column":20}},"259":{"start":{"line":886,"column":19},"end":{"line":886,"column":73}},"260":{"start":{"line":886,"column":48},"end":{"line":886,"column":72}},"261":{"start":{"line":887,"column":4},"end":{"line":887,"column":73}},"262":{"start":{"line":887,"column":17},"end":{"line":887,"column":73}},"263":{"start":{"line":889,"column":19},"end":{"line":889,"column":29}},"264":{"start":{"line":891,"column":4},"end":{"line":901,"column":5}},"265":{"start":{"line":893,"column":6},"end":{"line":900,"column":8}},"266":{"start":{"line":903,"column":4},"end":{"line":911,"column":6}},"267":{"start":{"line":913,"column":4},"end":{"line":913,"column":20}},"268":{"start":{"line":917,"column":19},"end":{"line":917,"column":73}},"269":{"start":{"line":917,"column":48},"end":{"line":917,"column":72}},"270":{"start":{"line":918,"column":4},"end":{"line":918,"column":73}},"271":{"start":{"line":918,"column":17},"end":{"line":918,"column":73}},"272":{"start":{"line":920,"column":19},"end":{"line":925,"column":null}},"273":{"start":{"line":928,"column":4},"end":{"line":928,"column":20}},"274":{"start":{"line":934,"column":4},"end":{"line":934,"column":68}},"275":{"start":{"line":941,"column":17},"end":{"line":941,"column":78}},"276":{"start":{"line":942,"column":26},"end":{"line":942,"column":86}},"277":{"start":{"line":942,"column":49},"end":{"line":942,"column":85}},"278":{"start":{"line":944,"column":4},"end":{"line":944,"column":36}},"279":{"start":{"line":944,"column":24},"end":{"line":944,"column":36}},"280":{"start":{"line":947,"column":21},"end":{"line":947,"column":55}},"281":{"start":{"line":948,"column":4},"end":{"line":948,"column":35}},"282":{"start":{"line":950,"column":4},"end":{"line":956,"column":6}},"283":{"start":{"line":958,"column":4},"end":{"line":958,"column":25}},"284":{"start":{"line":965,"column":17},"end":{"line":965,"column":43}},"285":{"start":{"line":966,"column":4},"end":{"line":966,"column":49}},"286":{"start":{"line":966,"column":37},"end":{"line":966,"column":49}},"287":{"start":{"line":968,"column":17},"end":{"line":968,"column":58}},"288":{"start":{"line":970,"column":4},"end":{"line":980,"column":6}},"289":{"start":{"line":982,"column":4},"end":{"line":982,"column":16}},"290":{"start":{"line":989,"column":4},"end":{"line":989,"column":36}},"291":{"start":{"line":996,"column":4},"end":{"line":996,"column":82}},"292":{"start":{"line":996,"column":40},"end":{"line":996,"column":80}},"293":{"start":{"line":1003,"column":21},"end":{"line":1003,"column":51}},"294":{"start":{"line":1004,"column":4},"end":{"line":1004,"column":46}},"295":{"start":{"line":1011,"column":17},"end":{"line":1011,"column":35}},"296":{"start":{"line":1012,"column":4},"end":{"line":1012,"column":37}},"297":{"start":{"line":1024,"column":31},"end":{"line":1024,"column":33}},"298":{"start":{"line":1025,"column":28},"end":{"line":1025,"column":59}},"299":{"start":{"line":1027,"column":4},"end":{"line":1036,"column":5}},"300":{"start":{"line":1028,"column":23},"end":{"line":1028,"column":44}},"301":{"start":{"line":1029,"column":6},"end":{"line":1035,"column":7}},"302":{"start":{"line":1030,"column":8},"end":{"line":1034,"column":9}},"303":{"start":{"line":1031,"column":10},"end":{"line":1033,"column":11}},"304":{"start":{"line":1032,"column":12},"end":{"line":1032,"column":39}},"305":{"start":{"line":1038,"column":4},"end":{"line":1038,"column":22}},"306":{"start":{"line":1048,"column":4},"end":{"line":1048,"column":38}},"307":{"start":{"line":1057,"column":27},"end":{"line":1059,"column":5}},"308":{"start":{"line":1058,"column":6},"end":{"line":1058,"column":97}},"309":{"start":{"line":1058,"column":52},"end":{"line":1058,"column":88}},"310":{"start":{"line":1061,"column":19},"end":{"line":1061,"column":43}},"311":{"start":{"line":1062,"column":18},"end":{"line":1062,"column":41}},"312":{"start":{"line":1063,"column":21},"end":{"line":1063,"column":47}},"313":{"start":{"line":1065,"column":4},"end":{"line":1065,"column":73}},"314":{"start":{"line":1075,"column":4},"end":{"line":1075,"column":49}},"315":{"start":{"line":1084,"column":21},"end":{"line":1084,"column":55}},"316":{"start":{"line":1085,"column":4},"end":{"line":1085,"column":25}},"317":{"start":{"line":1086,"column":4},"end":{"line":1092,"column":6}},"318":{"start":{"line":433,"column":0},"end":{"line":433,"column":13}},"319":{"start":{"line":1113,"column":0},"end":{"line":1113,"column":32}}},"fnMap":{"0":{"name":"(anonymous_0)","decl":{"start":{"line":73,"column":2},"end":{"line":73,"column":14}},"loc":{"start":{"line":73,"column":26},"end":{"line":82,"column":3}}},"1":{"name":"(anonymous_1)","decl":{"start":{"line":85,"column":2},"end":{"line":85,"column":6}},"loc":{"start":{"line":85,"column":6},"end":{"line":92,"column":3}}},"2":{"name":"(anonymous_2)","decl":{"start":{"line":95,"column":2},"end":{"line":95,"column":9}},"loc":{"start":{"line":95,"column":34},"end":{"line":97,"column":3}}},"3":{"name":"(anonymous_3)","decl":{"start":{"line":100,"column":2},"end":{"line":100,"column":10}},"loc":{"start":{"line":100,"column":24},"end":{"line":111,"column":3}}},"4":{"name":"(anonymous_4)","decl":{"start":{"line":109,"column":28},"end":{"line":109,"column":29}},"loc":{"start":{"line":109,"column":38},"end":{"line":109,"column":43}}},"5":{"name":"(anonymous_5)","decl":{"start":{"line":114,"column":2},"end":{"line":114,"column":9}},"loc":{"start":{"line":114,"column":23},"end":{"line":121,"column":3}}},"6":{"name":"(anonymous_6)","decl":{"start":{"line":124,"column":2},"end":{"line":124,"column":9}},"loc":{"start":{"line":124,"column":23},"end":{"line":126,"column":3}}},"7":{"name":"(anonymous_7)","decl":{"start":{"line":129,"column":2},"end":{"line":129,"column":10}},"loc":{"start":{"line":129,"column":10},"end":{"line":135,"column":3}}},"8":{"name":"(anonymous_8)","decl":{"start":{"line":138,"column":2},"end":{"line":138,"column":8}},"loc":{"start":{"line":138,"column":34},"end":{"line":146,"column":3}}},"9":{"name":"createEmptyFloorMap","decl":{"start":{"line":154,"column":9},"end":{"line":154,"column":28}},"loc":{"start":{"line":154,"column":41},"end":{"line":172,"column":1}}},"10":{"name":"initializeGameMap","decl":{"start":{"line":177,"column":9},"end":{"line":177,"column":26}},"loc":{"start":{"line":177,"column":26},"end":{"line":184,"column":1}}},"11":{"name":"placeStartingRooms","decl":{"start":{"line":189,"column":9},"end":{"line":189,"column":27}},"loc":{"start":{"line":189,"column":55},"end":{"line":231,"column":1}}},"12":{"name":"(anonymous_12)","decl":{"start":{"line":191,"column":36},"end":{"line":191,"column":37}},"loc":{"start":{"line":191,"column":41},"end":{"line":191,"column":50}}},"13":{"name":"initializeRoomDeck","decl":{"start":{"line":238,"column":9},"end":{"line":238,"column":27}},"loc":{"start":{"line":238,"column":42},"end":{"line":255,"column":1}}},"14":{"name":"(anonymous_14)","decl":{"start":{"line":242,"column":49},"end":{"line":242,"column":50}},"loc":{"start":{"line":242,"column":54},"end":{"line":242,"column":75}}},"15":{"name":"(anonymous_15)","decl":{"start":{"line":243,"column":47},"end":{"line":243,"column":48}},"loc":{"start":{"line":243,"column":52},"end":{"line":243,"column":73}}},"16":{"name":"(anonymous_16)","decl":{"start":{"line":244,"column":53},"end":{"line":244,"column":54}},"loc":{"start":{"line":244,"column":58},"end":{"line":244,"column":79}}},"17":{"name":"(anonymous_17)","decl":{"start":{"line":247,"column":46},"end":{"line":247,"column":47}},"loc":{"start":{"line":247,"column":51},"end":{"line":247,"column":72}}},"18":{"name":"(anonymous_18)","decl":{"start":{"line":250,"column":45},"end":{"line":250,"column":46}},"loc":{"start":{"line":250,"column":50},"end":{"line":250,"column":70}}},"19":{"name":"(anonymous_19)","decl":{"start":{"line":251,"column":43},"end":{"line":251,"column":44}},"loc":{"start":{"line":251,"column":48},"end":{"line":251,"column":67}}},"20":{"name":"(anonymous_20)","decl":{"start":{"line":252,"column":49},"end":{"line":252,"column":50}},"loc":{"start":{"line":252,"column":54},"end":{"line":252,"column":76}}},"21":{"name":"initializeCardDecks","decl":{"start":{"line":260,"column":9},"end":{"line":260,"column":28}},"loc":{"start":{"line":260,"column":43},"end":{"line":272,"column":1}}},"22":{"name":"(anonymous_22)","decl":{"start":{"line":261,"column":21},"end":{"line":261,"column":22}},"loc":{"start":{"line":261,"column":56},"end":{"line":265,"column":4}}},"23":{"name":"createPlayer","decl":{"start":{"line":279,"column":9},"end":{"line":279,"column":21}},"loc":{"start":{"line":283,"column":22},"end":{"line":302,"column":1}}},"24":{"name":"initializeTurnState","decl":{"start":{"line":309,"column":9},"end":{"line":309,"column":28}},"loc":{"start":{"line":309,"column":52},"end":{"line":320,"column":1}}},"25":{"name":"initializeHauntState","decl":{"start":{"line":327,"column":9},"end":{"line":327,"column":29}},"loc":{"start":{"line":327,"column":29},"end":{"line":337,"column":1}}},"26":{"name":"initializeCombatState","decl":{"start":{"line":342,"column":9},"end":{"line":342,"column":30}},"loc":{"start":{"line":342,"column":30},"end":{"line":352,"column":1}}},"27":{"name":"deepClone","decl":{"start":{"line":359,"column":9},"end":{"line":359,"column":18}},"loc":{"start":{"line":359,"column":28},"end":{"line":383,"column":1}}},"28":{"name":"(anonymous_28)","decl":{"start":{"line":373,"column":19},"end":{"line":373,"column":23}},"loc":{"start":{"line":373,"column":27},"end":{"line":373,"column":42}}},"29":{"name":"generateId","decl":{"start":{"line":388,"column":9},"end":{"line":388,"column":19}},"loc":{"start":{"line":388,"column":19},"end":{"line":390,"column":1}}},"30":{"name":"generateActionId","decl":{"start":{"line":395,"column":9},"end":{"line":395,"column":25}},"loc":{"start":{"line":395,"column":25},"end":{"line":397,"column":1}}},"31":{"name":"now","decl":{"start":{"line":402,"column":9},"end":{"line":402,"column":12}},"loc":{"start":{"line":402,"column":12},"end":{"line":404,"column":1}}},"32":{"name":"addLogEntry","decl":{"start":{"line":409,"column":9},"end":{"line":409,"column":20}},"loc":{"start":{"line":414,"column":32},"end":{"line":429,"column":1}}},"33":{"name":"(anonymous_33)","decl":{"start":{"line":437,"column":2},"end":{"line":437,"column":14}},"loc":{"start":{"line":437,"column":31},"end":{"line":444,"column":3}}},"34":{"name":"(anonymous_34)","decl":{"start":{"line":449,"column":2},"end":{"line":449,"column":8}},"loc":{"start":{"line":449,"column":62},"end":{"line":505,"column":3}}},"35":{"name":"(anonymous_35)","decl":{"start":{"line":459,"column":35},"end":{"line":459,"column":36}},"loc":{"start":{"line":460,"column":6},"end":{"line":464,"column":null}}},"36":{"name":"(anonymous_36)","decl":{"start":{"line":468,"column":36},"end":{"line":468,"column":37}},"loc":{"start":{"line":468,"column":41},"end":{"line":468,"column":45}}},"37":{"name":"(anonymous_37)","decl":{"start":{"line":510,"column":2},"end":{"line":510,"column":10}},"loc":{"start":{"line":510,"column":10},"end":{"line":512,"column":3}}},"38":{"name":"(anonymous_38)","decl":{"start":{"line":517,"column":2},"end":{"line":517,"column":11}},"loc":{"start":{"line":517,"column":11},"end":{"line":529,"column":3}}},"39":{"name":"(anonymous_39)","decl":{"start":{"line":534,"column":2},"end":{"line":534,"column":8}},"loc":{"start":{"line":534,"column":33},"end":{"line":546,"column":3}}},"40":{"name":"(anonymous_40)","decl":{"start":{"line":551,"column":2},"end":{"line":551,"column":13}},"loc":{"start":{"line":551,"column":32},"end":{"line":599,"column":3}}},"41":{"name":"(anonymous_41)","decl":{"start":{"line":603,"column":10},"end":{"line":603,"column":20}},"loc":{"start":{"line":603,"column":39},"end":{"line":644,"column":3}}},"42":{"name":"(anonymous_42)","decl":{"start":{"line":604,"column":43},"end":{"line":604,"column":44}},"loc":{"start":{"line":604,"column":48},"end":{"line":604,"column":72}}},"43":{"name":"(anonymous_43)","decl":{"start":{"line":617,"column":50},"end":{"line":617,"column":51}},"loc":{"start":{"line":618,"column":6},"end":{"line":618,"column":63}}},"44":{"name":"(anonymous_44)","decl":{"start":{"line":646,"column":10},"end":{"line":646,"column":24}},"loc":{"start":{"line":646,"column":47},"end":{"line":716,"column":3}}},"45":{"name":"(anonymous_45)","decl":{"start":{"line":647,"column":43},"end":{"line":647,"column":44}},"loc":{"start":{"line":647,"column":48},"end":{"line":647,"column":72}}},"46":{"name":"(anonymous_46)","decl":{"start":{"line":663,"column":37},"end":{"line":663,"column":38}},"loc":{"start":{"line":664,"column":6},"end":{"line":665,"column":null}}},"47":{"name":"(anonymous_47)","decl":{"start":{"line":664,"column":14},"end":{"line":664,"column":15}},"loc":{"start":{"line":665,"column":8},"end":{"line":665,"column":75}}},"48":{"name":"(anonymous_48)","decl":{"start":{"line":676,"column":50},"end":{"line":676,"column":51}},"loc":{"start":{"line":677,"column":6},"end":{"line":677,"column":72}}},"49":{"name":"(anonymous_49)","decl":{"start":{"line":718,"column":10},"end":{"line":718,"column":24}},"loc":{"start":{"line":718,"column":47},"end":{"line":780,"column":3}}},"50":{"name":"(anonymous_50)","decl":{"start":{"line":719,"column":43},"end":{"line":719,"column":44}},"loc":{"start":{"line":719,"column":48},"end":{"line":719,"column":72}}},"51":{"name":"(anonymous_51)","decl":{"start":{"line":739,"column":50},"end":{"line":739,"column":51}},"loc":{"start":{"line":739,"column":54},"end":{"line":748,"column":5}}},"52":{"name":"(anonymous_52)","decl":{"start":{"line":782,"column":10},"end":{"line":782,"column":23}},"loc":{"start":{"line":782,"column":45},"end":{"line":821,"column":3}}},"53":{"name":"(anonymous_53)","decl":{"start":{"line":783,"column":43},"end":{"line":783,"column":44}},"loc":{"start":{"line":783,"column":48},"end":{"line":783,"column":72}}},"54":{"name":"(anonymous_54)","decl":{"start":{"line":787,"column":35},"end":{"line":787,"column":36}},"loc":{"start":{"line":787,"column":40},"end":{"line":787,"column":62}}},"55":{"name":"(anonymous_55)","decl":{"start":{"line":788,"column":35},"end":{"line":788,"column":36}},"loc":{"start":{"line":788,"column":40},"end":{"line":788,"column":62}}},"56":{"name":"(anonymous_56)","decl":{"start":{"line":796,"column":50},"end":{"line":796,"column":51}},"loc":{"start":{"line":797,"column":6},"end":{"line":799,"column":11}}},"57":{"name":"(anonymous_57)","decl":{"start":{"line":823,"column":10},"end":{"line":823,"column":23}},"loc":{"start":{"line":823,"column":45},"end":{"line":868,"column":3}}},"58":{"name":"(anonymous_58)","decl":{"start":{"line":824,"column":43},"end":{"line":824,"column":44}},"loc":{"start":{"line":824,"column":48},"end":{"line":824,"column":72}}},"59":{"name":"(anonymous_59)","decl":{"start":{"line":831,"column":47},"end":{"line":831,"column":48}},"loc":{"start":{"line":831,"column":52},"end":{"line":831,"column":73}}},"60":{"name":"(anonymous_60)","decl":{"start":{"line":851,"column":38},"end":{"line":851,"column":39}},"loc":{"start":{"line":852,"column":8},"end":{"line":854,"column":13}}},"61":{"name":"(anonymous_61)","decl":{"start":{"line":870,"column":10},"end":{"line":870,"column":25}},"loc":{"start":{"line":870,"column":49},"end":{"line":883,"column":3}}},"62":{"name":"(anonymous_62)","decl":{"start":{"line":871,"column":43},"end":{"line":871,"column":44}},"loc":{"start":{"line":871,"column":48},"end":{"line":871,"column":72}}},"63":{"name":"(anonymous_63)","decl":{"start":{"line":885,"column":10},"end":{"line":885,"column":26}},"loc":{"start":{"line":885,"column":51},"end":{"line":914,"column":3}}},"64":{"name":"(anonymous_64)","decl":{"start":{"line":886,"column":43},"end":{"line":886,"column":44}},"loc":{"start":{"line":886,"column":48},"end":{"line":886,"column":72}}},"65":{"name":"(anonymous_65)","decl":{"start":{"line":916,"column":10},"end":{"line":916,"column":22}},"loc":{"start":{"line":916,"column":43},"end":{"line":929,"column":3}}},"66":{"name":"(anonymous_66)","decl":{"start":{"line":917,"column":43},"end":{"line":917,"column":44}},"loc":{"start":{"line":917,"column":48},"end":{"line":917,"column":72}}},"67":{"name":"(anonymous_67)","decl":{"start":{"line":933,"column":10},"end":{"line":933,"column":21}},"loc":{"start":{"line":933,"column":34},"end":{"line":935,"column":3}}},"68":{"name":"(anonymous_68)","decl":{"start":{"line":940,"column":2},"end":{"line":940,"column":18}},"loc":{"start":{"line":940,"column":31},"end":{"line":959,"column":3}}},"69":{"name":"(anonymous_69)","decl":{"start":{"line":942,"column":36},"end":{"line":942,"column":37}},"loc":{"start":{"line":942,"column":49},"end":{"line":942,"column":85}}},"70":{"name":"(anonymous_70)","decl":{"start":{"line":964,"column":2},"end":{"line":964,"column":18}},"loc":{"start":{"line":964,"column":33},"end":{"line":983,"column":3}}},"71":{"name":"(anonymous_71)","decl":{"start":{"line":988,"column":2},"end":{"line":988,"column":10}},"loc":{"start":{"line":988,"column":24},"end":{"line":990,"column":3}}},"72":{"name":"(anonymous_72)","decl":{"start":{"line":995,"column":2},"end":{"line":995,"column":18}},"loc":{"start":{"line":995,"column":18},"end":{"line":997,"column":3}}},"73":{"name":"(anonymous_73)","decl":{"start":{"line":996,"column":35},"end":{"line":996,"column":36}},"loc":{"start":{"line":996,"column":40},"end":{"line":996,"column":80}}},"74":{"name":"(anonymous_74)","decl":{"start":{"line":1002,"column":2},"end":{"line":1002,"column":11}},"loc":{"start":{"line":1002,"column":32},"end":{"line":1005,"column":3}}},"75":{"name":"(anonymous_75)","decl":{"start":{"line":1010,"column":2},"end":{"line":1010,"column":11}},"loc":{"start":{"line":1010,"column":44},"end":{"line":1013,"column":3}}},"76":{"name":"(anonymous_76)","decl":{"start":{"line":1023,"column":2},"end":{"line":1023,"column":20}},"loc":{"start":{"line":1023,"column":20},"end":{"line":1039,"column":3}}},"77":{"name":"(anonymous_77)","decl":{"start":{"line":1047,"column":2},"end":{"line":1047,"column":13}},"loc":{"start":{"line":1047,"column":26},"end":{"line":1049,"column":3}}},"78":{"name":"(anonymous_78)","decl":{"start":{"line":1056,"column":2},"end":{"line":1056,"column":18}},"loc":{"start":{"line":1056,"column":18},"end":{"line":1066,"column":3}}},"79":{"name":"(anonymous_79)","decl":{"start":{"line":1057,"column":27},"end":{"line":1057,"column":28}},"loc":{"start":{"line":1057,"column":52},"end":{"line":1059,"column":5}}},"80":{"name":"(anonymous_80)","decl":{"start":{"line":1058,"column":47},"end":{"line":1058,"column":48}},"loc":{"start":{"line":1058,"column":52},"end":{"line":1058,"column":88}}},"81":{"name":"(anonymous_81)","decl":{"start":{"line":1074,"column":2},"end":{"line":1074,"column":13}},"loc":{"start":{"line":1074,"column":28},"end":{"line":1076,"column":3}}},"82":{"name":"(anonymous_82)","decl":{"start":{"line":1083,"column":2},"end":{"line":1083,"column":17}},"loc":{"start":{"line":1083,"column":32},"end":{"line":1093,"column":3}}}},"branchMap":{"0":{"loc":{"start":{"line":141,"column":4},"end":{"line":143,"column":5}},"type":"if","locations":[{"start":{"line":141,"column":4},"end":{"line":143,"column":5}},{"start":{},"end":{}}]},"1":{"loc":{"start":{"line":195,"column":2},"end":{"line":203,"column":3}},"type":"if","locations":[{"start":{"line":195,"column":2},"end":{"line":203,"column":3}},{"start":{},"end":{}}]},"2":{"loc":{"start":{"line":207,"column":2},"end":{"line":215,"column":3}},"type":"if","locations":[{"start":{"line":207,"column":2},"end":{"line":215,"column":3}},{"start":{},"end":{}}]},"3":{"loc":{"start":{"line":219,"column":2},"end":{"line":227,"column":3}},"type":"if","locations":[{"start":{"line":219,"column":2},"end":{"line":227,"column":3}},{"start":{},"end":{}}]},"4":{"loc":{"start":{"line":360,"column":2},"end":{"line":362,"column":3}},"type":"if","locations":[{"start":{"line":360,"column":2},"end":{"line":362,"column":3}},{"start":{},"end":{}}]},"5":{"loc":{"start":{"line":360,"column":6},"end":{"line":360,"column":45}},"type":"binary-expr","locations":[{"start":{"line":360,"column":6},"end":{"line":360,"column":18}},{"start":{"line":360,"column":22},"end":{"line":360,"column":45}}]},"6":{"loc":{"start":{"line":364,"column":2},"end":{"line":366,"column":3}},"type":"if","locations":[{"start":{"line":364,"column":2},"end":{"line":366,"column":3}},{"start":{},"end":{}}]},"7":{"loc":{"start":{"line":368,"column":2},"end":{"line":370,"column":3}},"type":"if","locations":[{"start":{"line":368,"column":2},"end":{"line":370,"column":3}},{"start":{},"end":{}}]},"8":{"loc":{"start":{"line":372,"column":2},"end":{"line":374,"column":3}},"type":"if","locations":[{"start":{"line":372,"column":2},"end":{"line":374,"column":3}},{"start":{},"end":{}}]},"9":{"loc":{"start":{"line":378,"column":4},"end":{"line":380,"column":5}},"type":"if","locations":[{"start":{"line":378,"column":4},"end":{"line":380,"column":5}},{"start":{},"end":{}}]},"10":{"loc":{"start":{"line":438,"column":4},"end":{"line":443,"column":5}},"type":"if","locations":[{"start":{"line":438,"column":4},"end":{"line":443,"column":5}},{"start":{"line":441,"column":11},"end":{"line":443,"column":5}}]},"11":{"loc":{"start":{"line":541,"column":23},"end":{"line":541,"column":50}},"type":"binary-expr","locations":[{"start":{"line":541,"column":23},"end":{"line":541,"column":44}},{"start":{"line":541,"column":48},"end":{"line":541,"column":50}}]},"12":{"loc":{"start":{"line":543,"column":29},"end":{"line":543,"column":55}},"type":"binary-expr","locations":[{"start":{"line":543,"column":29},"end":{"line":543,"column":49}},{"start":{"line":543,"column":53},"end":{"line":543,"column":55}}]},"13":{"loc":{"start":{"line":561,"column":4},"end":{"line":588,"column":5}},"type":"switch","locations":[{"start":{"line":562,"column":6},"end":{"line":564,"column":14}},{"start":{"line":565,"column":6},"end":{"line":567,"column":14}},{"start":{"line":568,"column":6},"end":{"line":570,"column":14}},{"start":{"line":571,"column":6},"end":{"line":573,"column":14}},{"start":{"line":574,"column":6},"end":{"line":576,"column":14}},{"start":{"line":577,"column":6},"end":{"line":579,"column":14}},{"start":{"line":580,"column":6},"end":{"line":582,"column":14}},{"start":{"line":583,"column":6},"end":{"line":585,"column":14}},{"start":{"line":586,"column":6},"end":{"line":587,"column":83}}]},"14":{"loc":{"start":{"line":605,"column":4},"end":{"line":605,"column":73}},"type":"if","locations":[{"start":{"line":605,"column":4},"end":{"line":605,"column":73}},{"start":{},"end":{}}]},"15":{"loc":{"start":{"line":612,"column":4},"end":{"line":614,"column":5}},"type":"if","locations":[{"start":{"line":612,"column":4},"end":{"line":614,"column":5}},{"start":{},"end":{}}]},"16":{"loc":{"start":{"line":612,"column":8},"end":{"line":612,"column":33}},"type":"binary-expr","locations":[{"start":{"line":612,"column":8},"end":{"line":612,"column":13}},{"start":{"line":612,"column":17},"end":{"line":612,"column":33}}]},"17":{"loc":{"start":{"line":618,"column":6},"end":{"line":618,"column":63}},"type":"cond-expr","locations":[{"start":{"line":618,"column":33},"end":{"line":618,"column":59}},{"start":{"line":618,"column":62},"end":{"line":618,"column":63}}]},"18":{"loc":{"start":{"line":648,"column":4},"end":{"line":648,"column":73}},"type":"if","locations":[{"start":{"line":648,"column":4},"end":{"line":648,"column":73}},{"start":{},"end":{}}]},"19":{"loc":{"start":{"line":665,"column":8},"end":{"line":665,"column":75}},"type":"cond-expr","locations":[{"start":{"line":665,"column":61},"end":{"line":665,"column":68}},{"start":{"line":665,"column":71},"end":{"line":665,"column":75}}]},"20":{"loc":{"start":{"line":665,"column":8},"end":{"line":665,"column":58}},"type":"binary-expr","locations":[{"start":{"line":665,"column":8},"end":{"line":665,"column":31}},{"start":{"line":665,"column":35},"end":{"line":665,"column":58}}]},"21":{"loc":{"start":{"line":677,"column":6},"end":{"line":677,"column":72}},"type":"cond-expr","locations":[{"start":{"line":677,"column":33},"end":{"line":677,"column":68}},{"start":{"line":677,"column":71},"end":{"line":677,"column":72}}]},"22":{"loc":{"start":{"line":720,"column":4},"end":{"line":720,"column":73}},"type":"if","locations":[{"start":{"line":720,"column":4},"end":{"line":720,"column":73}},{"start":{},"end":{}}]},"23":{"loc":{"start":{"line":740,"column":6},"end":{"line":740,"column":45}},"type":"if","locations":[{"start":{"line":740,"column":6},"end":{"line":740,"column":45}},{"start":{},"end":{}}]},"24":{"loc":{"start":{"line":742,"column":6},"end":{"line":746,"column":7}},"type":"if","locations":[{"start":{"line":742,"column":6},"end":{"line":746,"column":7}},{"start":{"line":744,"column":13},"end":{"line":746,"column":7}}]},"25":{"loc":{"start":{"line":744,"column":13},"end":{"line":746,"column":7}},"type":"if","locations":[{"start":{"line":744,"column":13},"end":{"line":746,"column":7}},{"start":{},"end":{}}]},"26":{"loc":{"start":{"line":752,"column":4},"end":{"line":757,"column":5}},"type":"if","locations":[{"start":{"line":752,"column":4},"end":{"line":757,"column":5}},{"start":{},"end":{}}]},"27":{"loc":{"start":{"line":784,"column":4},"end":{"line":784,"column":73}},"type":"if","locations":[{"start":{"line":784,"column":4},"end":{"line":784,"column":73}},{"start":{},"end":{}}]},"28":{"loc":{"start":{"line":787,"column":17},"end":{"line":788,"column":63}},"type":"binary-expr","locations":[{"start":{"line":787,"column":17},"end":{"line":787,"column":63}},{"start":{"line":788,"column":17},"end":{"line":788,"column":63}}]},"29":{"loc":{"start":{"line":790,"column":4},"end":{"line":790,"column":67}},"type":"if","locations":[{"start":{"line":790,"column":4},"end":{"line":790,"column":67}},{"start":{},"end":{}}]},"30":{"loc":{"start":{"line":791,"column":4},"end":{"line":793,"column":5}},"type":"if","locations":[{"start":{"line":791,"column":4},"end":{"line":793,"column":5}},{"start":{},"end":{}}]},"31":{"loc":{"start":{"line":797,"column":6},"end":{"line":799,"column":11}},"type":"cond-expr","locations":[{"start":{"line":798,"column":10},"end":{"line":798,"column":78}},{"start":{"line":799,"column":10},"end":{"line":799,"column":11}}]},"32":{"loc":{"start":{"line":825,"column":4},"end":{"line":825,"column":73}},"type":"if","locations":[{"start":{"line":825,"column":4},"end":{"line":825,"column":73}},{"start":{},"end":{}}]},"33":{"loc":{"start":{"line":835,"column":26},"end":{"line":837,"column":34}},"type":"cond-expr","locations":[{"start":{"line":836,"column":8},"end":{"line":836,"column":38}},{"start":{"line":837,"column":8},"end":{"line":837,"column":34}}]},"34":{"loc":{"start":{"line":852,"column":8},"end":{"line":854,"column":13}},"type":"cond-expr","locations":[{"start":{"line":853,"column":12},"end":{"line":853,"column":43}},{"start":{"line":854,"column":12},"end":{"line":854,"column":13}}]},"35":{"loc":{"start":{"line":872,"column":4},"end":{"line":872,"column":73}},"type":"if","locations":[{"start":{"line":872,"column":4},"end":{"line":872,"column":73}},{"start":{},"end":{}}]},"36":{"loc":{"start":{"line":878,"column":71},"end":{"line":878,"column":99}},"type":"cond-expr","locations":[{"start":{"line":878,"column":88},"end":{"line":878,"column":92}},{"start":{"line":878,"column":95},"end":{"line":878,"column":99}}]},"37":{"loc":{"start":{"line":887,"column":4},"end":{"line":887,"column":73}},"type":"if","locations":[{"start":{"line":887,"column":4},"end":{"line":887,"column":73}},{"start":{},"end":{}}]},"38":{"loc":{"start":{"line":891,"column":4},"end":{"line":901,"column":5}},"type":"if","locations":[{"start":{"line":891,"column":4},"end":{"line":901,"column":5}},{"start":{},"end":{}}]},"39":{"loc":{"start":{"line":907,"column":6},"end":{"line":909,"column":62}},"type":"cond-expr","locations":[{"start":{"line":908,"column":10},"end":{"line":908,"column":38}},{"start":{"line":909,"column":10},"end":{"line":909,"column":62}}]},"40":{"loc":{"start":{"line":918,"column":4},"end":{"line":918,"column":73}},"type":"if","locations":[{"start":{"line":918,"column":4},"end":{"line":918,"column":73}},{"start":{},"end":{}}]},"41":{"loc":{"start":{"line":944,"column":4},"end":{"line":944,"column":36}},"type":"if","locations":[{"start":{"line":944,"column":4},"end":{"line":944,"column":36}},{"start":{},"end":{}}]},"42":{"loc":{"start":{"line":966,"column":4},"end":{"line":966,"column":49}},"type":"if","locations":[{"start":{"line":966,"column":4},"end":{"line":966,"column":49}},{"start":{},"end":{}}]},"43":{"loc":{"start":{"line":1012,"column":11},"end":{"line":1012,"column":36}},"type":"binary-expr","locations":[{"start":{"line":1012,"column":11},"end":{"line":1012,"column":27}},{"start":{"line":1012,"column":31},"end":{"line":1012,"column":36}}]},"44":{"loc":{"start":{"line":1031,"column":10},"end":{"line":1033,"column":11}},"type":"if","locations":[{"start":{"line":1031,"column":10},"end":{"line":1033,"column":11}},{"start":{},"end":{}}]},"45":{"loc":{"start":{"line":1031,"column":14},"end":{"line":1031,"column":42}},"type":"binary-expr","locations":[{"start":{"line":1031,"column":14},"end":{"line":1031,"column":29}},{"start":{"line":1031,"column":33},"end":{"line":1031,"column":42}}]}},"s":{"0":2,"1":2,"2":2,"3":2,"4":2,"5":2,"6":2,"7":2,"8":2,"9":2,"10":2,"11":2,"12":2,"13":2,"14":2,"15":11,"16":11,"17":11,"18":11,"19":11,"20":220,"21":220,"22":11,"23":285,"24":285,"25":285,"26":285,"27":285,"28":285,"29":285,"30":0,"31":0,"32":0,"33":0,"34":0,"35":0,"36":0,"37":30,"38":30,"39":30,"40":285,"41":285,"42":30,"43":0,"44":5,"45":6,"46":6,"47":6,"48":6,"49":6,"50":2,"51":15,"52":15,"53":15,"54":225,"55":225,"56":225,"57":3375,"58":225,"59":15,"60":5,"61":5,"62":5,"63":230,"64":5,"65":5,"66":5,"67":5,"68":5,"69":5,"70":5,"71":5,"72":5,"73":5,"74":5,"75":5,"76":5,"77":60,"78":5,"79":50,"80":5,"81":90,"82":5,"83":30,"84":5,"85":20,"86":20,"87":20,"88":5,"89":15,"90":5,"91":15,"92":5,"93":5,"94":5,"95":112426,"96":96755,"97":15671,"98":26,"99":15645,"100":0,"101":15645,"102":2125,"103":16353,"104":13520,"105":13520,"106":96055,"107":96055,"108":13520,"109":0,"110":0,"111":15,"112":0,"113":0,"114":6,"115":6,"116":6,"117":0,"118":5,"119":5,"120":5,"121":5,"122":5,"123":5,"124":15,"125":5,"126":15,"127":5,"128":5,"129":5,"130":5,"131":5,"132":5,"133":5,"134":7,"135":1,"136":1,"137":1,"138":1,"139":1,"140":1,"141":0,"142":0,"143":0,"144":0,"145":0,"146":0,"147":0,"148":0,"149":0,"150":0,"151":0,"152":0,"153":0,"154":0,"155":0,"156":0,"157":0,"158":0,"159":0,"160":0,"161":0,"162":0,"163":0,"164":0,"165":0,"166":0,"167":0,"168":0,"169":0,"170":0,"171":0,"172":0,"173":0,"174":0,"175":0,"176":0,"177":0,"178":0,"179":0,"180":0,"181":0,"182":0,"183":0,"184":0,"185":0,"186":0,"187":0,"188":0,"189":0,"190":0,"191":0,"192":0,"193":0,"194":0,"195":0,"196":0,"197":0,"198":0,"199":0,"200":0,"201":0,"202":0,"203":0,"204":0,"205":0,"206":0,"207":0,"208":0,"209":0,"210":0,"211":0,"212":0,"213":0,"214":0,"215":0,"216":0,"217":0,"218":0,"219":0,"220":0,"221":0,"222":0,"223":0,"224":0,"225":0,"226":0,"227":0,"228":0,"229":0,"230":0,"231":0,"232":0,"233":0,"234":0,"235":0,"236":0,"237":0,"238":0,"239":0,"240":0,"241":0,"242":0,"243":0,"244":0,"245":0,"246":0,"247":0,"248":0,"249":0,"250":0,"251":0,"252":0,"253":0,"254":0,"255":0,"256":0,"257":0,"258":0,"259":0,"260":0,"261":0,"262":0,"263":0,"264":0,"265":0,"266":0,"267":0,"268":0,"269":0,"270":0,"271":0,"272":0,"273":0,"274":0,"275":0,"276":0,"277":0,"278":0,"279":0,"280":0,"281":0,"282":0,"283":0,"284":0,"285":0,"286":0,"287":0,"288":0,"289":0,"290":0,"291":0,"292":0,"293":0,"294":0,"295":0,"296":0,"297":0,"298":0,"299":0,"300":0,"301":0,"302":0,"303":0,"304":0,"305":0,"306":0,"307":0,"308":0,"309":0,"310":0,"311":0,"312":0,"313":0,"314":0,"315":0,"316":0,"317":0,"318":2,"319":2},"f":{"0":11,"1":285,"2":285,"3":0,"4":0,"5":30,"6":0,"7":5,"8":6,"9":15,"10":5,"11":5,"12":230,"13":5,"14":60,"15":50,"16":90,"17":30,"18":20,"19":20,"20":20,"21":5,"22":15,"23":15,"24":5,"25":5,"26":5,"27":112426,"28":16353,"29":0,"30":0,"31":15,"32":0,"33":6,"34":5,"35":15,"36":15,"37":7,"38":1,"39":1,"40":0,"41":0,"42":0,"43":0,"44":0,"45":0,"46":0,"47":0,"48":0,"49":0,"50":0,"51":0,"52":0,"53":0,"54":0,"55":0,"56":0,"57":0,"58":0,"59":0,"60":0,"61":0,"62":0,"63":0,"64":0,"65":0,"66":0,"67":0,"68":0,"69":0,"70":0,"71":0,"72":0,"73":0,"74":0,"75":0,"76":0,"77":0,"78":0,"79":0,"80":0,"81":0,"82":0},"b":{"0":[6,0],"1":[5,0],"2":[5,0],"3":[5,0],"4":[96755,15671],"5":[112426,99912],"6":[26,15645],"7":[0,15645],"8":[2125,13520],"9":[96055,0],"10":[6,0],"11":[1,0],"12":[1,0],"13":[0,0,0,0,0,0,0,0,0],"14":[0,0],"15":[0,0],"16":[0,0],"17":[0,0],"18":[0,0],"19":[0,0],"20":[0,0],"21":[0,0],"22":[0,0],"23":[0,0],"24":[0,0],"25":[0,0],"26":[0,0],"27":[0,0],"28":[0,0],"29":[0,0],"30":[0,0],"31":[0,0],"32":[0,0],"33":[0,0],"34":[0,0],"35":[0,0],"36":[0,0],"37":[0,0],"38":[0,0],"39":[0,0],"40":[0,0],"41":[0,0],"42":[0,0],"43":[0,0],"44":[0,0],"45":[0,0]}}
,"/home/csiesheep/.openclaw/boardgame-betrayal/packages/game-engine/src/rules/movement.ts": {"path":"/home/csiesheep/.openclaw/boardgame-betrayal/packages/game-engine/src/rules/movement.ts","statementMap":{"0":{"start":{"line":15,"column":0},"end":{"line":15,"column":null}},"1":{"start":{"line":29,"column":0},"end":{"line":29,"column":37}},"2":{"start":{"line":80,"column":13},"end":{"line":80,"column":36}},"3":{"start":{"line":83,"column":13},"end":{"line":83,"column":36}},"4":{"start":{"line":86,"column":13},"end":{"line":86,"column":38}},"5":{"start":{"line":110,"column":4},"end":{"line":112,"column":5}},"6":{"start":{"line":111,"column":6},"end":{"line":111,"column":54}},"7":{"start":{"line":115,"column":4},"end":{"line":117,"column":5}},"8":{"start":{"line":116,"column":6},"end":{"line":116,"column":55}},"9":{"start":{"line":121,"column":4},"end":{"line":123,"column":5}},"10":{"start":{"line":122,"column":6},"end":{"line":122,"column":77}},"11":{"start":{"line":125,"column":19},"end":{"line":125,"column":61}},"12":{"start":{"line":125,"column":43},"end":{"line":125,"column":60}},"13":{"start":{"line":126,"column":4},"end":{"line":128,"column":5}},"14":{"start":{"line":127,"column":6},"end":{"line":127,"column":57}},"15":{"start":{"line":131,"column":23},"end":{"line":131,"column":61}},"16":{"start":{"line":132,"column":4},"end":{"line":134,"column":5}},"17":{"start":{"line":133,"column":6},"end":{"line":133,"column":64}},"18":{"start":{"line":138,"column":4},"end":{"line":140,"column":5}},"19":{"start":{"line":139,"column":6},"end":{"line":139,"column":73}},"20":{"start":{"line":143,"column":4},"end":{"line":145,"column":5}},"21":{"start":{"line":144,"column":6},"end":{"line":144,"column":67}},"22":{"start":{"line":148,"column":17},"end":{"line":148,"column":32}},"23":{"start":{"line":149,"column":4},"end":{"line":151,"column":5}},"24":{"start":{"line":150,"column":6},"end":{"line":150,"column":72}},"25":{"start":{"line":154,"column":21},"end":{"line":154,"column":61}},"26":{"start":{"line":155,"column":4},"end":{"line":157,"column":5}},"27":{"start":{"line":156,"column":6},"end":{"line":156,"column":65}},"28":{"start":{"line":159,"column":22},"end":{"line":159,"column":62}},"29":{"start":{"line":160,"column":4},"end":{"line":162,"column":5}},"30":{"start":{"line":161,"column":6},"end":{"line":161,"column":67}},"31":{"start":{"line":165,"column":4},"end":{"line":167,"column":5}},"32":{"start":{"line":166,"column":6},"end":{"line":166,"column":77}},"33":{"start":{"line":170,"column":17},"end":{"line":170,"column":80}},"34":{"start":{"line":171,"column":4},"end":{"line":173,"column":5}},"35":{"start":{"line":172,"column":6},"end":{"line":172,"column":56}},"36":{"start":{"line":177,"column":4},"end":{"line":179,"column":5}},"37":{"start":{"line":178,"column":6},"end":{"line":178,"column":67}},"38":{"start":{"line":181,"column":4},"end":{"line":181,"column":33}},"39":{"start":{"line":189,"column":4},"end":{"line":191,"column":5}},"40":{"start":{"line":190,"column":6},"end":{"line":190,"column":19}},"41":{"start":{"line":193,"column":15},"end":{"line":193,"column":38}},"42":{"start":{"line":194,"column":15},"end":{"line":194,"column":38}},"43":{"start":{"line":197,"column":4},"end":{"line":197,"column":60}},"44":{"start":{"line":204,"column":15},"end":{"line":204,"column":28}},"45":{"start":{"line":205,"column":15},"end":{"line":205,"column":28}},"46":{"start":{"line":207,"column":4},"end":{"line":207,"column":44}},"47":{"start":{"line":207,"column":30},"end":{"line":207,"column":44}},"48":{"start":{"line":208,"column":4},"end":{"line":208,"column":45}},"49":{"start":{"line":208,"column":31},"end":{"line":208,"column":45}},"50":{"start":{"line":209,"column":4},"end":{"line":209,"column":45}},"51":{"start":{"line":209,"column":30},"end":{"line":209,"column":45}},"52":{"start":{"line":210,"column":4},"end":{"line":210,"column":46}},"53":{"start":{"line":210,"column":31},"end":{"line":210,"column":46}},"54":{"start":{"line":212,"column":4},"end":{"line":212,"column":16}},"55":{"start":{"line":223,"column":30},"end":{"line":223,"column":59}},"56":{"start":{"line":226,"column":24},"end":{"line":226,"column":58}},"57":{"start":{"line":229,"column":22},"end":{"line":229,"column":62}},"58":{"start":{"line":231,"column":4},"end":{"line":231,"column":36}},"59":{"start":{"line":245,"column":21},"end":{"line":245,"column":74}},"60":{"start":{"line":246,"column":4},"end":{"line":251,"column":5}},"61":{"start":{"line":247,"column":6},"end":{"line":249,"column":7}},"62":{"start":{"line":248,"column":8},"end":{"line":248,"column":29}},"63":{"start":{"line":250,"column":6},"end":{"line":250,"column":31}},"64":{"start":{"line":253,"column":4},"end":{"line":253,"column":30}},"65":{"start":{"line":267,"column":4},"end":{"line":267,"column":16}},"66":{"start":{"line":274,"column":21},"end":{"line":274,"column":46}},"67":{"start":{"line":275,"column":4},"end":{"line":275,"column":36}},"68":{"start":{"line":275,"column":19},"end":{"line":275,"column":36}},"69":{"start":{"line":276,"column":4},"end":{"line":276,"column":46}},"70":{"start":{"line":283,"column":21},"end":{"line":283,"column":46}},"71":{"start":{"line":284,"column":4},"end":{"line":284,"column":32}},"72":{"start":{"line":284,"column":19},"end":{"line":284,"column":32}},"73":{"start":{"line":285,"column":4},"end":{"line":286,"column":62}},"74":{"start":{"line":94,"column":0},"end":{"line":94,"column":13}},"75":{"start":{"line":306,"column":23},"end":{"line":309,"column":null}},"76":{"start":{"line":312,"column":4},"end":{"line":314,"column":5}},"77":{"start":{"line":313,"column":6},"end":{"line":313,"column":57}},"78":{"start":{"line":316,"column":19},"end":{"line":316,"column":69}},"79":{"start":{"line":316,"column":43},"end":{"line":316,"column":67}},"80":{"start":{"line":317,"column":17},"end":{"line":317,"column":54}},"81":{"start":{"line":320,"column":27},"end":{"line":323,"column":null}},"82":{"start":{"line":321,"column":6},"end":{"line":323,"column":11}},"83":{"start":{"line":327,"column":30},"end":{"line":327,"column":62}},"84":{"start":{"line":329,"column":30},"end":{"line":336,"column":6}},"85":{"start":{"line":338,"column":4},"end":{"line":342,"column":6}},"86":{"start":{"line":363,"column":4},"end":{"line":365,"column":5}},"87":{"start":{"line":364,"column":6},"end":{"line":364,"column":56}},"88":{"start":{"line":368,"column":4},"end":{"line":370,"column":5}},"89":{"start":{"line":369,"column":6},"end":{"line":369,"column":78}},"90":{"start":{"line":372,"column":19},"end":{"line":372,"column":61}},"91":{"start":{"line":372,"column":43},"end":{"line":372,"column":60}},"92":{"start":{"line":373,"column":4},"end":{"line":375,"column":5}},"93":{"start":{"line":374,"column":6},"end":{"line":374,"column":59}},"94":{"start":{"line":378,"column":23},"end":{"line":378,"column":38}},"95":{"start":{"line":379,"column":18},"end":{"line":379,"column":45}},"96":{"start":{"line":380,"column":31},"end":{"line":384,"column":6}},"97":{"start":{"line":387,"column":4},"end":{"line":389,"column":5}},"98":{"start":{"line":388,"column":6},"end":{"line":388,"column":72}},"99":{"start":{"line":392,"column":25},"end":{"line":392,"column":67}},"100":{"start":{"line":393,"column":4},"end":{"line":395,"column":5}},"101":{"start":{"line":394,"column":6},"end":{"line":394,"column":68}},"102":{"start":{"line":398,"column":4},"end":{"line":400,"column":5}},"103":{"start":{"line":399,"column":6},"end":{"line":399,"column":69}},"104":{"start":{"line":403,"column":26},"end":{"line":411,"column":6}},"105":{"start":{"line":414,"column":21},"end":{"line":414,"column":44}},"106":{"start":{"line":415,"column":24},"end":{"line":418,"column":null}},"107":{"start":{"line":416,"column":6},"end":{"line":417,"column":null}},"108":{"start":{"line":417,"column":8},"end":{"line":417,"column":57}},"109":{"start":{"line":422,"column":27},"end":{"line":423,"column":null}},"110":{"start":{"line":423,"column":6},"end":{"line":423,"column":56}},"111":{"start":{"line":427,"column":32},"end":{"line":441,"column":6}},"112":{"start":{"line":443,"column":4},"end":{"line":443,"column":39}},"113":{"start":{"line":296,"column":0},"end":{"line":296,"column":13}},"114":{"start":{"line":471,"column":23},"end":{"line":471,"column":61}},"115":{"start":{"line":472,"column":4},"end":{"line":474,"column":5}},"116":{"start":{"line":473,"column":6},"end":{"line":473,"column":86}},"117":{"start":{"line":477,"column":75},"end":{"line":479,"column":6}},"118":{"start":{"line":480,"column":20},"end":{"line":480,"column":37}},"119":{"start":{"line":481,"column":4},"end":{"line":481,"column":53}},"120":{"start":{"line":483,"column":4},"end":{"line":527,"column":5}},"121":{"start":{"line":484,"column":22},"end":{"line":484,"column":36}},"122":{"start":{"line":487,"column":6},"end":{"line":493,"column":7}},"123":{"start":{"line":488,"column":8},"end":{"line":492,"column":10}},"124":{"start":{"line":496,"column":38},"end":{"line":496,"column":72}},"125":{"start":{"line":497,"column":6},"end":{"line":526,"column":7}},"126":{"start":{"line":498,"column":22},"end":{"line":498,"column":43}},"127":{"start":{"line":499,"column":36},"end":{"line":503,"column":10}},"128":{"start":{"line":505,"column":23},"end":{"line":505,"column":67}},"129":{"start":{"line":506,"column":8},"end":{"line":506,"column":42}},"130":{"start":{"line":506,"column":33},"end":{"line":506,"column":42}},"131":{"start":{"line":509,"column":27},"end":{"line":512,"column":null}},"132":{"start":{"line":515,"column":8},"end":{"line":515,"column":40}},"133":{"start":{"line":515,"column":31},"end":{"line":515,"column":40}},"134":{"start":{"line":517,"column":24},"end":{"line":517,"column":61}},"135":{"start":{"line":518,"column":8},"end":{"line":518,"column":40}},"136":{"start":{"line":518,"column":31},"end":{"line":518,"column":40}},"137":{"start":{"line":520,"column":8},"end":{"line":520,"column":28}},"138":{"start":{"line":521,"column":8},"end":{"line":525,"column":11}},"139":{"start":{"line":529,"column":4},"end":{"line":529,"column":76}},"140":{"start":{"line":544,"column":19},"end":{"line":544,"column":61}},"141":{"start":{"line":544,"column":43},"end":{"line":544,"column":60}},"142":{"start":{"line":545,"column":4},"end":{"line":545,"column":27}},"143":{"start":{"line":545,"column":17},"end":{"line":545,"column":27}},"144":{"start":{"line":547,"column":20},"end":{"line":547,"column":45}},"145":{"start":{"line":548,"column":36},"end":{"line":548,"column":38}},"146":{"start":{"line":549,"column":20},"end":{"line":549,"column":37}},"147":{"start":{"line":551,"column":55},"end":{"line":553,"column":6}},"148":{"start":{"line":554,"column":4},"end":{"line":554,"column":86}},"149":{"start":{"line":557,"column":22},"end":{"line":557,"column":73}},"150":{"start":{"line":558,"column":4},"end":{"line":558,"column":49}},"151":{"start":{"line":558,"column":39},"end":{"line":558,"column":49}},"152":{"start":{"line":560,"column":4},"end":{"line":603,"column":5}},"153":{"start":{"line":561,"column":22},"end":{"line":561,"column":36}},"154":{"start":{"line":562,"column":26},"end":{"line":562,"column":73}},"155":{"start":{"line":563,"column":6},"end":{"line":563,"column":54}},"156":{"start":{"line":563,"column":45},"end":{"line":563,"column":54}},"157":{"start":{"line":565,"column":38},"end":{"line":565,"column":72}},"158":{"start":{"line":566,"column":6},"end":{"line":602,"column":7}},"159":{"start":{"line":568,"column":8},"end":{"line":568,"column":60}},"160":{"start":{"line":568,"column":51},"end":{"line":568,"column":60}},"161":{"start":{"line":570,"column":22},"end":{"line":570,"column":43}},"162":{"start":{"line":571,"column":36},"end":{"line":575,"column":10}},"163":{"start":{"line":577,"column":23},"end":{"line":577,"column":67}},"164":{"start":{"line":578,"column":8},"end":{"line":578,"column":42}},"165":{"start":{"line":578,"column":33},"end":{"line":578,"column":42}},"166":{"start":{"line":581,"column":27},"end":{"line":581,"column":70}},"167":{"start":{"line":582,"column":8},"end":{"line":582,"column":80}},"168":{"start":{"line":582,"column":71},"end":{"line":582,"column":80}},"169":{"start":{"line":585,"column":28},"end":{"line":585,"column":51}},"170":{"start":{"line":586,"column":8},"end":{"line":586,"column":67}},"171":{"start":{"line":586,"column":58},"end":{"line":586,"column":67}},"172":{"start":{"line":589,"column":25},"end":{"line":589,"column":79}},"173":{"start":{"line":590,"column":23},"end":{"line":590,"column":41}},"174":{"start":{"line":591,"column":8},"end":{"line":594,"column":9}},"175":{"start":{"line":592,"column":10},"end":{"line":592,"column":42}},"176":{"start":{"line":592,"column":33},"end":{"line":592,"column":42}},"177":{"start":{"line":593,"column":10},"end":{"line":593,"column":39}},"178":{"start":{"line":596,"column":24},"end":{"line":596,"column":47}},"179":{"start":{"line":597,"column":8},"end":{"line":597,"column":40}},"180":{"start":{"line":597,"column":31},"end":{"line":597,"column":40}},"181":{"start":{"line":599,"column":8},"end":{"line":599,"column":28}},"182":{"start":{"line":600,"column":8},"end":{"line":600,"column":32}},"183":{"start":{"line":601,"column":8},"end":{"line":601,"column":52}},"184":{"start":{"line":605,"column":4},"end":{"line":605,"column":21}},"185":{"start":{"line":619,"column":19},"end":{"line":619,"column":61}},"186":{"start":{"line":619,"column":43},"end":{"line":619,"column":60}},"187":{"start":{"line":620,"column":4},"end":{"line":620,"column":27}},"188":{"start":{"line":620,"column":17},"end":{"line":620,"column":27}},"189":{"start":{"line":623,"column":4},"end":{"line":623,"column":48}},"190":{"start":{"line":623,"column":38},"end":{"line":623,"column":48}},"191":{"start":{"line":626,"column":4},"end":{"line":626,"column":49}},"192":{"start":{"line":626,"column":39},"end":{"line":626,"column":49}},"193":{"start":{"line":628,"column":24},"end":{"line":628,"column":75}},"194":{"start":{"line":629,"column":4},"end":{"line":629,"column":53}},"195":{"start":{"line":629,"column":43},"end":{"line":629,"column":53}},"196":{"start":{"line":631,"column":38},"end":{"line":631,"column":40}},"197":{"start":{"line":632,"column":36},"end":{"line":632,"column":70}},"198":{"start":{"line":634,"column":4},"end":{"line":656,"column":5}},"199":{"start":{"line":636,"column":6},"end":{"line":636,"column":58}},"200":{"start":{"line":636,"column":49},"end":{"line":636,"column":58}},"201":{"start":{"line":639,"column":20},"end":{"line":639,"column":41}},"202":{"start":{"line":640,"column":33},"end":{"line":644,"column":8}},"203":{"start":{"line":647,"column":6},"end":{"line":647,"column":70}},"204":{"start":{"line":647,"column":61},"end":{"line":647,"column":70}},"205":{"start":{"line":650,"column":27},"end":{"line":650,"column":69}},"206":{"start":{"line":651,"column":6},"end":{"line":651,"column":54}},"207":{"start":{"line":651,"column":45},"end":{"line":651,"column":54}},"208":{"start":{"line":655,"column":6},"end":{"line":655,"column":29}},"209":{"start":{"line":658,"column":4},"end":{"line":658,"column":24}},"210":{"start":{"line":453,"column":0},"end":{"line":453,"column":13}},"211":{"start":{"line":669,"column":10},"end":{"line":669,"column":55}},"212":{"start":{"line":675,"column":4},"end":{"line":675,"column":72}},"213":{"start":{"line":682,"column":16},"end":{"line":682,"column":78}},"214":{"start":{"line":683,"column":4},"end":{"line":683,"column":38}},"215":{"start":{"line":690,"column":16},"end":{"line":690,"column":60}},"216":{"start":{"line":691,"column":4},"end":{"line":691,"column":31}},"217":{"start":{"line":698,"column":16},"end":{"line":698,"column":60}},"218":{"start":{"line":699,"column":4},"end":{"line":699,"column":35}},"219":{"start":{"line":706,"column":4},"end":{"line":706,"column":76}},"220":{"start":{"line":713,"column":4},"end":{"line":720,"column":6}},"221":{"start":{"line":727,"column":4},"end":{"line":734,"column":6}},"222":{"start":{"line":741,"column":4},"end":{"line":748,"column":6}},"223":{"start":{"line":668,"column":0},"end":{"line":668,"column":13}},"224":{"start":{"line":754,"column":0},"end":{"line":754,"column":33}}},"fnMap":{"0":{"name":"(anonymous_0)","decl":{"start":{"line":104,"column":2},"end":{"line":104,"column":8}},"loc":{"start":{"line":107,"column":18},"end":{"line":182,"column":3}}},"1":{"name":"(anonymous_1)","decl":{"start":{"line":125,"column":38},"end":{"line":125,"column":39}},"loc":{"start":{"line":125,"column":43},"end":{"line":125,"column":60}}},"2":{"name":"(anonymous_2)","decl":{"start":{"line":187,"column":2},"end":{"line":187,"column":8}},"loc":{"start":{"line":187,"column":52},"end":{"line":198,"column":3}}},"3":{"name":"(anonymous_3)","decl":{"start":{"line":203,"column":2},"end":{"line":203,"column":8}},"loc":{"start":{"line":203,"column":54},"end":{"line":213,"column":3}}},"4":{"name":"(anonymous_4)","decl":{"start":{"line":218,"column":2},"end":{"line":218,"column":8}},"loc":{"start":{"line":221,"column":24},"end":{"line":232,"column":3}}},"5":{"name":"(anonymous_5)","decl":{"start":{"line":238,"column":2},"end":{"line":238,"column":8}},"loc":{"start":{"line":242,"column":24},"end":{"line":254,"column":3}}},"6":{"name":"(anonymous_6)","decl":{"start":{"line":260,"column":2},"end":{"line":260,"column":8}},"loc":{"start":{"line":263,"column":24},"end":{"line":268,"column":3}}},"7":{"name":"(anonymous_7)","decl":{"start":{"line":273,"column":2},"end":{"line":273,"column":8}},"loc":{"start":{"line":273,"column":57},"end":{"line":277,"column":3}}},"8":{"name":"(anonymous_8)","decl":{"start":{"line":282,"column":2},"end":{"line":282,"column":8}},"loc":{"start":{"line":282,"column":63},"end":{"line":287,"column":3}}},"9":{"name":"(anonymous_9)","decl":{"start":{"line":305,"column":2},"end":{"line":305,"column":8}},"loc":{"start":{"line":305,"column":57},"end":{"line":343,"column":3}}},"10":{"name":"(anonymous_10)","decl":{"start":{"line":316,"column":38},"end":{"line":316,"column":39}},"loc":{"start":{"line":316,"column":43},"end":{"line":316,"column":67}}},"11":{"name":"(anonymous_11)","decl":{"start":{"line":320,"column":45},"end":{"line":320,"column":46}},"loc":{"start":{"line":321,"column":6},"end":{"line":323,"column":11}}},"12":{"name":"(anonymous_12)","decl":{"start":{"line":355,"column":2},"end":{"line":355,"column":8}},"loc":{"start":{"line":360,"column":36},"end":{"line":444,"column":3}}},"13":{"name":"(anonymous_13)","decl":{"start":{"line":372,"column":38},"end":{"line":372,"column":39}},"loc":{"start":{"line":372,"column":43},"end":{"line":372,"column":60}}},"14":{"name":"(anonymous_14)","decl":{"start":{"line":415,"column":37},"end":{"line":415,"column":38}},"loc":{"start":{"line":416,"column":6},"end":{"line":417,"column":null}}},"15":{"name":"(anonymous_15)","decl":{"start":{"line":416,"column":14},"end":{"line":416,"column":15}},"loc":{"start":{"line":417,"column":8},"end":{"line":417,"column":57}}},"16":{"name":"(anonymous_16)","decl":{"start":{"line":422,"column":45},"end":{"line":422,"column":46}},"loc":{"start":{"line":423,"column":6},"end":{"line":423,"column":56}}},"17":{"name":"(anonymous_17)","decl":{"start":{"line":464,"column":2},"end":{"line":464,"column":8}},"loc":{"start":{"line":468,"column":19},"end":{"line":530,"column":3}}},"18":{"name":"(anonymous_18)","decl":{"start":{"line":540,"column":2},"end":{"line":540,"column":8}},"loc":{"start":{"line":542,"column":20},"end":{"line":606,"column":3}}},"19":{"name":"(anonymous_19)","decl":{"start":{"line":544,"column":38},"end":{"line":544,"column":39}},"loc":{"start":{"line":544,"column":43},"end":{"line":544,"column":60}}},"20":{"name":"(anonymous_20)","decl":{"start":{"line":615,"column":2},"end":{"line":615,"column":8}},"loc":{"start":{"line":617,"column":20},"end":{"line":659,"column":3}}},"21":{"name":"(anonymous_21)","decl":{"start":{"line":619,"column":38},"end":{"line":619,"column":39}},"loc":{"start":{"line":619,"column":43},"end":{"line":619,"column":60}}},"22":{"name":"(anonymous_22)","decl":{"start":{"line":668,"column":0},"end":{"line":668,"column":13}},"loc":{"start":{"line":668,"column":0},"end":{"line":750,"column":1}}},"23":{"name":"(anonymous_23)","decl":{"start":{"line":674,"column":10},"end":{"line":674,"column":16}},"loc":{"start":{"line":674,"column":67},"end":{"line":676,"column":3}}},"24":{"name":"(anonymous_24)","decl":{"start":{"line":681,"column":2},"end":{"line":681,"column":13}},"loc":{"start":{"line":681,"column":32},"end":{"line":684,"column":3}}},"25":{"name":"(anonymous_25)","decl":{"start":{"line":689,"column":2},"end":{"line":689,"column":16}},"loc":{"start":{"line":689,"column":59},"end":{"line":692,"column":3}}},"26":{"name":"(anonymous_26)","decl":{"start":{"line":697,"column":2},"end":{"line":697,"column":13}},"loc":{"start":{"line":697,"column":56},"end":{"line":700,"column":3}}},"27":{"name":"(anonymous_27)","decl":{"start":{"line":705,"column":2},"end":{"line":705,"column":13}},"loc":{"start":{"line":705,"column":56},"end":{"line":707,"column":3}}},"28":{"name":"(anonymous_28)","decl":{"start":{"line":712,"column":2},"end":{"line":712,"column":8}},"loc":{"start":{"line":712,"column":68},"end":{"line":721,"column":3}}},"29":{"name":"(anonymous_29)","decl":{"start":{"line":726,"column":2},"end":{"line":726,"column":8}},"loc":{"start":{"line":726,"column":74},"end":{"line":735,"column":3}}},"30":{"name":"(anonymous_30)","decl":{"start":{"line":740,"column":2},"end":{"line":740,"column":8}},"loc":{"start":{"line":740,"column":74},"end":{"line":749,"column":3}}}},"branchMap":{"0":{"loc":{"start":{"line":110,"column":4},"end":{"line":112,"column":5}},"type":"if","locations":[{"start":{"line":110,"column":4},"end":{"line":112,"column":5}},{"start":{},"end":{}}]},"1":{"loc":{"start":{"line":115,"column":4},"end":{"line":117,"column":5}},"type":"if","locations":[{"start":{"line":115,"column":4},"end":{"line":117,"column":5}},{"start":{},"end":{}}]},"2":{"loc":{"start":{"line":121,"column":4},"end":{"line":123,"column":5}},"type":"if","locations":[{"start":{"line":121,"column":4},"end":{"line":123,"column":5}},{"start":{},"end":{}}]},"3":{"loc":{"start":{"line":126,"column":4},"end":{"line":128,"column":5}},"type":"if","locations":[{"start":{"line":126,"column":4},"end":{"line":128,"column":5}},{"start":{},"end":{}}]},"4":{"loc":{"start":{"line":132,"column":4},"end":{"line":134,"column":5}},"type":"if","locations":[{"start":{"line":132,"column":4},"end":{"line":134,"column":5}},{"start":{},"end":{}}]},"5":{"loc":{"start":{"line":138,"column":4},"end":{"line":140,"column":5}},"type":"if","locations":[{"start":{"line":138,"column":4},"end":{"line":140,"column":5}},{"start":{},"end":{}}]},"6":{"loc":{"start":{"line":143,"column":4},"end":{"line":145,"column":5}},"type":"if","locations":[{"start":{"line":143,"column":4},"end":{"line":145,"column":5}},{"start":{},"end":{}}]},"7":{"loc":{"start":{"line":149,"column":4},"end":{"line":151,"column":5}},"type":"if","locations":[{"start":{"line":149,"column":4},"end":{"line":151,"column":5}},{"start":{},"end":{}}]},"8":{"loc":{"start":{"line":155,"column":4},"end":{"line":157,"column":5}},"type":"if","locations":[{"start":{"line":155,"column":4},"end":{"line":157,"column":5}},{"start":{},"end":{}}]},"9":{"loc":{"start":{"line":155,"column":8},"end":{"line":155,"column":35}},"type":"binary-expr","locations":[{"start":{"line":155,"column":8},"end":{"line":155,"column":17}},{"start":{"line":155,"column":21},"end":{"line":155,"column":35}}]},"10":{"loc":{"start":{"line":160,"column":4},"end":{"line":162,"column":5}},"type":"if","locations":[{"start":{"line":160,"column":4},"end":{"line":162,"column":5}},{"start":{},"end":{}}]},"11":{"loc":{"start":{"line":165,"column":4},"end":{"line":167,"column":5}},"type":"if","locations":[{"start":{"line":165,"column":4},"end":{"line":167,"column":5}},{"start":{},"end":{}}]},"12":{"loc":{"start":{"line":171,"column":4},"end":{"line":173,"column":5}},"type":"if","locations":[{"start":{"line":171,"column":4},"end":{"line":173,"column":5}},{"start":{},"end":{}}]},"13":{"loc":{"start":{"line":177,"column":4},"end":{"line":179,"column":5}},"type":"if","locations":[{"start":{"line":177,"column":4},"end":{"line":179,"column":5}},{"start":{},"end":{}}]},"14":{"loc":{"start":{"line":189,"column":4},"end":{"line":191,"column":5}},"type":"if","locations":[{"start":{"line":189,"column":4},"end":{"line":191,"column":5}},{"start":{},"end":{}}]},"15":{"loc":{"start":{"line":197,"column":11},"end":{"line":197,"column":59}},"type":"binary-expr","locations":[{"start":{"line":197,"column":12},"end":{"line":197,"column":20}},{"start":{"line":197,"column":24},"end":{"line":197,"column":32}},{"start":{"line":197,"column":38},"end":{"line":197,"column":46}},{"start":{"line":197,"column":50},"end":{"line":197,"column":58}}]},"16":{"loc":{"start":{"line":207,"column":4},"end":{"line":207,"column":44}},"type":"if","locations":[{"start":{"line":207,"column":4},"end":{"line":207,"column":44}},{"start":{},"end":{}}]},"17":{"loc":{"start":{"line":207,"column":8},"end":{"line":207,"column":28}},"type":"binary-expr","locations":[{"start":{"line":207,"column":8},"end":{"line":207,"column":16}},{"start":{"line":207,"column":20},"end":{"line":207,"column":28}}]},"18":{"loc":{"start":{"line":208,"column":4},"end":{"line":208,"column":45}},"type":"if","locations":[{"start":{"line":208,"column":4},"end":{"line":208,"column":45}},{"start":{},"end":{}}]},"19":{"loc":{"start":{"line":208,"column":8},"end":{"line":208,"column":29}},"type":"binary-expr","locations":[{"start":{"line":208,"column":8},"end":{"line":208,"column":17}},{"start":{"line":208,"column":21},"end":{"line":208,"column":29}}]},"20":{"loc":{"start":{"line":209,"column":4},"end":{"line":209,"column":45}},"type":"if","locations":[{"start":{"line":209,"column":4},"end":{"line":209,"column":45}},{"start":{},"end":{}}]},"21":{"loc":{"start":{"line":209,"column":8},"end":{"line":209,"column":28}},"type":"binary-expr","locations":[{"start":{"line":209,"column":8},"end":{"line":209,"column":16}},{"start":{"line":209,"column":20},"end":{"line":209,"column":28}}]},"22":{"loc":{"start":{"line":210,"column":4},"end":{"line":210,"column":46}},"type":"if","locations":[{"start":{"line":210,"column":4},"end":{"line":210,"column":46}},{"start":{},"end":{}}]},"23":{"loc":{"start":{"line":210,"column":8},"end":{"line":210,"column":29}},"type":"binary-expr","locations":[{"start":{"line":210,"column":8},"end":{"line":210,"column":16}},{"start":{"line":210,"column":20},"end":{"line":210,"column":29}}]},"24":{"loc":{"start":{"line":231,"column":11},"end":{"line":231,"column":35}},"type":"binary-expr","locations":[{"start":{"line":231,"column":11},"end":{"line":231,"column":22}},{"start":{"line":231,"column":26},"end":{"line":231,"column":35}}]},"25":{"loc":{"start":{"line":246,"column":4},"end":{"line":251,"column":5}},"type":"if","locations":[{"start":{"line":246,"column":4},"end":{"line":251,"column":5}},{"start":{},"end":{}}]},"26":{"loc":{"start":{"line":247,"column":6},"end":{"line":249,"column":7}},"type":"if","locations":[{"start":{"line":247,"column":6},"end":{"line":249,"column":7}},{"start":{},"end":{}}]},"27":{"loc":{"start":{"line":275,"column":4},"end":{"line":275,"column":36}},"type":"if","locations":[{"start":{"line":275,"column":4},"end":{"line":275,"column":36}},{"start":{},"end":{}}]},"28":{"loc":{"start":{"line":284,"column":4},"end":{"line":284,"column":32}},"type":"if","locations":[{"start":{"line":284,"column":4},"end":{"line":284,"column":32}},{"start":{},"end":{}}]},"29":{"loc":{"start":{"line":285,"column":11},"end":{"line":286,"column":61}},"type":"binary-expr","locations":[{"start":{"line":285,"column":11},"end":{"line":285,"column":26}},{"start":{"line":285,"column":30},"end":{"line":285,"column":58}},{"start":{"line":286,"column":11},"end":{"line":286,"column":26}},{"start":{"line":286,"column":30},"end":{"line":286,"column":61}}]},"30":{"loc":{"start":{"line":312,"column":4},"end":{"line":314,"column":5}},"type":"if","locations":[{"start":{"line":312,"column":4},"end":{"line":314,"column":5}},{"start":{},"end":{}}]},"31":{"loc":{"start":{"line":317,"column":17},"end":{"line":317,"column":54}},"type":"binary-expr","locations":[{"start":{"line":317,"column":17},"end":{"line":317,"column":32}},{"start":{"line":317,"column":36},"end":{"line":317,"column":54}}]},"32":{"loc":{"start":{"line":321,"column":6},"end":{"line":323,"column":11}},"type":"cond-expr","locations":[{"start":{"line":322,"column":10},"end":{"line":322,"column":39}},{"start":{"line":323,"column":10},"end":{"li
[...]
art":{"line":311,"column":4},"end":{"line":317,"column":6}},"63":{"start":{"line":54,"column":0},"end":{"line":54,"column":13}},"64":{"start":{"line":334,"column":4},"end":{"line":334,"column":26}},"65":{"start":{"line":342,"column":21},"end":{"line":342,"column":35}},"66":{"start":{"line":343,"column":4},"end":{"line":349,"column":5}},"67":{"start":{"line":343,"column":17},"end":{"line":343,"column":36}},"68":{"start":{"line":345,"column":16},"end":{"line":347,"column":45}},"69":{"start":{"line":348,"column":6},"end":{"line":348,"column":62}},"70":{"start":{"line":350,"column":4},"end":{"line":350,"column":20}},"71":{"start":{"line":357,"column":15},"end":{"line":357,"column":16}},"72":{"start":{"line":358,"column":16},"end":{"line":358,"column":27}},"73":{"start":{"line":359,"column":4},"end":{"line":363,"column":5}},"74":{"start":{"line":359,"column":17},"end":{"line":359,"column":18}},"75":{"start":{"line":360,"column":19},"end":{"line":360,"column":36}},"76":{"start":{"line":361,"column":6},"end":{"line":361,"column":41}},"77":{"start":{"line":362,"column":6},"end":{"line":362,"column":25}},"78":{"start":{"line":364,"column":4},"end":{"line":364,"column":32}},"79":{"start":{"line":371,"column":25},"end":{"line":371,"column":59}},"80":{"start":{"line":372,"column":22},"end":{"line":372,"column":59}},"81":{"start":{"line":373,"column":4},"end":{"line":373,"column":32}},"82":{"start":{"line":380,"column":25},"end":{"line":380,"column":59}},"83":{"start":{"line":381,"column":26},"end":{"line":381,"column":82}},"84":{"start":{"line":382,"column":4},"end":{"line":382,"column":36}},"85":{"start":{"line":389,"column":25},"end":{"line":389,"column":59}},"86":{"start":{"line":390,"column":4},"end":{"line":390,"column":49}},"87":{"start":{"line":397,"column":4},"end":{"line":397,"column":51}},"88":{"start":{"line":397,"column":34},"end":{"line":397,"column":49}},"89":{"start":{"line":404,"column":4},"end":{"line":406,"column":5}},"90":{"start":{"line":405,"column":6},"end":{"line":405,"column":38}},"91":{"start":{"line":407,"column":18},"end":{"line":407,"column":50}},"92":{"start":{"line":408,"column":4},"end":{"line":410,"column":5}},"93":{"start":{"line":409,"column":6},"end":{"line":409,"column":38}},"94":{"start":{"line":411,"column":21},"end":{"line":411,"column":35}},"95":{"start":{"line":412,"column":4},"end":{"line":412,"column":44}},"96":{"start":{"line":413,"column":4},"end":{"line":413,"column":20}},"97":{"start":{"line":327,"column":0},"end":{"line":327,"column":13}},"98":{"start":{"line":428,"column":4},"end":{"line":430,"column":5}},"99":{"start":{"line":429,"column":6},"end":{"line":429,"column":19}},"100":{"start":{"line":432,"column":4},"end":{"line":435,"column":5}},"101":{"start":{"line":434,"column":6},"end":{"line":434,"column":26}},"102":{"start":{"line":437,"column":4},"end":{"line":440,"column":5}},"103":{"start":{"line":439,"column":6},"end":{"line":439,"column":25}},"104":{"start":{"line":443,"column":4},"end":{"line":443,"column":22}},"105":{"start":{"line":450,"column":18},"end":{"line":450,"column":57}},"106":{"start":{"line":452,"column":4},"end":{"line":465,"column":5}},"107":{"start":{"line":454,"column":8},"end":{"line":454,"column":69}},"108":{"start":{"line":456,"column":8},"end":{"line":456,"column":61}},"109":{"start":{"line":458,"column":8},"end":{"line":458,"column":66}},"110":{"start":{"line":460,"column":8},"end":{"line":460,"column":87}},"111":{"start":{"line":462,"column":8},"end":{"line":462,"column":36}},"112":{"start":{"line":464,"column":8},"end":{"line":464,"column":21}},"113":{"start":{"line":423,"column":0},"end":{"line":423,"column":13}},"114":{"start":{"line":471,"column":0},"end":{"line":471,"column":27}}},"fnMap":{"0":{"name":"(anonymous_0)","decl":{"start":{"line":63,"column":2},"end":{"line":63,"column":8}},"loc":{"start":{"line":63,"column":53},"end":{"line":90,"column":3}}},"1":{"name":"(anonymous_1)","decl":{"start":{"line":64,"column":38},"end":{"line":64,"column":39}},"loc":{"start":{"line":64,"column":43},"end":{"line":64,"column":60}}},"2":{"name":"(anonymous_2)","decl":{"start":{"line":86,"column":33},"end":{"line":86,"column":34}},"loc":{"start":{"line":87,"column":8},"end":{"line":87,"column":63}}},"3":{"name":"(anonymous_3)","decl":{"start":{"line":100,"column":2},"end":{"line":100,"column":8}},"loc":{"start":{"line":100,"column":56},"end":{"line":158,"column":3}}},"4":{"name":"(anonymous_4)","decl":{"start":{"line":106,"column":45},"end":{"line":106,"column":46}},"loc":{"start":{"line":106,"column":50},"end":{"line":106,"column":74}}},"5":{"name":"(anonymous_5)","decl":{"start":{"line":116,"column":42},"end":{"line":116,"column":43}},"loc":{"start":{"line":116,"column":47},"end":{"line":116,"column":68}}},"6":{"name":"(anonymous_6)","decl":{"start":{"line":153,"column":33},"end":{"line":153,"column":34}},"loc":{"start":{"line":153,"column":39},"end":{"line":156,"column":8}}},"7":{"name":"(anonymous_7)","decl":{"start":{"line":163,"column":2},"end":{"line":163,"column":8}},"loc":{"start":{"line":163,"column":54},"end":{"line":175,"column":3}}},"8":{"name":"(anonymous_8)","decl":{"start":{"line":180,"column":2},"end":{"line":180,"column":8}},"loc":{"start":{"line":180,"column":59},"end":{"line":182,"column":3}}},"9":{"name":"(anonymous_9)","decl":{"start":{"line":187,"column":2},"end":{"line":187,"column":8}},"loc":{"start":{"line":187,"column":42},"end":{"line":189,"column":3}}},"10":{"name":"(anonymous_10)","decl":{"start":{"line":188,"column":30},"end":{"line":188,"column":31}},"loc":{"start":{"line":188,"column":35},"end":{"line":188,"column":70}}},"11":{"name":"(anonymous_11)","decl":{"start":{"line":194,"column":2},"end":{"line":194,"column":8}},"loc":{"start":{"line":194,"column":41},"end":{"line":198,"column":3}}},"12":{"name":"(anonymous_12)","decl":{"start":{"line":204,"column":2},"end":{"line":204,"column":8}},"loc":{"start":{"line":204,"column":43},"end":{"line":206,"column":3}}},"13":{"name":"(anonymous_13)","decl":{"start":{"line":212,"column":2},"end":{"line":212,"column":8}},"loc":{"start":{"line":212,"column":44},"end":{"line":221,"column":3}}},"14":{"name":"(anonymous_14)","decl":{"start":{"line":226,"column":2},"end":{"line":226,"column":8}},"loc":{"start":{"line":226,"column":55},"end":{"line":234,"column":3}}},"15":{"name":"(anonymous_15)","decl":{"start":{"line":239,"column":2},"end":{"line":239,"column":8}},"loc":{"start":{"line":239,"column":46},"end":{"line":241,"column":3}}},"16":{"name":"(anonymous_16)","decl":{"start":{"line":246,"column":2},"end":{"line":246,"column":8}},"loc":{"start":{"line":246,"column":46},"end":{"line":248,"column":3}}},"17":{"name":"(anonymous_17)","decl":{"start":{"line":254,"column":2},"end":{"line":254,"column":8}},"loc":{"start":{"line":254,"column":70},"end":{"line":277,"column":3}}},"18":{"name":"(anonymous_18)","decl":{"start":{"line":259,"column":38},"end":{"line":259,"column":39}},"loc":{"start":{"line":259,"column":43},"end":{"line":259,"column":60}}},"19":{"name":"(anonymous_19)","decl":{"start":{"line":270,"column":38},"end":{"line":270,"column":39}},"loc":{"start":{"line":270,"column":43},"end":{"line":270,"column":58}}},"20":{"name":"(anonymous_20)","decl":{"start":{"line":271,"column":38},"end":{"line":271,"column":39}},"loc":{"start":{"line":271,"column":43},"end":{"line":271,"column":58}}},"21":{"name":"(anonymous_21)","decl":{"start":{"line":282,"column":2},"end":{"line":282,"column":8}},"loc":{"start":{"line":282,"column":54},"end":{"line":290,"column":3}}},"22":{"name":"(anonymous_22)","decl":{"start":{"line":295,"column":2},"end":{"line":295,"column":8}},"loc":{"start":{"line":295,"column":55},"end":{"line":305,"column":3}}},"23":{"name":"(anonymous_23)","decl":{"start":{"line":310,"column":2},"end":{"line":310,"column":8}},"loc":{"start":{"line":310,"column":39},"end":{"line":318,"column":3}}},"24":{"name":"(anonymous_24)","decl":{"start":{"line":332,"column":2},"end":{"line":332,"column":8}},"loc":{"start":{"line":332,"column":44},"end":{"line":335,"column":3}}},"25":{"name":"(anonymous_25)","decl":{"start":{"line":340,"column":2},"end":{"line":340,"column":8}},"loc":{"start":{"line":340,"column":60},"end":{"line":351,"column":3}}},"26":{"name":"(anonymous_26)","decl":{"start":{"line":356,"column":10},"end":{"line":356,"column":16}},"loc":{"start":{"line":356,"column":69},"end":{"line":365,"column":3}}},"27":{"name":"(anonymous_27)","decl":{"start":{"line":370,"column":2},"end":{"line":370,"column":8}},"loc":{"start":{"line":370,"column":67},"end":{"line":374,"column":3}}},"28":{"name":"(anonymous_28)","decl":{"start":{"line":379,"column":2},"end":{"line":379,"column":8}},"loc":{"start":{"line":379,"column":71},"end":{"line":383,"column":3}}},"29":{"name":"(anonymous_29)","decl":{"start":{"line":388,"column":2},"end":{"line":388,"column":8}},"loc":{"start":{"line":388,"column":69},"end":{"line":391,"column":3}}},"30":{"name":"(anonymous_30)","decl":{"start":{"line":396,"column":2},"end":{"line":396,"column":8}},"loc":{"start":{"line":396,"column":59},"end":{"line":398,"column":3}}},"31":{"name":"(anonymous_31)","decl":{"start":{"line":397,"column":28},"end":{"line":397,"column":30}},"loc":{"start":{"line":397,"column":34},"end":{"line":397,"column":49}}},"32":{"name":"(anonymous_32)","decl":{"start":{"line":403,"column":2},"end":{"line":403,"column":8}},"loc":{"start":{"line":403,"column":83},"end":{"line":414,"column":3}}},"33":{"name":"(anonymous_33)","decl":{"start":{"line":427,"column":2},"end":{"line":427,"column":8}},"loc":{"start":{"line":427,"column":41},"end":{"line":444,"column":3}}},"34":{"name":"(anonymous_34)","decl":{"start":{"line":449,"column":2},"end":{"line":449,"column":8}},"loc":{"start":{"line":449,"column":58},"end":{"line":466,"column":3}}}},"branchMap":{"0":{"loc":{"start":{"line":65,"column":4},"end":{"line":67,"column":5}},"type":"if","locations":[{"start":{"line":65,"column":4},"end":{"line":67,"column":5}},{"start":{},"end":{}}]},"1":{"loc":{"start":{"line":87,"column":8},"end":{"line":87,"column":63}},"type":"cond-expr","locations":[{"start":{"line":87,"column":28},"end":{"line":87,"column":59}},{"start":{"line":87,"column":62},"end":{"line":87,"column":63}}]},"2":{"loc":{"start":{"line":102,"column":4},"end":{"line":104,"column":5}},"type":"if","locations":[{"start":{"line":102,"column":4},"end":{"line":104,"column":5}},{"start":{},"end":{}}]},"3":{"loc":{"start":{"line":107,"column":4},"end":{"line":109,"column":5}},"type":"if","locations":[{"start":{"line":107,"column":4},"end":{"line":109,"column":5}},{"start":{},"end":{}}]},"4":{"loc":{"start":{"line":120,"column":26},"end":{"line":122,"column":29}},"type":"cond-expr","locations":[{"start":{"line":121,"column":8},"end":{"line":121,"column":33}},{"start":{"line":122,"column":8},"end":{"line":122,"column":29}}]},"5":{"loc":{"start":{"line":125,"column":4},"end":{"line":136,"column":5}},"type":"if","locations":[{"start":{"line":125,"column":4},"end":{"line":136,"column":5}},{"start":{},"end":{}}]},"6":{"loc":{"start":{"line":165,"column":4},"end":{"line":167,"column":5}},"type":"if","locations":[{"start":{"line":165,"column":4},"end":{"line":167,"column":5}},{"start":{},"end":{}}]},"7":{"loc":{"start":{"line":170,"column":4},"end":{"line":172,"column":5}},"type":"if","locations":[{"start":{"line":170,"column":4},"end":{"line":172,"column":5}},{"start":{},"end":{}}]},"8":{"loc":{"start":{"line":255,"column":4},"end":{"line":257,"column":5}},"type":"if","locations":[{"start":{"line":255,"column":4},"end":{"line":257,"column":5}},{"start":{},"end":{}}]},"9":{"loc":{"start":{"line":260,"column":4},"end":{"line":262,"column":5}},"type":"if","locations":[{"start":{"line":260,"column":4},"end":{"line":262,"column":5}},{"start":{},"end":{}}]},"10":{"loc":{"start":{"line":265,"column":4},"end":{"line":267,"column":5}},"type":"if","locations":[{"start":{"line":265,"column":4},"end":{"line":267,"column":5}},{"start":{},"end":{}}]},"11":{"loc":{"start":{"line":270,"column":20},"end":{"line":271,"column":59}},"type":"binary-expr","locations":[{"start":{"line":270,"column":20},"end":{"line":270,"column":59}},{"start":{"line":271,"column":20},"end":{"line":271,"column":59}}]},"12":{"loc":{"start":{"line":272,"column":4},"end":{"line":274,"column":5}},"type":"if","locations":[{"start":{"line":272,"column":4},"end":{"line":274,"column":5}},{"start":{},"end":{}}]},"13":{"loc":{"start":{"line":296,"column":4},"end":{"line":298,"column":5}},"type":"if","locations":[{"start":{"line":296,"column":4},"end":{"line":298,"column":5}},{"start":{},"end":{}}]},"14":{"loc":{"start":{"line":300,"column":4},"end":{"line":302,"column":5}},"type":"if","locations":[{"start":{"line":300,"column":4},"end":{"line":302,"column":5}},{"start":{},"end":{}}]},"15":{"loc":{"start":{"line":345,"column":16},"end":{"line":347,"column":45}},"type":"cond-expr","locations":[{"start":{"line":346,"column":10},"end":{"line":346,"column":55}},{"start":{"line":347,"column":10},"end":{"line":347,"column":45}}]},"16":{"loc":{"start":{"line":404,"column":4},"end":{"line":406,"column":5}},"type":"if","locations":[{"start":{"line":404,"column":4},"end":{"line":406,"column":5}},{"start":{},"end":{}}]},"17":{"loc":{"start":{"line":408,"column":4},"end":{"line":410,"column":5}},"type":"if","locations":[{"start":{"line":408,"column":4},"end":{"line":410,"column":5}},{"start":{},"end":{}}]},"18":{"loc":{"start":{"line":428,"column":4},"end":{"line":430,"column":5}},"type":"if","locations":[{"start":{"line":428,"column":4},"end":{"line":430,"column":5}},{"start":{},"end":{}}]},"19":{"loc":{"start":{"line":432,"column":4},"end":{"line":435,"column":5}},"type":"if","locations":[{"start":{"line":432,"column":4},"end":{"line":435,"column":5}},{"start":{},"end":{}}]},"20":{"loc":{"start":{"line":437,"column":4},"end":{"line":440,"column":5}},"type":"if","locations":[{"start":{"line":437,"column":4},"end":{"line":440,"column":5}},{"start":{},"end":{}}]},"21":{"loc":{"start":{"line":452,"column":4},"end":{"line":465,"column":5}},"type":"switch","locations":[{"start":{"line":453,"column":6},"end":{"line":454,"column":69}},{"start":{"line":455,"column":6},"end":{"line":456,"column":61}},{"start":{"line":457,"column":6},"end":{"line":458,"column":66}},{"start":{"line":459,"column":6},"end":{"line":460,"column":87}},{"start":{"line":461,"column":6},"end":{"line":462,"column":36}},{"start":{"line":463,"column":6},"end":{"line":464,"column":21}}]},"22":{"loc":{"start":{"line":454,"column":15},"end":{"line":454,"column":68}},"type":"binary-expr","locations":[{"start":{"line":454,"column":15},"end":{"line":454,"column":35}},{"start":{"line":454,"column":39},"end":{"line":454,"column":68}}]},"23":{"loc":{"start":{"line":456,"column":15},"end":{"line":456,"column":60}},"type":"binary-expr","locations":[{"start":{"line":456,"column":15},"end":{"line":456,"column":35}},{"start":{"line":456,"column":39},"end":{"line":456,"column":60}}]},"24":{"loc":{"start":{"line":458,"column":15},"end":{"line":458,"column":65}},"type":"binary-expr","locations":[{"start":{"line":458,"column":15},"end":{"line":458,"column":37}},{"start":{"line":458,"column":41},"end":{"line":458,"column":65}}]},"25":{"loc":{"start":{"line":460,"column":15},"end":{"line":460,"column":86}},"type":"binary-expr","locations":[{"start":{"line":460,"column":15},"end":{"line":460,"column":36}},{"start":{"line":460,"column":40},"end":{"line":460,"column":60}},{"start":{"line":460,"column":64},"end":{"line":460,"column":86}}]}},"s":{"0":0,"1":0,"2":0,"3":0,"4":0,"5":0,"6":0,"7":0,"8":0,"9":0,"10":0,"11":0,"12":0,"13":0,"14":0,"15":0,"16":0,"17":0,"18":0,"19":0,"20":0,"21":0,"22":0,"23":0,"24":0,"25":0,"26":0,"27":0,"28":0,"29":0,"30":0,"31":0,"32":0,"33":0,"34":0,"35":0,"36":0,"37":0,"38":0,"39":0,"40":0,"41":0,"42":0,"43":0,"44":0,"45":0,"46":0,"47":0,"48":0,"49":0,"50":0,"51":0,"52":0,"53":0,"54":0,"55":0,"56":0,"57":0,"58":0,"59":0,"60":0,"61":0,"62":0,"63":5,"64":0,"65":0,"66":0,"67":0,"68":0,"69":0,"70":0,"71":0,"72":0,"73":0,"74":0,"75":0,"76":0,"77":0,"78":0,"79":0,"80":0,"81":0,"82":0,"83":0,"84":0,"85":0,"86":0,"87":0,"88":0,"89":0,"90":0,"91":0,"92":0,"93":0,"94":0,"95":0,"96":0,"97":5,"98":0,"99":0,"100":0,"101":0,"102":0,"103":0,"104":0,"105":0,"106":0,"107":0,"108":0,"109":0,"110":0,"111":0,"112":0,"113":5,"114":5},"f":{"0":0,"1":0,"2":0,"3":0,"4":0,"5":0,"6":0,"7":0,"8":0,"9":0,"10":0,"11":0,"12":0,"13":0,"14":0,"15":0,"16":0,"17":0,"18":0,"19":0,"20":0,"21":0,"22":0,"23":0,"24":0,"25":0,"26":0,"27":0,"28":0,"29":0,"30":0,"31":0,"32":0,"33":0,"34":0},"b":{"0":[0,0],"1":[0,0],"2":[0,0],"3":[0,0],"4":[0,0],"5":[0,0],"6":[0,0],"7":[0,0],"8":[0,0],"9":[0,0],"10":[0,0],"11":[0,0],"12":[0,0],"13":[0,0],"14":[0,0],"15":[0,0],"16":[0,0],"17":[0,0],"18":[0,0],"19":[0,0],"20":[0,0],"21":[0,0,0,0,0,0],"22":[0,0],"23":[0,0],"24":[0,0],"25":[0,0,0]}}
,"/home/csiesheep/.openclaw/boardgame-betrayal/packages/game-engine/src/test/add.ts": {"path":"/home/csiesheep/.openclaw/boardgame-betrayal/packages/game-engine/src/test/add.ts","statementMap":{"0":{"start":{"line":7,"column":0},"end":{"line":7,"column":16}},"1":{"start":{"line":8,"column":2},"end":{"line":8,"column":15}}},"fnMap":{"0":{"name":"add","decl":{"start":{"line":7,"column":16},"end":{"line":7,"column":19}},"loc":{"start":{"line":7,"column":40},"end":{"line":9,"column":1}}}},"branchMap":{},"s":{"0":1,"1":0},"f":{"0":0},"b":{}}
,"/home/csiesheep/.openclaw/boardgame-betrayal/packages/game-engine/src/test/add1000.ts": {"path":"/home/csiesheep/.openclaw/boardgame-betrayal/packages/game-engine/src/test/add1000.ts","statementMap":{"0":{"start":{"line":5,"column":0},"end":{"line":5,"column":16}},"1":{"start":{"line":6,"column":2},"end":{"line":6,"column":21}}},"fnMap":{"0":{"name":"add1000","decl":{"start":{"line":5,"column":16},"end":{"line":5,"column":23}},"loc":{"start":{"line":5,"column":23},"end":{"line":7,"column":1}}}},"branchMap":{},"s":{"0":1,"1":0},"f":{"0":0},"b":{}}
,"/home/csiesheep/.openclaw/boardgame-betrayal/packages/game-engine/src/test/add200.ts": {"path":"/home/csiesheep/.openclaw/boardgame-betrayal/packages/game-engine/src/test/add200.ts","statementMap":{"0":{"start":{"line":5,"column":0},"end":{"line":5,"column":16}},"1":{"start":{"line":6,"column":2},"end":{"line":6,"column":19}}},"fnMap":{"0":{"name":"add200","decl":{"start":{"line":5,"column":16},"end":{"line":5,"column":22}},"loc":{"start":{"line":5,"column":22},"end":{"line":7,"column":1}}}},"branchMap":{},"s":{"0":1,"1":0},"f":{"0":0},"b":{}}
,"/home/csiesheep/.openclaw/boardgame-betrayal/packages/game-engine/src/test/subtract.ts": {"path":"/home/csiesheep/.openclaw/boardgame-betrayal/packages/game-engine/src/test/subtract.ts","statementMap":{"0":{"start":{"line":7,"column":0},"end":{"line":7,"column":16}},"1":{"start":{"line":8,"column":2},"end":{"line":8,"column":15}}},"fnMap":{"0":{"name":"subtract","decl":{"start":{"line":7,"column":16},"end":{"line":7,"column":24}},"loc":{"start":{"line":7,"column":45},"end":{"line":9,"column":1}}}},"branchMap":{},"s":{"0":1,"1":0},"f":{"0":0},"b":{}}
,"/home/csiesheep/.openclaw/boardgame-betrayal/packages/game-engine/src/types/index.ts": {"path":"/home/csiesheep/.openclaw/boardgame-betrayal/packages/game-engine/src/types/index.ts","statementMap":{"0":{"start":{"line":66,"column":13},"end":{"line":71,"column":2}},"1":{"start":{"line":74,"column":13},"end":{"line":79,"column":2}},"2":{"start":{"line":506,"column":13},"end":{"line":506,"column":27}},"3":{"start":{"line":509,"column":13},"end":{"line":509,"column":28}},"4":{"start":{"line":512,"column":13},"end":{"line":516,"column":11}},"5":{"start":{"line":519,"column":13},"end":{"line":519,"column":29}},"6":{"start":{"line":522,"column":13},"end":{"line":522,"column":29}},"7":{"start":{"line":525,"column":13},"end":{"line":525,"column":45}},"8":{"start":{"line":528,"column":13},"end":{"line":528,"column":33}}},"fnMap":{},"branchMap":{},"s":{"0":5,"1":5,"2":5,"3":5,"4":5,"5":5,"6":5,"7":5,"8":5},"f":{},"b":{}}
}
