TN:
SF:src/ai/AIDecisionEngine.ts
FN:154,(anonymous_0)
FN:166,(anonymous_1)
FN:172,(anonymous_2)
FN:181,(anonymous_3)
FN:193,(anonymous_4)
FN:194,(anonymous_5)
FN:212,(anonymous_6)
FN:214,(anonymous_7)
FN:216,(anonymous_8)
FN:247,(anonymous_9)
FN:248,(anonymous_10)
FN:255,(anonymous_11)
FN:256,(anonymous_12)
FN:263,(anonymous_13)
FN:264,(anonymous_14)
FN:287,(anonymous_15)
FN:312,(anonymous_16)
FN:313,(anonymous_17)
FN:329,(anonymous_18)
FN:347,(anonymous_19)
FN:358,(anonymous_20)
FN:360,(anonymous_21)
FN:368,(anonymous_22)
FN:376,(anonymous_23)
FN:390,(anonymous_24)
FN:396,(anonymous_25)
FN:420,(anonymous_26)
FN:444,(anonymous_27)
FN:450,(anonymous_28)
FN:451,(anonymous_29)
FN:487,(anonymous_30)
FN:522,(anonymous_31)
FN:557,(anonymous_32)
FN:585,(anonymous_33)
FN:593,(anonymous_34)
FN:600,(anonymous_35)
FN:610,createDecisionEngine
FN:620,compareDecisions
FN:627,selectBestDecision
FN:638,selectDecisionByDifficulty
FNF:40
FNH:33
FNDA:137,(anonymous_0)
FNDA:137,(anonymous_1)
FNDA:15,(anonymous_2)
FNDA:142,(anonymous_3)
FNDA:207,(anonymous_4)
FNDA:254,(anonymous_5)
FNDA:0,(anonymous_6)
FNDA:0,(anonymous_7)
FNDA:0,(anonymous_8)
FNDA:207,(anonymous_9)
FNDA:254,(anonymous_10)
FNDA:6,(anonymous_11)
FNDA:0,(anonymous_12)
FNDA:231,(anonymous_13)
FNDA:300,(anonymous_14)
FNDA:523,(anonymous_15)
FNDA:231,(anonymous_16)
FNDA:300,(anonymous_17)
FNDA:231,(anonymous_18)
FNDA:233,(anonymous_19)
FNDA:231,(anonymous_20)
FNDA:300,(anonymous_21)
FNDA:346,(anonymous_22)
FNDA:177,(anonymous_23)
FNDA:1,(anonymous_24)
FNDA:1,(anonymous_25)
FNDA:0,(anonymous_26)
FNDA:166,(anonymous_27)
FNDA:166,(anonymous_28)
FNDA:338,(anonymous_29)
FNDA:1,(anonymous_30)
FNDA:636,(anonymous_31)
FNDA:161,(anonymous_32)
FNDA:5,(anonymous_33)
FNDA:3,(anonymous_34)
FNDA:2,(anonymous_35)
FNDA:0,createDecisionEngine
FNDA:1553,compareDecisions
FNDA:0,selectBestDecision
FNDA:213,selectDecisionByDifficulty
DA:23,3
DA:24,3
DA:25,3
DA:109,3
DA:119,3
DA:138,3
DA:149,3
DA:158,137
DA:159,137
DA:160,137
DA:167,137
DA:168,137
DA:169,1467
DA:170,1467
DA:172,137
DA:173,15
DA:174,15
DA:182,142
DA:183,142
DA:194,254
DA:195,207
DA:196,0
DA:206,207
DA:209,207
DA:210,207
DA:211,205
DA:213,0
DA:214,0
DA:216,0
DA:220,205
DA:224,207
DA:227,207
DA:233,207
DA:235,207
DA:248,254
DA:249,207
DA:252,207
DA:254,207
DA:255,6
DA:256,0
DA:264,300
DA:265,231
DA:266,0
DA:278,231
DA:279,231
DA:280,231
DA:281,15
DA:282,216
DA:283,211
DA:287,231
DA:288,523
DA:289,292
DA:291,292
DA:292,292
DA:294,0
DA:297,231
DA:313,300
DA:314,231
DA:318,231
DA:319,231
DA:320,231
DA:323,0
DA:330,231
DA:331,231
DA:332,231
DA:333,1848
DA:334,26103
DA:335,26103
DA:336,231
DA:341,0
DA:348,233
DA:350,0
DA:352,233
DA:359,231
DA:360,300
DA:361,231
DA:364,231
DA:365,231
DA:367,171
DA:368,346
DA:370,171
DA:371,0
DA:375,60
DA:376,177
DA:378,60
DA:379,0
DA:384,231
DA:396,1
DA:397,1
DA:399,1
DA:402,1
DA:405,1
DA:406,1
DA:408,1
DA:411,1
DA:412,1
DA:413,1
DA:414,1
DA:415,0
DA:420,0
DA:421,0
DA:423,0
DA:424,0
DA:425,0
DA:426,0
DA:433,1
DA:435,0
DA:438,1
DA:450,166
DA:451,338
DA:452,166
DA:454,166
DA:457,166
DA:460,166
DA:461,166
DA:464,166
DA:465,1
DA:469,166
DA:470,2
DA:474,166
DA:477,166
DA:478,3
DA:481,166
DA:493,1
DA:496,1
DA:499,1
DA:501,1
DA:502,1
DA:503,1
DA:509,1
DA:510,0
DA:514,1
DA:516,1
DA:528,636
DA:531,636
DA:534,636
DA:535,0
DA:539,636
DA:540,636
DA:544,636
DA:547,636
DA:548,12
DA:551,636
DA:562,161
DA:565,161
DA:566,161
DA:570,161
DA:571,161
DA:575,161
DA:576,0
DA:579,161
DA:586,5
DA:587,5
DA:594,3
DA:601,2
DA:610,3
DA:614,0
DA:620,3
DA:621,1553
DA:627,3
DA:628,0
DA:629,0
DA:638,3
DA:643,213
DA:646,213
DA:648,213
DA:651,7
DA:652,7
DA:654,0
DA:655,0
DA:659,197
DA:660,190
DA:662,7
DA:666,9
DA:668,0
DA:674,3
LF:176
LH:147
BRDA:155,0,0,0
BRDA:160,1,0,137
BRDA:160,1,1,62
BRDA:195,2,0,0
BRDA:195,2,1,207
BRDA:210,3,0,205
BRDA:210,3,1,2
BRDA:233,4,0,207
BRDA:233,4,1,194
BRDA:249,5,0,0
BRDA:249,5,1,207
BRDA:265,6,0,0
BRDA:265,6,1,231
BRDA:280,7,0,15
BRDA:280,7,1,216
BRDA:282,8,0,211
BRDA:282,8,1,5
BRDA:288,9,0,231
BRDA:288,9,1,292
BRDA:289,10,0,0
BRDA:289,10,1,292
BRDA:291,11,0,292
BRDA:291,11,1,0
BRDA:299,12,0,231
BRDA:299,12,1,0
BRDA:314,13,0,0
BRDA:314,13,1,231
BRDA:319,14,0,231
BRDA:319,14,1,0
BRDA:335,15,0,231
BRDA:335,15,1,25872
BRDA:348,16,0,0
BRDA:348,16,1,233
BRDA:361,17,0,0
BRDA:361,17,1,231
BRDA:364,18,0,231
BRDA:364,18,1,0
BRDA:365,19,0,171
BRDA:365,19,1,60
BRDA:368,20,0,346
BRDA:368,20,1,175
BRDA:370,21,0,0
BRDA:370,21,1,171
BRDA:376,22,0,177
BRDA:376,22,1,60
BRDA:378,23,0,0
BRDA:378,23,1,60
BRDA:397,24,0,0
BRDA:397,24,1,1
BRDA:405,25,0,1
BRDA:405,25,1,0
BRDA:406,26,0,1
BRDA:406,26,1,0
BRDA:408,27,0,1
BRDA:408,27,1,0
BRDA:411,28,0,1
BRDA:411,28,1,0
BRDA:414,29,0,0
BRDA:414,29,1,1
BRDA:421,30,0,0
BRDA:421,30,1,0
BRDA:421,31,0,0
BRDA:421,31,1,0
BRDA:425,32,0,0
BRDA:425,32,1,0
BRDA:433,33,0,0
BRDA:433,33,1,1
BRDA:452,34,0,0
BRDA:452,34,1,166
BRDA:452,35,0,166
BRDA:452,35,1,166
BRDA:464,36,0,1
BRDA:464,36,1,165
BRDA:469,37,0,2
BRDA:469,37,1,164
BRDA:477,38,0,3
BRDA:477,38,1,163
BRDA:499,39,0,1
BRDA:499,39,1,0
BRDA:501,40,0,1
BRDA:501,40,1,0
BRDA:502,41,0,1
BRDA:502,41,1,0
BRDA:502,42,0,1
BRDA:502,42,1,1
BRDA:509,43,0,0
BRDA:509,43,1,1
BRDA:534,44,0,0
BRDA:534,44,1,636
BRDA:539,45,0,636
BRDA:539,45,1,0
BRDA:547,46,0,12
BRDA:547,46,1,624
BRDA:565,47,0,161
BRDA:565,47,1,0
BRDA:570,48,0,161
BRDA:570,48,1,0
BRDA:570,49,0,161
BRDA:570,49,1,161
BRDA:575,50,0,0
BRDA:575,50,1,161
BRDA:611,51,0,0
BRDA:628,52,0,0
BRDA:628,52,1,0
BRDA:641,53,0,1
BRDA:643,54,0,0
BRDA:643,54,1,213
BRDA:648,55,0,7
BRDA:648,55,1,197
BRDA:648,55,2,9
BRDA:648,55,3,0
BRDA:651,56,0,7
BRDA:651,56,1,0
BRDA:659,57,0,190
BRDA:659,57,1,7
BRDA:659,58,0,197
BRDA:659,58,1,9
BRF:117
BRH:74
end_of_record
TN:
SF:src/ai/AIExplorationEngine.ts
FN:125,(anonymous_0)
FN:140,(anonymous_1)
FN:146,(anonymous_2)
FN:156,(anonymous_3)
FN:190,(anonymous_4)
FN:196,(anonymous_5)
FN:263,(anonymous_6)
FN:297,(anonymous_7)
FN:329,(anonymous_8)
FN:339,(anonymous_9)
FN:384,(anonymous_10)
FN:459,(anonymous_11)
FN:501,(anonymous_12)
FN:539,(anonymous_13)
FN:587,(anonymous_14)
FN:588,(anonymous_15)
FN:594,(anonymous_16)
FN:606,(anonymous_17)
FN:627,(anonymous_18)
FN:646,(anonymous_19)
FN:662,(anonymous_20)
FN:671,(anonymous_21)
FN:678,(anonymous_22)
FN:685,(anonymous_23)
FN:695,(anonymous_24)
FN:732,(anonymous_25)
FN:742,(anonymous_26)
FN:768,(anonymous_27)
FN:775,(anonymous_28)
FN:791,(anonymous_29)
FN:798,(anonymous_30)
FN:808,(anonymous_31)
FN:824,(anonymous_32)
FN:831,(anonymous_33)
FN:838,(anonymous_34)
FN:845,(anonymous_35)
FN:855,createExplorationEngine
FN:866,analyzeExplorationProgress
FNF:38
FNH:21
FNDA:13,(anonymous_0)
FNDA:13,(anonymous_1)
FNDA:0,(anonymous_2)
FNDA:3,(anonymous_3)
FNDA:480,(anonymous_4)
FNDA:2022,(anonymous_5)
FNDA:0,(anonymous_6)
FNDA:0,(anonymous_7)
FNDA:0,(anonymous_8)
FNDA:0,(anonymous_9)
FNDA:9,(anonymous_10)
FNDA:1,(anonymous_11)
FNDA:0,(anonymous_12)
FNDA:0,(anonymous_13)
FNDA:13,(anonymous_14)
FNDA:14,(anonymous_15)
FNDA:2142,(anonymous_16)
FNDA:3,(anonymous_17)
FNDA:120,(anonymous_18)
FNDA:120,(anonymous_19)
FNDA:2022,(anonymous_20)
FNDA:2022,(anonymous_21)
FNDA:2022,(anonymous_22)
FNDA:2022,(anonymous_23)
FNDA:0,(anonymous_24)
FNDA:0,(anonymous_25)
FNDA:0,(anonymous_26)
FNDA:0,(anonymous_27)
FNDA:4,(anonymous_28)
FNDA:1,(anonymous_29)
FNDA:1,(anonymous_30)
FNDA:0,(anonymous_31)
FNDA:0,(anonymous_32)
FNDA:0,(anonymous_33)
FNDA:0,(anonymous_34)
FNDA:0,(anonymous_35)
FNDA:13,createExplorationEngine
FNDA:0,analyzeExplorationProgress
DA:27,1
DA:29,1
DA:118,1
DA:130,13
DA:131,13
DA:132,13
DA:133,13
DA:134,13
DA:141,13
DA:142,13
DA:143,169
DA:144,169
DA:146,13
DA:147,0
DA:148,0
DA:160,3
DA:161,3
DA:163,3
DA:164,3
DA:167,3
DA:169,3
DA:170,2022
DA:177,2022
DA:178,120
DA:179,120
DA:190,480
DA:202,2022
DA:203,2022
DA:206,2022
DA:207,2022
DA:208,2022
DA:211,2022
DA:214,2022
DA:217,2022
DA:218,2022
DA:221,2022
DA:224,2022
DA:225,0
DA:226,0
DA:230,2022
DA:231,0
DA:235,2022
DA:236,674
DA:240,2022
DA:241,2022
DA:242,0
DA:246,2022
DA:247,0
DA:250,2022
DA:268,0
DA:269,0
DA:272,0
DA:279,0
DA:280,0
DA:283,0
DA:284,0
DA:286,0
DA:302,0
DA:304,0
DA:305,0
DA:307,0
DA:308,0
DA:310,0
DA:311,0
DA:313,0
DA:314,0
DA:321,0
DA:322,0
DA:323,0
DA:328,0
DA:329,0
DA:330,0
DA:333,0
DA:345,0
DA:352,0
DA:358,0
DA:361,0
DA:366,0
DA:369,0
DA:370,0
DA:371,0
DA:372,0
DA:374,0
DA:375,0
DA:378,0
DA:389,9
DA:390,9
DA:391,0
DA:399,9
DA:402,9
DA:404,3
DA:413,3
DA:414,3
DA:422,3
DA:424,3
DA:425,3
DA:426,3
DA:427,3
DA:429,3
DA:431,3
DA:439,0
DA:447,0
DA:465,1
DA:466,1
DA:467,0
DA:470,1
DA:471,1
DA:475,1
DA:476,0
DA:480,1
DA:481,1
DA:483,1
DA:484,0
DA:487,1
DA:488,0
DA:491,1
DA:506,0
DA:507,0
DA:509,0
DA:512,0
DA:513,0
DA:514,0
DA:518,0
DA:519,0
DA:520,0
DA:524,0
DA:525,0
DA:528,0
DA:530,0
DA:533,0
DA:544,0
DA:546,0
DA:547,0
DA:549,0
DA:550,0
DA:551,0
DA:553,0
DA:554,0
DA:557,0
DA:558,0
DA:562,0
DA:563,0
DA:566,0
DA:567,0
DA:568,0
DA:569,0
DA:573,0
DA:574,0
DA:575,0
DA:579,0
DA:588,14
DA:595,2142
DA:596,2142
DA:598,2142
DA:600,0
DA:607,3
DA:608,3
DA:610,3
DA:611,9
DA:612,9
DA:613,135
DA:614,2025
DA:615,2022
DA:621,3
DA:629,120
DA:633,120
DA:634,120
DA:635,0
DA:636,0
DA:637,0
DA:640,120
DA:647,120
DA:656,120
DA:665,2022
DA:672,2022
DA:679,2022
DA:686,2022
DA:687,1350
DA:689,672
DA:700,0
DA:707,0
DA:708,0
DA:711,0
DA:712,0
DA:718,0
DA:719,0
DA:720,0
DA:721,0
DA:722,0
DA:726,0
DA:733,0
DA:734,0
DA:735,0
DA:736,0
DA:743,0
DA:744,0
DA:751,0
DA:752,0
DA:757,0
DA:758,0
DA:759,0
DA:762,0
DA:769,0
DA:777,4
DA:778,4
DA:781,4
DA:783,4
DA:785,4
DA:792,1
DA:799,1
DA:806,1
DA:807,0
DA:808,0
DA:809,0
DA:812,0
DA:816,1
DA:825,0
DA:832,0
DA:839,0
DA:846,0
DA:855,1
DA:860,13
DA:866,1
DA:872,0
DA:873,0
DA:874,0
DA:876,0
DA:877,0
DA:878,0
DA:879,0
DA:880,0
DA:881,0
DA:882,0
DA:883,0
DA:890,0
DA:900,1
LF:236
LH:104
BRDA:126,0,0,0
BRDA:127,1,0,0
BRDA:132,2,0,13
BRDA:132,2,1,13
BRDA:161,3,0,0
BRDA:161,3,1,3
BRDA:177,4,0,120
BRDA:177,4,1,1902
BRDA:224,5,0,0
BRDA:224,5,1,2022
BRDA:230,6,0,0
BRDA:230,6,1,2022
BRDA:235,7,0,674
BRDA:235,7,1,1348
BRDA:241,8,0,0
BRDA:241,8,1,2022
BRDA:246,9,0,0
BRDA:246,9,1,2022
BRDA:269,10,0,0
BRDA:269,10,1,0
BRDA:279,11,0,0
BRDA:279,11,1,0
BRDA:279,12,0,0
BRDA:279,12,1,0
BRDA:302,13,0,0
BRDA:302,13,1,0
BRDA:305,14,0,0
BRDA:305,14,1,0
BRDA:321,15,0,0
BRDA:321,15,1,0
BRDA:328,16,0,0
BRDA:328,16,1,0
BRDA:328,17,0,0
BRDA:328,17,1,0
BRDA:328,17,2,0
BRDA:374,18,0,0
BRDA:374,18,1,0
BRDA:390,19,0,0
BRDA:390,19,1,9
BRDA:402,20,0,3
BRDA:402,20,1,3
BRDA:402,20,2,3
BRDA:402,20,3,0
BRDA:416,21,0,1
BRDA:416,21,1,2
BRDA:417,22,0,1
BRDA:417,22,1,2
BRDA:422,23,0,3
BRDA:422,23,1,0
BRDA:429,24,0,3
BRDA:429,24,1,1
BRDA:433,25,0,0
BRDA:433,25,1,3
BRDA:434,26,0,2
BRDA:434,26,1,1
BRDA:434,27,0,0
BRDA:434,27,1,1
BRDA:435,28,0,0
BRDA:435,28,1,3
BRDA:435,29,0,2
BRDA:435,29,1,1
BRDA:466,30,0,0
BRDA:466,30,1,1
BRDA:475,31,0,0
BRDA:475,31,1,1
BRDA:483,32,0,0
BRDA:483,32,1,1
BRDA:483,33,0,1
BRDA:483,33,1,0
BRDA:487,34,0,0
BRDA:487,34,1,1
BRDA:507,35,0,0
BRDA:507,35,1,0
BRDA:507,36,0,0
BRDA:507,36,1,0
BRDA:513,37,0,0
BRDA:513,37,1,0
BRDA:519,38,0,0
BRDA:519,38,1,0
BRDA:524,39,0,0
BRDA:524,39,1,0
BRDA:528,40,0,0
BRDA:528,40,1,0
BRDA:530,41,0,0
BRDA:530,41,1,0
BRDA:544,42,0,0
BRDA:544,42,1,0
BRDA:547,43,0,0
BRDA:547,43,1,0
BRDA:557,44,0,0
BRDA:557,44,1,0
BRDA:566,45,0,0
BRDA:566,45,1,0
BRDA:568,46,0,0
BRDA:568,46,1,0
BRDA:573,47,0,0
BRDA:573,47,1,0
BRDA:588,48,0,13
BRDA:588,48,1,0
BRDA:596,49,0,2142
BRDA:596,49,1,0
BRDA:596,50,0,2142
BRDA:596,50,1,2142
BRDA:596,50,2,2142
BRDA:596,50,3,2142
BRDA:614,51,0,2022
BRDA:614,51,1,3
BRDA:634,52,0,0
BRDA:634,52,1,120
BRDA:635,53,0,0
BRDA:635,53,1,0
BRDA:636,54,0,0
BRDA:636,54,1,0
BRDA:637,55,0,0
BRDA:637,55,1,0
BRDA:686,56,0,1350
BRDA:686,56,1,672
BRDA:719,57,0,0
BRDA:719,57,1,0
BRDA:719,58,0,0
BRDA:719,58,1,0
BRDA:721,59,0,0
BRDA:721,59,1,0
BRDA:734,60,0,0
BRDA:734,60,1,0
BRDA:735,61,0,0
BRDA:735,61,1,0
BRDA:758,62,0,0
BRDA:758,62,1,0
BRDA:758,63,0,0
BRDA:758,63,1,0
BRDA:808,64,0,0
BRDA:808,64,1,0
BRDA:809,65,0,0
BRDA:809,65,1,0
BRDA:856,66,0,0
BRDA:857,67,0,0
BRDA:880,68,0,0
BRDA:880,68,1,0
BRDA:882,69,0,0
BRDA:882,69,1,0
BRDA:893,70,0,0
BRDA:893,70,1,0
BRF:143
BRH:45
end_of_record
TN:
SF:src/ai/AIPlayer.ts
FN:204,(anonymous_0)
FN:243,(anonymous_1)
FN:249,(anonymous_2)
FN:258,(anonymous_3)
FN:267,(anonymous_4)
FN:276,(anonymous_5)
FN:283,(anonymous_6)
FN:291,(anonymous_7)
FN:313,(anonymous_8)
FN:351,(anonymous_9)
FN:438,(anonymous_10)
FN:524,(anonymous_11)
FN:561,(anonymous_12)
FN:601,(anonymous_13)
FN:637,(anonymous_14)
FN:665,(anonymous_15)
FN:696,(anonymous_16)
FN:725,(anonymous_17)
FN:752,(anonymous_18)
FN:770,(anonymous_19)
FN:792,(anonymous_20)
FN:793,(anonymous_21)
FN:799,(anonymous_22)
FN:811,(anonymous_23)
FN:832,(anonymous_24)
FN:842,(anonymous_25)
FN:852,(anonymous_26)
FN:854,(anonymous_27)
FN:863,(anonymous_28)
FN:865,(anonymous_29)
FN:874,(anonymous_30)
FN:882,(anonymous_31)
FN:892,(anonymous_32)
FN:899,(anonymous_33)
FN:906,(anonymous_34)
FN:913,(anonymous_35)
FN:920,(anonymous_36)
FN:927,(anonymous_37)
FN:934,(anonymous_38)
FN:941,(anonymous_39)
FN:952,(anonymous_40)
FN:963,createAIPlayer
FN:982,getRandomPersonality
FN:990,getPersonalityDescription
FNF:44
FNH:20
FNDA:23,(anonymous_0)
FNDA:23,(anonymous_1)
FNDA:1,(anonymous_2)
FNDA:82,(anonymous_3)
FNDA:23,(anonymous_4)
FNDA:1,(anonymous_5)
FNDA:0,(anonymous_6)
FNDA:0,(anonymous_7)
FNDA:18,(anonymous_8)
FNDA:18,(anonymous_9)
FNDA:1,(anonymous_10)
FNDA:4,(anonymous_11)
FNDA:0,(anonymous_12)
FNDA:0,(anonymous_13)
FNDA:1,(anonymous_14)
FNDA:0,(anonymous_15)
FNDA:0,(anonymous_16)
FNDA:0,(anonymous_17)
FNDA:1,(anonymous_18)
FNDA:1,(anonymous_19)
FNDA:19,(anonymous_20)
FNDA:19,(anonymous_21)
FNDA:0,(anonymous_22)
FNDA:0,(anonymous_23)
FNDA:0,(anonymous_24)
FNDA:1,(anonymous_25)
FNDA:0,(anonymous_26)
FNDA:0,(anonymous_27)
FNDA:0,(anonymous_28)
FNDA:0,(anonymous_29)
FNDA:0,(anonymous_30)
FNDA:0,(anonymous_31)
FNDA:0,(anonymous_32)
FNDA:0,(anonymous_33)
FNDA:1,(anonymous_34)
FNDA:1,(anonymous_35)
FNDA:0,(anonymous_36)
FNDA:0,(anonymous_37)
FNDA:3,(anonymous_38)
FNDA:0,(anonymous_39)
FNDA:0,(anonymous_40)
FNDA:23,createAIPlayer
FNDA:0,getRandomPersonality
FNDA:0,getPersonalityDescription
DA:29,1
DA:37,1
DA:38,1
DA:167,1
DA:197,1
DA:200,23
DA:201,23
DA:208,23
DA:212,23
DA:214,23
DA:237,23
DA:244,23
DA:245,23
DA:246,277
DA:247,277
DA:249,23
DA:250,1
DA:251,1
DA:259,82
DA:260,82
DA:268,23
DA:269,23
DA:270,23
DA:277,1
DA:284,0
DA:285,0
DA:292,0
DA:293,0
DA:298,0
DA:300,0
DA:305,0
DA:314,18
DA:315,18
DA:317,18
DA:319,18
DA:326,18
DA:328,18
DA:329,18
DA:330,18
DA:331,18
DA:332,18
DA:333,18
DA:336,0
DA:337,0
DA:338,0
DA:339,0
DA:342,18
DA:343,18
DA:345,18
DA:352,18
DA:359,18
DA:360,18
DA:361,17
DA:362,17
DA:366,1
DA:369,1
DA:375,1
DA:376,1
DA:378,1
DA:379,1
DA:385,1
DA:386,1
DA:389,1
DA:400,1
DA:401,0
DA:402,1
DA:403,1
DA:404,1
DA:405,1
DA:406,1
DA:407,0
DA:408,0
DA:409,0
DA:410,0
DA:411,0
DA:416,0
DA:417,0
DA:418,0
DA:423,1
DA:424,0
DA:429,0
DA:432,1
DA:443,1
DA:444,1
DA:445,0
DA:448,1
DA:449,1
DA:452,1
DA:453,4
DA:458,4
DA:467,1
DA:468,0
DA:474,0
DA:483,1
DA:484,0
DA:489,0
DA:490,0
DA:500,1
DA:505,1
DA:512,1
DA:518,1
DA:529,4
DA:532,4
DA:535,4
DA:536,4
DA:540,4
DA:541,4
DA:545,4
DA:547,0
DA:551,4
DA:552,0
DA:555,4
DA:567,0
DA:570,0
DA:571,0
DA:572,0
DA:576,0
DA:577,0
DA:578,0
DA:579,0
DA:584,0
DA:585,0
DA:589,0
DA:590,0
DA:591,0
DA:592,0
DA:595,0
DA:606,0
DA:608,0
DA:609,0
DA:612,0
DA:613,0
DA:614,0
DA:615,0
DA:616,0
DA:617,0
DA:622,0
DA:623,0
DA:627,0
DA:628,0
DA:631,0
DA:642,1
DA:645,1
DA:646,1
DA:647,1
DA:648,0
DA:649,0
DA:654,1
DA:656,0
DA:659,1
DA:666,0
DA:674,0
DA:675,0
DA:676,0
DA:677,0
DA:678,0
DA:679,0
DA:682,0
DA:683,0
DA:690,0
DA:697,0
DA:700,0
DA:701,0
DA:705,0
DA:707,0
DA:715,0
DA:730,0
DA:731,0
DA:733,0
DA:734,0
DA:737,0
DA:739,0
DA:740,0
DA:741,0
DA:746,0
DA:758,1
DA:771,1
DA:773,0
DA:775,1
DA:777,0
DA:779,0
DA:781,0
DA:783,0
DA:793,19
DA:800,0
DA:801,0
DA:803,0
DA:805,0
DA:812,0
DA:813,0
DA:815,0
DA:816,0
DA:821,0
DA:822,0
DA:823,0
DA:826,0
DA:833,0
DA:834,0
DA:836,0
DA:843,1
DA:844,1
DA:845,1
DA:846,0
DA:853,0
DA:854,0
DA:855,0
DA:864,0
DA:865,0
DA:866,0
DA:876,0
DA:882,0
DA:883,0
DA:893,0
DA:900,0
DA:907,1
DA:914,1
DA:921,0
DA:928,0
DA:935,3
DA:942,0
DA:943,0
DA:944,0
DA:945,0
DA:946,0
DA:953,0
DA:954,0
DA:963,1
DA:970,23
DA:982,1
DA:983,0
DA:984,0
DA:990,1
DA:991,0
DA:996,0
DA:1001,1
LF:235
LH:103
BRDA:206,0,0,0
BRDA:212,1,0,23
BRDA:212,1,1,19
BRDA:217,2,0,23
BRDA:217,2,1,23
BRDA:259,3,0,82
BRDA:259,3,1,0
BRDA:260,4,0,82
BRDA:260,4,1,18
BRDA:292,5,0,0
BRDA:292,5,1,0
BRDA:315,6,0,0
BRDA:315,6,1,18
BRDA:326,7,0,18
BRDA:326,7,1,0
BRDA:360,8,0,17
BRDA:360,8,1,1
BRDA:378,9,0,1
BRDA:378,9,1,1
BRDA:400,10,0,0
BRDA:400,10,1,1
BRDA:402,11,0,1
BRDA:402,11,1,0
BRDA:407,12,0,0
BRDA:407,12,1,0
BRDA:407,13,0,0
BRDA:407,13,1,0
BRDA:411,14,0,0
BRDA:411,14,1,0
BRDA:416,15,0,0
BRDA:416,15,1,0
BRDA:423,16,0,0
BRDA:423,16,1,1
BRDA:423,17,0,1
BRDA:423,17,1,0
BRDA:444,18,0,0
BRDA:444,18,1,1
BRDA:489,19,0,0
BRDA:489,19,1,0
BRDA:518,20,0,1
BRDA:518,20,1,0
BRDA:535,21,0,4
BRDA:535,21,1,0
BRDA:540,22,0,4
BRDA:540,22,1,0
BRDA:545,23,0,0
BRDA:545,23,1,4
BRDA:551,24,0,0
BRDA:551,24,1,4
BRDA:571,25,0,0
BRDA:571,25,1,0
BRDA:576,26,0,0
BRDA:576,26,1,0
BRDA:578,27,0,0
BRDA:578,27,1,0
BRDA:584,28,0,0
BRDA:584,28,1,0
BRDA:590,29,0,0
BRDA:590,29,1,0
BRDA:609,30,0,0
BRDA:609,30,1,0
BRDA:612,31,0,0
BRDA:612,31,1,0
BRDA:614,32,0,0
BRDA:614,32,1,0
BRDA:616,33,0,0
BRDA:616,33,1,0
BRDA:622,34,0,0
BRDA:622,34,1,0
BRDA:627,35,0,0
BRDA:627,35,1,0
BRDA:645,36,0,1
BRDA:645,36,1,0
BRDA:646,37,0,1
BRDA:646,37,1,0
BRDA:648,38,0,0
BRDA:648,38,1,0
BRDA:654,39,0,0
BRDA:654,39,1,1
BRDA:654,40,0,1
BRDA:654,40,1,0
BRDA:674,41,0,0
BRDA:674,41,1,0
BRDA:674,42,0,0
BRDA:674,42,1,0
BRDA:677,43,0,0
BRDA:677,43,1,0
BRDA:677,44,0,0
BRDA:677,44,1,0
BRDA:700,45,0,0
BRDA:700,45,1,0
BRDA:700,46,0,0
BRDA:700,46,1,0
BRDA:705,47,0,0
BRDA:705,47,1,0
BRDA:705,48,0,0
BRDA:705,48,1,0
BRDA:731,49,0,0
BRDA:731,49,1,0
BRDA:737,50,0,0
BRDA:737,50,1,0
BRDA:740,51,0,0
BRDA:740,51,1,0
BRDA:771,52,0,0
BRDA:771,52,1,1
BRDA:771,52,2,0
BRDA:771,52,3,0
BRDA:771,52,4,0
BRDA:771,52,5,0
BRDA:793,53,0,19
BRDA:793,53,1,17
BRDA:801,54,0,0
BRDA:801,54,1,0
BRDA:801,55,0,0
BRDA:801,55,1,0
BRDA:801,55,2,0
BRDA:801,55,3,0
BRDA:822,56,0,0
BRDA:822,56,1,0
BRDA:822,57,0,0
BRDA:822,57,1,0
BRDA:833,58,0,0
BRDA:833,58,1,0
BRDA:844,59,0,0
BRDA:844,59,1,1
BRDA:845,60,0,1
BRDA:845,60,1,0
BRDA:855,61,0,0
BRDA:855,61,1,0
BRDA:866,62,0,0
BRDA:866,62,1,0
BRDA:944,63,0,0
BRDA:944,63,1,0
BRDA:945,64,0,0
BRDA:945,64,1,0
BRDA:965,65,0,0
BRDA:966,66,0,0
BRDA:982,67,0,0
BRF:138
BRH:32
end_of_record
TN:
SF:src/ai/AIPlayerManager.ts
FN:128,(anonymous_0)
FN:152,(anonymous_1)
FN:158,(anonymous_2)
FN:167,(anonymous_3)
FN:175,(anonymous_4)
FN:247,(anonymous_5)
FN:248,(anonymous_6)
FN:254,(anonymous_7)
FN:262,(anonymous_8)
FN:271,(anonymous_9)
FN:290,(anonymous_10)
FN:318,(anonymous_11)
FN:326,(anonymous_12)
FN:337,(anonymous_13)
FN:352,(anonymous_14)
FN:360,(anonymous_15)
FN:379,(anonymous_16)
FN:380,(anonymous_17)
FN:387,(anonymous_18)
FN:402,(anonymous_19)
FN:421,(anonymous_20)
FN:424,(anonymous_21)
FN:434,(anonymous_22)
FN:435,(anonymous_23)
FN:436,(anonymous_24)
FN:448,(anonymous_25)
FN:455,(anonymous_26)
FN:462,(anonymous_27)
FN:469,(anonymous_28)
FN:472,(anonymous_29)
FN:492,(anonymous_30)
FN:499,(anonymous_31)
FN:506,(anonymous_32)
FN:517,(anonymous_33)
FN:518,(anonymous_34)
FN:528,(anonymous_35)
FN:535,(anonymous_36)
FN:537,(anonymous_37)
FN:546,(anonymous_38)
FN:556,(anonymous_39)
FN:575,createAIPlayerManager
FN:592,generateGameSetupOptions
FN:619,createSeededRng
FN:625,(anonymous_43)
FN:634,getPersonalityIcon
FN:646,getPersonalityColor
FNF:46
FNH:0
FNDA:0,(anonymous_0)
FNDA:0,(anonymous_1)
FNDA:0,(anonymous_2)
FNDA:0,(anonymous_3)
FNDA:0,(anonymous_4)
FNDA:0,(anonymous_5)
FNDA:0,(anonymous_6)
FNDA:0,(anonymous_7)
FNDA:0,(anonymous_8)
FNDA:0,(anonymous_9)
FNDA:0,(anonymous_10)
FNDA:0,(anonymous_11)
FNDA:0,(anonymous_12)
FNDA:0,(anonymous_13)
FNDA:0,(anonymous_14)
FNDA:0,(anonymous_15)
FNDA:0,(anonymous_16)
FNDA:0,(anonymous_17)
FNDA:0,(anonymous_18)
FNDA:0,(anonymous_19)
FNDA:0,(anonymous_20)
FNDA:0,(anonymous_21)
FNDA:0,(anonymous_22)
FNDA:0,(anonymous_23)
FNDA:0,(anonymous_24)
FNDA:0,(anonymous_25)
FNDA:0,(anonymous_26)
FNDA:0,(anonymous_27)
FNDA:0,(anonymous_28)
FNDA:0,(anonymous_29)
FNDA:0,(anonymous_30)
FNDA:0,(anonymous_31)
FNDA:0,(anonymous_32)
FNDA:0,(anonymous_33)
FNDA:0,(anonymous_34)
FNDA:0,(anonymous_35)
FNDA:0,(anonymous_36)
FNDA:0,(anonymous_37)
FNDA:0,(anonymous_38)
FNDA:0,(anonymous_39)
FNDA:0,createAIPlayerManager
FNDA:0,generateGameSetupOptions
FNDA:0,createSeededRng
FNDA:0,(anonymous_43)
FNDA:0,getPersonalityIcon
FNDA:0,getPersonalityColor
DA:23,0
DA:24,0
DA:119,0
DA:132,0
DA:133,0
DA:134,0
DA:135,0
DA:136,0
DA:137,0
DA:139,0
DA:146,0
DA:153,0
DA:154,0
DA:155,0
DA:156,0
DA:158,0
DA:159,0
DA:160,0
DA:168,0
DA:180,0
DA:181,0
DA:184,0
DA:186,0
DA:187,0
DA:188,0
DA:191,0
DA:197,0
DA:205,0
DA:206,0
DA:208,0
DA:211,0
DA:229,0
DA:231,0
DA:239,0
DA:241,0
DA:248,0
DA:255,0
DA:256,0
DA:263,0
DA:264,0
DA:265,0
DA:272,0
DA:273,0
DA:274,0
DA:277,0
DA:278,0
DA:280,0
DA:281,0
DA:282,0
DA:285,0
DA:286,0
DA:288,0
DA:290,0
DA:291,0
DA:292,0
DA:296,0
DA:299,0
DA:300,0
DA:304,0
DA:306,0
DA:308,0
DA:309,0
DA:311,0
DA:323,0
DA:326,0
DA:327,0
DA:328,0
DA:330,0
DA:331,0
DA:332,0
DA:333,0
DA:337,0
DA:342,0
DA:343,0
DA:344,0
DA:346,0
DA:356,0
DA:357,0
DA:360,0
DA:361,0
DA:362,0
DA:366,0
DA:369,0
DA:370,0
DA:373,0
DA:380,0
DA:381,0
DA:388,0
DA:390,0
DA:392,0
DA:393,0
DA:396,0
DA:408,0
DA:422,0
DA:424,0
DA:425,0
DA:426,0
DA:427,0
DA:435,0
DA:436,0
DA:437,0
DA:438,0
DA:449,0
DA:456,0
DA:463,0
DA:470,0
DA:472,0
DA:473,0
DA:474,0
DA:486,0
DA:493,0
DA:500,0
DA:507,0
DA:508,0
DA:509,0
DA:511,0
DA:518,0
DA:519,0
DA:520,0
DA:522,0
DA:529,0
DA:536,0
DA:537,0
DA:538,0
DA:540,0
DA:547,0
DA:548,0
DA:549,0
DA:557,0
DA:558,0
DA:559,0
DA:565,0
DA:566,0
DA:575,0
DA:581,0
DA:592,0
DA:598,0
DA:599,0
DA:601,0
DA:603,0
DA:604,0
DA:607,0
DA:620,0
DA:621,0
DA:622,0
DA:623,0
DA:625,0
DA:626,0
DA:627,0
DA:634,0
DA:635,0
DA:640,0
DA:646,0
DA:647,0
DA:652,0
DA:657,0
LF:156
LH:0
BRDA:137,0,0,0
BRDA:137,0,1,0
BRDA:168,1,0,0
BRDA:168,1,1,0
BRDA:191,2,0,0
BRDA:191,2,1,0
BRDA:192,3,0,0
BRDA:192,3,1,0
BRDA:194,4,0,0
BRDA:194,4,1,0
BRDA:200,5,0,0
BRDA:200,5,1,0
BRDA:272,6,0,0
BRDA:272,6,1,0
BRDA:280,7,0,0
BRDA:280,7,1,0
BRDA:291,8,0,0
BRDA:291,8,1,0
BRDA:327,9,0,0
BRDA:327,9,1,0
BRDA:331,10,0,0
BRDA:331,10,1,0
BRDA:357,11,0,0
BRDA:357,11,1,0
BRDA:361,12,0,0
BRDA:361,12,1,0
BRDA:381,13,0,0
BRDA:381,13,1,0
BRDA:390,14,0,0
BRDA:390,14,1,0
BRDA:437,15,0,0
BRDA:437,15,1,0
BRDA:477,16,0,0
BRDA:477,16,1,0
BRDA:508,17,0,0
BRDA:508,17,1,0
BRDA:519,18,0,0
BRDA:519,18,1,0
BRDA:547,19,0,0
BRDA:547,19,1,0
BRDA:578,20,0,0
BRDA:601,21,0,0
BRDA:601,21,1,0
BRF:43
BRH:0
end_of_record
TN:
SF:src/ai/HeroAI.ts
FN:123,(anonymous_0)
FN:133,(anonymous_1)
FN:135,(anonymous_2)
FN:137,(anonymous_3)
FN:172,(anonymous_4)
FN:178,(anonymous_5)
FN:187,(anonymous_6)
FN:197,(anonymous_7)
FN:306,(anonymous_8)
FN:311,(anonymous_9)
FN:339,(anonymous_10)
FN:370,(anonymous_11)
FN:406,(anonymous_12)
FN:411,(anonymous_13)
FN:412,(anonymous_14)
FN:437,(anonymous_15)
FN:455,(anonymous_16)
FN:496,(anonymous_17)
FN:528,(anonymous_18)
FN:583,(anonymous_19)
FN:632,(anonymous_20)
FN:672,(anonymous_21)
FN:684,(anonymous_22)
FN:692,(anonymous_23)
FN:709,(anonymous_24)
FN:732,(anonymous_25)
FN:755,(anonymous_26)
FN:756,(anonymous_27)
FN:762,(anonymous_28)
FN:775,(anonymous_29)
FN:785,(anonymous_30)
FN:793,(anonymous_31)
FN:800,(anonymous_32)
FN:807,(anonymous_33)
FN:816,(anonymous_34)
FN:823,(anonymous_35)
FN:832,(anonymous_36)
FN:839,(anonymous_37)
FN:849,createHeroAI
FN:864,isAIControlledHero
FN:868,(anonymous_40)
FN:878,getAIControlledHeroes
FN:880,(anonymous_42)
FN:881,(anonymous_43)
FN:888,createHeroAIs
FN:909,coordinateHeroAIs
FNF:46
FNH:35
FNDA:51,(anonymous_0)
FNDA:0,(anonymous_1)
FNDA:0,(anonymous_2)
FNDA:0,(anonymous_3)
FNDA:51,(anonymous_4)
FNDA:53,(anonymous_5)
FNDA:176,(anonymous_6)
FNDA:34,(anonymous_7)
FNDA:0,(anonymous_8)
FNDA:0,(anonymous_9)
FNDA:0,(anonymous_10)
FNDA:96,(anonymous_11)
FNDA:5,(anonymous_12)
FNDA:10,(anonymous_13)
FNDA:5,(anonymous_14)
FNDA:1,(anonymous_15)
FNDA:5,(anonymous_16)
FNDA:34,(anonymous_17)
FNDA:5,(anonymous_18)
FNDA:6,(anonymous_19)
FNDA:11,(anonymous_20)
FNDA:34,(anonymous_21)
FNDA:34,(anonymous_22)
FNDA:34,(anonymous_23)
FNDA:0,(anonymous_24)
FNDA:0,(anonymous_25)
FNDA:39,(anonymous_26)
FNDA:41,(anonymous_27)
FNDA:0,(anonymous_28)
FNDA:0,(anonymous_29)
FNDA:2,(anonymous_30)
FNDA:2,(anonymous_31)
FNDA:1,(anonymous_32)
FNDA:2,(anonymous_33)
FNDA:5,(anonymous_34)
FNDA:1,(anonymous_35)
FNDA:1,(anonymous_36)
FNDA:3,(anonymous_37)
FNDA:51,createHeroAI
FNDA:4,isAIControlledHero
FNDA:6,(anonymous_40)
FNDA:1,getAIControlledHeroes
FNDA:4,(anonymous_42)
FNDA:3,(anonymous_43)
FNDA:2,createHeroAIs
FNDA:0,coordinateHeroAIs
DA:26,2
DA:35,2
DA:38,2
DA:117,2
DA:127,51
DA:131,51
DA:132,51
DA:134,0
DA:135,0
DA:137,0
DA:142,51
DA:166,51
DA:173,51
DA:174,51
DA:175,551
DA:176,551
DA:178,51
DA:179,53
DA:180,53
DA:188,176
DA:189,176
DA:198,34
DA:202,34
DA:207,34
DA:210,34
DA:213,34
DA:215,34
DA:218,34
DA:219,0
DA:224,0
DA:233,34
DA:234,96
DA:239,96
DA:248,34
DA:249,0
DA:254,0
DA:263,34
DA:264,0
DA:269,0
DA:278,34
DA:282,34
DA:289,34
DA:295,34
DA:296,34
DA:299,34
DA:300,34
DA:311,0
DA:312,0
DA:314,0
DA:317,0
DA:320,0
DA:322,0
DA:323,0
DA:324,0
DA:327,0
DA:329,0
DA:330,0
DA:332,0
DA:334,0
DA:335,0
DA:339,0
DA:340,0
DA:343,0
DA:344,0
DA:345,0
DA:347,0
DA:353,0
DA:354,0
DA:355,0
DA:356,0
DA:360,0
DA:361,0
DA:364,0
DA:375,96
DA:378,96
DA:381,96
DA:382,0
DA:385,96
DA:386,12
DA:391,96
DA:392,96
DA:396,96
DA:397,12
DA:400,96
DA:411,10
DA:412,5
DA:413,5
DA:415,5
DA:418,5
DA:421,5
DA:422,5
DA:425,5
DA:426,0
DA:430,5
DA:431,2
DA:432,3
DA:433,1
DA:437,5
DA:438,1
DA:440,5
DA:441,1
DA:445,5
DA:446,0
DA:449,5
DA:460,5
DA:463,5
DA:466,5
DA:468,5
DA:469,2
DA:470,2
DA:471,2
DA:476,5
DA:477,2
DA:478,2
DA:479,0
DA:480,0
DA:486,5
DA:487,2
DA:490,5
DA:500,34
DA:503,34
DA:504,34
DA:508,34
DA:509,34
DA:511,34
DA:512,1
DA:517,34
DA:518,0
DA:521,34
DA:529,5
DA:534,5
DA:537,5
DA:544,5
DA:545,5
DA:546,2
DA:547,3
DA:548,1
DA:551,5
DA:561,5
DA:562,3
DA:569,5
DA:575,5
DA:576,5
DA:584,6
DA:588,6
DA:593,6
DA:595,6
DA:597,6
DA:598,5
DA:603,5
DA:612,6
DA:618,6
DA:624,6
DA:625,6
DA:633,11
DA:634,11
DA:636,11
DA:639,11
DA:640,11
DA:641,11
DA:643,11
DA:646,11
DA:647,0
DA:651,11
DA:652,11
DA:659,0
DA:660,0
DA:661,0
DA:665,11
DA:666,11
DA:673,34
DA:674,107
DA:675,34
DA:676,34
DA:685,34
DA:697,34
DA:710,0
DA:712,0
DA:716,0
DA:717,0
DA:726,0
DA:733,0
DA:734,0
DA:735,0
DA:737,0
DA:738,0
DA:740,0
DA:741,0
DA:743,0
DA:744,0
DA:746,0
DA:747,0
DA:749,0
DA:756,41
DA:764,0
DA:765,0
DA:769,0
DA:776,0
DA:777,0
DA:779,0
DA:786,2
DA:787,2
DA:794,2
DA:801,1
DA:808,2
DA:809,2
DA:810,2
DA:817,5
DA:824,1
DA:833,1
DA:840,3
DA:849,2
DA:854,51
DA:864,2
DA:868,6
DA:869,4
DA:872,4
DA:878,2
DA:879,1
DA:880,4
DA:881,3
DA:888,2
DA:893,2
DA:895,2
DA:896,7
DA:897,5
DA:898,5
DA:902,2
DA:909,2
DA:914,0
DA:916,0
DA:924,2
LF:232
LH:161
BRDA:125,0,0,0
BRDA:131,1,0,51
BRDA:131,1,1,24
BRDA:188,2,0,176
BRDA:188,2,1,0
BRDA:189,3,0,176
BRDA:189,3,1,11
BRDA:295,4,0,34
BRDA:295,4,1,0
BRDA:300,5,0,34
BRDA:300,5,1,0
BRDA:312,6,0,0
BRDA:312,6,1,0
BRDA:322,7,0,0
BRDA:322,7,1,0
BRDA:327,8,0,0
BRDA:327,8,1,0
BRDA:329,9,0,0
BRDA:329,9,1,0
BRDA:332,10,0,0
BRDA:332,10,1,0
BRDA:334,11,0,0
BRDA:334,11,1,0
BRDA:340,12,0,0
BRDA:340,12,1,0
BRDA:340,12,2,0
BRDA:343,13,0,0
BRDA:343,13,1,0
BRDA:343,14,0,0
BRDA:343,14,1,0
BRDA:345,15,0,0
BRDA:345,15,1,0
BRDA:345,16,0,0
BRDA:345,16,1,0
BRDA:354,17,0,0
BRDA:354,17,1,0
BRDA:360,18,0,0
BRDA:360,18,1,0
BRDA:381,19,0,0
BRDA:381,19,1,96
BRDA:385,20,0,12
BRDA:385,20,1,84
BRDA:391,21,0,96
BRDA:391,21,1,0
BRDA:396,22,0,12
BRDA:396,22,1,84
BRDA:413,23,0,0
BRDA:413,23,1,5
BRDA:413,24,0,5
BRDA:413,24,1,5
BRDA:425,25,0,0
BRDA:425,25,1,5
BRDA:430,26,0,2
BRDA:430,26,1,3
BRDA:432,27,0,1
BRDA:432,27,1,2
BRDA:438,28,0,1
BRDA:438,28,1,0
BRDA:438,28,2,0
BRDA:440,29,0,1
BRDA:440,29,1,4
BRDA:445,30,0,0
BRDA:445,30,1,5
BRDA:466,31,0,5
BRDA:466,31,1,0
BRDA:468,32,0,2
BRDA:468,32,1,3
BRDA:468,33,0,5
BRDA:468,33,1,3
BRDA:468,33,2,3
BRDA:470,34,0,2
BRDA:470,34,1,0
BRDA:470,35,0,2
BRDA:470,35,1,2
BRDA:476,36,0,2
BRDA:476,36,1,3
BRDA:476,37,0,5
BRDA:476,37,1,3
BRDA:476,37,2,3
BRDA:477,38,0,2
BRDA:477,38,1,0
BRDA:479,39,0,0
BRDA:479,39,1,0
BRDA:486,40,0,2
BRDA:486,40,1,3
BRDA:503,41,0,34
BRDA:503,41,1,0
BRDA:509,42,0,34
BRDA:509,42,1,0
BRDA:509,43,0,34
BRDA:509,43,1,34
BRDA:511,44,0,1
BRDA:511,44,1,33
BRDA:517,45,0,0
BRDA:517,45,1,34
BRDA:545,46,0,2
BRDA:545,46,1,3
BRDA:547,47,0,1
BRDA:547,47,1,2
BRDA:561,48,0,3
BRDA:561,48,1,2
BRDA:576,49,0,5
BRDA:576,49,1,0
BRDA:625,50,0,6
BRDA:625,50,1,0
BRDA:646,51,0,0
BRDA:646,51,1,11
BRDA:651,52,0,11
BRDA:651,52,1,0
BRDA:659,53,0,0
BRDA:659,53,1,0
BRDA:674,54,0,34
BRDA:674,54,1,73
BRDA:674,55,0,107
BRDA:674,55,1,34
BRDA:685,56,0,34
BRDA:685,56,1,29
BRDA:710,57,0,0
BRDA:710,57,1,0
BRDA:712,58,0,0
BRDA:712,58,1,0
BRDA:716,59,0,0
BRDA:716,59,1,0
BRDA:734,60,0,0
BRDA:734,60,1,0
BRDA:734,61,0,0
BRDA:734,61,1,0
BRDA:734,61,2,0
BRDA:734,61,3,0
BRDA:737,62,0,0
BRDA:737,62,1,0
BRDA:737,63,0,0
BRDA:737,63,1,0
BRDA:740,64,0,0
BRDA:740,64,1,0
BRDA:740,65,0,0
BRDA:740,65,1,0
BRDA:743,66,0,0
BRDA:743,66,1,0
BRDA:743,67,0,0
BRDA:743,67,1,0
BRDA:746,68,0,0
BRDA:746,68,1,0
BRDA:746,69,0,0
BRDA:746,69,1,0
BRDA:756,70,0,39
BRDA:756,70,1,1
BRDA:756,71,0,41
BRDA:756,71,1,39
BRDA:764,72,0,0
BRDA:764,72,1,0
BRDA:776,73,0,0
BRDA:776,73,1,0
BRDA:787,74,0,2
BRDA:787,74,1,1
BRDA:851,75,0,0
BRDA:869,76,0,0
BRDA:869,76,1,4
BRDA:872,77,0,4
BRDA:872,77,1,2
BRDA:872,77,2,2
BRDA:880,78,0,4
BRDA:880,78,1,3
BRDA:890,79,0,0
BRDA:896,80,0,5
BRDA:896,80,1,2
BRDA:896,81,0,7
BRDA:896,81,1,5
BRDA:916,82,0,0
BRDA:916,82,1,0
BRF:170
BRH:81
end_of_record
TN:
SF:src/ai/HeroAIDecisionEngine.ts
FN:140,(anonymous_0)
FN:153,(anonymous_1)
FN:159,(anonymous_2)
FN:168,(anonymous_3)
FN:179,(anonymous_4)
FN:184,(anonymous_5)
FN:200,(anonymous_6)
FN:217,(anonymous_7)
FN:218,(anonymous_8)
FN:226,(anonymous_9)
FN:229,(anonymous_10)
FN:255,(anonymous_11)
FN:283,(anonymous_12)
FN:328,(anonymous_13)
FN:366,(anonymous_14)
FN:372,(anonymous_15)
FN:417,(anonymous_16)
FN:433,(anonymous_17)
FN:439,(anonymous_18)
FN:440,(anonymous_19)
FN:483,(anonymous_20)
FN:519,(anonymous_21)
FN:541,(anonymous_22)
FN:546,(anonymous_23)
FN:553,(anonymous_24)
FN:563,(anonymous_25)
FN:577,(anonymous_26)
FN:584,(anonymous_27)
FN:594,createHeroDecisionEngine
FN:604,evaluateTeamStrategy
FN:608,(anonymous_30)
FN:614,(anonymous_31)
FN:624,(anonymous_32)
FNF:33
FNH:23
FNDA:20,(anonymous_0)
FNDA:20,(anonymous_1)
FNDA:0,(anonymous_2)
FNDA:20,(anonymous_3)
FNDA:15,(anonymous_4)
FNDA:32,(anonymous_5)
FNDA:15,(anonymous_6)
FNDA:42,(anonymous_7)
FNDA:12,(anonymous_8)
FNDA:5,(anonymous_9)
FNDA:5,(anonymous_10)
FNDA:5,(anonymous_11)
FNDA:2,(anonymous_12)
FNDA:2,(anonymous_13)
FNDA:0,(anonymous_14)
FNDA:0,(anonymous_15)
FNDA:0,(anonymous_16)
FNDA:0,(anonymous_17)
FNDA:0,(anonymous_18)
FNDA:0,(anonymous_19)
FNDA:0,(anonymous_20)
FNDA:15,(anonymous_21)
FNDA:0,(anonymous_22)
FNDA:0,(anonymous_23)
FNDA:15,(anonymous_24)
FNDA:3,(anonymous_25)
FNDA:3,(anonymous_26)
FNDA:3,(anonymous_27)
FNDA:6,createHeroDecisionEngine
FNDA:2,evaluateTeamStrategy
FNDA:4,(anonymous_30)
FNDA:2,(anonymous_31)
FNDA:2,(anonymous_32)
DA:19,2
DA:72,2
DA:82,2
DA:101,2
DA:135,2
DA:144,20
DA:145,20
DA:146,20
DA:147,20
DA:154,20
DA:155,20
DA:156,212
DA:157,212
DA:159,20
DA:160,0
DA:161,0
DA:169,20
DA:170,20
DA:183,15
DA:184,32
DA:186,15
DA:187,0
DA:200,15
DA:201,15
DA:204,15
DA:205,15
DA:206,15
DA:207,2
DA:208,13
DA:209,13
DA:211,0
DA:216,15
DA:217,42
DA:218,12
DA:221,15
DA:226,15
DA:227,5
DA:229,15
DA:230,5
DA:234,15
DA:240,15
DA:257,5
DA:258,2
DA:262,3
DA:263,1
DA:267,2
DA:268,2
DA:272,0
DA:273,0
DA:277,0
DA:287,2
DA:288,2
DA:291,2
DA:292,2
DA:294,0
DA:295,0
DA:297,2
DA:298,2
DA:300,0
DA:301,0
DA:303,0
DA:307,2
DA:308,2
DA:309,1
DA:310,1
DA:311,1
DA:315,2
DA:317,2
DA:332,2
DA:334,2
DA:336,0
DA:337,0
DA:338,0
DA:340,0
DA:342,0
DA:343,0
DA:344,0
DA:346,0
DA:348,2
DA:349,2
DA:350,2
DA:352,0
DA:353,0
DA:354,0
DA:356,0
DA:357,0
DA:360,2
DA:372,0
DA:373,0
DA:375,0
DA:378,0
DA:381,0
DA:384,0
DA:385,0
DA:386,0
DA:387,0
DA:388,0
DA:391,0
DA:396,0
DA:397,0
DA:398,0
DA:399,0
DA:400,0
DA:403,0
DA:407,0
DA:408,0
DA:409,0
DA:410,0
DA:412,0
DA:416,0
DA:417,0
DA:418,0
DA:422,0
DA:423,0
DA:427,0
DA:439,0
DA:440,0
DA:441,0
DA:443,0
DA:446,0
DA:449,0
DA:450,0
DA:454,0
DA:455,0
DA:458,0
DA:459,0
DA:463,0
DA:464,0
DA:465,0
DA:466,0
DA:470,0
DA:471,0
DA:475,0
DA:477,0
DA:489,0
DA:492,0
DA:495,0
DA:496,0
DA:497,0
DA:498,0
DA:499,0
DA:504,0
DA:505,0
DA:506,0
DA:511,0
DA:513,0
DA:524,15
DA:528,15
DA:529,15
DA:531,15
DA:546,0
DA:547,0
DA:554,15
DA:555,0
DA:557,15
DA:564,3
DA:567,3
DA:568,3
DA:578,3
DA:585,3
DA:594,2
DA:598,6
DA:604,2
DA:608,2
DA:609,4
DA:610,4
DA:614,2
DA:616,2
DA:617,1
DA:620,1
DA:621,0
DA:624,2
DA:625,0
DA:628,1
DA:633,2
LF:175
LH:86
BRDA:141,0,0,0
BRDA:147,1,0,20
BRDA:147,1,1,8
BRDA:186,2,0,0
BRDA:186,2,1,15
BRDA:200,3,0,15
BRDA:200,3,1,15
BRDA:201,4,0,15
BRDA:201,4,1,0
BRDA:205,5,0,15
BRDA:205,5,1,0
BRDA:206,6,0,2
BRDA:206,6,1,13
BRDA:208,7,0,13
BRDA:208,7,1,0
BRDA:217,8,0,42
BRDA:217,8,1,27
BRDA:217,8,2,27
BRDA:221,9,0,15
BRDA:221,9,1,0
BRDA:227,10,0,5
BRDA:227,10,1,4
BRDA:227,10,2,3
BRDA:230,11,0,5
BRDA:230,11,1,2
BRDA:230,11,2,2
BRDA:257,12,0,2
BRDA:257,12,1,3
BRDA:262,13,0,1
BRDA:262,13,1,2
BRDA:262,14,0,3
BRDA:262,14,1,1
BRDA:267,15,0,2
BRDA:267,15,1,0
BRDA:268,16,0,0
BRDA:268,16,1,2
BRDA:272,17,0,0
BRDA:272,17,1,0
BRDA:272,18,0,0
BRDA:272,18,1,0
BRDA:292,19,0,0
BRDA:292,19,1,2
BRDA:292,19,2,0
BRDA:292,19,3,0
BRDA:308,20,0,1
BRDA:308,20,1,1
BRDA:309,21,0,0
BRDA:309,21,1,1
BRDA:310,22,0,1
BRDA:310,22,1,0
BRDA:334,23,0,0
BRDA:334,23,1,0
BRDA:334,23,2,2
BRDA:334,23,3,0
BRDA:334,23,4,0
BRDA:337,24,0,0
BRDA:337,24,1,0
BRDA:343,25,0,0
BRDA:343,25,1,0
BRDA:373,26,0,0
BRDA:373,26,1,0
BRDA:381,27,0,0
BRDA:381,27,1,0
BRDA:381,27,2,0
BRDA:381,27,3,0
BRDA:384,28,0,0
BRDA:384,28,1,0
BRDA:387,29,0,0
BRDA:387,29,1,0
BRDA:396,30,0,0
BRDA:396,30,1,0
BRDA:399,31,0,0
BRDA:399,31,1,0
BRDA:408,32,0,0
BRDA:408,32,1,0
BRDA:416,33,0,0
BRDA:416,33,1,0
BRDA:422,34,0,0
BRDA:422,34,1,0
BRDA:422,35,0,0
BRDA:422,35,1,0
BRDA:441,36,0,0
BRDA:441,36,1,0
BRDA:441,37,0,0
BRDA:441,37,1,0
BRDA:449,38,0,0
BRDA:449,38,1,0
BRDA:458,39,0,0
BRDA:458,39,1,0
BRDA:463,40,0,0
BRDA:463,40,1,0
BRDA:465,41,0,0
BRDA:465,41,1,0
BRDA:470,42,0,0
BRDA:470,42,1,0
BRDA:495,43,0,0
BRDA:495,43,1,0
BRDA:495,44,0,0
BRDA:495,44,1,0
BRDA:495,44,2,0
BRDA:496,45,0,0
BRDA:496,45,1,0
BRDA:498,46,0,0
BRDA:498,46,1,0
BRDA:504,47,0,0
BRDA:504,47,1,0
BRDA:504,48,0,0
BRDA:504,48,1,0
BRDA:504,48,2,0
BRDA:505,49,0,0
BRDA:505,49,1,0
BRDA:524,50,0,0
BRDA:524,50,1,15
BRDA:532,51,0,14
BRDA:532,51,1,1
BRDA:533,52,0,15
BRDA:533,52,1,0
BRDA:546,53,0,0
BRDA:546,53,1,0
BRDA:547,54,0,0
BRDA:547,54,1,0
BRDA:554,55,0,0
BRDA:554,55,1,15
BRDA:595,56,0,0
BRDA:609,57,0,0
BRDA:609,57,1,4
BRDA:609,58,0,2
BRDA:609,58,1,2
BRDA:616,59,0,1
BRDA:616,59,1,1
BRDA:620,60,0,0
BRDA:620,60,1,1
BRDA:620,61,0,1
BRDA:620,61,1,1
BRDA:624,62,0,0
BRDA:624,62,1,1
BRF:136
BRH:48
end_of_record
TN:
SF:src/ai/TraitorAI.ts
FN:116,(anonymous_0)
FN:126,(anonymous_1)
FN:128,(anonymous_2)
FN:130,(anonymous_3)
FN:162,(anonymous_4)
FN:168,(anonymous_5)
FN:177,(anonymous_6)
FN:187,(anonymous_7)
FN:299,(anonymous_8)
FN:353,(anonymous_9)
FN:403,(anonymous_10)
FN:443,(anonymous_11)
FN:454,(anonymous_12)
FN:471,(anonymous_13)
FN:494,(anonymous_14)
FN:514,(anonymous_15)
FN:516,(anonymous_16)
FN:539,(anonymous_17)
FN:549,(anonymous_18)
FN:551,(anonymous_19)
FN:559,(anonymous_20)
FN:566,(anonymous_21)
FN:573,(anonymous_22)
FN:582,(anonymous_23)
FN:589,(anonymous_24)
FN:602,createTraitorAI
FN:617,isAIControlled
FN:621,(anonymous_27)
FN:631,getAIControlledPlayers
FN:633,(anonymous_29)
FN:634,(anonymous_30)
FN:641,createTraitorAIs
FNF:32
FNH:26
FNDA:29,(anonymous_0)
FNDA:0,(anonymous_1)
FNDA:0,(anonymous_2)
FNDA:0,(anonymous_3)
FNDA:29,(anonymous_4)
FNDA:161,(anonymous_5)
FNDA:541,(anonymous_6)
FNDA:161,(anonymous_7)
FNDA:2,(anonymous_8)
FNDA:2,(anonymous_9)
FNDA:11,(anonymous_10)
FNDA:161,(anonymous_11)
FNDA:161,(anonymous_12)
FNDA:0,(anonymous_13)
FNDA:0,(anonymous_14)
FNDA:1,(anonymous_15)
FNDA:1,(anonymous_16)
FNDA:1,(anonymous_17)
FNDA:2,(anonymous_18)
FNDA:4,(anonymous_19)
FNDA:2,(anonymous_20)
FNDA:1,(anonymous_21)
FNDA:2,(anonymous_22)
FNDA:5,(anonymous_23)
FNDA:0,(anonymous_24)
FNDA:29,createTraitorAI
FNDA:3,isAIControlled
FNDA:4,(anonymous_27)
FNDA:1,getAIControlledPlayers
FNDA:2,(anonymous_29)
FNDA:1,(anonymous_30)
FNDA:1,createTraitorAIs
DA:26,2
DA:35,2
DA:38,2
DA:110,2
DA:120,29
DA:124,29
DA:125,29
DA:127,0
DA:128,0
DA:130,0
DA:135,29
DA:156,29
DA:163,29
DA:164,29
DA:165,293
DA:166,293
DA:168,29
DA:169,161
DA:170,161
DA:178,541
DA:179,541
DA:188,161
DA:192,161
DA:197,161
DA:200,161
DA:202,161
DA:205,161
DA:206,0
DA:212,0
DA:221,161
DA:222,636
DA:228,636
DA:237,161
DA:238,162
DA:244,162
DA:253,161
DA:254,0
DA:260,0
DA:269,161
DA:274,161
DA:281,161
DA:287,161
DA:288,161
DA:291,161
DA:292,161
DA:300,2
DA:305,2
DA:308,2
DA:316,2
DA:317,2
DA:318,1
DA:321,2
DA:331,2
DA:332,1
DA:339,2
DA:345,2
DA:346,2
DA:354,2
DA:358,2
DA:363,2
DA:365,2
DA:367,2
DA:368,1
DA:374,1
DA:383,2
DA:389,2
DA:395,2
DA:396,2
DA:404,11
DA:405,11
DA:407,11
DA:410,11
DA:411,151
DA:412,151
DA:414,151
DA:417,151
DA:418,0
DA:422,151
DA:423,4
DA:430,147
DA:431,7
DA:432,7
DA:436,11
DA:437,11
DA:444,161
DA:445,326
DA:446,165
DA:459,161
DA:472,0
DA:474,0
DA:478,0
DA:479,0
DA:488,0
DA:495,0
DA:496,0
DA:497,0
DA:499,0
DA:500,0
DA:502,0
DA:503,0
DA:505,0
DA:506,0
DA:508,0
DA:515,1
DA:516,1
DA:518,1
DA:520,1
DA:521,1
DA:523,1
DA:524,2
DA:526,1
DA:527,1
DA:528,1
DA:529,1
DA:533,1
DA:540,1
DA:541,0
DA:543,1
DA:550,2
DA:551,4
DA:553,2
DA:560,2
DA:567,1
DA:574,2
DA:575,2
DA:576,2
DA:583,5
DA:590,0
DA:602,2
DA:607,29
DA:617,2
DA:621,4
DA:622,3
DA:625,3
DA:631,2
DA:632,1
DA:633,2
DA:634,1
DA:641,2
DA:646,1
DA:648,1
DA:649,2
DA:650,1
DA:651,1
DA:655,1
DA:660,2
LF:146
LH:121
BRDA:118,0,0,0
BRDA:124,1,0,29
BRDA:124,1,1,9
BRDA:178,2,0,541
BRDA:178,2,1,0
BRDA:179,3,0,541
BRDA:179,3,1,18
BRDA:287,4,0,161
BRDA:287,4,1,0
BRDA:292,5,0,161
BRDA:292,5,1,0
BRDA:317,6,0,1
BRDA:317,6,1,1
BRDA:331,7,0,1
BRDA:331,7,1,1
BRDA:346,8,0,2
BRDA:346,8,1,0
BRDA:396,9,0,2
BRDA:396,9,1,0
BRDA:417,10,0,0
BRDA:417,10,1,151
BRDA:422,11,0,4
BRDA:422,11,1,147
BRDA:430,12,0,7
BRDA:430,12,1,140
BRDA:445,13,0,165
BRDA:445,13,1,161
BRDA:445,14,0,326
BRDA:445,14,1,165
BRDA:472,15,0,0
BRDA:472,15,1,0
BRDA:474,16,0,0
BRDA:474,16,1,0
BRDA:478,17,0,0
BRDA:478,17,1,0
BRDA:496,18,0,0
BRDA:496,18,1,0
BRDA:496,19,0,0
BRDA:496,19,1,0
BRDA:496,19,2,0
BRDA:499,20,0,0
BRDA:499,20,1,0
BRDA:499,21,0,0
BRDA:499,21,1,0
BRDA:502,22,0,0
BRDA:502,22,1,0
BRDA:502,23,0,0
BRDA:502,23,1,0
BRDA:505,24,0,0
BRDA:505,24,1,0
BRDA:505,25,0,0
BRDA:505,25,1,0
BRDA:518,26,0,0
BRDA:518,26,1,1
BRDA:524,27,0,1
BRDA:524,27,1,1
BRDA:524,28,0,2
BRDA:524,28,1,1
BRDA:527,29,0,1
BRDA:527,29,1,0
BRDA:540,30,0,0
BRDA:540,30,1,1
BRDA:551,31,0,4
BRDA:551,31,1,2
BRDA:604,32,0,0
BRDA:622,33,0,0
BRDA:622,33,1,3
BRDA:625,34,0,3
BRDA:625,34,1,2
BRDA:633,35,0,2
BRDA:633,35,1,1
BRDA:643,36,0,0
BRDA:649,37,0,1
BRDA:649,37,1,1
BRDA:649,38,0,2
BRDA:649,38,1,1
BRF:76
BRH:40
end_of_record
TN:
SF:src/ai/index.ts
FN:9,(anonymous_0)
FN:10,(anonymous_1)
FN:11,(anonymous_2)
FN:12,(anonymous_3)
FN:13,(anonymous_4)
FN:14,(anonymous_5)
FN:15,(anonymous_6)
FN:29,(anonymous_7)
FN:30,(anonymous_8)
FN:31,(anonymous_9)
FN:32,(anonymous_10)
FN:33,(anonymous_11)
FN:46,(anonymous_12)
FN:47,(anonymous_13)
FN:48,(anonymous_14)
FN:49,(anonymous_15)
FN:50,(anonymous_16)
FN:51,(anonymous_17)
FN:63,(anonymous_18)
FN:64,(anonymous_19)
FN:65,(anonymous_20)
FN:66,(anonymous_21)
FN:67,(anonymous_22)
FN:68,(anonymous_23)
FN:79,(anonymous_24)
FN:80,(anonymous_25)
FN:81,(anonymous_26)
FN:82,(anonymous_27)
FN:97,(anonymous_28)
FN:98,(anonymous_29)
FN:99,(anonymous_30)
FN:113,(anonymous_31)
FN:114,(anonymous_32)
FN:115,(anonymous_33)
FN:116,(anonymous_34)
FN:117,(anonymous_35)
FNF:36
FNH:0
FNDA:0,(anonymous_0)
FNDA:0,(anonymous_1)
FNDA:0,(anonymous_2)
FNDA:0,(anonymous_3)
FNDA:0,(anonymous_4)
FNDA:0,(anonymous_5)
FNDA:0,(anonymous_6)
FNDA:0,(anonymous_7)
FNDA:0,(anonymous_8)
FNDA:0,(anonymous_9)
FNDA:0,(anonymous_10)
FNDA:0,(anonymous_11)
FNDA:0,(anonymous_12)
FNDA:0,(anonymous_13)
FNDA:0,(anonymous_14)
FNDA:0,(anonymous_15)
FNDA:0,(anonymous_16)
FNDA:0,(anonymous_17)
FNDA:0,(anonymous_18)
FNDA:0,(anonymous_19)
FNDA:0,(anonymous_20)
FNDA:0,(anonymous_21)
FNDA:0,(anonymous_22)
FNDA:0,(anonymous_23)
FNDA:0,(anonymous_24)
FNDA:0,(anonymous_25)
FNDA:0,(anonymous_26)
FNDA:0,(anonymous_27)
FNDA:0,(anonymous_28)
FNDA:0,(anonymous_29)
FNDA:0,(anonymous_30)
FNDA:0,(anonymous_31)
FNDA:0,(anonymous_32)
FNDA:0,(anonymous_33)
FNDA:0,(anonymous_34)
FNDA:0,(anonymous_35)
DA:8,0
DA:9,0
DA:10,0
DA:11,0
DA:12,0
DA:13,0
DA:14,0
DA:15,0
DA:28,0
DA:29,0
DA:30,0
DA:31,0
DA:32,0
DA:33,0
DA:45,0
DA:46,0
DA:47,0
DA:48,0
DA:49,0
DA:50,0
DA:51,0
DA:62,0
DA:63,0
DA:64,0
DA:65,0
DA:66,0
DA:67,0
DA:68,0
DA:78,0
DA:79,0
DA:80,0
DA:81,0
DA:82,0
DA:96,0
DA:97,0
DA:98,0
DA:99,0
DA:112,0
DA:113,0
DA:114,0
DA:115,0
DA:116,0
DA:117,0
LF:43
LH:0
BRF:0
BRH:0
end_of_record
