TN:
SF:src/core/GameState.ts
FN:73,(anonymous_0)
FN:85,(anonymous_1)
FN:95,(anonymous_2)
FN:100,(anonymous_3)
FN:109,(anonymous_4)
FN:114,(anonymous_5)
FN:124,(anonymous_6)
FN:129,(anonymous_7)
FN:138,(anonymous_8)
FN:154,createEmptyFloorMap
FN:177,initializeGameMap
FN:189,placeStartingRooms
FN:191,(anonymous_12)
FN:238,initializeRoomDeck
FN:242,(anonymous_14)
FN:243,(anonymous_15)
FN:244,(anonymous_16)
FN:247,(anonymous_17)
FN:250,(anonymous_18)
FN:251,(anonymous_19)
FN:252,(anonymous_20)
FN:260,initializeCardDecks
FN:261,(anonymous_22)
FN:279,createPlayer
FN:309,initializeTurnState
FN:327,initializeHauntState
FN:342,initializeCombatState
FN:359,deepClone
FN:373,(anonymous_28)
FN:388,generateId
FN:395,generateActionId
FN:402,now
FN:409,addLogEntry
FN:437,(anonymous_33)
FN:449,(anonymous_34)
FN:459,(anonymous_35)
FN:468,(anonymous_36)
FN:510,(anonymous_37)
FN:517,(anonymous_38)
FN:534,(anonymous_39)
FN:551,(anonymous_40)
FN:603,(anonymous_41)
FN:604,(anonymous_42)
FN:617,(anonymous_43)
FN:646,(anonymous_44)
FN:647,(anonymous_45)
FN:663,(anonymous_46)
FN:664,(anonymous_47)
FN:676,(anonymous_48)
FN:718,(anonymous_49)
FN:719,(anonymous_50)
FN:739,(anonymous_51)
FN:782,(anonymous_52)
FN:783,(anonymous_53)
FN:787,(anonymous_54)
FN:788,(anonymous_55)
FN:796,(anonymous_56)
FN:823,(anonymous_57)
FN:824,(anonymous_58)
FN:831,(anonymous_59)
FN:851,(anonymous_60)
FN:870,(anonymous_61)
FN:871,(anonymous_62)
FN:885,(anonymous_63)
FN:886,(anonymous_64)
FN:916,(anonymous_65)
FN:917,(anonymous_66)
FN:933,(anonymous_67)
FN:940,(anonymous_68)
FN:942,(anonymous_69)
FN:964,(anonymous_70)
FN:988,(anonymous_71)
FN:995,(anonymous_72)
FN:996,(anonymous_73)
FN:1002,(anonymous_74)
FN:1010,(anonymous_75)
FN:1023,(anonymous_76)
FN:1047,(anonymous_77)
FN:1056,(anonymous_78)
FN:1057,(anonymous_79)
FN:1058,(anonymous_80)
FN:1074,(anonymous_81)
FN:1083,(anonymous_82)
FNF:83
FNH:34
FNDA:11,(anonymous_0)
FNDA:285,(anonymous_1)
FNDA:285,(anonymous_2)
FNDA:0,(anonymous_3)
FNDA:0,(anonymous_4)
FNDA:30,(anonymous_5)
FNDA:0,(anonymous_6)
FNDA:5,(anonymous_7)
FNDA:6,(anonymous_8)
FNDA:15,createEmptyFloorMap
FNDA:5,initializeGameMap
FNDA:5,placeStartingRooms
FNDA:230,(anonymous_12)
FNDA:5,initializeRoomDeck
FNDA:60,(anonymous_14)
FNDA:50,(anonymous_15)
FNDA:90,(anonymous_16)
FNDA:30,(anonymous_17)
FNDA:20,(anonymous_18)
FNDA:20,(anonymous_19)
FNDA:20,(anonymous_20)
FNDA:5,initializeCardDecks
FNDA:15,(anonymous_22)
FNDA:15,createPlayer
FNDA:5,initializeTurnState
FNDA:5,initializeHauntState
FNDA:5,initializeCombatState
FNDA:112426,deepClone
FNDA:16353,(anonymous_28)
FNDA:0,generateId
FNDA:0,generateActionId
FNDA:15,now
FNDA:0,addLogEntry
FNDA:6,(anonymous_33)
FNDA:5,(anonymous_34)
FNDA:15,(anonymous_35)
FNDA:15,(anonymous_36)
FNDA:7,(anonymous_37)
FNDA:1,(anonymous_38)
FNDA:1,(anonymous_39)
FNDA:0,(anonymous_40)
FNDA:0,(anonymous_41)
FNDA:0,(anonymous_42)
FNDA:0,(anonymous_43)
FNDA:0,(anonymous_44)
FNDA:0,(anonymous_45)
FNDA:0,(anonymous_46)
FNDA:0,(anonymous_47)
FNDA:0,(anonymous_48)
FNDA:0,(anonymous_49)
FNDA:0,(anonymous_50)
FNDA:0,(anonymous_51)
FNDA:0,(anonymous_52)
FNDA:0,(anonymous_53)
FNDA:0,(anonymous_54)
FNDA:0,(anonymous_55)
FNDA:0,(anonymous_56)
FNDA:0,(anonymous_57)
FNDA:0,(anonymous_58)
FNDA:0,(anonymous_59)
FNDA:0,(anonymous_60)
FNDA:0,(anonymous_61)
FNDA:0,(anonymous_62)
FNDA:0,(anonymous_63)
FNDA:0,(anonymous_64)
FNDA:0,(anonymous_65)
FNDA:0,(anonymous_66)
FNDA:0,(anonymous_67)
FNDA:0,(anonymous_68)
FNDA:0,(anonymous_69)
FNDA:0,(anonymous_70)
FNDA:0,(anonymous_71)
FNDA:0,(anonymous_72)
FNDA:0,(anonymous_73)
FNDA:0,(anonymous_74)
FNDA:0,(anonymous_75)
FNDA:0,(anonymous_76)
FNDA:0,(anonymous_77)
FNDA:0,(anonymous_78)
FNDA:0,(anonymous_79)
FNDA:0,(anonymous_80)
FNDA:0,(anonymous_81)
FNDA:0,(anonymous_82)
DA:11,2
DA:51,2
DA:60,2
DA:68,2
DA:70,11
DA:74,11
DA:76,11
DA:77,11
DA:78,220
DA:79,220
DA:81,11
DA:86,285
DA:87,285
DA:88,285
DA:89,285
DA:90,285
DA:91,285
DA:96,285
DA:101,0
DA:102,0
DA:103,0
DA:104,0
DA:106,0
DA:109,0
DA:115,30
DA:116,30
DA:117,285
DA:118,285
DA:120,30
DA:125,0
DA:130,5
DA:139,6
DA:141,6
DA:142,6
DA:144,6
DA:145,6
DA:155,15
DA:156,15
DA:157,225
DA:158,225
DA:159,3375
DA:169,225
DA:171,15
DA:178,5
DA:190,5
DA:191,230
DA:194,5
DA:195,5
DA:196,5
DA:206,5
DA:207,5
DA:208,5
DA:218,5
DA:219,5
DA:220,5
DA:229,5
DA:230,5
DA:240,5
DA:242,60
DA:243,50
DA:244,90
DA:247,30
DA:249,5
DA:250,20
DA:251,20
DA:252,20
DA:261,15
DA:267,5
DA:285,15
DA:310,5
DA:328,5
DA:343,5
DA:360,112426
DA:361,96755
DA:364,15671
DA:365,26
DA:368,15645
DA:369,0
DA:372,15645
DA:373,16353
DA:376,13520
DA:377,13520
DA:378,96055
DA:379,96055
DA:382,13520
DA:389,0
DA:396,0
DA:403,15
DA:416,0
DA:424,0
DA:433,2
DA:438,6
DA:439,6
DA:440,6
DA:442,0
DA:450,5
DA:451,5
DA:454,5
DA:455,5
DA:458,5
DA:459,5
DA:460,15
DA:468,15
DA:471,5
DA:472,5
DA:475,5
DA:481,5
DA:502,5
DA:503,5
DA:504,5
DA:511,7
DA:519,1
DA:520,1
DA:528,1
DA:535,1
DA:537,1
DA:545,1
DA:553,0
DA:559,0
DA:561,0
DA:563,0
DA:564,0
DA:566,0
DA:567,0
DA:569,0
DA:570,0
DA:572,0
DA:573,0
DA:575,0
DA:576,0
DA:578,0
DA:579,0
DA:581,0
DA:582,0
DA:584,0
DA:585,0
DA:587,0
DA:591,0
DA:597,0
DA:598,0
DA:604,0
DA:605,0
DA:608,0
DA:609,0
DA:610,0
DA:612,0
DA:613,0
DA:617,0
DA:618,0
DA:622,0
DA:623,0
DA:625,0
DA:635,0
DA:643,0
DA:647,0
DA:648,0
DA:651,0
DA:652,0
DA:663,0
DA:664,0
DA:665,0
DA:669,0
DA:676,0
DA:677,0
DA:682,0
DA:683,0
DA:686,0
DA:687,0
DA:689,0
DA:707,0
DA:715,0
DA:719,0
DA:720,0
DA:723,0
DA:724,0
DA:726,0
DA:727,0
DA:729,0
DA:739,0
DA:740,0
DA:742,0
DA:743,0
DA:744,0
DA:745,0
DA:747,0
DA:751,0
DA:752,0
DA:753,0
DA:759,0
DA:771,0
DA:779,0
DA:783,0
DA:784,0
DA:787,0
DA:788,0
DA:790,0
DA:791,0
DA:792,0
DA:796,0
DA:797,0
DA:802,0
DA:812,0
DA:820,0
DA:824,0
DA:825,0
DA:828,0
DA:829,0
DA:830,0
DA:831,0
DA:834,0
DA:835,0
DA:839,0
DA:852,0
DA:859,0
DA:867,0
DA:871,0
DA:872,0
DA:874,0
DA:882,0
DA:886,0
DA:887,0
DA:889,0
DA:891,0
DA:893,0
DA:903,0
DA:913,0
DA:917,0
DA:918,0
DA:920,0
DA:928,0
DA:934,0
DA:941,0
DA:942,0
DA:944,0
DA:947,0
DA:948,0
DA:950,0
DA:958,0
DA:965,0
DA:966,0
DA:968,0
DA:970,0
DA:982,0
DA:989,0
DA:996,0
DA:1003,0
DA:1004,0
DA:1011,0
DA:1012,0
DA:1024,0
DA:1025,0
DA:1027,0
DA:1028,0
DA:1029,0
DA:1030,0
DA:1031,0
DA:1032,0
DA:1038,0
DA:1048,0
DA:1057,0
DA:1058,0
DA:1061,0
DA:1062,0
DA:1063,0
DA:1065,0
DA:1075,0
DA:1084,0
DA:1085,0
DA:1086,0
DA:1099,2
DA:1100,2
DA:1101,2
DA:1102,2
DA:1103,2
DA:1104,2
DA:1105,2
DA:1106,2
DA:1107,2
DA:1108,2
DA:1109,2
DA:1110,2
DA:1113,2
LF:282
LH:117
BRDA:141,0,0,6
BRDA:141,0,1,0
BRDA:195,1,0,5
BRDA:195,1,1,0
BRDA:207,2,0,5
BRDA:207,2,1,0
BRDA:219,3,0,5
BRDA:219,3,1,0
BRDA:360,4,0,96755
BRDA:360,4,1,15671
BRDA:360,5,0,112426
BRDA:360,5,1,99912
BRDA:364,6,0,26
BRDA:364,6,1,15645
BRDA:368,7,0,0
BRDA:368,7,1,15645
BRDA:372,8,0,2125
BRDA:372,8,1,13520
BRDA:378,9,0,96055
BRDA:378,9,1,0
BRDA:438,10,0,6
BRDA:438,10,1,0
BRDA:541,11,0,1
BRDA:541,11,1,0
BRDA:543,12,0,1
BRDA:543,12,1,0
BRDA:561,13,0,0
BRDA:561,13,1,0
BRDA:561,13,2,0
BRDA:561,13,3,0
BRDA:561,13,4,0
BRDA:561,13,5,0
BRDA:561,13,6,0
BRDA:561,13,7,0
BRDA:561,13,8,0
BRDA:605,14,0,0
BRDA:605,14,1,0
BRDA:612,15,0,0
BRDA:612,15,1,0
BRDA:612,16,0,0
BRDA:612,16,1,0
BRDA:618,17,0,0
BRDA:618,17,1,0
BRDA:648,18,0,0
BRDA:648,18,1,0
BRDA:665,19,0,0
BRDA:665,19,1,0
BRDA:665,20,0,0
BRDA:665,20,1,0
BRDA:677,21,0,0
BRDA:677,21,1,0
BRDA:720,22,0,0
BRDA:720,22,1,0
BRDA:740,23,0,0
BRDA:740,23,1,0
BRDA:742,24,0,0
BRDA:742,24,1,0
BRDA:744,25,0,0
BRDA:744,25,1,0
BRDA:752,26,0,0
BRDA:752,26,1,0
BRDA:784,27,0,0
BRDA:784,27,1,0
BRDA:787,28,0,0
BRDA:787,28,1,0
BRDA:790,29,0,0
BRDA:790,29,1,0
BRDA:791,30,0,0
BRDA:791,30,1,0
BRDA:797,31,0,0
BRDA:797,31,1,0
BRDA:825,32,0,0
BRDA:825,32,1,0
BRDA:835,33,0,0
BRDA:835,33,1,0
BRDA:852,34,0,0
BRDA:852,34,1,0
BRDA:872,35,0,0
BRDA:872,35,1,0
BRDA:878,36,0,0
BRDA:878,36,1,0
BRDA:887,37,0,0
BRDA:887,37,1,0
BRDA:891,38,0,0
BRDA:891,38,1,0
BRDA:907,39,0,0
BRDA:907,39,1,0
BRDA:918,40,0,0
BRDA:918,40,1,0
BRDA:944,41,0,0
BRDA:944,41,1,0
BRDA:966,42,0,0
BRDA:966,42,1,0
BRDA:1012,43,0,0
BRDA:1012,43,1,0
BRDA:1031,44,0,0
BRDA:1031,44,1,0
BRDA:1031,45,0,0
BRDA:1031,45,1,0
BRF:99
BRH:17
end_of_record
TN:
SF:src/rules/movement.ts
FN:104,(anonymous_0)
FN:125,(anonymous_1)
FN:187,(anonymous_2)
FN:203,(anonymous_3)
FN:218,(anonymous_4)
FN:238,(anonymous_5)
FN:260,(anonymous_6)
FN:273,(anonymous_7)
FN:282,(anonymous_8)
FN:305,(anonymous_9)
FN:316,(anonymous_10)
FN:320,(anonymous_11)
FN:355,(anonymous_12)
FN:372,(anonymous_13)
FN:415,(anonymous_14)
FN:416,(anonymous_15)
FN:422,(anonymous_16)
FN:464,(anonymous_17)
FN:540,(anonymous_18)
FN:544,(anonymous_19)
FN:615,(anonymous_20)
FN:619,(anonymous_21)
FN:668,(anonymous_22)
FN:674,(anonymous_23)
FN:681,(anonymous_24)
FN:689,(anonymous_25)
FN:697,(anonymous_26)
FN:705,(anonymous_27)
FN:712,(anonymous_28)
FN:726,(anonymous_29)
FN:740,(anonymous_30)
FNF:31
FNH:0
FNDA:0,(anonymous_0)
FNDA:0,(anonymous_1)
FNDA:0,(anonymous_2)
FNDA:0,(anonymous_3)
FNDA:0,(anonymous_4)
FNDA:0,(anonymous_5)
FNDA:0,(anonymous_6)
FNDA:0,(anonymous_7)
FNDA:0,(anonymous_8)
FNDA:0,(anonymous_9)
FNDA:0,(anonymous_10)
FNDA:0,(anonymous_11)
FNDA:0,(anonymous_12)
FNDA:0,(anonymous_13)
FNDA:0,(anonymous_14)
FNDA:0,(anonymous_15)
FNDA:0,(anonymous_16)
FNDA:0,(anonymous_17)
FNDA:0,(anonymous_18)
FNDA:0,(anonymous_19)
FNDA:0,(anonymous_20)
FNDA:0,(anonymous_21)
FNDA:0,(anonymous_22)
FNDA:0,(anonymous_23)
FNDA:0,(anonymous_24)
FNDA:0,(anonymous_25)
FNDA:0,(anonymous_26)
FNDA:0,(anonymous_27)
FNDA:0,(anonymous_28)
FNDA:0,(anonymous_29)
FNDA:0,(anonymous_30)
DA:15,1
DA:29,1
DA:80,1
DA:83,1
DA:86,1
DA:94,1
DA:110,0
DA:111,0
DA:115,0
DA:116,0
DA:121,0
DA:122,0
DA:125,0
DA:126,0
DA:127,0
DA:131,0
DA:132,0
DA:133,0
DA:138,0
DA:139,0
DA:143,0
DA:144,0
DA:148,0
DA:149,0
DA:150,0
DA:154,0
DA:155,0
DA:156,0
DA:159,0
DA:160,0
DA:161,0
DA:165,0
DA:166,0
DA:170,0
DA:171,0
DA:172,0
DA:177,0
DA:178,0
DA:181,0
DA:189,0
DA:190,0
DA:193,0
DA:194,0
DA:197,0
DA:204,0
DA:205,0
DA:207,0
DA:208,0
DA:209,0
DA:210,0
DA:212,0
DA:223,0
DA:226,0
DA:229,0
DA:231,0
DA:245,0
DA:246,0
DA:247,0
DA:248,0
DA:250,0
DA:253,0
DA:267,0
DA:274,0
DA:275,0
DA:276,0
DA:283,0
DA:284,0
DA:285,0
DA:296,1
DA:306,0
DA:312,0
DA:313,0
DA:316,0
DA:317,0
DA:320,0
DA:321,0
DA:327,0
DA:329,0
DA:338,0
DA:363,0
DA:364,0
DA:368,0
DA:369,0
DA:372,0
DA:373,0
DA:374,0
DA:378,0
DA:379,0
DA:380,0
DA:387,0
DA:388,0
DA:392,0
DA:393,0
DA:394,0
DA:398,0
DA:399,0
DA:403,0
DA:414,0
DA:415,0
DA:416,0
DA:417,0
DA:422,0
DA:423,0
DA:427,0
DA:443,0
DA:453,1
DA:471,0
DA:472,0
DA:473,0
DA:477,0
DA:480,0
DA:481,0
DA:483,0
DA:484,0
DA:487,0
DA:488,0
DA:496,0
DA:497,0
DA:498,0
DA:499,0
DA:505,0
DA:506,0
DA:509,0
DA:515,0
DA:517,0
DA:518,0
DA:520,0
DA:521,0
DA:529,0
DA:544,0
DA:545,0
DA:547,0
DA:548,0
DA:549,0
DA:551,0
DA:554,0
DA:557,0
DA:558,0
DA:560,0
DA:561,0
DA:562,0
DA:563,0
DA:565,0
DA:566,0
DA:568,0
DA:570,0
DA:571,0
DA:577,0
DA:578,0
DA:581,0
DA:582,0
DA:585,0
DA:586,0
DA:589,0
DA:590,0
DA:591,0
DA:592,0
DA:593,0
DA:596,0
DA:597,0
DA:599,0
DA:600,0
DA:601,0
DA:605,0
DA:619,0
DA:620,0
DA:623,0
DA:626,0
DA:628,0
DA:629,0
DA:631,0
DA:632,0
DA:634,0
DA:636,0
DA:639,0
DA:640,0
DA:647,0
DA:650,0
DA:651,0
DA:655,0
DA:658,0
DA:668,1
DA:669,0
DA:675,0
DA:682,0
DA:683,0
DA:690,0
DA:691,0
DA:698,0
DA:699,0
DA:706,0
DA:713,0
DA:727,0
DA:741,0
DA:754,1
LF:195
LH:10
BRDA:110,0,0,0
BRDA:110,0,1,0
BRDA:115,1,0,0
BRDA:115,1,1,0
BRDA:121,2,0,0
BRDA:121,2,1,0
BRDA:126,3,0,0
BRDA:126,3,1,0
BRDA:132,4,0,0
BRDA:132,4,1,0
BRDA:138,5,0,0
BRDA:138,5,1,0
BRDA:143,6,0,0
BRDA:143,6,1,0
BRDA:149,7,0,0
BRDA:149,7,1,0
BRDA:155,8,0,0
BRDA:155,8,1,0
BRDA:155,9,0,0
BRDA:155,9,1,0
BRDA:160,10,0,0
BRDA:160,10,1,0
BRDA:165,11,0,0
BRDA:165,11,1,0
BRDA:171,12,0,0
BRDA:171,12,1,0
BRDA:177,13,0,0
BRDA:177,13,1,0
BRDA:189,14,0,0
BRDA:189,14,1,0
BRDA:197,15,0,0
BRDA:197,15,1,0
BRDA:197,15,2,0
BRDA:197,15,3,0
BRDA:207,16,0,0
BRDA:207,16,1,0
BRDA:207,17,0,0
BRDA:207,17,1,0
BRDA:208,18,0,0
BRDA:208,18,1,0
BRDA:208,19,0,0
BRDA:208,19,1,0
BRDA:209,20,0,0
BRDA:209,20,1,0
BRDA:209,21,0,0
BRDA:209,21,1,0
BRDA:210,22,0,0
BRDA:210,22,1,0
BRDA:210,23,0,0
BRDA:210,23,1,0
BRDA:231,24,0,0
BRDA:231,24,1,0
BRDA:246,25,0,0
BRDA:246,25,1,0
BRDA:247,26,0,0
BRDA:247,26,1,0
BRDA:275,27,0,0
BRDA:275,27,1,0
BRDA:284,28,0,0
BRDA:284,28,1,0
BRDA:285,29,0,0
BRDA:285,29,1,0
BRDA:285,29,2,0
BRDA:285,29,3,0
BRDA:312,30,0,0
BRDA:312,30,1,0
BRDA:317,31,0,0
BRDA:317,31,1,0
BRDA:321,32,0,0
BRDA:321,32,1,0
BRDA:360,33,0,0
BRDA:363,34,0,0
BRDA:363,34,1,0
BRDA:368,35,0,0
BRDA:368,35,1,0
BRDA:373,36,0,0
BRDA:373,36,1,0
BRDA:387,37,0,0
BRDA:387,37,1,0
BRDA:393,38,0,0
BRDA:393,38,1,0
BRDA:393,39,0,0
BRDA:393,39,1,0
BRDA:398,40,0,0
BRDA:398,40,1,0
BRDA:417,41,0,0
BRDA:417,41,1,0
BRDA:417,42,0,0
BRDA:417,42,1,0
BRDA:423,43,0,0
BRDA:423,43,1,0
BRDA:472,44,0,0
BRDA:472,44,1,0
BRDA:472,45,0,0
BRDA:472,45,1,0
BRDA:487,46,0,0
BRDA:487,46,1,0
BRDA:487,47,0,0
BRDA:487,47,1,0
BRDA:487,47,2,0
BRDA:506,48,0,0
BRDA:506,48,1,0
BRDA:515,49,0,0
BRDA:515,49,1,0
BRDA:517,50,0,0
BRDA:517,50,1,0
BRDA:518,51,0,0
BRDA:518,51,1,0
BRDA:545,52,0,0
BRDA:545,52,1,0
BRDA:558,53,0,0
BRDA:558,53,1,0
BRDA:558,54,0,0
BRDA:558,54,1,0
BRDA:563,55,0,0
BRDA:563,55,1,0
BRDA:563,56,0,0
BRDA:563,56,1,0
BRDA:568,57,0,0
BRDA:568,57,1,0
BRDA:578,58,0,0
BRDA:578,58,1,0
BRDA:582,59,0,0
BRDA:582,59,1,0
BRDA:582,60,0,0
BRDA:582,60,1,0
BRDA:582,60,2,0
BRDA:586,61,0,0
BRDA:586,61,1,0
BRDA:591,62,0,0
BRDA:591,62,1,0
BRDA:592,63,0,0
BRDA:592,63,1,0
BRDA:597,64,0,0
BRDA:597,64,1,0
BRDA:620,65,0,0
BRDA:620,65,1,0
BRDA:623,66,0,0
BRDA:623,66,1,0
BRDA:626,67,0,0
BRDA:626,67,1,0
BRDA:629,68,0,0
BRDA:629,68,1,0
BRDA:629,69,0,0
BRDA:629,69,1,0
BRDA:636,70,0,0
BRDA:636,70,1,0
BRDA:647,71,0,0
BRDA:647,71,1,0
BRDA:651,72,0,0
BRDA:651,72,1,0
BRDA:651,73,0,0
BRDA:651,73,1,0
BRF:153
BRH:0
end_of_record
TN:
SF:src/rules/roomDiscovery.ts
FN:93,(anonymous_0)
FN:113,(anonymous_1)
FN:187,(anonymous_2)
FN:192,(anonymous_3)
FN:216,(anonymous_4)
FN:242,(anonymous_5)
FN:246,(anonymous_6)
FN:256,(anonymous_7)
FN:278,(anonymous_8)
FN:288,(anonymous_9)
FN:289,(anonymous_10)
FN:290,(anonymous_11)
FN:316,(anonymous_12)
FN:343,(anonymous_13)
FN:347,(anonymous_14)
FN:398,(anonymous_15)
FN:445,(anonymous_16)
FN:471,(anonymous_17)
FN:480,(anonymous_18)
FN:498,rotateRoomForConnection
FN:519,rotateDoors
FN:544,getValidExploreDirections
FN:574,validateDoorConnection
FN:614,calculateConnectionRotation
FNF:24
FNH:5
FNDA:0,(anonymous_0)
FNDA:0,(anonymous_1)
FNDA:29,(anonymous_2)
FNDA:146,(anonymous_3)
FNDA:0,(anonymous_4)
FNDA:0,(anonymous_5)
FNDA:0,(anonymous_6)
FNDA:0,(anonymous_7)
FNDA:0,(anonymous_8)
FNDA:5,(anonymous_9)
FNDA:15,(anonymous_10)
FNDA:135,(anonymous_11)
FNDA:0,(anonymous_12)
FNDA:0,(anonymous_13)
FNDA:0,(anonymous_14)
FNDA:0,(anonymous_15)
FNDA:0,(anonymous_16)
FNDA:0,(anonymous_17)
FNDA:0,(anonymous_18)
FNDA:0,rotateRoomForConnection
FNDA:0,rotateDoors
FNDA:0,getValidExploreDirections
FNDA:0,validateDoorConnection
FNDA:0,calculateConnectionRotation
DA:17,3
DA:29,3
DA:65,3
DA:68,3
DA:83,3
DA:99,0
DA:100,0
DA:104,0
DA:105,0
DA:109,0
DA:110,0
DA:113,0
DA:114,0
DA:115,0
DA:119,0
DA:120,0
DA:124,0
DA:125,0
DA:126,0
DA:131,0
DA:132,0
DA:133,0
DA:137,0
DA:138,0
DA:145,0
DA:146,0
DA:150,0
DA:151,0
DA:152,0
DA:156,0
DA:157,0
DA:158,0
DA:162,0
DA:165,0
DA:167,0
DA:188,29
DA:192,29
DA:193,146
DA:194,146
DA:195,146
DA:198,29
DA:199,3
DA:202,26
DA:220,0
DA:223,0
DA:224,0
DA:225,0
DA:226,0
DA:232,0
DA:246,0
DA:260,0
DA:261,0
DA:263,0
DA:279,0
DA:289,5
DA:290,15
DA:291,135
DA:292,135
DA:293,135
DA:297,5
DA:298,5
DA:299,5
DA:301,5
DA:320,0
DA:322,0
DA:324,0
DA:326,0
DA:329,0
DA:331,0
DA:347,0
DA:348,0
DA:351,0
DA:354,0
DA:357,0
DA:359,0
DA:360,0
DA:364,0
DA:365,0
DA:367,0
DA:369,0
DA:370,0
DA:377,0
DA:380,0
DA:381,0
DA:383,0
DA:386,0
DA:404,0
DA:405,0
DA:406,0
DA:410,0
DA:412,0
DA:413,0
DA:414,0
DA:420,0
DA:421,0
DA:422,0
DA:425,0
DA:427,0
DA:428,0
DA:434,0
DA:450,0
DA:452,0
DA:453,0
DA:458,0
DA:459,0
DA:463,0
DA:472,0
DA:473,0
DA:474,0
DA:481,0
DA:482,0
DA:483,0
DA:498,3
DA:502,0
DA:503,0
DA:505,0
DA:519,3
DA:524,0
DA:525,0
DA:526,0
DA:529,0
DA:544,3
DA:546,0
DA:553,3
DA:574,3
DA:580,0
DA:581,0
DA:585,0
DA:590,0
DA:591,0
DA:596,0
DA:597,0
DA:598,0
DA:599,0
DA:604,0
DA:614,3
DA:618,0
DA:620,0
DA:621,0
DA:622,0
DA:623,0
DA:627,0
DA:632,3
LF:143
LH:29
BRDA:99,0,0,0
BRDA:99,0,1,0
BRDA:104,1,0,0
BRDA:104,1,1,0
BRDA:109,2,0,0
BRDA:109,2,1,0
BRDA:114,3,0,0
BRDA:114,3,1,0
BRDA:119,4,0,0
BRDA:119,4,1,0
BRDA:125,5,0,0
BRDA:125,5,1,0
BRDA:125,6,0,0
BRDA:125,6,1,0
BRDA:132,7,0,0
BRDA:132,7,1,0
BRDA:145,8,0,0
BRDA:145,8,1,0
BRDA:151,9,0,0
BRDA:151,9,1,0
BRDA:151,10,0,0
BRDA:151,10,1,0
BRDA:157,11,0,0
BRDA:157,11,1,0
BRDA:195,12,0,146
BRDA:195,12,1,29
BRDA:198,13,0,3
BRDA:198,13,1,26
BRDA:225,14,0,0
BRDA:225,14,1,0
BRDA:293,15,0,135
BRDA:293,15,1,131
BRDA:320,16,0,0
BRDA:320,16,1,0
BRDA:320,16,2,0
BRDA:320,16,3,0
BRDA:320,16,4,0
BRDA:320,16,5,0
BRDA:348,17,0,0
BRDA:348,17,1,0
BRDA:351,18,0,0
BRDA:351,18,1,0
BRDA:354,19,0,0
BRDA:354,19,1,0
BRDA:357,20,0,0
BRDA:357,20,1,0
BRDA:360,21,0,0
BRDA:360,21,1,0
BRDA:360,22,0,0
BRDA:360,22,1,0
BRDA:377,23,0,0
BRDA:377,23,1,0
BRDA:381,24,0,0
BRDA:381,24,1,0
BRDA:381,25,0,0
BRDA:381,25,1,0
BRDA:405,26,0,0
BRDA:405,26,1,0
BRDA:405,27,0,0
BRDA:405,27,1,0
BRDA:421,28,0,0
BRDA:421,28,1,0
BRDA:421,29,0,0
BRDA:421,29,1,0
BRDA:421,29,2,0
BRDA:425,30,0,0
BRDA:425,30,1,0
BRDA:427,31,0,0
BRDA:427,31,1,0
BRDA:458,32,0,0
BRDA:458,32,1,0
BRDA:473,33,0,0
BRDA:473,33,1,0
BRDA:482,34,0,0
BRDA:482,34,1,0
BRDA:483,35,0,0
BRDA:483,35,1,0
BRDA:483,35,2,0
BRDA:483,35,3,0
BRDA:525,36,0,0
BRDA:525,36,1,0
BRDA:580,37,0,0
BRDA:580,37,1,0
BRDA:590,38,0,0
BRDA:590,38,1,0
BRDA:598,39,0,0
BRDA:598,39,1,0
BRDA:622,40,0,0
BRDA:622,40,1,0
BRF:89
BRH:6
end_of_record
TN:
SF:src/rules/tilePlacement.ts
FN:84,(anonymous_0)
FN:149,(anonymous_1)
FN:194,(anonymous_2)
FN:216,(anonymous_3)
FN:232,(anonymous_4)
FN:268,(anonymous_5)
FN:304,(anonymous_6)
FN:317,(anonymous_7)
FN:329,(anonymous_8)
FN:338,(anonymous_9)
FN:363,(anonymous_10)
FN:377,(anonymous_11)
FN:378,(anonymous_12)
FN:409,(anonymous_13)
FN:436,(anonymous_14)
FN:462,(anonymous_15)
FN:529,(anonymous_16)
FN:585,validateRotatedPlacement
FN:657,getValidRotationsForPlacement
FNF:19
FNH:0
FNDA:0,(anonymous_0)
FNDA:0,(anonymous_1)
FNDA:0,(anonymous_2)
FNDA:0,(anonymous_3)
FNDA:0,(anonymous_4)
FNDA:0,(anonymous_5)
FNDA:0,(anonymous_6)
FNDA:0,(anonymous_7)
FNDA:0,(anonymous_8)
FNDA:0,(anonymous_9)
FNDA:0,(anonymous_10)
FNDA:0,(anonymous_11)
FNDA:0,(anonymous_12)
FNDA:0,(anonymous_13)
FNDA:0,(anonymous_14)
FNDA:0,(anonymous_15)
FNDA:0,(anonymous_16)
FNDA:0,validateRotatedPlacement
FNDA:0,getValidRotationsForPlacement
DA:14,1
DA:25,1
DA:73,1
DA:90,0
DA:93,0
DA:94,0
DA:98,0
DA:99,0
DA:100,0
DA:104,0
DA:105,0
DA:109,0
DA:110,0
DA:112,0
DA:113,0
DA:114,0
DA:115,0
DA:121,0
DA:130,0
DA:131,0
DA:138,0
DA:154,0
DA:155,0
DA:157,0
DA:158,0
DA:159,0
DA:160,0
DA:162,0
DA:163,0
DA:164,0
DA:165,0
DA:171,0
DA:175,0
DA:183,0
DA:195,0
DA:197,0
DA:198,0
DA:199,0
DA:200,0
DA:201,0
DA:205,0
DA:221,0
DA:236,0
DA:237,0
DA:239,0
DA:242,0
DA:243,0
DA:244,0
DA:245,0
DA:248,0
DA:249,0
DA:251,0
DA:253,0
DA:254,0
DA:261,0
DA:263,0
DA:264,0
DA:267,0
DA:268,0
DA:274,0
DA:276,0
DA:277,0
DA:279,0
DA:280,0
DA:281,0
DA:287,0
DA:298,0
DA:305,0
DA:306,0
DA:308,0
DA:309,0
DA:311,0
DA:318,0
DA:319,0
DA:330,0
DA:331,0
DA:332,0
DA:339,0
DA:340,0
DA:341,0
DA:352,1
DA:370,0
DA:371,0
DA:372,0
DA:376,0
DA:377,0
DA:378,0
DA:379,0
DA:383,0
DA:389,0
DA:394,0
DA:413,0
DA:416,0
DA:426,0
DA:443,0
DA:453,1
DA:481,0
DA:487,0
DA:488,0
DA:494,0
DA:496,0
DA:497,0
DA:504,0
DA:516,0
DA:521,0
DA:522,0
DA:529,0
DA:530,0
DA:535,0
DA:547,0
DA:548,0
DA:549,0
DA:557,0
DA:585,1
DA:592,0
DA:595,0
DA:601,0
DA:602,0
DA:606,0
DA:607,0
DA:608,0
DA:612,0
DA:613,0
DA:615,0
DA:616,0
DA:617,0
DA:623,0
DA:629,0
DA:638,0
DA:639,0
DA:646,0
DA:657,1
DA:662,0
DA:667,1
LF:134
LH:8
BRDA:93,0,0,0
BRDA:93,0,1,0
BRDA:99,1,0,0
BRDA:99,1,1,0
BRDA:99,2,0,0
BRDA:99,2,1,0
BRDA:104,3,0,0
BRDA:104,3,1,0
BRDA:113,4,0,0
BRDA:113,4,1,0
BRDA:115,5,0,0
BRDA:115,5,1,0
BRDA:115,6,0,0
BRDA:115,6,1,0
BRDA:117,7,0,0
BRDA:117,7,1,0
BRDA:117,8,0,0
BRDA:117,8,1,0
BRDA:130,9,0,0
BRDA:130,9,1,0
BRDA:163,10,0,0
BRDA:163,10,1,0
BRDA:163,11,0,0
BRDA:163,11,1,0
BRDA:163,11,2,0
BRDA:171,12,0,0
BRDA:171,12,1,0
BRDA:171,13,0,0
BRDA:171,13,1,0
BRDA:171,13,2,0
BRDA:200,14,0,0
BRDA:200,14,1,0
BRDA:200,15,0,0
BRDA:200,15,1,0
BRDA:200,15,2,0
BRDA:239,16,0,0
BRDA:239,16,1,0
BRDA:245,17,0,0
BRDA:245,17,1,0
BRDA:245,18,0,0
BRDA:245,18,1,0
BRDA:251,19,0,0
BRDA:251,19,1,0
BRDA:261,20,0,0
BRDA:261,20,1,0
BRDA:264,21,0,0
BRDA:264,21,1,0
BRDA:264,22,0,0
BRDA:264,22,1,0
BRDA:268,23,0,0
BRDA:268,23,1,0
BRDA:268,23,2,0
BRDA:276,24,0,0
BRDA:276,24,1,0
BRDA:277,25,0,0
BRDA:277,25,1,0
BRDA:305,26,0,0
BRDA:305,26,1,0
BRDA:305,27,0,0
BRDA:305,27,1,0
BRDA:308,28,0,0
BRDA:308,28,1,0
BRDA:308,29,0,0
BRDA:308,29,1,0
BRDA:331,30,0,0
BRDA:331,30,1,0
BRDA:340,31,0,0
BRDA:340,31,1,0
BRDA:341,32,0,0
BRDA:341,32,1,0
BRDA:341,32,2,0
BRDA:341,32,3,0
BRDA:371,33,0,0
BRDA:371,33,1,0
BRDA:379,34,0,0
BRDA:379,34,1,0
BRDA:379,35,0,0
BRDA:379,35,1,0
BRDA:487,36,0,0
BRDA:487,36,1,0
BRDA:496,37,0,0
BRDA:496,37,1,0
BRDA:496,38,0,0
BRDA:496,38,1,0
BRDA:496,38,2,0
BRDA:521,39,0,0
BRDA:521,39,1,0
BRDA:521,40,0,0
BRDA:521,40,1,0
BRDA:524,41,0,0
BRDA:524,41,1,0
BRDA:530,42,0,0
BRDA:530,42,1,0
BRDA:564,43,0,0
BRDA:564,43,1,0
BRDA:601,44,0,0
BRDA:601,44,1,0
BRDA:607,45,0,0
BRDA:607,45,1,0
BRDA:607,46,0,0
BRDA:607,46,1,0
BRDA:616,47,0,0
BRDA:616,47,1,0
BRDA:623,48,0,0
BRDA:623,48,1,0
BRDA:623,49,0,0
BRDA:623,49,1,0
BRDA:625,50,0,0
BRDA:625,50,1,0
BRDA:625,51,0,0
BRDA:625,51,1,0
BRDA:638,52,0,0
BRDA:638,52,1,0
BRF:113
BRH:0
end_of_record
TN:
SF:src/rules/turn.ts
FN:63,(anonymous_0)
FN:64,(anonymous_1)
FN:86,(anonymous_2)
FN:100,(anonymous_3)
FN:106,(anonymous_4)
FN:116,(anonymous_5)
FN:153,(anonymous_6)
FN:163,(anonymous_7)
FN:180,(anonymous_8)
FN:187,(anonymous_9)
FN:188,(anonymous_10)
FN:194,(anonymous_11)
FN:204,(anonymous_12)
FN:212,(anonymous_13)
FN:226,(anonymous_14)
FN:239,(anonymous_15)
FN:246,(anonymous_16)
FN:254,(anonymous_17)
FN:259,(anonymous_18)
FN:270,(anonymous_19)
FN:271,(anonymous_20)
FN:282,(anonymous_21)
FN:295,(anonymous_22)
FN:310,(anonymous_23)
FN:332,(anonymous_24)
FN:340,(anonymous_25)
FN:356,(anonymous_26)
FN:370,(anonymous_27)
FN:379,(anonymous_28)
FN:388,(anonymous_29)
FN:396,(anonymous_30)
FN:397,(anonymous_31)
FN:403,(anonymous_32)
FN:427,(anonymous_33)
FN:449,(anonymous_34)
FNF:35
FNH:0
FNDA:0,(anonymous_0)
FNDA:0,(anonymous_1)
FNDA:0,(anonymous_2)
FNDA:0,(anonymous_3)
FNDA:0,(anonymous_4)
FNDA:0,(anonymous_5)
FNDA:0,(anonymous_6)
FNDA:0,(anonymous_7)
FNDA:0,(anonymous_8)
FNDA:0,(anonymous_9)
FNDA:0,(anonymous_10)
FNDA:0,(anonymous_11)
FNDA:0,(anonymous_12)
FNDA:0,(anonymous_13)
FNDA:0,(anonymous_14)
FNDA:0,(anonymous_15)
FNDA:0,(anonymous_16)
FNDA:0,(anonymous_17)
FNDA:0,(anonymous_18)
FNDA:0,(anonymous_19)
FNDA:0,(anonymous_20)
FNDA:0,(anonymous_21)
FNDA:0,(anonymous_22)
FNDA:0,(anonymous_23)
FNDA:0,(anonymous_24)
FNDA:0,(anonymous_25)
FNDA:0,(anonymous_26)
FNDA:0,(anonymous_27)
FNDA:0,(anonymous_28)
FNDA:0,(anonymous_29)
FNDA:0,(anonymous_30)
FNDA:0,(anonymous_31)
FNDA:0,(anonymous_32)
FNDA:0,(anonymous_33)
FNDA:0,(anonymous_34)
DA:54,5
DA:64,0
DA:65,0
DA:66,0
DA:70,0
DA:72,0
DA:83,0
DA:87,0
DA:102,0
DA:103,0
DA:106,0
DA:107,0
DA:108,0
DA:113,0
DA:114,0
DA:115,0
DA:116,0
DA:119,0
DA:120,0
DA:125,0
DA:127,0
DA:139,0
DA:150,0
DA:153,0
DA:165,0
DA:166,0
DA:170,0
DA:171,0
DA:174,0
DA:181,0
DA:188,0
DA:195,0
DA:196,0
DA:197,0
DA:205,0
DA:213,0
DA:227,0
DA:240,0
DA:247,0
DA:255,0
DA:256,0
DA:259,0
DA:260,0
DA:261,0
DA:265,0
DA:266,0
DA:270,0
DA:271,0
DA:272,0
DA:273,0
DA:276,0
DA:283,0
DA:296,0
DA:297,0
DA:300,0
DA:301,0
DA:304,0
DA:311,0
DA:327,5
DA:334,0
DA:342,0
DA:343,0
DA:345,0
DA:348,0
DA:350,0
DA:357,0
DA:358,0
DA:359,0
DA:360,0
DA:361,0
DA:362,0
DA:364,0
DA:371,0
DA:372,0
DA:373,0
DA:380,0
DA:381,0
DA:382,0
DA:389,0
DA:390,0
DA:397,0
DA:404,0
DA:405,0
DA:407,0
DA:408,0
DA:409,0
DA:411,0
DA:412,0
DA:413,0
DA:423,5
DA:428,0
DA:429,0
DA:432,0
DA:434,0
DA:437,0
DA:439,0
DA:443,0
DA:450,0
DA:452,0
DA:454,0
DA:456,0
DA:458,0
DA:460,0
DA:462,0
DA:464,0
DA:471,5
LF:106
LH:4
BRDA:65,0,0,0
BRDA:65,0,1,0
BRDA:87,1,0,0
BRDA:87,1,1,0
BRDA:102,2,0,0
BRDA:102,2,1,0
BRDA:107,3,0,0
BRDA:107,3,1,0
BRDA:120,4,0,0
BRDA:120,4,1,0
BRDA:125,5,0,0
BRDA:125,5,1,0
BRDA:165,6,0,0
BRDA:165,6,1,0
BRDA:170,7,0,0
BRDA:170,7,1,0
BRDA:255,8,0,0
BRDA:255,8,1,0
BRDA:260,9,0,0
BRDA:260,9,1,0
BRDA:265,10,0,0
BRDA:265,10,1,0
BRDA:270,11,0,0
BRDA:270,11,1,0
BRDA:272,12,0,0
BRDA:272,12,1,0
BRDA:296,13,0,0
BRDA:296,13,1,0
BRDA:300,14,0,0
BRDA:300,14,1,0
BRDA:345,15,0,0
BRDA:345,15,1,0
BRDA:404,16,0,0
BRDA:404,16,1,0
BRDA:408,17,0,0
BRDA:408,17,1,0
BRDA:428,18,0,0
BRDA:428,18,1,0
BRDA:432,19,0,0
BRDA:432,19,1,0
BRDA:437,20,0,0
BRDA:437,20,1,0
BRDA:452,21,0,0
BRDA:452,21,1,0
BRDA:452,21,2,0
BRDA:452,21,3,0
BRDA:452,21,4,0
BRDA:452,21,5,0
BRDA:454,22,0,0
BRDA:454,22,1,0
BRDA:456,23,0,0
BRDA:456,23,1,0
BRDA:458,24,0,0
BRDA:458,24,1,0
BRDA:460,25,0,0
BRDA:460,25,1,0
BRDA:460,25,2,0
BRF:57
BRH:0
end_of_record
TN:
SF:src/test/add.ts
FN:7,add
FNF:1
FNH:0
FNDA:0,add
DA:7,1
DA:8,0
LF:2
LH:1
BRF:0
BRH:0
end_of_record
TN:
SF:src/test/add1000.ts
FN:5,add1000
FNF:1
FNH:0
FNDA:0,add1000
DA:5,1
DA:6,0
LF:2
LH:1
BRF:0
BRH:0
end_of_record
TN:
SF:src/test/add200.ts
FN:5,add200
FNF:1
FNH:0
FNDA:0,add200
DA:5,1
DA:6,0
LF:2
LH:1
BRF:0
BRH:0
end_of_record
TN:
SF:src/test/subtract.ts
FN:7,subtract
FNF:1
FNH:0
FNDA:0,subtract
DA:7,1
DA:8,0
LF:2
LH:1
BRF:0
BRH:0
end_of_record
TN:
SF:src/types/index.ts
FNF:0
FNH:0
DA:66,5
DA:74,5
DA:506,5
DA:509,5
DA:512,5
DA:519,5
DA:522,5
DA:525,5
DA:528,5
LF:9
LH:9
BRF:0
BRH:0
end_of_record
